timestamp,level,flow_run_id,task_run_id,message
2025-10-15 08:23:05.485913+00:00,20,03cb2ab5-7752-435e-b568-2c1b1e39e073,,Worker 'KubernetesWorker a05e490e-9eac-4523-9166-1b04920e6d58' submitting flow run '03cb2ab5-7752-435e-b568-2c1b1e39e073'
2025-10-15 08:23:05.668649+00:00,20,03cb2ab5-7752-435e-b568-2c1b1e39e073,,Creating Kubernetes job...
2025-10-15 08:23:06.535344+00:00,20,03cb2ab5-7752-435e-b568-2c1b1e39e073,,Completed submission of flow run '03cb2ab5-7752-435e-b568-2c1b1e39e073'
2025-10-15 08:23:13.241515+00:00,20,03cb2ab5-7752-435e-b568-2c1b1e39e073,,Opening process...
2025-10-15 08:23:15.875210+00:00,20,03cb2ab5-7752-435e-b568-2c1b1e39e073,, > Running git_clone step...
2025-10-15 08:23:21.490249+00:00,20,03cb2ab5-7752-435e-b568-2c1b1e39e073,,Beginning flow run 'elegant-iguana' for flow 'run-modint-flow'
2025-10-15 08:23:21.665121+00:00,20,03cb2ab5-7752-435e-b568-2c1b1e39e073,0199e6f7-76b0-79fc-8e86-827c84897b53,This job ID will be used - modint-prefect-elegant-iguana-1
2025-10-15 08:23:21.669790+00:00,20,03cb2ab5-7752-435e-b568-2c1b1e39e073,0199e6f7-76b0-79fc-8e86-827c84897b53,Finished in state Completed()
2025-10-15 08:23:22.085011+00:00,20,03cb2ab5-7752-435e-b568-2c1b1e39e073,0199e6f7-7748-795b-ab0c-8016fe572a97,Finished in state Completed()
2025-10-15 08:23:22.179288+00:00,20,03cb2ab5-7752-435e-b568-2c1b1e39e073,0199e6f7-774c-79c1-8d2d-e9e9570ee561,{'scene_path': '/nas/COG/planet/Y2025/M06/D05/planet_20250605_005048_ssc1d1_0010/20250605_005048_ssc1d1_0010_pansharpened_clip_cog.tif'}
2025-10-15 08:23:22.282144+00:00,20,03cb2ab5-7752-435e-b568-2c1b1e39e073,0199e6f7-7989-7e93-a0a1-415465ad65c9,Finished in state Completed()
2025-10-15 08:23:23.300858+00:00,20,03cb2ab5-7752-435e-b568-2c1b1e39e073,0199e6f7-7748-740d-aa90-3b8ab100138d,Beginning subflow run 'independent-muskrat' for flow 'run-namespaced-job'
2025-10-15 08:23:31.544124+00:00,20,03cb2ab5-7752-435e-b568-2c1b1e39e073,0199e6f7-7748-740d-aa90-3b8ab100138d,"Downloading artifacts:   0%|          | 0/13 [00:00<?, ?it/s]2025/10/15 08:23:31 INFO mlflow.store.artifact.artifact_repo: The progress bar can be disabled by setting the environment variable MLFLOW_ENABLE_ARTIFACTS_PROGRESS_BAR to false
"
2025-10-15 08:24:05.319498+00:00,20,03cb2ab5-7752-435e-b568-2c1b1e39e073,0199e6f7-7748-740d-aa90-3b8ab100138d,"Loads checkpoint by local backend from path: /tmp/tmpkpgb9vhn/checkpoint/model_final.pth
"
2025-10-15 08:24:05.322062+00:00,20,03cb2ab5-7752-435e-b568-2c1b1e39e073,0199e6f7-7748-740d-aa90-3b8ab100138d,"Downloading artifacts:   8%|â–Š         | 1/13 [00:00<00:00, 1512.55it/s]Downloading artifacts:  15%|â–ˆâ–Œ        | 2/13 [00:00<00:00, 2056.54it/s]Downloading artifacts:  23%|â–ˆâ–ˆâ–Ž       | 3/13 [00:00<00:00, 2490.19it/s]Downloading artifacts:  31%|â–ˆâ–ˆâ–ˆ       | 4/13 [00:00<00:00, 2814.50it/s]Downloading artifacts:  38%|â–ˆâ–ˆâ–ˆâ–Š      | 5/13 [00:00<00:00, 3072.75it/s]Downloading artifacts:  46%|â–ˆâ–ˆâ–ˆâ–ˆâ–Œ     | 6/13 [00:00<00:00, 3280.22it/s]Downloading artifacts:  54%|â–ˆâ–ˆâ–ˆâ–ˆâ–ˆâ–    | 7/13 [00:00<00:00, 3450.48it/s]Downloading artifacts:  62%|â–ˆâ–ˆâ–ˆâ–ˆâ–ˆâ–ˆâ–   | 8/13 [00:00<00:00, 3591.40it/s]Downloading artifacts:  69%|â–ˆâ–ˆâ–ˆâ–ˆâ–ˆâ–ˆâ–‰   | 9/13 [00:00<00:00, 3658.89it/s]Downloading artifacts:  77%|â–ˆâ–ˆâ–ˆâ–ˆâ–ˆâ–ˆâ–ˆâ–‹  | 10/13 [00:00<00:00, 188.03it/s]Downloading artifacts:  85%|â–ˆâ–ˆâ–ˆâ–ˆâ–ˆâ–ˆâ–ˆâ–ˆâ– | 11/13 [00:00<00:00, 173.83it/s]Downloading artifacts:  92%|â–ˆâ–ˆâ–ˆâ–ˆâ–ˆâ–ˆâ–ˆâ–ˆâ–ˆâ–| 12/13 [00:00<00:00, 171.14it/s]Downloading artifacts: 100%|â–ˆâ–ˆâ–ˆâ–ˆâ–ˆâ–ˆâ–ˆâ–ˆâ–ˆâ–ˆ| 13/13 [00:15<00:00,  1.20s/it] Downloading artifacts: 100%|â–ˆâ–ˆâ–ˆâ–ˆâ–ˆâ–ˆâ–ˆâ–ˆâ–ˆâ–ˆ| 13/13 [00:15<00:00,  1.20s/it]Downloading artifacts: 100%|â–ˆâ–ˆâ–ˆâ–ˆâ–ˆâ–ˆâ–ˆâ–ˆâ–ˆâ–ˆ| 13/13 [00:15<00:00,  1.20s/it]
"
2025-10-15 08:24:06.486251+00:00,20,03cb2ab5-7752-435e-b568-2c1b1e39e073,0199e6f7-7748-740d-aa90-3b8ab100138d,"Making patches:   0%|          | 0/1 [00:00<?, ?it/s]Making patches: 100%|â–ˆâ–ˆâ–ˆâ–ˆâ–ˆâ–ˆâ–ˆâ–ˆâ–ˆâ–ˆ| 1/1 [00:00<00:00, 16912.52it/s]
"
2025-10-15 08:24:08.725143+00:00,20,03cb2ab5-7752-435e-b568-2c1b1e39e073,0199e6f7-7748-740d-aa90-3b8ab100138d,"2025-10-15 08:24:08.727 | ERROR    | modint.runner.base_runner:inference:137 - An exception occurred:
"
2025-10-15 08:24:08.731849+00:00,20,03cb2ab5-7752-435e-b568-2c1b1e39e073,0199e6f7-7748-740d-aa90-3b8ab100138d,"Traceback (most recent call last):
"
2025-10-15 08:24:08.733879+00:00,20,03cb2ab5-7752-435e-b568-2c1b1e39e073,0199e6f7-7748-740d-aa90-3b8ab100138d,"  File ""/usr/local/lib/python3.8/site-packages/modint/runner/base_runner.py"", line 121, in inference
"
2025-10-15 08:24:08.736134+00:00,20,03cb2ab5-7752-435e-b568-2c1b1e39e073,0199e6f7-7748-740d-aa90-3b8ab100138d,"    result = self.predict(data)
"
2025-10-15 08:24:08.738059+00:00,20,03cb2ab5-7752-435e-b568-2c1b1e39e073,0199e6f7-7748-740d-aa90-3b8ab100138d,"  File ""/usr/local/lib/python3.8/site-packages/torch/autograd/grad_mode.py"", line 28, in decorate_context
"
2025-10-15 08:24:08.743106+00:00,20,03cb2ab5-7752-435e-b568-2c1b1e39e073,0199e6f7-7748-740d-aa90-3b8ab100138d,"    return func(*args, **kwargs)
"
2025-10-15 08:24:08.744718+00:00,20,03cb2ab5-7752-435e-b568-2c1b1e39e073,0199e6f7-7748-740d-aa90-3b8ab100138d,"  File ""/ardet/ardet/apis/det_runner.py"", line 99, in predict
"
2025-10-15 08:24:08.746564+00:00,20,03cb2ab5-7752-435e-b568-2c1b1e39e073,0199e6f7-7748-740d-aa90-3b8ab100138d,"    return self.model.test_step(batch)
"
2025-10-15 08:24:08.748672+00:00,20,03cb2ab5-7752-435e-b568-2c1b1e39e073,0199e6f7-7748-740d-aa90-3b8ab100138d,"  File ""/usr/local/lib/python3.8/site-packages/mmengine/model/base_model/base_model.py"", line 145, in test_step
"
2025-10-15 08:24:08.750560+00:00,20,03cb2ab5-7752-435e-b568-2c1b1e39e073,0199e6f7-7748-740d-aa90-3b8ab100138d,"    return self._run_forward(data, mode='predict')  # type: ignore
"
2025-10-15 08:24:08.752680+00:00,20,03cb2ab5-7752-435e-b568-2c1b1e39e073,0199e6f7-7748-740d-aa90-3b8ab100138d,"  File ""/usr/local/lib/python3.8/site-packages/mmengine/model/base_model/base_model.py"", line 361, in _run_forward
"
2025-10-15 08:24:08.754872+00:00,20,03cb2ab5-7752-435e-b568-2c1b1e39e073,0199e6f7-7748-740d-aa90-3b8ab100138d,"    results = self(**data, mode=mode)
"
2025-10-15 08:24:08.756513+00:00,20,03cb2ab5-7752-435e-b568-2c1b1e39e073,0199e6f7-7748-740d-aa90-3b8ab100138d,"  File ""/usr/local/lib/python3.8/site-packages/torch/nn/modules/module.py"", line 1051, in _call_impl
"
2025-10-15 08:24:08.758324+00:00,20,03cb2ab5-7752-435e-b568-2c1b1e39e073,0199e6f7-7748-740d-aa90-3b8ab100138d,"    return forward_call(*input, **kwargs)
"
2025-10-15 08:24:08.760061+00:00,20,03cb2ab5-7752-435e-b568-2c1b1e39e073,0199e6f7-7748-740d-aa90-3b8ab100138d,"  File ""/usr/local/lib/python3.8/site-packages/mmdet/models/detectors/base.py"", line 94, in forward
"
2025-10-15 08:24:08.761575+00:00,20,03cb2ab5-7752-435e-b568-2c1b1e39e073,0199e6f7-7748-740d-aa90-3b8ab100138d,"    return self.predict(inputs, data_samples)
"
2025-10-15 08:24:08.763306+00:00,20,03cb2ab5-7752-435e-b568-2c1b1e39e073,0199e6f7-7748-740d-aa90-3b8ab100138d,"  File ""/usr/local/lib/python3.8/site-packages/mmdet/models/detectors/two_stage.py"", line 227, in predict
"
2025-10-15 08:24:08.765076+00:00,20,03cb2ab5-7752-435e-b568-2c1b1e39e073,0199e6f7-7748-740d-aa90-3b8ab100138d,"    x = self.extract_feat(batch_inputs)
"
2025-10-15 08:24:08.766568+00:00,20,03cb2ab5-7752-435e-b568-2c1b1e39e073,0199e6f7-7748-740d-aa90-3b8ab100138d,"  File ""/usr/local/lib/python3.8/site-packages/mmdet/models/detectors/two_stage.py"", line 110, in extract_feat
"
2025-10-15 08:24:08.768179+00:00,20,03cb2ab5-7752-435e-b568-2c1b1e39e073,0199e6f7-7748-740d-aa90-3b8ab100138d,"    x = self.backbone(batch_inputs)
"
2025-10-15 08:24:08.769571+00:00,20,03cb2ab5-7752-435e-b568-2c1b1e39e073,0199e6f7-7748-740d-aa90-3b8ab100138d,"  File ""/usr/local/lib/python3.8/site-packages/torch/nn/modules/module.py"", line 1051, in _call_impl
"
2025-10-15 08:24:08.770855+00:00,20,03cb2ab5-7752-435e-b568-2c1b1e39e073,0199e6f7-7748-740d-aa90-3b8ab100138d,"    return forward_call(*input, **kwargs)
"
2025-10-15 08:24:08.772386+00:00,20,03cb2ab5-7752-435e-b568-2c1b1e39e073,0199e6f7-7748-740d-aa90-3b8ab100138d,"  File ""/ardet/ardet/models/backbones/vitdet.py"", line 423, in forward
"
2025-10-15 08:24:08.773778+00:00,20,03cb2ab5-7752-435e-b568-2c1b1e39e073,0199e6f7-7748-740d-aa90-3b8ab100138d,"    x = blk(x)
"
2025-10-15 08:24:08.775022+00:00,20,03cb2ab5-7752-435e-b568-2c1b1e39e073,0199e6f7-7748-740d-aa90-3b8ab100138d,"  File ""/usr/local/lib/python3.8/site-packages/torch/nn/modules/module.py"", line 1051, in _call_impl
"
2025-10-15 08:24:08.776581+00:00,20,03cb2ab5-7752-435e-b568-2c1b1e39e073,0199e6f7-7748-740d-aa90-3b8ab100138d,"    return forward_call(*input, **kwargs)
"
2025-10-15 08:24:08.777838+00:00,20,03cb2ab5-7752-435e-b568-2c1b1e39e073,0199e6f7-7748-740d-aa90-3b8ab100138d,"  File ""/ardet/ardet/models/backbones/vitdet.py"", line 303, in forward
"
2025-10-15 08:24:08.778748+00:00,20,03cb2ab5-7752-435e-b568-2c1b1e39e073,0199e6f7-7748-740d-aa90-3b8ab100138d,"    x = self.attn(x)
"
2025-10-15 08:24:08.779831+00:00,20,03cb2ab5-7752-435e-b568-2c1b1e39e073,0199e6f7-7748-740d-aa90-3b8ab100138d,"  File ""/usr/local/lib/python3.8/site-packages/torch/nn/modules/module.py"", line 1051, in _call_impl
"
2025-10-15 08:24:08.781209+00:00,20,03cb2ab5-7752-435e-b568-2c1b1e39e073,0199e6f7-7748-740d-aa90-3b8ab100138d,"    return forward_call(*input, **kwargs)
"
2025-10-15 08:24:08.782428+00:00,20,03cb2ab5-7752-435e-b568-2c1b1e39e073,0199e6f7-7748-740d-aa90-3b8ab100138d,"  File ""/ardet/ardet/models/backbones/vitdet.py"", line 209, in forward
"
2025-10-15 08:24:08.783565+00:00,20,03cb2ab5-7752-435e-b568-2c1b1e39e073,0199e6f7-7748-740d-aa90-3b8ab100138d,"    attn = add_decomposed_rel_pos(attn, q, self.rel_pos_h,
"
2025-10-15 08:24:08.784479+00:00,20,03cb2ab5-7752-435e-b568-2c1b1e39e073,0199e6f7-7748-740d-aa90-3b8ab100138d,"  File ""/ardet/ardet/models/backbones/vitdet.py"", line 166, in add_decomposed_rel_pos
"
2025-10-15 08:24:08.785824+00:00,20,03cb2ab5-7752-435e-b568-2c1b1e39e073,0199e6f7-7748-740d-aa90-3b8ab100138d,"    attn.view(B, q_h, q_w, k_h, k_w) +  # noqa: W504
"
2025-10-15 08:24:08.787062+00:00,20,03cb2ab5-7752-435e-b568-2c1b1e39e073,0199e6f7-7748-740d-aa90-3b8ab100138d,"RuntimeError: CUDA out of memory. Tried to allocate 3.80 GiB (GPU 0; 10.76 GiB total capacity; 9.15 GiB already allocated; 201.38 MiB free; 9.22 GiB reserved in total by PyTorch)
"
2025-10-15 08:24:08.787872+00:00,20,03cb2ab5-7752-435e-b568-2c1b1e39e073,0199e6f7-7748-740d-aa90-3b8ab100138d,"
"
2025-10-15 08:24:08.788534+00:00,20,03cb2ab5-7752-435e-b568-2c1b1e39e073,0199e6f7-7748-740d-aa90-3b8ab100138d,"[32m2025-10-15T08:24:08.727587+0000[0m [31m[1mAn exception occurred:
"
2025-10-15 08:24:08.789227+00:00,20,03cb2ab5-7752-435e-b568-2c1b1e39e073,0199e6f7-7748-740d-aa90-3b8ab100138d,"Traceback (most recent call last):
"
2025-10-15 08:24:08.789900+00:00,20,03cb2ab5-7752-435e-b568-2c1b1e39e073,0199e6f7-7748-740d-aa90-3b8ab100138d,"  File ""/usr/local/lib/python3.8/site-packages/modint/runner/base_runner.py"", line 121, in inference
"
2025-10-15 08:24:08.790580+00:00,20,03cb2ab5-7752-435e-b568-2c1b1e39e073,0199e6f7-7748-740d-aa90-3b8ab100138d,"    result = self.predict(data)
"
2025-10-15 08:24:08.791246+00:00,20,03cb2ab5-7752-435e-b568-2c1b1e39e073,0199e6f7-7748-740d-aa90-3b8ab100138d,"  File ""/usr/local/lib/python3.8/site-packages/torch/autograd/grad_mode.py"", line 28, in decorate_context
"
2025-10-15 08:24:08.824649+00:00,20,03cb2ab5-7752-435e-b568-2c1b1e39e073,0199e6f7-7748-740d-aa90-3b8ab100138d,"    return func(*args, **kwargs)
"
2025-10-15 08:24:08.826098+00:00,20,03cb2ab5-7752-435e-b568-2c1b1e39e073,0199e6f7-7748-740d-aa90-3b8ab100138d,"  File ""/ardet/ardet/apis/det_runner.py"", line 99, in predict
"
2025-10-15 08:24:08.827549+00:00,20,03cb2ab5-7752-435e-b568-2c1b1e39e073,0199e6f7-7748-740d-aa90-3b8ab100138d,"    return self.model.test_step(batch)
"
2025-10-15 08:24:08.829075+00:00,20,03cb2ab5-7752-435e-b568-2c1b1e39e073,0199e6f7-7748-740d-aa90-3b8ab100138d,"  File ""/usr/local/lib/python3.8/site-packages/mmengine/model/base_model/base_model.py"", line 145, in test_step
"
2025-10-15 08:24:08.830827+00:00,20,03cb2ab5-7752-435e-b568-2c1b1e39e073,0199e6f7-7748-740d-aa90-3b8ab100138d,"    return self._run_forward(data, mode='predict')  # type: ignore
"
2025-10-15 08:24:08.832567+00:00,20,03cb2ab5-7752-435e-b568-2c1b1e39e073,0199e6f7-7748-740d-aa90-3b8ab100138d,"  File ""/usr/local/lib/python3.8/site-packages/mmengine/model/base_model/base_model.py"", line 361, in _run_forward
"
2025-10-15 08:24:08.834085+00:00,20,03cb2ab5-7752-435e-b568-2c1b1e39e073,0199e6f7-7748-740d-aa90-3b8ab100138d,"    results = self(**data, mode=mode)
"
2025-10-15 08:24:08.835826+00:00,20,03cb2ab5-7752-435e-b568-2c1b1e39e073,0199e6f7-7748-740d-aa90-3b8ab100138d,"  File ""/usr/local/lib/python3.8/site-packages/torch/nn/modules/module.py"", line 1051, in _call_impl
"
2025-10-15 08:24:08.837556+00:00,20,03cb2ab5-7752-435e-b568-2c1b1e39e073,0199e6f7-7748-740d-aa90-3b8ab100138d,"    return forward_call(*input, **kwargs)
"
2025-10-15 08:24:08.838899+00:00,20,03cb2ab5-7752-435e-b568-2c1b1e39e073,0199e6f7-7748-740d-aa90-3b8ab100138d,"  File ""/usr/local/lib/python3.8/site-packages/mmdet/models/detectors/base.py"", line 94, in forward
"
2025-10-15 08:24:08.840501+00:00,20,03cb2ab5-7752-435e-b568-2c1b1e39e073,0199e6f7-7748-740d-aa90-3b8ab100138d,"    return self.predict(inputs, data_samples)
"
2025-10-15 08:24:08.841942+00:00,20,03cb2ab5-7752-435e-b568-2c1b1e39e073,0199e6f7-7748-740d-aa90-3b8ab100138d,"  File ""/usr/local/lib/python3.8/site-packages/mmdet/models/detectors/two_stage.py"", line 227, in predict
"
2025-10-15 08:24:08.843282+00:00,20,03cb2ab5-7752-435e-b568-2c1b1e39e073,0199e6f7-7748-740d-aa90-3b8ab100138d,"    x = self.extract_feat(batch_inputs)
"
2025-10-15 08:24:08.844894+00:00,20,03cb2ab5-7752-435e-b568-2c1b1e39e073,0199e6f7-7748-740d-aa90-3b8ab100138d,"  File ""/usr/local/lib/python3.8/site-packages/mmdet/models/detectors/two_stage.py"", line 110, in extract_feat
"
2025-10-15 08:24:08.846516+00:00,20,03cb2ab5-7752-435e-b568-2c1b1e39e073,0199e6f7-7748-740d-aa90-3b8ab100138d,"    x = self.backbone(batch_inputs)
"
2025-10-15 08:24:08.847824+00:00,20,03cb2ab5-7752-435e-b568-2c1b1e39e073,0199e6f7-7748-740d-aa90-3b8ab100138d,"  File ""/usr/local/lib/python3.8/site-packages/torch/nn/modules/module.py"", line 1051, in _call_impl
"
2025-10-15 08:24:08.849262+00:00,20,03cb2ab5-7752-435e-b568-2c1b1e39e073,0199e6f7-7748-740d-aa90-3b8ab100138d,"    return forward_call(*input, **kwargs)
"
2025-10-15 08:24:08.850652+00:00,20,03cb2ab5-7752-435e-b568-2c1b1e39e073,0199e6f7-7748-740d-aa90-3b8ab100138d,"  File ""/ardet/ardet/models/backbones/vitdet.py"", line 423, in forward
"
2025-10-15 08:24:08.851835+00:00,20,03cb2ab5-7752-435e-b568-2c1b1e39e073,0199e6f7-7748-740d-aa90-3b8ab100138d,"    x = blk(x)
"
2025-10-15 08:24:08.852751+00:00,20,03cb2ab5-7752-435e-b568-2c1b1e39e073,0199e6f7-7748-740d-aa90-3b8ab100138d,"  File ""/usr/local/lib/python3.8/site-packages/torch/nn/modules/module.py"", line 1051, in _call_impl
"
2025-10-15 08:24:08.854144+00:00,20,03cb2ab5-7752-435e-b568-2c1b1e39e073,0199e6f7-7748-740d-aa90-3b8ab100138d,"    return forward_call(*input, **kwargs)
"
2025-10-15 08:24:08.855083+00:00,20,03cb2ab5-7752-435e-b568-2c1b1e39e073,0199e6f7-7748-740d-aa90-3b8ab100138d,"  File ""/ardet/ardet/models/backbones/vitdet.py"", line 303, in forward
"
2025-10-15 08:24:08.856348+00:00,20,03cb2ab5-7752-435e-b568-2c1b1e39e073,0199e6f7-7748-740d-aa90-3b8ab100138d,"    x = self.attn(x)
"
2025-10-15 08:24:08.857444+00:00,20,03cb2ab5-7752-435e-b568-2c1b1e39e073,0199e6f7-7748-740d-aa90-3b8ab100138d,"  File ""/usr/local/lib/python3.8/site-packages/torch/nn/modules/module.py"", line 1051, in _call_impl
"
2025-10-15 08:24:08.858757+00:00,20,03cb2ab5-7752-435e-b568-2c1b1e39e073,0199e6f7-7748-740d-aa90-3b8ab100138d,"    return forward_call(*input, **kwargs)
"
2025-10-15 08:24:08.860171+00:00,20,03cb2ab5-7752-435e-b568-2c1b1e39e073,0199e6f7-7748-740d-aa90-3b8ab100138d,"  File ""/ardet/ardet/models/backbones/vitdet.py"", line 209, in forward
"
2025-10-15 08:24:08.860966+00:00,20,03cb2ab5-7752-435e-b568-2c1b1e39e073,0199e6f7-7748-740d-aa90-3b8ab100138d,"    attn = add_decomposed_rel_pos(attn, q, self.rel_pos_h,
"
2025-10-15 08:24:08.861703+00:00,20,03cb2ab5-7752-435e-b568-2c1b1e39e073,0199e6f7-7748-740d-aa90-3b8ab100138d,"  File ""/ardet/ardet/models/backbones/vitdet.py"", line 166, in add_decomposed_rel_pos
"
2025-10-15 08:24:08.862445+00:00,20,03cb2ab5-7752-435e-b568-2c1b1e39e073,0199e6f7-7748-740d-aa90-3b8ab100138d,"    attn.view(B, q_h, q_w, k_h, k_w) +  # noqa: W504
"
2025-10-15 08:24:08.863180+00:00,20,03cb2ab5-7752-435e-b568-2c1b1e39e073,0199e6f7-7748-740d-aa90-3b8ab100138d,"RuntimeError: CUDA out of memory. Tried to allocate 3.80 GiB (GPU 0; 10.76 GiB total capacity; 9.15 GiB already allocated; 201.38 MiB free; 9.22 GiB reserved in total by PyTorch)
"
2025-10-15 08:24:08.863957+00:00,20,03cb2ab5-7752-435e-b568-2c1b1e39e073,0199e6f7-7748-740d-aa90-3b8ab100138d,"[0m
"
2025-10-15 08:24:16.000597+00:00,20,03cb2ab5-7752-435e-b568-2c1b1e39e073,0199e6f7-7748-740d-aa90-3b8ab100138d,Finished in state Completed()
2025-10-15 08:24:22.247395+00:00,20,03cb2ab5-7752-435e-b568-2c1b1e39e073,0199e6f7-774c-79c1-8d2d-e9e9570ee561,"{'msg': 'Traceback (most recent call last):\n  File ""/usr/local/lib/python3.8/site-packages/modint/runner/base_runner.py"", line 121, in inference\n    result = self.predict(data)\n  File ""/usr/local/lib/python3.8/site-packages/torch/autograd/grad_mode.py"", line 28, in decorate_context\n    return func(*args, **kwargs)\n  File ""/ardet/ardet/apis/det_runner.py"", line 99, in predict\n    return self.model.test_step(batch)\n  File ""/usr/local/lib/python3.8/site-packages/mmengine/model/base_model/base_model.py"", line 145, in test_step\n    return self._run_forward(data, mode=\'predict\')  # type: ignore\n  File ""/usr/local/lib/python3.8/site-packages/mmengine/model/base_model/base_model.py"", line 361, in _run_forward\n    results = self(**data, mode=mode)\n  File ""/usr/local/lib/python3.8/site-packages/torch/nn/modules/module.py"", line 1051, in _call_impl\n    return forward_call(*input, **kwargs)\n  File ""/usr/local/lib/python3.8/site-packages/mmdet/models/detectors/base.py"", line 94, in forward\n    return self.predict(inputs, data_samples)\n  File ""/usr/local/lib/python3.8/site-packages/mmdet/models/detectors/two_stage.py"", line 227, in predict\n    x = self.extract_feat(batch_inputs)\n  File ""/usr/local/lib/python3.8/site-packages/mmdet/models/detectors/two_stage.py"", line 110, in extract_feat\n    x = self.backbone(batch_inputs)\n  File ""/usr/local/lib/python3.8/site-packages/torch/nn/modules/module.py"", line 1051, in _call_impl\n    return forward_call(*input, **kwargs)\n  File ""/ardet/ardet/models/backbones/vitdet.py"", line 423, in forward\n    x = blk(x)\n  File ""/usr/local/lib/python3.8/site-packages/torch/nn/modules/module.py"", line 1051, in _call_impl\n    return forward_call(*input, **kwargs)\n  File ""/ardet/ardet/models/backbones/vitdet.py"", line 303, in forward\n    x = self.attn(x)\n  File ""/usr/local/lib/python3.8/site-packages/torch/nn/modules/module.py"", line 1051, in _call_impl\n    return forward_call(*input, **kwargs)\n  File ""/ardet/ardet/models/backbones/vitdet.py"", line 209, in forward\n    attn = add_decomposed_rel_pos(attn, q, self.rel_pos_h,\n  File ""/ardet/ardet/models/backbones/vitdet.py"", line 166, in add_decomposed_rel_pos\n    attn.view(B, q_h, q_w, k_h, k_w) +  # noqa: W504\nRuntimeError: CUDA out of memory. Tried to allocate 3.80 GiB (GPU 0; 10.76 GiB total capacity; 9.15 GiB already allocated; 201.38 MiB free; 9.22 GiB reserved in total by PyTorch)\n', 'retriable': False}"
2025-10-15 08:24:22.253766+00:00,40,03cb2ab5-7752-435e-b568-2c1b1e39e073,0199e6f7-774c-79c1-8d2d-e9e9570ee561,Inference was failed. See the logs for detail.
2025-10-15 08:24:22.255853+00:00,40,03cb2ab5-7752-435e-b568-2c1b1e39e073,0199e6f7-774c-79c1-8d2d-e9e9570ee561,"Task run failed with exception: InferenceFailError() - No retries configured for this task.
Traceback (most recent call last):
  File ""/usr/local/lib/python3.10/site-packages/prefect/task_engine.py"", line 857, in run_context
    yield self
  File ""/usr/local/lib/python3.10/site-packages/prefect/task_engine.py"", line 1487, in run_task_sync
    engine.call_task_fn(txn)
  File ""/usr/local/lib/python3.10/site-packages/prefect/task_engine.py"", line 874, in call_task_fn
    result = call_with_parameters(self.task.fn, parameters)
  File ""/usr/local/lib/python3.10/site-packages/prefect/utilities/callables.py"", line 210, in call_with_parameters
    return fn(*args, **kwargs)
  File ""/app/modint-prefect-main/modint_prefect/prefect_flow.py"", line 135, in run_check_inference_status_redis
    raise InferenceFailError
modint_prefect.configs.InferenceFailError"
2025-10-15 08:24:22.271428+00:00,40,03cb2ab5-7752-435e-b568-2c1b1e39e073,0199e6f7-774c-79c1-8d2d-e9e9570ee561,Finished in state Failed('Task run encountered an exception InferenceFailError: ')
2025-10-15 08:24:22.281434+00:00,40,03cb2ab5-7752-435e-b568-2c1b1e39e073,,"Encountered exception during execution: InferenceFailError()
Traceback (most recent call last):
  File ""/usr/local/lib/python3.10/site-packages/prefect/flow_engine.py"", line 782, in run_context
    yield self
  File ""/usr/local/lib/python3.10/site-packages/prefect/flow_engine.py"", line 1397, in run_flow_sync
    engine.call_flow_fn()
  File ""/usr/local/lib/python3.10/site-packages/prefect/flow_engine.py"", line 802, in call_flow_fn
    result = call_with_parameters(self.flow.fn, self.parameters)
  File ""/usr/local/lib/python3.10/site-packages/prefect/utilities/callables.py"", line 210, in call_with_parameters
    return fn(*args, **kwargs)
  File ""/app/modint-prefect-main/modint_prefect/prefect_flow.py"", line 530, in run_modint_flow
    inference_result = check_inference_status_future.result()
  File ""/usr/local/lib/python3.10/site-packages/prefect/futures.py"", line 222, in result
    _result = self._final_state.result(
  File ""/usr/local/lib/python3.10/site-packages/prefect/_internal/compatibility/async_dispatch.py"", line 94, in wrapper
    return fn(*args, **kwargs)
  File ""/usr/local/lib/python3.10/site-packages/prefect/client/schemas/objects.py"", line 366, in result
    return run_coro_as_sync(
  File ""/usr/local/lib/python3.10/site-packages/prefect/utilities/asyncutils.py"", line 207, in run_coro_as_sync
    return call.result()
  File ""/usr/local/lib/python3.10/site-packages/prefect/_internal/concurrency/calls.py"", line 365, in result
    return self.future.result(timeout=timeout)
  File ""/usr/local/lib/python3.10/site-packages/prefect/_internal/concurrency/calls.py"", line 192, in result
    return self.__get_result()
  File ""/usr/local/lib/python3.10/concurrent/futures/_base.py"", line 403, in __get_result
    raise self._exception
  File ""/usr/local/lib/python3.10/site-packages/prefect/_internal/concurrency/calls.py"", line 441, in _run_async
    result = await coro
  File ""/usr/local/lib/python3.10/site-packages/prefect/utilities/asyncutils.py"", line 188, in coroutine_wrapper
    return await task
  File ""/usr/local/lib/python3.10/site-packages/prefect/states.py"", line 85, in get_state_result
    return await _get_state_result(
  File ""/usr/local/lib/python3.10/site-packages/prefect/states.py"", line 157, in _get_state_result
    raise await get_state_exception(state)
  File ""/usr/local/lib/python3.10/site-packages/prefect/task_engine.py"", line 857, in run_context
    yield self
  File ""/usr/local/lib/python3.10/site-packages/prefect/task_engine.py"", line 1487, in run_task_sync
    engine.call_task_fn(txn)
  File ""/usr/local/lib/python3.10/site-packages/prefect/task_engine.py"", line 874, in call_task_fn
    result = call_with_parameters(self.task.fn, parameters)
  File ""/usr/local/lib/python3.10/site-packages/prefect/utilities/callables.py"", line 210, in call_with_parameters
    return fn(*args, **kwargs)
  File ""/app/modint-prefect-main/modint_prefect/prefect_flow.py"", line 135, in run_check_inference_status_redis
    raise InferenceFailError
modint_prefect.configs.InferenceFailError"
2025-10-15 08:24:22.332535+00:00,20,03cb2ab5-7752-435e-b568-2c1b1e39e073,,Finished in state Failed('Flow run encountered an exception: InferenceFailError: ')
2025-10-15 08:24:22.335629+00:00,40,03cb2ab5-7752-435e-b568-2c1b1e39e073,,"Engine execution exited with unexpected exception
Traceback (most recent call last):
  File ""/usr/local/lib/python3.10/site-packages/prefect/flow_engine.py"", line 1554, in run_flow
    ret_val = run_flow_sync(**kwargs)
  File ""/usr/local/lib/python3.10/site-packages/prefect/flow_engine.py"", line 1399, in run_flow_sync
    return engine.state if return_type == ""state"" else engine.result()
  File ""/usr/local/lib/python3.10/site-packages/prefect/flow_engine.py"", line 361, in result
    raise self._raised
  File ""/usr/local/lib/python3.10/site-packages/prefect/flow_engine.py"", line 782, in run_context
    yield self
  File ""/usr/local/lib/python3.10/site-packages/prefect/flow_engine.py"", line 1397, in run_flow_sync
    engine.call_flow_fn()
  File ""/usr/local/lib/python3.10/site-packages/prefect/flow_engine.py"", line 802, in call_flow_fn
    result = call_with_parameters(self.flow.fn, self.parameters)
  File ""/usr/local/lib/python3.10/site-packages/prefect/utilities/callables.py"", line 210, in call_with_parameters
    return fn(*args, **kwargs)
  File ""/app/modint-prefect-main/modint_prefect/prefect_flow.py"", line 530, in run_modint_flow
    inference_result = check_inference_status_future.result()
  File ""/usr/local/lib/python3.10/site-packages/prefect/futures.py"", line 222, in result
    _result = self._final_state.result(
  File ""/usr/local/lib/python3.10/site-packages/prefect/_internal/compatibility/async_dispatch.py"", line 94, in wrapper
    return fn(*args, **kwargs)
  File ""/usr/local/lib/python3.10/site-packages/prefect/client/schemas/objects.py"", line 366, in result
    return run_coro_as_sync(
  File ""/usr/local/lib/python3.10/site-packages/prefect/utilities/asyncutils.py"", line 207, in run_coro_as_sync
    return call.result()
  File ""/usr/local/lib/python3.10/site-packages/prefect/_internal/concurrency/calls.py"", line 365, in result
    return self.future.result(timeout=timeout)
  File ""/usr/local/lib/python3.10/site-packages/prefect/_internal/concurrency/calls.py"", line 192, in result
    return self.__get_result()
  File ""/usr/local/lib/python3.10/concurrent/futures/_base.py"", line 403, in __get_result
    raise self._exception
  File ""/usr/local/lib/python3.10/site-packages/prefect/_internal/concurrency/calls.py"", line 441, in _run_async
    result = await coro
  File ""/usr/local/lib/python3.10/site-packages/prefect/utilities/asyncutils.py"", line 188, in coroutine_wrapper
    return await task
  File ""/usr/local/lib/python3.10/site-packages/prefect/states.py"", line 85, in get_state_result
    return await _get_state_result(
  File ""/usr/local/lib/python3.10/site-packages/prefect/states.py"", line 157, in _get_state_result
    raise await get_state_exception(state)
  File ""/usr/local/lib/python3.10/site-packages/prefect/task_engine.py"", line 857, in run_context
    yield self
  File ""/usr/local/lib/python3.10/site-packages/prefect/task_engine.py"", line 1487, in run_task_sync
    engine.call_task_fn(txn)
  File ""/usr/local/lib/python3.10/site-packages/prefect/task_engine.py"", line 874, in call_task_fn
    result = call_with_parameters(self.task.fn, parameters)
  File ""/usr/local/lib/python3.10/site-packages/prefect/utilities/callables.py"", line 210, in call_with_parameters
    return fn(*args, **kwargs)
  File ""/app/modint-prefect-main/modint_prefect/prefect_flow.py"", line 135, in run_check_inference_status_redis
    raise InferenceFailError
modint_prefect.configs.InferenceFailError"
2025-10-15 08:24:23.152102+00:00,40,03cb2ab5-7752-435e-b568-2c1b1e39e073,,Process for flow run 'elegant-iguana' exited with status code: 1
