timestamp,level,flow_run_id,task_run_id,message
2025-10-31 01:25:41.993516+00:00,20,07a21005-01b6-45bd-9851-e695491caa3b,,Worker 'KubernetesWorker a05e490e-9eac-4523-9166-1b04920e6d58' submitting flow run '07a21005-01b6-45bd-9851-e695491caa3b'
2025-10-31 01:25:42.193929+00:00,20,07a21005-01b6-45bd-9851-e695491caa3b,,Creating Kubernetes job...
2025-10-31 01:25:42.405145+00:00,20,07a21005-01b6-45bd-9851-e695491caa3b,,Completed submission of flow run '07a21005-01b6-45bd-9851-e695491caa3b'
2025-10-31 01:25:50.307655+00:00,20,07a21005-01b6-45bd-9851-e695491caa3b,,Opening process...
2025-10-31 01:25:52.964095+00:00,20,07a21005-01b6-45bd-9851-e695491caa3b,, > Running git_clone step...
2025-10-31 01:25:58.418872+00:00,20,07a21005-01b6-45bd-9851-e695491caa3b,,Beginning flow run 'calm-jaybird' for flow 'run-modint-flow'
2025-10-31 01:25:58.622957+00:00,20,07a21005-01b6-45bd-9851-e695491caa3b,019a37df-1636-7c34-a6fc-82cf5e9994ba,This job ID will be used - modint-prefect-calm-jaybird-1
2025-10-31 01:25:58.628987+00:00,20,07a21005-01b6-45bd-9851-e695491caa3b,019a37df-1636-7c34-a6fc-82cf5e9994ba,Finished in state Completed()
2025-10-31 01:25:59.171725+00:00,20,07a21005-01b6-45bd-9851-e695491caa3b,019a37df-16e8-7302-8178-c12106af5e90,Finished in state Completed()
2025-10-31 01:25:59.245825+00:00,20,07a21005-01b6-45bd-9851-e695491caa3b,019a37df-16eb-7462-9cfd-118048911986,{'scene_path': '/nas/Dataset/s3/sia_aws_s3/sia-paxsapiens/raw/G-NKI01A/Planet/Kangson/20250921_DPRK_NFC_Kangson_skysatscene_pansharpened_udm2/SkySatScene/20250921_002045_ssc13d1_0011_pansharpened_clip.tif'}
2025-10-31 01:25:59.360068+00:00,20,07a21005-01b6-45bd-9851-e695491caa3b,019a37df-1967-7d73-b88c-b84b8233eabb,Finished in state Completed()
2025-10-31 01:26:00.411214+00:00,20,07a21005-01b6-45bd-9851-e695491caa3b,019a37df-16e8-7aff-a2e9-8101fa39cb43,Beginning subflow run 'esoteric-coot' for flow 'run-namespaced-job'
2025-10-31 01:26:06.059155+00:00,20,07a21005-01b6-45bd-9851-e695491caa3b,019a37df-16e8-7aff-a2e9-8101fa39cb43,"failed to watch directory ""/var/log/pods/serving_modint-prefect-calm-jaybird-1-xq6f5_35c4d04b-f45a-41bb-ae02-59e920c733f9/inference"": no space left on device"
2025-10-31 01:26:46.912734+00:00,20,07a21005-01b6-45bd-9851-e695491caa3b,019a37df-16e8-7aff-a2e9-8101fa39cb43,Finished in state Completed()
2025-10-31 01:26:59.318901+00:00,20,07a21005-01b6-45bd-9851-e695491caa3b,019a37df-16eb-7462-9cfd-118048911986,"{'msg': 'Traceback (most recent call last):\n  File ""/usr/local/lib/python3.8/site-packages/modint/runner/base_runner.py"", line 121, in inference\n    result = self.predict(data)\n  File ""/usr/local/lib/python3.8/site-packages/torch/autograd/grad_mode.py"", line 28, in decorate_context\n    return func(*args, **kwargs)\n  File ""/ardet/ardet/apis/det_runner.py"", line 99, in predict\n    return self.model.test_step(batch)\n  File ""/usr/local/lib/python3.8/site-packages/mmengine/model/base_model/base_model.py"", line 145, in test_step\n    return self._run_forward(data, mode=\'predict\')  # type: ignore\n  File ""/usr/local/lib/python3.8/site-packages/mmengine/model/base_model/base_model.py"", line 361, in _run_forward\n    results = self(**data, mode=mode)\n  File ""/usr/local/lib/python3.8/site-packages/torch/nn/modules/module.py"", line 1051, in _call_impl\n    return forward_call(*input, **kwargs)\n  File ""/usr/local/lib/python3.8/site-packages/mmdet/models/detectors/base.py"", line 94, in forward\n    return self.predict(inputs, data_samples)\n  File ""/usr/local/lib/python3.8/site-packages/mmdet/models/detectors/two_stage.py"", line 227, in predict\n    x = self.extract_feat(batch_inputs)\n  File ""/usr/local/lib/python3.8/site-packages/mmdet/models/detectors/two_stage.py"", line 110, in extract_feat\n    x = self.backbone(batch_inputs)\n  File ""/usr/local/lib/python3.8/site-packages/torch/nn/modules/module.py"", line 1051, in _call_impl\n    return forward_call(*input, **kwargs)\n  File ""/ardet/ardet/models/backbones/vitdet.py"", line 423, in forward\n    x = blk(x)\n  File ""/usr/local/lib/python3.8/site-packages/torch/nn/modules/module.py"", line 1051, in _call_impl\n    return forward_call(*input, **kwargs)\n  File ""/ardet/ardet/models/backbones/vitdet.py"", line 303, in forward\n    x = self.attn(x)\n  File ""/usr/local/lib/python3.8/site-packages/torch/nn/modules/module.py"", line 1051, in _call_impl\n    return forward_call(*input, **kwargs)\n  File ""/ardet/ardet/models/backbones/vitdet.py"", line 209, in forward\n    attn = add_decomposed_rel_pos(attn, q, self.rel_pos_h,\n  File ""/ardet/ardet/models/backbones/vitdet.py"", line 166, in add_decomposed_rel_pos\n    attn.view(B, q_h, q_w, k_h, k_w) +  # noqa: W504\nRuntimeError: CUDA out of memory. Tried to allocate 4.47 GiB (GPU 0; 10.76 GiB total capacity; 5.19 GiB already allocated; 4.15 GiB free; 5.27 GiB reserved in total by PyTorch)\n', 'retriable': False}"
2025-10-31 01:26:59.325200+00:00,40,07a21005-01b6-45bd-9851-e695491caa3b,019a37df-16eb-7462-9cfd-118048911986,Inference was failed. See the logs for detail.
2025-10-31 01:26:59.327344+00:00,40,07a21005-01b6-45bd-9851-e695491caa3b,019a37df-16eb-7462-9cfd-118048911986,"Task run failed with exception: InferenceFailError() - No retries configured for this task.
Traceback (most recent call last):
  File ""/usr/local/lib/python3.10/site-packages/prefect/task_engine.py"", line 857, in run_context
    yield self
  File ""/usr/local/lib/python3.10/site-packages/prefect/task_engine.py"", line 1487, in run_task_sync
    engine.call_task_fn(txn)
  File ""/usr/local/lib/python3.10/site-packages/prefect/task_engine.py"", line 874, in call_task_fn
    result = call_with_parameters(self.task.fn, parameters)
  File ""/usr/local/lib/python3.10/site-packages/prefect/utilities/callables.py"", line 210, in call_with_parameters
    return fn(*args, **kwargs)
  File ""/app/modint-prefect-main/modint_prefect/prefect_flow.py"", line 135, in run_check_inference_status_redis
    raise InferenceFailError
modint_prefect.configs.InferenceFailError"
2025-10-31 01:26:59.345572+00:00,40,07a21005-01b6-45bd-9851-e695491caa3b,019a37df-16eb-7462-9cfd-118048911986,Finished in state Failed('Task run encountered an exception InferenceFailError: ')
2025-10-31 01:26:59.355565+00:00,40,07a21005-01b6-45bd-9851-e695491caa3b,,"Encountered exception during execution: InferenceFailError()
Traceback (most recent call last):
  File ""/usr/local/lib/python3.10/site-packages/prefect/flow_engine.py"", line 782, in run_context
    yield self
  File ""/usr/local/lib/python3.10/site-packages/prefect/flow_engine.py"", line 1397, in run_flow_sync
    engine.call_flow_fn()
  File ""/usr/local/lib/python3.10/site-packages/prefect/flow_engine.py"", line 802, in call_flow_fn
    result = call_with_parameters(self.flow.fn, self.parameters)
  File ""/usr/local/lib/python3.10/site-packages/prefect/utilities/callables.py"", line 210, in call_with_parameters
    return fn(*args, **kwargs)
  File ""/app/modint-prefect-main/modint_prefect/prefect_flow.py"", line 528, in run_modint_flow
    inference_result = check_inference_status_future.result()
  File ""/usr/local/lib/python3.10/site-packages/prefect/futures.py"", line 222, in result
    _result = self._final_state.result(
  File ""/usr/local/lib/python3.10/site-packages/prefect/_internal/compatibility/async_dispatch.py"", line 94, in wrapper
    return fn(*args, **kwargs)
  File ""/usr/local/lib/python3.10/site-packages/prefect/client/schemas/objects.py"", line 366, in result
    return run_coro_as_sync(
  File ""/usr/local/lib/python3.10/site-packages/prefect/utilities/asyncutils.py"", line 207, in run_coro_as_sync
    return call.result()
  File ""/usr/local/lib/python3.10/site-packages/prefect/_internal/concurrency/calls.py"", line 365, in result
    return self.future.result(timeout=timeout)
  File ""/usr/local/lib/python3.10/site-packages/prefect/_internal/concurrency/calls.py"", line 183, in result
    return self.__get_result()
  File ""/usr/local/lib/python3.10/concurrent/futures/_base.py"", line 403, in __get_result
    raise self._exception
  File ""/usr/local/lib/python3.10/site-packages/prefect/_internal/concurrency/calls.py"", line 441, in _run_async
    result = await coro
  File ""/usr/local/lib/python3.10/site-packages/prefect/utilities/asyncutils.py"", line 188, in coroutine_wrapper
    return await task
  File ""/usr/local/lib/python3.10/site-packages/prefect/states.py"", line 85, in get_state_result
    return await _get_state_result(
  File ""/usr/local/lib/python3.10/site-packages/prefect/states.py"", line 157, in _get_state_result
    raise await get_state_exception(state)
  File ""/usr/local/lib/python3.10/site-packages/prefect/task_engine.py"", line 857, in run_context
    yield self
  File ""/usr/local/lib/python3.10/site-packages/prefect/task_engine.py"", line 1487, in run_task_sync
    engine.call_task_fn(txn)
  File ""/usr/local/lib/python3.10/site-packages/prefect/task_engine.py"", line 874, in call_task_fn
    result = call_with_parameters(self.task.fn, parameters)
  File ""/usr/local/lib/python3.10/site-packages/prefect/utilities/callables.py"", line 210, in call_with_parameters
    return fn(*args, **kwargs)
  File ""/app/modint-prefect-main/modint_prefect/prefect_flow.py"", line 135, in run_check_inference_status_redis
    raise InferenceFailError
modint_prefect.configs.InferenceFailError"
2025-10-31 01:26:59.414253+00:00,20,07a21005-01b6-45bd-9851-e695491caa3b,,Finished in state Failed('Flow run encountered an exception: InferenceFailError: ')
2025-10-31 01:26:59.416944+00:00,40,07a21005-01b6-45bd-9851-e695491caa3b,,"Engine execution exited with unexpected exception
Traceback (most recent call last):
  File ""/usr/local/lib/python3.10/site-packages/prefect/flow_engine.py"", line 1554, in run_flow
    ret_val = run_flow_sync(**kwargs)
  File ""/usr/local/lib/python3.10/site-packages/prefect/flow_engine.py"", line 1399, in run_flow_sync
    return engine.state if return_type == ""state"" else engine.result()
  File ""/usr/local/lib/python3.10/site-packages/prefect/flow_engine.py"", line 361, in result
    raise self._raised
  File ""/usr/local/lib/python3.10/site-packages/prefect/flow_engine.py"", line 782, in run_context
    yield self
  File ""/usr/local/lib/python3.10/site-packages/prefect/flow_engine.py"", line 1397, in run_flow_sync
    engine.call_flow_fn()
  File ""/usr/local/lib/python3.10/site-packages/prefect/flow_engine.py"", line 802, in call_flow_fn
    result = call_with_parameters(self.flow.fn, self.parameters)
  File ""/usr/local/lib/python3.10/site-packages/prefect/utilities/callables.py"", line 210, in call_with_parameters
    return fn(*args, **kwargs)
  File ""/app/modint-prefect-main/modint_prefect/prefect_flow.py"", line 528, in run_modint_flow
    inference_result = check_inference_status_future.result()
  File ""/usr/local/lib/python3.10/site-packages/prefect/futures.py"", line 222, in result
    _result = self._final_state.result(
  File ""/usr/local/lib/python3.10/site-packages/prefect/_internal/compatibility/async_dispatch.py"", line 94, in wrapper
    return fn(*args, **kwargs)
  File ""/usr/local/lib/python3.10/site-packages/prefect/client/schemas/objects.py"", line 366, in result
    return run_coro_as_sync(
  File ""/usr/local/lib/python3.10/site-packages/prefect/utilities/asyncutils.py"", line 207, in run_coro_as_sync
    return call.result()
  File ""/usr/local/lib/python3.10/site-packages/prefect/_internal/concurrency/calls.py"", line 365, in result
    return self.future.result(timeout=timeout)
  File ""/usr/local/lib/python3.10/site-packages/prefect/_internal/concurrency/calls.py"", line 183, in result
    return self.__get_result()
  File ""/usr/local/lib/python3.10/concurrent/futures/_base.py"", line 403, in __get_result
    raise self._exception
  File ""/usr/local/lib/python3.10/site-packages/prefect/_internal/concurrency/calls.py"", line 441, in _run_async
    result = await coro
  File ""/usr/local/lib/python3.10/site-packages/prefect/utilities/asyncutils.py"", line 188, in coroutine_wrapper
    return await task
  File ""/usr/local/lib/python3.10/site-packages/prefect/states.py"", line 85, in get_state_result
    return await _get_state_result(
  File ""/usr/local/lib/python3.10/site-packages/prefect/states.py"", line 157, in _get_state_result
    raise await get_state_exception(state)
  File ""/usr/local/lib/python3.10/site-packages/prefect/task_engine.py"", line 857, in run_context
    yield self
  File ""/usr/local/lib/python3.10/site-packages/prefect/task_engine.py"", line 1487, in run_task_sync
    engine.call_task_fn(txn)
  File ""/usr/local/lib/python3.10/site-packages/prefect/task_engine.py"", line 874, in call_task_fn
    result = call_with_parameters(self.task.fn, parameters)
  File ""/usr/local/lib/python3.10/site-packages/prefect/utilities/callables.py"", line 210, in call_with_parameters
    return fn(*args, **kwargs)
  File ""/app/modint-prefect-main/modint_prefect/prefect_flow.py"", line 135, in run_check_inference_status_redis
    raise InferenceFailError
modint_prefect.configs.InferenceFailError"
2025-10-31 01:27:00.153887+00:00,40,07a21005-01b6-45bd-9851-e695491caa3b,,Process for flow run 'calm-jaybird' exited with status code: 1
