timestamp,level,flow_run_id,task_run_id,message
2025-10-15 07:02:41.656314+00:00,20,2864d9af-6539-4f79-9d46-eb0fecc915fc,,Worker 'KubernetesWorker a05e490e-9eac-4523-9166-1b04920e6d58' submitting flow run '2864d9af-6539-4f79-9d46-eb0fecc915fc'
2025-10-15 07:02:41.834842+00:00,20,2864d9af-6539-4f79-9d46-eb0fecc915fc,,Creating Kubernetes job...
2025-10-15 07:02:43.617758+00:00,20,2864d9af-6539-4f79-9d46-eb0fecc915fc,,Completed submission of flow run '2864d9af-6539-4f79-9d46-eb0fecc915fc'
2025-10-15 07:02:51.035424+00:00,20,2864d9af-6539-4f79-9d46-eb0fecc915fc,,Opening process...
2025-10-15 07:02:53.652299+00:00,20,2864d9af-6539-4f79-9d46-eb0fecc915fc,, > Running git_clone step...
2025-10-15 07:02:59.377361+00:00,20,2864d9af-6539-4f79-9d46-eb0fecc915fc,,Beginning flow run 'holistic-reindeer' for flow 'run-modint-flow'
2025-10-15 07:02:59.554588+00:00,20,2864d9af-6539-4f79-9d46-eb0fecc915fc,0199e6ad-e25e-79bf-8ccc-7b4d5e31e849,This job ID will be used - modint-prefect-holistic-reindeer-1
2025-10-15 07:02:59.560401+00:00,20,2864d9af-6539-4f79-9d46-eb0fecc915fc,0199e6ad-e25e-79bf-8ccc-7b4d5e31e849,Finished in state Completed()
2025-10-15 07:03:00.062729+00:00,20,2864d9af-6539-4f79-9d46-eb0fecc915fc,0199e6ad-e2eb-7dce-9d2e-9778846f66ec,Finished in state Completed()
2025-10-15 07:03:00.123028+00:00,20,2864d9af-6539-4f79-9d46-eb0fecc915fc,0199e6ad-e2ed-7bdd-8c09-f95018f6b279,{'scene_path': '/nas/COG/planet/Y2025/M09/D04/planet_20250904_061801_ssc7d1_0020/20250904_061801_ssc7d1_0020_pansharpened_clip_cog.tif'}
2025-10-15 07:03:00.201422+00:00,20,2864d9af-6539-4f79-9d46-eb0fecc915fc,0199e6ad-e549-78f1-a3e8-12df2f707a16,Finished in state Completed()
2025-10-15 07:03:01.219401+00:00,20,2864d9af-6539-4f79-9d46-eb0fecc915fc,0199e6ad-e2ec-7a0e-af50-e166af9f4ca2,Beginning subflow run 'nebulous-viper' for flow 'run-namespaced-job'
2025-10-15 07:03:37.419645+00:00,20,2864d9af-6539-4f79-9d46-eb0fecc915fc,0199e6ad-e2ec-7a0e-af50-e166af9f4ca2,"Loads checkpoint by local backend from path: /tmp/tmpvs1wp9sr/checkpoint/model_final.pth
"
2025-10-15 07:03:37.422191+00:00,20,2864d9af-6539-4f79-9d46-eb0fecc915fc,0199e6ad-e2ec-7a0e-af50-e166af9f4ca2,"Downloading artifacts:   0%|          | 0/7 [00:00<?, ?it/s]Downloading artifacts:  14%|â–ˆâ–        | 1/7 [00:00<00:00, 4161.02it/s]Downloading artifacts:  29%|â–ˆâ–ˆâ–Š       | 2/7 [00:00<00:00, 3242.60it/s]Downloading artifacts:  43%|â–ˆâ–ˆâ–ˆâ–ˆâ–Ž     | 3/7 [00:00<00:00, 3233.85it/s]Downloading artifacts:  57%|â–ˆâ–ˆâ–ˆâ–ˆâ–ˆâ–‹    | 4/7 [00:00<00:00, 164.00it/s] Downloading artifacts:  71%|â–ˆâ–ˆâ–ˆâ–ˆâ–ˆâ–ˆâ–ˆâ–  | 5/7 [00:00<00:00, 166.56it/s]Downloading artifacts:  86%|â–ˆâ–ˆâ–ˆâ–ˆâ–ˆâ–ˆâ–ˆâ–ˆâ–Œ | 6/7 [00:00<00:00, 94.07it/s] Downloading artifacts: 100%|â–ˆâ–ˆâ–ˆâ–ˆâ–ˆâ–ˆâ–ˆâ–ˆâ–ˆâ–ˆ| 7/7 [00:07<00:00,  1.05s/it]Downloading artifacts: 100%|â–ˆâ–ˆâ–ˆâ–ˆâ–ˆâ–ˆâ–ˆâ–ˆâ–ˆâ–ˆ| 7/7 [00:07<00:00,  1.05s/it]Downloading artifacts: 100%|â–ˆâ–ˆâ–ˆâ–ˆâ–ˆâ–ˆâ–ˆâ–ˆâ–ˆâ–ˆ| 7/7 [00:07<00:00,  1.05s/it]
"
2025-10-15 07:03:39.259971+00:00,20,2864d9af-6539-4f79-9d46-eb0fecc915fc,0199e6ad-e2ec-7a0e-af50-e166af9f4ca2,"Making patches:   0%|          | 0/1 [00:00<?, ?it/s]Making patches: 100%|â–ˆâ–ˆâ–ˆâ–ˆâ–ˆâ–ˆâ–ˆâ–ˆâ–ˆâ–ˆ| 1/1 [00:00<00:00, 6374.32it/s]
"
2025-10-15 07:03:40.173176+00:00,20,2864d9af-6539-4f79-9d46-eb0fecc915fc,0199e6ad-e2ec-7a0e-af50-e166af9f4ca2,"/usr/local/lib/python3.8/site-packages/torch/nn/functional.py:3609: UserWarning: Default upsampling behavior when mode=linear is changed to align_corners=False since 0.4.0. Please specify align_corners=True if the old behavior is desired. See the documentation of nn.Upsample for details.
"
2025-10-15 07:03:40.175735+00:00,20,2864d9af-6539-4f79-9d46-eb0fecc915fc,0199e6ad-e2ec-7a0e-af50-e166af9f4ca2,"  warnings.warn(
"
2025-10-15 07:03:40.177620+00:00,20,2864d9af-6539-4f79-9d46-eb0fecc915fc,0199e6ad-e2ec-7a0e-af50-e166af9f4ca2,"2025-10-15 07:03:40.173 | ERROR    | modint.runner.base_runner:inference:137 - An exception occurred:
"
2025-10-15 07:03:40.180222+00:00,20,2864d9af-6539-4f79-9d46-eb0fecc915fc,0199e6ad-e2ec-7a0e-af50-e166af9f4ca2,"Traceback (most recent call last):
"
2025-10-15 07:03:40.181947+00:00,20,2864d9af-6539-4f79-9d46-eb0fecc915fc,0199e6ad-e2ec-7a0e-af50-e166af9f4ca2,"  File ""/usr/local/lib/python3.8/site-packages/modint/runner/base_runner.py"", line 121, in inference
"
2025-10-15 07:03:40.184073+00:00,20,2864d9af-6539-4f79-9d46-eb0fecc915fc,0199e6ad-e2ec-7a0e-af50-e166af9f4ca2,"    result = self.predict(data)
"
2025-10-15 07:03:40.189668+00:00,20,2864d9af-6539-4f79-9d46-eb0fecc915fc,0199e6ad-e2ec-7a0e-af50-e166af9f4ca2,"  File ""/usr/local/lib/python3.8/site-packages/torch/autograd/grad_mode.py"", line 28, in decorate_context
"
2025-10-15 07:03:40.191468+00:00,20,2864d9af-6539-4f79-9d46-eb0fecc915fc,0199e6ad-e2ec-7a0e-af50-e166af9f4ca2,"    return func(*args, **kwargs)
"
2025-10-15 07:03:40.193256+00:00,20,2864d9af-6539-4f79-9d46-eb0fecc915fc,0199e6ad-e2ec-7a0e-af50-e166af9f4ca2,"  File ""/ardet/ardet/apis/det_runner.py"", line 99, in predict
"
2025-10-15 07:03:40.195279+00:00,20,2864d9af-6539-4f79-9d46-eb0fecc915fc,0199e6ad-e2ec-7a0e-af50-e166af9f4ca2,"    return self.model.test_step(batch)
"
2025-10-15 07:03:40.197330+00:00,20,2864d9af-6539-4f79-9d46-eb0fecc915fc,0199e6ad-e2ec-7a0e-af50-e166af9f4ca2,"  File ""/usr/local/lib/python3.8/site-packages/mmengine/model/base_model/base_model.py"", line 145, in test_step
"
2025-10-15 07:03:40.199174+00:00,20,2864d9af-6539-4f79-9d46-eb0fecc915fc,0199e6ad-e2ec-7a0e-af50-e166af9f4ca2,"    return self._run_forward(data, mode='predict')  # type: ignore
"
2025-10-15 07:03:40.201122+00:00,20,2864d9af-6539-4f79-9d46-eb0fecc915fc,0199e6ad-e2ec-7a0e-af50-e166af9f4ca2,"  File ""/usr/local/lib/python3.8/site-packages/mmengine/model/base_model/base_model.py"", line 361, in _run_forward
"
2025-10-15 07:03:40.202793+00:00,20,2864d9af-6539-4f79-9d46-eb0fecc915fc,0199e6ad-e2ec-7a0e-af50-e166af9f4ca2,"    results = self(**data, mode=mode)
"
2025-10-15 07:03:40.204246+00:00,20,2864d9af-6539-4f79-9d46-eb0fecc915fc,0199e6ad-e2ec-7a0e-af50-e166af9f4ca2,"  File ""/usr/local/lib/python3.8/site-packages/torch/nn/modules/module.py"", line 1051, in _call_impl
"
2025-10-15 07:03:40.205924+00:00,20,2864d9af-6539-4f79-9d46-eb0fecc915fc,0199e6ad-e2ec-7a0e-af50-e166af9f4ca2,"    return forward_call(*input, **kwargs)
"
2025-10-15 07:03:40.207564+00:00,20,2864d9af-6539-4f79-9d46-eb0fecc915fc,0199e6ad-e2ec-7a0e-af50-e166af9f4ca2,"  File ""/usr/local/lib/python3.8/site-packages/mmdet/models/detectors/base.py"", line 94, in forward
"
2025-10-15 07:03:40.209021+00:00,20,2864d9af-6539-4f79-9d46-eb0fecc915fc,0199e6ad-e2ec-7a0e-af50-e166af9f4ca2,"    return self.predict(inputs, data_samples)
"
2025-10-15 07:03:40.210720+00:00,20,2864d9af-6539-4f79-9d46-eb0fecc915fc,0199e6ad-e2ec-7a0e-af50-e166af9f4ca2,"  File ""/usr/local/lib/python3.8/site-packages/mmdet/models/detectors/two_stage.py"", line 227, in predict
"
2025-10-15 07:03:40.212190+00:00,20,2864d9af-6539-4f79-9d46-eb0fecc915fc,0199e6ad-e2ec-7a0e-af50-e166af9f4ca2,"    x = self.extract_feat(batch_inputs)
"
2025-10-15 07:03:40.213766+00:00,20,2864d9af-6539-4f79-9d46-eb0fecc915fc,0199e6ad-e2ec-7a0e-af50-e166af9f4ca2,"  File ""/usr/local/lib/python3.8/site-packages/mmdet/models/detectors/two_stage.py"", line 110, in extract_feat
"
2025-10-15 07:03:40.215270+00:00,20,2864d9af-6539-4f79-9d46-eb0fecc915fc,0199e6ad-e2ec-7a0e-af50-e166af9f4ca2,"    x = self.backbone(batch_inputs)
"
2025-10-15 07:03:40.216713+00:00,20,2864d9af-6539-4f79-9d46-eb0fecc915fc,0199e6ad-e2ec-7a0e-af50-e166af9f4ca2,"  File ""/usr/local/lib/python3.8/site-packages/torch/nn/modules/module.py"", line 1051, in _call_impl
"
2025-10-15 07:03:40.217938+00:00,20,2864d9af-6539-4f79-9d46-eb0fecc915fc,0199e6ad-e2ec-7a0e-af50-e166af9f4ca2,"    return forward_call(*input, **kwargs)
"
2025-10-15 07:03:40.219375+00:00,20,2864d9af-6539-4f79-9d46-eb0fecc915fc,0199e6ad-e2ec-7a0e-af50-e166af9f4ca2,"  File ""/ardet/ardet/models/backbones/vitdet.py"", line 423, in forward
"
2025-10-15 07:03:40.220764+00:00,20,2864d9af-6539-4f79-9d46-eb0fecc915fc,0199e6ad-e2ec-7a0e-af50-e166af9f4ca2,"    x = blk(x)
"
2025-10-15 07:03:40.221801+00:00,20,2864d9af-6539-4f79-9d46-eb0fecc915fc,0199e6ad-e2ec-7a0e-af50-e166af9f4ca2,"  File ""/usr/local/lib/python3.8/site-packages/torch/nn/modules/module.py"", line 1051, in _call_impl
"
2025-10-15 07:03:40.223114+00:00,20,2864d9af-6539-4f79-9d46-eb0fecc915fc,0199e6ad-e2ec-7a0e-af50-e166af9f4ca2,"    return forward_call(*input, **kwargs)
"
2025-10-15 07:03:40.224410+00:00,20,2864d9af-6539-4f79-9d46-eb0fecc915fc,0199e6ad-e2ec-7a0e-af50-e166af9f4ca2,"  File ""/ardet/ardet/models/backbones/vitdet.py"", line 303, in forward
"
2025-10-15 07:03:40.225442+00:00,20,2864d9af-6539-4f79-9d46-eb0fecc915fc,0199e6ad-e2ec-7a0e-af50-e166af9f4ca2,"    x = self.attn(x)
"
2025-10-15 07:03:40.226668+00:00,20,2864d9af-6539-4f79-9d46-eb0fecc915fc,0199e6ad-e2ec-7a0e-af50-e166af9f4ca2,"  File ""/usr/local/lib/python3.8/site-packages/torch/nn/modules/module.py"", line 1051, in _call_impl
"
2025-10-15 07:03:40.227979+00:00,20,2864d9af-6539-4f79-9d46-eb0fecc915fc,0199e6ad-e2ec-7a0e-af50-e166af9f4ca2,"    return forward_call(*input, **kwargs)
"
2025-10-15 07:03:40.229060+00:00,20,2864d9af-6539-4f79-9d46-eb0fecc915fc,0199e6ad-e2ec-7a0e-af50-e166af9f4ca2,"  File ""/ardet/ardet/models/backbones/vitdet.py"", line 209, in forward
"
2025-10-15 07:03:40.230362+00:00,20,2864d9af-6539-4f79-9d46-eb0fecc915fc,0199e6ad-e2ec-7a0e-af50-e166af9f4ca2,"    attn = add_decomposed_rel_pos(attn, q, self.rel_pos_h,
"
2025-10-15 07:03:40.231542+00:00,20,2864d9af-6539-4f79-9d46-eb0fecc915fc,0199e6ad-e2ec-7a0e-af50-e166af9f4ca2,"  File ""/ardet/ardet/models/backbones/vitdet.py"", line 166, in add_decomposed_rel_pos
"
2025-10-15 07:03:40.232517+00:00,20,2864d9af-6539-4f79-9d46-eb0fecc915fc,0199e6ad-e2ec-7a0e-af50-e166af9f4ca2,"    attn.view(B, q_h, q_w, k_h, k_w) +  # noqa: W504
"
2025-10-15 07:03:40.233711+00:00,20,2864d9af-6539-4f79-9d46-eb0fecc915fc,0199e6ad-e2ec-7a0e-af50-e166af9f4ca2,"RuntimeError: CUDA out of memory. Tried to allocate 4.47 GiB (GPU 0; 10.57 GiB total capacity; 5.19 GiB already allocated; 4.00 GiB free; 5.27 GiB reserved in total by PyTorch)
"
2025-10-15 07:03:40.234914+00:00,20,2864d9af-6539-4f79-9d46-eb0fecc915fc,0199e6ad-e2ec-7a0e-af50-e166af9f4ca2,"
"
2025-10-15 07:03:40.235856+00:00,20,2864d9af-6539-4f79-9d46-eb0fecc915fc,0199e6ad-e2ec-7a0e-af50-e166af9f4ca2,"[32m2025-10-15T07:03:40.173581+0000[0m [31m[1mAn exception occurred:
"
2025-10-15 07:03:40.236625+00:00,20,2864d9af-6539-4f79-9d46-eb0fecc915fc,0199e6ad-e2ec-7a0e-af50-e166af9f4ca2,"Traceback (most recent call last):
"
2025-10-15 07:03:40.237346+00:00,20,2864d9af-6539-4f79-9d46-eb0fecc915fc,0199e6ad-e2ec-7a0e-af50-e166af9f4ca2,"  File ""/usr/local/lib/python3.8/site-packages/modint/runner/base_runner.py"", line 121, in inference
"
2025-10-15 07:03:40.238533+00:00,20,2864d9af-6539-4f79-9d46-eb0fecc915fc,0199e6ad-e2ec-7a0e-af50-e166af9f4ca2,"    result = self.predict(data)
"
2025-10-15 07:03:40.239707+00:00,20,2864d9af-6539-4f79-9d46-eb0fecc915fc,0199e6ad-e2ec-7a0e-af50-e166af9f4ca2,"  File ""/usr/local/lib/python3.8/site-packages/torch/autograd/grad_mode.py"", line 28, in decorate_context
"
2025-10-15 07:03:40.240666+00:00,20,2864d9af-6539-4f79-9d46-eb0fecc915fc,0199e6ad-e2ec-7a0e-af50-e166af9f4ca2,"    return func(*args, **kwargs)
"
2025-10-15 07:03:40.241305+00:00,20,2864d9af-6539-4f79-9d46-eb0fecc915fc,0199e6ad-e2ec-7a0e-af50-e166af9f4ca2,"  File ""/ardet/ardet/apis/det_runner.py"", line 99, in predict
"
2025-10-15 07:03:40.241932+00:00,20,2864d9af-6539-4f79-9d46-eb0fecc915fc,0199e6ad-e2ec-7a0e-af50-e166af9f4ca2,"    return self.model.test_step(batch)
"
2025-10-15 07:03:40.242549+00:00,20,2864d9af-6539-4f79-9d46-eb0fecc915fc,0199e6ad-e2ec-7a0e-af50-e166af9f4ca2,"  File ""/usr/local/lib/python3.8/site-packages/mmengine/model/base_model/base_model.py"", line 145, in test_step
"
2025-10-15 07:03:40.243179+00:00,20,2864d9af-6539-4f79-9d46-eb0fecc915fc,0199e6ad-e2ec-7a0e-af50-e166af9f4ca2,"    return self._run_forward(data, mode='predict')  # type: ignore
"
2025-10-15 07:03:40.243819+00:00,20,2864d9af-6539-4f79-9d46-eb0fecc915fc,0199e6ad-e2ec-7a0e-af50-e166af9f4ca2,"  File ""/usr/local/lib/python3.8/site-packages/mmengine/model/base_model/base_model.py"", line 361, in _run_forward
"
2025-10-15 07:03:40.244909+00:00,20,2864d9af-6539-4f79-9d46-eb0fecc915fc,0199e6ad-e2ec-7a0e-af50-e166af9f4ca2,"    results = self(**data, mode=mode)
"
2025-10-15 07:03:40.245552+00:00,20,2864d9af-6539-4f79-9d46-eb0fecc915fc,0199e6ad-e2ec-7a0e-af50-e166af9f4ca2,"  File ""/usr/local/lib/python3.8/site-packages/torch/nn/modules/module.py"", line 1051, in _call_impl
"
2025-10-15 07:03:40.246199+00:00,20,2864d9af-6539-4f79-9d46-eb0fecc915fc,0199e6ad-e2ec-7a0e-af50-e166af9f4ca2,"    return forward_call(*input, **kwargs)
"
2025-10-15 07:03:40.246814+00:00,20,2864d9af-6539-4f79-9d46-eb0fecc915fc,0199e6ad-e2ec-7a0e-af50-e166af9f4ca2,"  File ""/usr/local/lib/python3.8/site-packages/mmdet/models/detectors/base.py"", line 94, in forward
"
2025-10-15 07:03:40.247443+00:00,20,2864d9af-6539-4f79-9d46-eb0fecc915fc,0199e6ad-e2ec-7a0e-af50-e166af9f4ca2,"    return self.predict(inputs, data_samples)
"
2025-10-15 07:03:40.248497+00:00,20,2864d9af-6539-4f79-9d46-eb0fecc915fc,0199e6ad-e2ec-7a0e-af50-e166af9f4ca2,"  File ""/usr/local/lib/python3.8/site-packages/mmdet/models/detectors/two_stage.py"", line 227, in predict
"
2025-10-15 07:03:40.249355+00:00,20,2864d9af-6539-4f79-9d46-eb0fecc915fc,0199e6ad-e2ec-7a0e-af50-e166af9f4ca2,"    x = self.extract_feat(batch_inputs)
"
2025-10-15 07:03:40.250005+00:00,20,2864d9af-6539-4f79-9d46-eb0fecc915fc,0199e6ad-e2ec-7a0e-af50-e166af9f4ca2,"  File ""/usr/local/lib/python3.8/site-packages/mmdet/models/detectors/two_stage.py"", line 110, in extract_feat
"
2025-10-15 07:03:40.250618+00:00,20,2864d9af-6539-4f79-9d46-eb0fecc915fc,0199e6ad-e2ec-7a0e-af50-e166af9f4ca2,"    x = self.backbone(batch_inputs)
"
2025-10-15 07:03:40.251181+00:00,20,2864d9af-6539-4f79-9d46-eb0fecc915fc,0199e6ad-e2ec-7a0e-af50-e166af9f4ca2,"  File ""/usr/local/lib/python3.8/site-packages/torch/nn/modules/module.py"", line 1051, in _call_impl
"
2025-10-15 07:03:40.251751+00:00,20,2864d9af-6539-4f79-9d46-eb0fecc915fc,0199e6ad-e2ec-7a0e-af50-e166af9f4ca2,"    return forward_call(*input, **kwargs)
"
2025-10-15 07:03:40.252329+00:00,20,2864d9af-6539-4f79-9d46-eb0fecc915fc,0199e6ad-e2ec-7a0e-af50-e166af9f4ca2,"  File ""/ardet/ardet/models/backbones/vitdet.py"", line 423, in forward
"
2025-10-15 07:03:40.252897+00:00,20,2864d9af-6539-4f79-9d46-eb0fecc915fc,0199e6ad-e2ec-7a0e-af50-e166af9f4ca2,"    x = blk(x)
"
2025-10-15 07:03:40.253467+00:00,20,2864d9af-6539-4f79-9d46-eb0fecc915fc,0199e6ad-e2ec-7a0e-af50-e166af9f4ca2,"  File ""/usr/local/lib/python3.8/site-packages/torch/nn/modules/module.py"", line 1051, in _call_impl
"
2025-10-15 07:03:40.254497+00:00,20,2864d9af-6539-4f79-9d46-eb0fecc915fc,0199e6ad-e2ec-7a0e-af50-e166af9f4ca2,"    return forward_call(*input, **kwargs)
"
2025-10-15 07:03:40.255089+00:00,20,2864d9af-6539-4f79-9d46-eb0fecc915fc,0199e6ad-e2ec-7a0e-af50-e166af9f4ca2,"  File ""/ardet/ardet/models/backbones/vitdet.py"", line 303, in forward
"
2025-10-15 07:03:40.255656+00:00,20,2864d9af-6539-4f79-9d46-eb0fecc915fc,0199e6ad-e2ec-7a0e-af50-e166af9f4ca2,"    x = self.attn(x)
"
2025-10-15 07:03:40.256224+00:00,20,2864d9af-6539-4f79-9d46-eb0fecc915fc,0199e6ad-e2ec-7a0e-af50-e166af9f4ca2,"  File ""/usr/local/lib/python3.8/site-packages/torch/nn/modules/module.py"", line 1051, in _call_impl
"
2025-10-15 07:03:40.256795+00:00,20,2864d9af-6539-4f79-9d46-eb0fecc915fc,0199e6ad-e2ec-7a0e-af50-e166af9f4ca2,"    return forward_call(*input, **kwargs)
"
2025-10-15 07:03:40.257356+00:00,20,2864d9af-6539-4f79-9d46-eb0fecc915fc,0199e6ad-e2ec-7a0e-af50-e166af9f4ca2,"  File ""/ardet/ardet/models/backbones/vitdet.py"", line 209, in forward
"
2025-10-15 07:03:40.257920+00:00,20,2864d9af-6539-4f79-9d46-eb0fecc915fc,0199e6ad-e2ec-7a0e-af50-e166af9f4ca2,"    attn = add_decomposed_rel_pos(attn, q, self.rel_pos_h,
"
2025-10-15 07:03:40.258479+00:00,20,2864d9af-6539-4f79-9d46-eb0fecc915fc,0199e6ad-e2ec-7a0e-af50-e166af9f4ca2,"  File ""/ardet/ardet/models/backbones/vitdet.py"", line 166, in add_decomposed_rel_pos
"
2025-10-15 07:03:40.259045+00:00,20,2864d9af-6539-4f79-9d46-eb0fecc915fc,0199e6ad-e2ec-7a0e-af50-e166af9f4ca2,"    attn.view(B, q_h, q_w, k_h, k_w) +  # noqa: W504
"
2025-10-15 07:03:40.259605+00:00,20,2864d9af-6539-4f79-9d46-eb0fecc915fc,0199e6ad-e2ec-7a0e-af50-e166af9f4ca2,"RuntimeError: CUDA out of memory. Tried to allocate 4.47 GiB (GPU 0; 10.57 GiB total capacity; 5.19 GiB already allocated; 4.00 GiB free; 5.27 GiB reserved in total by PyTorch)
"
2025-10-15 07:03:40.260200+00:00,20,2864d9af-6539-4f79-9d46-eb0fecc915fc,0199e6ad-e2ec-7a0e-af50-e166af9f4ca2,"[0m
"
2025-10-15 07:03:47.471177+00:00,20,2864d9af-6539-4f79-9d46-eb0fecc915fc,0199e6ad-e2ec-7a0e-af50-e166af9f4ca2,Finished in state Completed()
2025-10-15 07:04:00.196541+00:00,20,2864d9af-6539-4f79-9d46-eb0fecc915fc,0199e6ad-e2ed-7bdd-8c09-f95018f6b279,"{'msg': 'Traceback (most recent call last):\n  File ""/usr/local/lib/python3.8/site-packages/modint/runner/base_runner.py"", line 121, in inference\n    result = self.predict(data)\n  File ""/usr/local/lib/python3.8/site-packages/torch/autograd/grad_mode.py"", line 28, in decorate_context\n    return func(*args, **kwargs)\n  File ""/ardet/ardet/apis/det_runner.py"", line 99, in predict\n    return self.model.test_step(batch)\n  File ""/usr/local/lib/python3.8/site-packages/mmengine/model/base_model/base_model.py"", line 145, in test_step\n    return self._run_forward(data, mode=\'predict\')  # type: ignore\n  File ""/usr/local/lib/python3.8/site-packages/mmengine/model/base_model/base_model.py"", line 361, in _run_forward\n    results = self(**data, mode=mode)\n  File ""/usr/local/lib/python3.8/site-packages/torch/nn/modules/module.py"", line 1051, in _call_impl\n    return forward_call(*input, **kwargs)\n  File ""/usr/local/lib/python3.8/site-packages/mmdet/models/detectors/base.py"", line 94, in forward\n    return self.predict(inputs, data_samples)\n  File ""/usr/local/lib/python3.8/site-packages/mmdet/models/detectors/two_stage.py"", line 227, in predict\n    x = self.extract_feat(batch_inputs)\n  File ""/usr/local/lib/python3.8/site-packages/mmdet/models/detectors/two_stage.py"", line 110, in extract_feat\n    x = self.backbone(batch_inputs)\n  File ""/usr/local/lib/python3.8/site-packages/torch/nn/modules/module.py"", line 1051, in _call_impl\n    return forward_call(*input, **kwargs)\n  File ""/ardet/ardet/models/backbones/vitdet.py"", line 423, in forward\n    x = blk(x)\n  File ""/usr/local/lib/python3.8/site-packages/torch/nn/modules/module.py"", line 1051, in _call_impl\n    return forward_call(*input, **kwargs)\n  File ""/ardet/ardet/models/backbones/vitdet.py"", line 303, in forward\n    x = self.attn(x)\n  File ""/usr/local/lib/python3.8/site-packages/torch/nn/modules/module.py"", line 1051, in _call_impl\n    return forward_call(*input, **kwargs)\n  File ""/ardet/ardet/models/backbones/vitdet.py"", line 209, in forward\n    attn = add_decomposed_rel_pos(attn, q, self.rel_pos_h,\n  File ""/ardet/ardet/models/backbones/vitdet.py"", line 166, in add_decomposed_rel_pos\n    attn.view(B, q_h, q_w, k_h, k_w) +  # noqa: W504\nRuntimeError: CUDA out of memory. Tried to allocate 4.47 GiB (GPU 0; 10.57 GiB total capacity; 5.19 GiB already allocated; 4.00 GiB free; 5.27 GiB reserved in total by PyTorch)\n', 'retriable': False}"
2025-10-15 07:04:00.203094+00:00,40,2864d9af-6539-4f79-9d46-eb0fecc915fc,0199e6ad-e2ed-7bdd-8c09-f95018f6b279,Inference was failed. See the logs for detail.
2025-10-15 07:04:00.205278+00:00,40,2864d9af-6539-4f79-9d46-eb0fecc915fc,0199e6ad-e2ed-7bdd-8c09-f95018f6b279,"Task run failed with exception: InferenceFailError() - No retries configured for this task.
Traceback (most recent call last):
  File ""/usr/local/lib/python3.10/site-packages/prefect/task_engine.py"", line 857, in run_context
    yield self
  File ""/usr/local/lib/python3.10/site-packages/prefect/task_engine.py"", line 1487, in run_task_sync
    engine.call_task_fn(txn)
  File ""/usr/local/lib/python3.10/site-packages/prefect/task_engine.py"", line 874, in call_task_fn
    result = call_with_parameters(self.task.fn, parameters)
  File ""/usr/local/lib/python3.10/site-packages/prefect/utilities/callables.py"", line 210, in call_with_parameters
    return fn(*args, **kwargs)
  File ""/app/modint-prefect-main/modint_prefect/prefect_flow.py"", line 135, in run_check_inference_status_redis
    raise InferenceFailError
modint_prefect.configs.InferenceFailError"
2025-10-15 07:04:00.220713+00:00,40,2864d9af-6539-4f79-9d46-eb0fecc915fc,0199e6ad-e2ed-7bdd-8c09-f95018f6b279,Finished in state Failed('Task run encountered an exception InferenceFailError: ')
2025-10-15 07:04:00.231733+00:00,40,2864d9af-6539-4f79-9d46-eb0fecc915fc,,"Encountered exception during execution: InferenceFailError()
Traceback (most recent call last):
  File ""/usr/local/lib/python3.10/site-packages/prefect/flow_engine.py"", line 782, in run_context
    yield self
  File ""/usr/local/lib/python3.10/site-packages/prefect/flow_engine.py"", line 1397, in run_flow_sync
    engine.call_flow_fn()
  File ""/usr/local/lib/python3.10/site-packages/prefect/flow_engine.py"", line 802, in call_flow_fn
    result = call_with_parameters(self.flow.fn, self.parameters)
  File ""/usr/local/lib/python3.10/site-packages/prefect/utilities/callables.py"", line 210, in call_with_parameters
    return fn(*args, **kwargs)
  File ""/app/modint-prefect-main/modint_prefect/prefect_flow.py"", line 530, in run_modint_flow
    inference_result = check_inference_status_future.result()
  File ""/usr/local/lib/python3.10/site-packages/prefect/futures.py"", line 222, in result
    _result = self._final_state.result(
  File ""/usr/local/lib/python3.10/site-packages/prefect/_internal/compatibility/async_dispatch.py"", line 94, in wrapper
    return fn(*args, **kwargs)
  File ""/usr/local/lib/python3.10/site-packages/prefect/client/schemas/objects.py"", line 366, in result
    return run_coro_as_sync(
  File ""/usr/local/lib/python3.10/site-packages/prefect/utilities/asyncutils.py"", line 207, in run_coro_as_sync
    return call.result()
  File ""/usr/local/lib/python3.10/site-packages/prefect/_internal/concurrency/calls.py"", line 365, in result
    return self.future.result(timeout=timeout)
  File ""/usr/local/lib/python3.10/site-packages/prefect/_internal/concurrency/calls.py"", line 192, in result
    return self.__get_result()
  File ""/usr/local/lib/python3.10/concurrent/futures/_base.py"", line 403, in __get_result
    raise self._exception
  File ""/usr/local/lib/python3.10/site-packages/prefect/_internal/concurrency/calls.py"", line 441, in _run_async
    result = await coro
  File ""/usr/local/lib/python3.10/site-packages/prefect/utilities/asyncutils.py"", line 188, in coroutine_wrapper
    return await task
  File ""/usr/local/lib/python3.10/site-packages/prefect/states.py"", line 85, in get_state_result
    return await _get_state_result(
  File ""/usr/local/lib/python3.10/site-packages/prefect/states.py"", line 157, in _get_state_result
    raise await get_state_exception(state)
  File ""/usr/local/lib/python3.10/site-packages/prefect/task_engine.py"", line 857, in run_context
    yield self
  File ""/usr/local/lib/python3.10/site-packages/prefect/task_engine.py"", line 1487, in run_task_sync
    engine.call_task_fn(txn)
  File ""/usr/local/lib/python3.10/site-packages/prefect/task_engine.py"", line 874, in call_task_fn
    result = call_with_parameters(self.task.fn, parameters)
  File ""/usr/local/lib/python3.10/site-packages/prefect/utilities/callables.py"", line 210, in call_with_parameters
    return fn(*args, **kwargs)
  File ""/app/modint-prefect-main/modint_prefect/prefect_flow.py"", line 135, in run_check_inference_status_redis
    raise InferenceFailError
modint_prefect.configs.InferenceFailError"
2025-10-15 07:04:00.282653+00:00,20,2864d9af-6539-4f79-9d46-eb0fecc915fc,,Finished in state Failed('Flow run encountered an exception: InferenceFailError: ')
2025-10-15 07:04:00.286214+00:00,40,2864d9af-6539-4f79-9d46-eb0fecc915fc,,"Engine execution exited with unexpected exception
Traceback (most recent call last):
  File ""/usr/local/lib/python3.10/site-packages/prefect/flow_engine.py"", line 1554, in run_flow
    ret_val = run_flow_sync(**kwargs)
  File ""/usr/local/lib/python3.10/site-packages/prefect/flow_engine.py"", line 1399, in run_flow_sync
    return engine.state if return_type == ""state"" else engine.result()
  File ""/usr/local/lib/python3.10/site-packages/prefect/flow_engine.py"", line 361, in result
    raise self._raised
  File ""/usr/local/lib/python3.10/site-packages/prefect/flow_engine.py"", line 782, in run_context
    yield self
  File ""/usr/local/lib/python3.10/site-packages/prefect/flow_engine.py"", line 1397, in run_flow_sync
    engine.call_flow_fn()
  File ""/usr/local/lib/python3.10/site-packages/prefect/flow_engine.py"", line 802, in call_flow_fn
    result = call_with_parameters(self.flow.fn, self.parameters)
  File ""/usr/local/lib/python3.10/site-packages/prefect/utilities/callables.py"", line 210, in call_with_parameters
    return fn(*args, **kwargs)
  File ""/app/modint-prefect-main/modint_prefect/prefect_flow.py"", line 530, in run_modint_flow
    inference_result = check_inference_status_future.result()
  File ""/usr/local/lib/python3.10/site-packages/prefect/futures.py"", line 222, in result
    _result = self._final_state.result(
  File ""/usr/local/lib/python3.10/site-packages/prefect/_internal/compatibility/async_dispatch.py"", line 94, in wrapper
    return fn(*args, **kwargs)
  File ""/usr/local/lib/python3.10/site-packages/prefect/client/schemas/objects.py"", line 366, in result
    return run_coro_as_sync(
  File ""/usr/local/lib/python3.10/site-packages/prefect/utilities/asyncutils.py"", line 207, in run_coro_as_sync
    return call.result()
  File ""/usr/local/lib/python3.10/site-packages/prefect/_internal/concurrency/calls.py"", line 365, in result
    return self.future.result(timeout=timeout)
  File ""/usr/local/lib/python3.10/site-packages/prefect/_internal/concurrency/calls.py"", line 192, in result
    return self.__get_result()
  File ""/usr/local/lib/python3.10/concurrent/futures/_base.py"", line 403, in __get_result
    raise self._exception
  File ""/usr/local/lib/python3.10/site-packages/prefect/_internal/concurrency/calls.py"", line 441, in _run_async
    result = await coro
  File ""/usr/local/lib/python3.10/site-packages/prefect/utilities/asyncutils.py"", line 188, in coroutine_wrapper
    return await task
  File ""/usr/local/lib/python3.10/site-packages/prefect/states.py"", line 85, in get_state_result
    return await _get_state_result(
  File ""/usr/local/lib/python3.10/site-packages/prefect/states.py"", line 157, in _get_state_result
    raise await get_state_exception(state)
  File ""/usr/local/lib/python3.10/site-packages/prefect/task_engine.py"", line 857, in run_context
    yield self
  File ""/usr/local/lib/python3.10/site-packages/prefect/task_engine.py"", line 1487, in run_task_sync
    engine.call_task_fn(txn)
  File ""/usr/local/lib/python3.10/site-packages/prefect/task_engine.py"", line 874, in call_task_fn
    result = call_with_parameters(self.task.fn, parameters)
  File ""/usr/local/lib/python3.10/site-packages/prefect/utilities/callables.py"", line 210, in call_with_parameters
    return fn(*args, **kwargs)
  File ""/app/modint-prefect-main/modint_prefect/prefect_flow.py"", line 135, in run_check_inference_status_redis
    raise InferenceFailError
modint_prefect.configs.InferenceFailError"
2025-10-15 07:04:01.030102+00:00,40,2864d9af-6539-4f79-9d46-eb0fecc915fc,,Process for flow run 'holistic-reindeer' exited with status code: 1
