timestamp,level,flow_run_id,task_run_id,message
2025-08-25 02:19:07.638050+00:00,20,32ca4551-0d81-4813-8823-e52c5b4c907d,,Worker 'KubernetesWorker 6c1a7ef3-6580-4f6c-9303-f2c1895094ef' submitting flow run '32ca4551-0d81-4813-8823-e52c5b4c907d'
2025-08-25 02:19:07.859473+00:00,20,32ca4551-0d81-4813-8823-e52c5b4c907d,,Creating Kubernetes job...
2025-08-25 02:19:10.419150+00:00,20,32ca4551-0d81-4813-8823-e52c5b4c907d,,Completed submission of flow run '32ca4551-0d81-4813-8823-e52c5b4c907d'
2025-08-25 02:19:18.455238+00:00,20,32ca4551-0d81-4813-8823-e52c5b4c907d,,Opening process...
2025-08-25 02:19:21.232961+00:00,20,32ca4551-0d81-4813-8823-e52c5b4c907d,, > Running git_clone step...
2025-08-25 02:19:25.572743+00:00,20,32ca4551-0d81-4813-8823-e52c5b4c907d,,Beginning flow run 'certain-woodpecker' for flow 'run-bhc-segmentation-flow'
2025-08-25 02:19:25.602879+00:00,20,32ca4551-0d81-4813-8823-e52c5b4c907d,,Using quad ID: L15-1730E-1274N
2025-08-25 02:19:32.172328+00:00,40,32ca4551-0d81-4813-8823-e52c5b4c907d,0198df05-f271-7147-8fc9-cb2620912c96,"Task run failed with exception: CalledProcessError(1, ['gdalwarp', '-of', 'VRT', '-overwrite', '-te', '124.2773437', '40.17887330972661', '124.2773437327955', '40.3130432', '-te_srs', 'EPSG:4326', '/nas/COG/basemap_planet/Y2024/M10/D01/basemap_planet_global_monthly_2024_10_mosaic/40000_global_monthly_2024_10_mosaic_cog.tif', '/ext/modint-prefect-workspace/temp/vrt/40000_global_monthly_2024_10_mosaic_cog_L15-1730E-1274N.vrt']) - No retries configured for this task.
Traceback (most recent call last):
  File ""/usr/local/lib/python3.10/site-packages/prefect/task_engine.py"", line 857, in run_context
    yield self
  File ""/usr/local/lib/python3.10/site-packages/prefect/task_engine.py"", line 1487, in run_task_sync
    engine.call_task_fn(txn)
  File ""/usr/local/lib/python3.10/site-packages/prefect/task_engine.py"", line 874, in call_task_fn
    result = call_with_parameters(self.task.fn, parameters)
  File ""/usr/local/lib/python3.10/site-packages/prefect/utilities/callables.py"", line 210, in call_with_parameters
    return fn(*args, **kwargs)
  File ""/app/modint-prefect-main/modint_prefect/prefect_flow.py"", line 425, in create_vrt_from_quad
    subprocess.run(cmd, check=True)
  File ""/usr/local/lib/python3.10/subprocess.py"", line 526, in run
    raise CalledProcessError(retcode, process.args,
subprocess.CalledProcessError: Command '['gdalwarp', '-of', 'VRT', '-overwrite', '-te', '124.2773437', '40.17887330972661', '124.2773437327955', '40.3130432', '-te_srs', 'EPSG:4326', '/nas/COG/basemap_planet/Y2024/M10/D01/basemap_planet_global_monthly_2024_10_mosaic/40000_global_monthly_2024_10_mosaic_cog.tif', '/ext/modint-prefect-workspace/temp/vrt/40000_global_monthly_2024_10_mosaic_cog_L15-1730E-1274N.vrt']' returned non-zero exit status 1."
2025-08-25 02:19:32.188562+00:00,40,32ca4551-0d81-4813-8823-e52c5b4c907d,0198df05-f271-7147-8fc9-cb2620912c96,"Finished in state Failed(""Task run encountered an exception CalledProcessError: Command '['gdalwarp', '-of', 'VRT', '-overwrite', '-te', '124.2773437', '40.17887330972661', '124.2773437327955', '40.3130432', '-te_srs', 'EPSG:4326', '/nas/COG/basemap_planet/Y2024/M10/D01/basemap_planet_global_monthly_2024_10_mosaic/40000_global_monthly_2024_10_mosaic_cog.tif', '/ext/modint-prefect-workspace/temp/vrt/40000_global_monthly_2024_10_mosaic_cog_L15-1730E-1274N.vrt']' returned non-zero exit status 1."")"
2025-08-25 02:19:32.190529+00:00,40,32ca4551-0d81-4813-8823-e52c5b4c907d,,"Encountered exception during execution: CalledProcessError(1, ['gdalwarp', '-of', 'VRT', '-overwrite', '-te', '124.2773437', '40.17887330972661', '124.2773437327955', '40.3130432', '-te_srs', 'EPSG:4326', '/nas/COG/basemap_planet/Y2024/M10/D01/basemap_planet_global_monthly_2024_10_mosaic/40000_global_monthly_2024_10_mosaic_cog.tif', '/ext/modint-prefect-workspace/temp/vrt/40000_global_monthly_2024_10_mosaic_cog_L15-1730E-1274N.vrt'])
Traceback (most recent call last):
  File ""/usr/local/lib/python3.10/site-packages/prefect/flow_engine.py"", line 782, in run_context
    yield self
  File ""/usr/local/lib/python3.10/site-packages/prefect/flow_engine.py"", line 1397, in run_flow_sync
    engine.call_flow_fn()
  File ""/usr/local/lib/python3.10/site-packages/prefect/flow_engine.py"", line 802, in call_flow_fn
    result = call_with_parameters(self.flow.fn, self.parameters)
  File ""/usr/local/lib/python3.10/site-packages/prefect/utilities/callables.py"", line 210, in call_with_parameters
    return fn(*args, **kwargs)
  File ""/app/modint-prefect-main/modint_prefect/prefect_flow.py"", line 638, in run_bhc_segmentation_flow
    input_path = create_vrt_from_quad(input_path, quad_id)
  File ""/usr/local/lib/python3.10/site-packages/prefect/tasks.py"", line 1139, in __call__
    return run_task(
  File ""/usr/local/lib/python3.10/site-packages/prefect/task_engine.py"", line 1714, in run_task
    return run_task_sync(**kwargs)
  File ""/usr/local/lib/python3.10/site-packages/prefect/task_engine.py"", line 1489, in run_task_sync
    return engine.state if return_type == ""state"" else engine.result()
  File ""/usr/local/lib/python3.10/site-packages/prefect/task_engine.py"", line 478, in result
    raise self._raised
  File ""/usr/local/lib/python3.10/site-packages/prefect/task_engine.py"", line 857, in run_context
    yield self
  File ""/usr/local/lib/python3.10/site-packages/prefect/task_engine.py"", line 1487, in run_task_sync
    engine.call_task_fn(txn)
  File ""/usr/local/lib/python3.10/site-packages/prefect/task_engine.py"", line 874, in call_task_fn
    result = call_with_parameters(self.task.fn, parameters)
  File ""/usr/local/lib/python3.10/site-packages/prefect/utilities/callables.py"", line 210, in call_with_parameters
    return fn(*args, **kwargs)
  File ""/app/modint-prefect-main/modint_prefect/prefect_flow.py"", line 425, in create_vrt_from_quad
    subprocess.run(cmd, check=True)
  File ""/usr/local/lib/python3.10/subprocess.py"", line 526, in run
    raise CalledProcessError(retcode, process.args,
subprocess.CalledProcessError: Command '['gdalwarp', '-of', 'VRT', '-overwrite', '-te', '124.2773437', '40.17887330972661', '124.2773437327955', '40.3130432', '-te_srs', 'EPSG:4326', '/nas/COG/basemap_planet/Y2024/M10/D01/basemap_planet_global_monthly_2024_10_mosaic/40000_global_monthly_2024_10_mosaic_cog.tif', '/ext/modint-prefect-workspace/temp/vrt/40000_global_monthly_2024_10_mosaic_cog_L15-1730E-1274N.vrt']' returned non-zero exit status 1."
2025-08-25 02:19:32.252164+00:00,20,32ca4551-0d81-4813-8823-e52c5b4c907d,,"Finished in state Failed(""Flow run encountered an exception: CalledProcessError: Command '['gdalwarp', '-of', 'VRT', '-overwrite', '-te', '124.2773437', '40.17887330972661', '124.2773437327955', '40.3130432', '-te_srs', 'EPSG:4326', '/nas/COG/basemap_planet/Y2024/M10/D01/basemap_planet_global_monthly_2024_10_mosaic/40000_global_monthly_2024_10_mosaic_cog.tif', '/ext/modint-prefect-workspace/temp/vrt/40000_global_monthly_2024_10_mosaic_cog_L15-1730E-1274N.vrt']' returned non-zero exit status 1."")"
2025-08-25 02:19:32.254810+00:00,40,32ca4551-0d81-4813-8823-e52c5b4c907d,,"Engine execution exited with unexpected exception
Traceback (most recent call last):
  File ""/usr/local/lib/python3.10/site-packages/prefect/flow_engine.py"", line 1554, in run_flow
    ret_val = run_flow_sync(**kwargs)
  File ""/usr/local/lib/python3.10/site-packages/prefect/flow_engine.py"", line 1399, in run_flow_sync
    return engine.state if return_type == ""state"" else engine.result()
  File ""/usr/local/lib/python3.10/site-packages/prefect/flow_engine.py"", line 361, in result
    raise self._raised
  File ""/usr/local/lib/python3.10/site-packages/prefect/flow_engine.py"", line 782, in run_context
    yield self
  File ""/usr/local/lib/python3.10/site-packages/prefect/flow_engine.py"", line 1397, in run_flow_sync
    engine.call_flow_fn()
  File ""/usr/local/lib/python3.10/site-packages/prefect/flow_engine.py"", line 802, in call_flow_fn
    result = call_with_parameters(self.flow.fn, self.parameters)
  File ""/usr/local/lib/python3.10/site-packages/prefect/utilities/callables.py"", line 210, in call_with_parameters
    return fn(*args, **kwargs)
  File ""/app/modint-prefect-main/modint_prefect/prefect_flow.py"", line 638, in run_bhc_segmentation_flow
    input_path = create_vrt_from_quad(input_path, quad_id)
  File ""/usr/local/lib/python3.10/site-packages/prefect/tasks.py"", line 1139, in __call__
    return run_task(
  File ""/usr/local/lib/python3.10/site-packages/prefect/task_engine.py"", line 1714, in run_task
    return run_task_sync(**kwargs)
  File ""/usr/local/lib/python3.10/site-packages/prefect/task_engine.py"", line 1489, in run_task_sync
    return engine.state if return_type == ""state"" else engine.result()
  File ""/usr/local/lib/python3.10/site-packages/prefect/task_engine.py"", line 478, in result
    raise self._raised
  File ""/usr/local/lib/python3.10/site-packages/prefect/task_engine.py"", line 857, in run_context
    yield self
  File ""/usr/local/lib/python3.10/site-packages/prefect/task_engine.py"", line 1487, in run_task_sync
    engine.call_task_fn(txn)
  File ""/usr/local/lib/python3.10/site-packages/prefect/task_engine.py"", line 874, in call_task_fn
    result = call_with_parameters(self.task.fn, parameters)
  File ""/usr/local/lib/python3.10/site-packages/prefect/utilities/callables.py"", line 210, in call_with_parameters
    return fn(*args, **kwargs)
  File ""/app/modint-prefect-main/modint_prefect/prefect_flow.py"", line 425, in create_vrt_from_quad
    subprocess.run(cmd, check=True)
  File ""/usr/local/lib/python3.10/subprocess.py"", line 526, in run
    raise CalledProcessError(retcode, process.args,
subprocess.CalledProcessError: Command '['gdalwarp', '-of', 'VRT', '-overwrite', '-te', '124.2773437', '40.17887330972661', '124.2773437327955', '40.3130432', '-te_srs', 'EPSG:4326', '/nas/COG/basemap_planet/Y2024/M10/D01/basemap_planet_global_monthly_2024_10_mosaic/40000_global_monthly_2024_10_mosaic_cog.tif', '/ext/modint-prefect-workspace/temp/vrt/40000_global_monthly_2024_10_mosaic_cog_L15-1730E-1274N.vrt']' returned non-zero exit status 1."
2025-08-25 02:19:33.022374+00:00,40,32ca4551-0d81-4813-8823-e52c5b4c907d,,Process for flow run 'certain-woodpecker' exited with status code: 1
