timestamp,level,flow_run_id,task_run_id,message
2025-10-21 06:34:12.966546+00:00,20,3e88541b-5e6c-4b97-a3f7-8619acf35f8e,,Worker 'KubernetesWorker a05e490e-9eac-4523-9166-1b04920e6d58' submitting flow run '3e88541b-5e6c-4b97-a3f7-8619acf35f8e'
2025-10-21 06:34:13.157742+00:00,20,3e88541b-5e6c-4b97-a3f7-8619acf35f8e,,Creating Kubernetes job...
2025-10-21 06:34:13.440108+00:00,20,3e88541b-5e6c-4b97-a3f7-8619acf35f8e,,Completed submission of flow run '3e88541b-5e6c-4b97-a3f7-8619acf35f8e'
2025-10-21 06:34:20.124454+00:00,20,3e88541b-5e6c-4b97-a3f7-8619acf35f8e,,Opening process...
2025-10-21 06:34:22.800489+00:00,20,3e88541b-5e6c-4b97-a3f7-8619acf35f8e,, > Running git_clone step...
2025-10-21 06:34:28.116883+00:00,20,3e88541b-5e6c-4b97-a3f7-8619acf35f8e,,Beginning flow run 'meticulous-jaybird' for flow 'run-bhc-change-detection-flow'
2025-10-21 06:34:28.126523+00:00,20,3e88541b-5e6c-4b97-a3f7-8619acf35f8e,,Using quad ID: L15-1748E-1273N
2025-10-21 06:34:28.128015+00:00,20,3e88541b-5e6c-4b97-a3f7-8619acf35f8e,,Input path: /nas/COG/basemap_planet/Y2025/M01/D01/basemap_planet_global_monthly_2025_01_mosaic/40000_global_monthly_2025_01_mosaic_cog.tif
2025-10-21 06:34:28.129417+00:00,20,3e88541b-5e6c-4b97-a3f7-8619acf35f8e,,Output directory: /nas/Projects/N-BHC24A/change_detection
2025-10-21 06:34:28.325978+00:00,20,3e88541b-5e6c-4b97-a3f7-8619acf35f8e,019a0579-edbe-7171-b4d9-29bf465ffb22,This job ID will be used - prefect-meticulous-jaybird-1
2025-10-21 06:34:28.331665+00:00,20,3e88541b-5e6c-4b97-a3f7-8619acf35f8e,019a0579-edbe-7171-b4d9-29bf465ffb22,Finished in state Completed()
2025-10-21 06:34:28.587471+00:00,20,3e88541b-5e6c-4b97-a3f7-8619acf35f8e,019a0579-ee6e-7da6-ad01-a691f6d2d016,Searching with specific quad_id pattern: /nas/Projects/N-BHC24A/segmentation/40000_global_monthly_2024_12_*--L15-1748E-1273N--building.gpkg
2025-10-21 06:34:28.679719+00:00,20,3e88541b-5e6c-4b97-a3f7-8619acf35f8e,019a0579-ee6e-7da6-ad01-a691f6d2d016,Finished in state Completed()
2025-10-21 06:34:28.789401+00:00,20,3e88541b-5e6c-4b97-a3f7-8619acf35f8e,019a0579-efce-78fd-8145-fa1452312ed9,Finished in state Completed()
2025-10-21 06:34:28.882450+00:00,20,3e88541b-5e6c-4b97-a3f7-8619acf35f8e,019a0579-f03b-770f-8242-e0f5c5cd3b76,Finished in state Completed()
2025-10-21 06:34:28.890843+00:00,20,3e88541b-5e6c-4b97-a3f7-8619acf35f8e,,Previous RGB VRT path: /nas/Projects/N-BHC24A/modint-prefect-workspace/temp/vrt/40000_global_monthly_2024_12_mosaic_cog_L15-1748E-1273N.vrt
2025-10-21 06:34:28.892716+00:00,20,3e88541b-5e6c-4b97-a3f7-8619acf35f8e,,Current RGB VRT path: /nas/Projects/N-BHC24A/modint-prefect-workspace/temp/vrt/40000_global_monthly_2025_01_mosaic_cog_L15-1748E-1273N.vrt
2025-10-21 06:34:28.894439+00:00,20,3e88541b-5e6c-4b97-a3f7-8619acf35f8e,,Previous mask path: /nas/Projects/N-BHC24A/segmentation/40000_global_monthly_2024_12_mosaic_cog--L15-1748E-1273N--building.gpkg
2025-10-21 06:34:28.896514+00:00,20,3e88541b-5e6c-4b97-a3f7-8619acf35f8e,,Current mask path: /nas/Projects/N-BHC24A/segmentation/40000_global_monthly_2025_01_mosaic_cog--L15-1748E-1273N--building.gpkg
2025-10-21 06:34:29.056612+00:00,20,3e88541b-5e6c-4b97-a3f7-8619acf35f8e,019a0579-f11b-7831-a651-9ddb6cac419c,Finished in state Completed()
2025-10-21 06:34:30.160202+00:00,20,3e88541b-5e6c-4b97-a3f7-8619acf35f8e,019a0579-f0a2-79b4-9444-21824d02b4b1,Beginning subflow run 'mature-skua' for flow 'run-namespaced-job'
2025-10-21 06:34:35.750852+00:00,20,3e88541b-5e6c-4b97-a3f7-8619acf35f8e,019a0579-f0a2-79b4-9444-21824d02b4b1,"[2025-10-21 15:34:33] All required packages seem to be installed correctly.
"
2025-10-21 06:34:35.752964+00:00,20,3e88541b-5e6c-4b97-a3f7-8619acf35f8e,019a0579-f0a2-79b4-9444-21824d02b4b1,"[2025-10-21 15:34:34] 로그 파일이 '/app/argos_temp_work/prefect-meticulous-jaybird-1/prefect-meticulous-jaybird-1-logs.txt'에 생성되었습니다.
"
2025-10-21 06:34:35.754946+00:00,20,3e88541b-5e6c-4b97-a3f7-8619acf35f8e,019a0579-f0a2-79b4-9444-21824d02b4b1,"[2025-10-21 15:34:34] Log file is being written to: /app/argos_temp_work/prefect-meticulous-jaybird-1/prefect-meticulous-jaybird-1-logs.txt
"
2025-10-21 06:34:35.756921+00:00,20,3e88541b-5e6c-4b97-a3f7-8619acf35f8e,019a0579-f0a2-79b4-9444-21824d02b4b1,"[2025-10-21 15:34:34] Temporary work directory: /app/argos_temp_work/prefect-meticulous-jaybird-1
"
2025-10-21 06:34:35.759268+00:00,20,3e88541b-5e6c-4b97-a3f7-8619acf35f8e,019a0579-f0a2-79b4-9444-21824d02b4b1,"[2025-10-21 15:34:34] Final output will be saved in: /nas/Projects/N-BHC24A/change_detection
"
2025-10-21 06:34:35.761381+00:00,20,3e88541b-5e6c-4b97-a3f7-8619acf35f8e,019a0579-f0a2-79b4-9444-21824d02b4b1,"[2025-10-21 15:34:34] --- Starting Analysis Pipeline ---
"
2025-10-21 06:34:35.764813+00:00,20,3e88541b-5e6c-4b97-a3f7-8619acf35f8e,019a0579-f0a2-79b4-9444-21824d02b4b1,"[2025-10-21 15:34:34] [JOB_ID] prefect-meticulous-jaybird-1 - Change detection analysis initiated
"
2025-10-21 06:34:35.768833+00:00,20,3e88541b-5e6c-4b97-a3f7-8619acf35f8e,019a0579-f0a2-79b4-9444-21824d02b4b1,"[2025-10-21 15:34:34] [JOB_ID] prefect-meticulous-jaybird-1 - Previous RGB: /nas/Projects/N-BHC24A/modint-prefect-workspace/temp/vrt/40000_global_monthly_2024_12_mosaic_cog_L15-1748E-1273N.vrt
"
2025-10-21 06:34:35.770823+00:00,20,3e88541b-5e6c-4b97-a3f7-8619acf35f8e,019a0579-f0a2-79b4-9444-21824d02b4b1,"[2025-10-21 15:34:34] [JOB_ID] prefect-meticulous-jaybird-1 - Current RGB: /nas/Projects/N-BHC24A/modint-prefect-workspace/temp/vrt/40000_global_monthly_2025_01_mosaic_cog_L15-1748E-1273N.vrt
"
2025-10-21 06:34:35.772676+00:00,20,3e88541b-5e6c-4b97-a3f7-8619acf35f8e,019a0579-f0a2-79b4-9444-21824d02b4b1,"[2025-10-21 15:34:34] [JOB_ID] prefect-meticulous-jaybird-1 - Previous Mask: /nas/Projects/N-BHC24A/segmentation/40000_global_monthly_2024_12_mosaic_cog--L15-1748E-1273N--building.gpkg
"
2025-10-21 06:34:35.774811+00:00,20,3e88541b-5e6c-4b97-a3f7-8619acf35f8e,019a0579-f0a2-79b4-9444-21824d02b4b1,"[2025-10-21 15:34:34] [JOB_ID] prefect-meticulous-jaybird-1 - Current Mask: /nas/Projects/N-BHC24A/segmentation/40000_global_monthly_2025_01_mosaic_cog--L15-1748E-1273N--building.gpkg
"
2025-10-21 06:34:35.776784+00:00,20,3e88541b-5e6c-4b97-a3f7-8619acf35f8e,019a0579-f0a2-79b4-9444-21824d02b4b1,"[2025-10-21 15:34:34] [JOB_ID] prefect-meticulous-jaybird-1 - Temp Work Directory: /app/argos_temp_work/prefect-meticulous-jaybird-1
"
2025-10-21 06:34:35.778547+00:00,20,3e88541b-5e6c-4b97-a3f7-8619acf35f8e,019a0579-f0a2-79b4-9444-21824d02b4b1,"[2025-10-21 15:34:34] [JOB_ID] prefect-meticulous-jaybird-1 - Final Output Directory: /nas/Projects/N-BHC24A/change_detection
"
2025-10-21 06:34:35.780658+00:00,20,3e88541b-5e6c-4b97-a3f7-8619acf35f8e,019a0579-f0a2-79b4-9444-21824d02b4b1,"[2025-10-21 15:34:34] [INFO] Converting prev GPKG to mask: /nas/Projects/N-BHC24A/segmentation/40000_global_monthly_2024_12_mosaic_cog--L15-1748E-1273N--building.gpkg
"
2025-10-21 06:34:35.782302+00:00,20,3e88541b-5e6c-4b97-a3f7-8619acf35f8e,019a0579-f0a2-79b4-9444-21824d02b4b1,"[2025-10-21 15:34:34] --- Starting GPKG to Raster Mask Preprocessing for 40000_global_monthly_2024_12_mosaic_cog--L15-1748E-1273N--building.gpkg ---
"
2025-10-21 06:34:35.783703+00:00,20,3e88541b-5e6c-4b97-a3f7-8619acf35f8e,019a0579-f0a2-79b4-9444-21824d02b4b1,"failed to watch directory ""/var/log/pods/serving_prefect-meticulous-jaybird-1-bdqtm_7ff8a079-7dc2-4672-ab9c-586d427be873/inference"": no space left on device"
2025-10-21 06:42:56.498327+00:00,40,3e88541b-5e6c-4b97-a3f7-8619acf35f8e,019a0579-f0a2-79b4-9444-21824d02b4b1,"Task run failed with exception: RuntimeError(""Job 'prefect-meticulous-jaybird-1' failed due to [], check the Kubernetes pod logs for more information."") - No retries configured for this task.
Traceback (most recent call last):
  File ""/usr/local/lib/python3.10/site-packages/prefect/task_engine.py"", line 857, in run_context
    yield self
  File ""/usr/local/lib/python3.10/site-packages/prefect/task_engine.py"", line 1487, in run_task_sync
    engine.call_task_fn(txn)
  File ""/usr/local/lib/python3.10/site-packages/prefect/task_engine.py"", line 874, in call_task_fn
    result = call_with_parameters(self.task.fn, parameters)
  File ""/usr/local/lib/python3.10/site-packages/prefect/utilities/callables.py"", line 210, in call_with_parameters
    return fn(*args, **kwargs)
  File ""/app/modint-prefect-main/modint_prefect/prefect_flow.py"", line 334, in run_inference_serving
    run_namespaced_job(job, print_func=logger.info)
  File ""/usr/local/lib/python3.10/site-packages/prefect/flows.py"", line 1702, in __call__
    return run_flow(
  File ""/usr/local/lib/python3.10/site-packages/prefect/flow_engine.py"", line 1554, in run_flow
    ret_val = run_flow_sync(**kwargs)
  File ""/usr/local/lib/python3.10/site-packages/prefect/flow_engine.py"", line 1399, in run_flow_sync
    return engine.state if return_type == ""state"" else engine.result()
  File ""/usr/local/lib/python3.10/site-packages/prefect/flow_engine.py"", line 361, in result
    raise self._raised
  File ""/usr/local/lib/python3.10/site-packages/prefect/flow_engine.py"", line 782, in run_context
    yield self
  File ""/usr/local/lib/python3.10/site-packages/prefect/flow_engine.py"", line 1397, in run_flow_sync
    engine.call_flow_fn()
  File ""/usr/local/lib/python3.10/site-packages/prefect/flow_engine.py"", line 802, in call_flow_fn
    result = call_with_parameters(self.flow.fn, self.parameters)
  File ""/usr/local/lib/python3.10/site-packages/prefect/utilities/callables.py"", line 210, in call_with_parameters
    return fn(*args, **kwargs)
  File ""/usr/local/lib/python3.10/site-packages/prefect_kubernetes/flows.py"", line 42, in run_namespaced_job
    task(kubernetes_job_run.wait_for_completion)(print_func)
  File ""/usr/local/lib/python3.10/site-packages/prefect/tasks.py"", line 1139, in __call__
    return run_task(
  File ""/usr/local/lib/python3.10/site-packages/prefect/task_engine.py"", line 1714, in run_task
    return run_task_sync(**kwargs)
  File ""/usr/local/lib/python3.10/site-packages/prefect/task_engine.py"", line 1489, in run_task_sync
    return engine.state if return_type == ""state"" else engine.result()
  File ""/usr/local/lib/python3.10/site-packages/prefect/task_engine.py"", line 478, in result
    raise self._raised
  File ""/usr/local/lib/python3.10/site-packages/prefect/task_engine.py"", line 857, in run_context
    yield self
  File ""/usr/local/lib/python3.10/site-packages/prefect/task_engine.py"", line 1487, in run_task_sync
    engine.call_task_fn(txn)
  File ""/usr/local/lib/python3.10/site-packages/prefect/task_engine.py"", line 874, in call_task_fn
    result = call_with_parameters(self.task.fn, parameters)
  File ""/usr/local/lib/python3.10/site-packages/prefect/utilities/callables.py"", line 210, in call_with_parameters
    return fn(*args, **kwargs)
  File ""/usr/local/lib/python3.10/site-packages/prefect/utilities/asyncutils.py"", line 351, in coroutine_wrapper
    return run_coro_as_sync(ctx_call())
  File ""/usr/local/lib/python3.10/site-packages/prefect/utilities/asyncutils.py"", line 207, in run_coro_as_sync
    return call.result()
  File ""/usr/local/lib/python3.10/site-packages/prefect/_internal/concurrency/calls.py"", line 365, in result
    return self.future.result(timeout=timeout)
  File ""/usr/local/lib/python3.10/site-packages/prefect/_internal/concurrency/calls.py"", line 192, in result
    return self.__get_result()
  File ""/usr/local/lib/python3.10/concurrent/futures/_base.py"", line 403, in __get_result
    raise self._exception
  File ""/usr/local/lib/python3.10/site-packages/prefect/_internal/concurrency/calls.py"", line 441, in _run_async
    result = await coro
  File ""/usr/local/lib/python3.10/site-packages/prefect/utilities/asyncutils.py"", line 188, in coroutine_wrapper
    return await task
  File ""/usr/local/lib/python3.10/site-packages/prefect/utilities/asyncutils.py"", line 341, in ctx_call
    result = await async_fn(*args, **kwargs)
  File ""/usr/local/lib/python3.10/site-packages/prefect_kubernetes/jobs.py"", line 472, in wait_for_completion
    raise RuntimeError(
RuntimeError: Job 'prefect-meticulous-jaybird-1' failed due to [], check the Kubernetes pod logs for more information."
2025-10-21 06:42:56.516042+00:00,40,3e88541b-5e6c-4b97-a3f7-8619acf35f8e,019a0579-f0a2-79b4-9444-21824d02b4b1,"Finished in state Failed(""Task run encountered an exception RuntimeError: Job 'prefect-meticulous-jaybird-1' failed due to [], check the Kubernetes pod logs for more information."")"
2025-10-21 06:42:56.522690+00:00,40,3e88541b-5e6c-4b97-a3f7-8619acf35f8e,,"Encountered exception during execution: RuntimeError(""Job 'prefect-meticulous-jaybird-1' failed due to [], check the Kubernetes pod logs for more information."")
Traceback (most recent call last):
  File ""/usr/local/lib/python3.10/site-packages/prefect/flow_engine.py"", line 782, in run_context
    yield self
  File ""/usr/local/lib/python3.10/site-packages/prefect/flow_engine.py"", line 1397, in run_flow_sync
    engine.call_flow_fn()
  File ""/usr/local/lib/python3.10/site-packages/prefect/flow_engine.py"", line 802, in call_flow_fn
    result = call_with_parameters(self.flow.fn, self.parameters)
  File ""/usr/local/lib/python3.10/site-packages/prefect/utilities/callables.py"", line 210, in call_with_parameters
    return fn(*args, **kwargs)
  File ""/app/modint-prefect-main/modint_prefect/prefect_flow.py"", line 803, in run_bhc_change_detection_flow
    inference_future.result()
  File ""/usr/local/lib/python3.10/site-packages/prefect/futures.py"", line 222, in result
    _result = self._final_state.result(
  File ""/usr/local/lib/python3.10/site-packages/prefect/_internal/compatibility/async_dispatch.py"", line 94, in wrapper
    return fn(*args, **kwargs)
  File ""/usr/local/lib/python3.10/site-packages/prefect/client/schemas/objects.py"", line 366, in result
    return run_coro_as_sync(
  File ""/usr/local/lib/python3.10/site-packages/prefect/utilities/asyncutils.py"", line 207, in run_coro_as_sync
    return call.result()
  File ""/usr/local/lib/python3.10/site-packages/prefect/_internal/concurrency/calls.py"", line 365, in result
    return self.future.result(timeout=timeout)
  File ""/usr/local/lib/python3.10/site-packages/prefect/_internal/concurrency/calls.py"", line 192, in result
    return self.__get_result()
  File ""/usr/local/lib/python3.10/concurrent/futures/_base.py"", line 403, in __get_result
    raise self._exception
  File ""/usr/local/lib/python3.10/site-packages/prefect/_internal/concurrency/calls.py"", line 441, in _run_async
    result = await coro
  File ""/usr/local/lib/python3.10/site-packages/prefect/utilities/asyncutils.py"", line 188, in coroutine_wrapper
    return await task
  File ""/usr/local/lib/python3.10/site-packages/prefect/states.py"", line 85, in get_state_result
    return await _get_state_result(
  File ""/usr/local/lib/python3.10/site-packages/prefect/states.py"", line 157, in _get_state_result
    raise await get_state_exception(state)
  File ""/usr/local/lib/python3.10/site-packages/prefect/task_engine.py"", line 857, in run_context
    yield self
  File ""/usr/local/lib/python3.10/site-packages/prefect/task_engine.py"", line 1487, in run_task_sync
    engine.call_task_fn(txn)
  File ""/usr/local/lib/python3.10/site-packages/prefect/task_engine.py"", line 874, in call_task_fn
    result = call_with_parameters(self.task.fn, parameters)
  File ""/usr/local/lib/python3.10/site-packages/prefect/utilities/callables.py"", line 210, in call_with_parameters
    return fn(*args, **kwargs)
  File ""/app/modint-prefect-main/modint_prefect/prefect_flow.py"", line 334, in run_inference_serving
    run_namespaced_job(job, print_func=logger.info)
  File ""/usr/local/lib/python3.10/site-packages/prefect/flows.py"", line 1702, in __call__
    return run_flow(
  File ""/usr/local/lib/python3.10/site-packages/prefect/flow_engine.py"", line 1554, in run_flow
    ret_val = run_flow_sync(**kwargs)
  File ""/usr/local/lib/python3.10/site-packages/prefect/flow_engine.py"", line 1399, in run_flow_sync
    return engine.state if return_type == ""state"" else engine.result()
  File ""/usr/local/lib/python3.10/site-packages/prefect/flow_engine.py"", line 361, in result
    raise self._raised
  File ""/usr/local/lib/python3.10/site-packages/prefect/flow_engine.py"", line 782, in run_context
    yield self
  File ""/usr/local/lib/python3.10/site-packages/prefect/flow_engine.py"", line 1397, in run_flow_sync
    engine.call_flow_fn()
  File ""/usr/local/lib/python3.10/site-packages/prefect/flow_engine.py"", line 802, in call_flow_fn
    result = call_with_parameters(self.flow.fn, self.parameters)
  File ""/usr/local/lib/python3.10/site-packages/prefect/utilities/callables.py"", line 210, in call_with_parameters
    return fn(*args, **kwargs)
  File ""/usr/local/lib/python3.10/site-packages/prefect_kubernetes/flows.py"", line 42, in run_namespaced_job
    task(kubernetes_job_run.wait_for_completion)(print_func)
  File ""/usr/local/lib/python3.10/site-packages/prefect/tasks.py"", line 1139, in __call__
    return run_task(
  File ""/usr/local/lib/python3.10/site-packages/prefect/task_engine.py"", line 1714, in run_task
    return run_task_sync(**kwargs)
  File ""/usr/local/lib/python3.10/site-packages/prefect/task_engine.py"", line 1489, in run_task_sync
    return engine.state if return_type == ""state"" else engine.result()
  File ""/usr/local/lib/python3.10/site-packages/prefect/task_engine.py"", line 478, in result
    raise self._raised
  File ""/usr/local/lib/python3.10/site-packages/prefect/task_engine.py"", line 857, in run_context
    yield self
  File ""/usr/local/lib/python3.10/site-packages/prefect/task_engine.py"", line 1487, in run_task_sync
    engine.call_task_fn(txn)
  File ""/usr/local/lib/python3.10/site-packages/prefect/task_engine.py"", line 874, in call_task_fn
    result = call_with_parameters(self.task.fn, parameters)
  File ""/usr/local/lib/python3.10/site-packages/prefect/utilities/callables.py"", line 210, in call_with_parameters
    return fn(*args, **kwargs)
  File ""/usr/local/lib/python3.10/site-packages/prefect/utilities/asyncutils.py"", line 351, in coroutine_wrapper
    return run_coro_as_sync(ctx_call())
  File ""/usr/local/lib/python3.10/site-packages/prefect/utilities/asyncutils.py"", line 207, in run_coro_as_sync
    return call.result()
  File ""/usr/local/lib/python3.10/site-packages/prefect/_internal/concurrency/calls.py"", line 365, in result
    return self.future.result(timeout=timeout)
  File ""/usr/local/lib/python3.10/site-packages/prefect/_internal/concurrency/calls.py"", line 192, in result
    return self.__get_result()
  File ""/usr/local/lib/python3.10/concurrent/futures/_base.py"", line 403, in __get_result
    raise self._exception
  File ""/usr/local/lib/python3.10/site-packages/prefect/_internal/concurrency/calls.py"", line 441, in _run_async
    result = await coro
  File ""/usr/local/lib/python3.10/site-packages/prefect/utilities/asyncutils.py"", line 188, in coroutine_wrapper
    return await task
  File ""/usr/local/lib/python3.10/site-packages/prefect/utilities/asyncutils.py"", line 341, in ctx_call
    result = await async_fn(*args, **kwargs)
  File ""/usr/local/lib/python3.10/site-packages/prefect_kubernetes/jobs.py"", line 472, in wait_for_completion
    raise RuntimeError(
RuntimeError: Job 'prefect-meticulous-jaybird-1' failed due to [], check the Kubernetes pod logs for more information."
2025-10-21 06:42:56.579214+00:00,20,3e88541b-5e6c-4b97-a3f7-8619acf35f8e,,"Finished in state Failed(""Flow run encountered an exception: RuntimeError: Job 'prefect-meticulous-jaybird-1' failed due to [], check the Kubernetes pod logs for more information."")"
2025-10-21 06:42:56.582184+00:00,40,3e88541b-5e6c-4b97-a3f7-8619acf35f8e,,"Engine execution exited with unexpected exception
Traceback (most recent call last):
  File ""/usr/local/lib/python3.10/site-packages/prefect/flow_engine.py"", line 1554, in run_flow
    ret_val = run_flow_sync(**kwargs)
  File ""/usr/local/lib/python3.10/site-packages/prefect/flow_engine.py"", line 1399, in run_flow_sync
    return engine.state if return_type == ""state"" else engine.result()
  File ""/usr/local/lib/python3.10/site-packages/prefect/flow_engine.py"", line 361, in result
    raise self._raised
  File ""/usr/local/lib/python3.10/site-packages/prefect/flow_engine.py"", line 782, in run_context
    yield self
  File ""/usr/local/lib/python3.10/site-packages/prefect/flow_engine.py"", line 1397, in run_flow_sync
    engine.call_flow_fn()
  File ""/usr/local/lib/python3.10/site-packages/prefect/flow_engine.py"", line 802, in call_flow_fn
    result = call_with_parameters(self.flow.fn, self.parameters)
  File ""/usr/local/lib/python3.10/site-packages/prefect/utilities/callables.py"", line 210, in call_with_parameters
    return fn(*args, **kwargs)
  File ""/app/modint-prefect-main/modint_prefect/prefect_flow.py"", line 803, in run_bhc_change_detection_flow
    inference_future.result()
  File ""/usr/local/lib/python3.10/site-packages/prefect/futures.py"", line 222, in result
    _result = self._final_state.result(
  File ""/usr/local/lib/python3.10/site-packages/prefect/_internal/compatibility/async_dispatch.py"", line 94, in wrapper
    return fn(*args, **kwargs)
  File ""/usr/local/lib/python3.10/site-packages/prefect/client/schemas/objects.py"", line 366, in result
    return run_coro_as_sync(
  File ""/usr/local/lib/python3.10/site-packages/prefect/utilities/asyncutils.py"", line 207, in run_coro_as_sync
    return call.result()
  File ""/usr/local/lib/python3.10/site-packages/prefect/_internal/concurrency/calls.py"", line 365, in result
    return self.future.result(timeout=timeout)
  File ""/usr/local/lib/python3.10/site-packages/prefect/_internal/concurrency/calls.py"", line 192, in result
    return self.__get_result()
  File ""/usr/local/lib/python3.10/concurrent/futures/_base.py"", line 403, in __get_result
    raise self._exception
  File ""/usr/local/lib/python3.10/site-packages/prefect/_internal/concurrency/calls.py"", line 441, in _run_async
    result = await coro
  File ""/usr/local/lib/python3.10/site-packages/prefect/utilities/asyncutils.py"", line 188, in coroutine_wrapper
    return await task
  File ""/usr/local/lib/python3.10/site-packages/prefect/states.py"", line 85, in get_state_result
    return await _get_state_result(
  File ""/usr/local/lib/python3.10/site-packages/prefect/states.py"", line 157, in _get_state_result
    raise await get_state_exception(state)
  File ""/usr/local/lib/python3.10/site-packages/prefect/task_engine.py"", line 857, in run_context
    yield self
  File ""/usr/local/lib/python3.10/site-packages/prefect/task_engine.py"", line 1487, in run_task_sync
    engine.call_task_fn(txn)
  File ""/usr/local/lib/python3.10/site-packages/prefect/task_engine.py"", line 874, in call_task_fn
    result = call_with_parameters(self.task.fn, parameters)
  File ""/usr/local/lib/python3.10/site-packages/prefect/utilities/callables.py"", line 210, in call_with_parameters
    return fn(*args, **kwargs)
  File ""/app/modint-prefect-main/modint_prefect/prefect_flow.py"", line 334, in run_inference_serving
    run_namespaced_job(job, print_func=logger.info)
  File ""/usr/local/lib/python3.10/site-packages/prefect/flows.py"", line 1702, in __call__
    return run_flow(
  File ""/usr/local/lib/python3.10/site-packages/prefect/flow_engine.py"", line 1554, in run_flow
    ret_val = run_flow_sync(**kwargs)
  File ""/usr/local/lib/python3.10/site-packages/prefect/flow_engine.py"", line 1399, in run_flow_sync
    return engine.state if return_type == ""state"" else engine.result()
  File ""/usr/local/lib/python3.10/site-packages/prefect/flow_engine.py"", line 361, in result
    raise self._raised
  File ""/usr/local/lib/python3.10/site-packages/prefect/flow_engine.py"", line 782, in run_context
    yield self
  File ""/usr/local/lib/python3.10/site-packages/prefect/flow_engine.py"", line 1397, in run_flow_sync
    engine.call_flow_fn()
  File ""/usr/local/lib/python3.10/site-packages/prefect/flow_engine.py"", line 802, in call_flow_fn
    result = call_with_parameters(self.flow.fn, self.parameters)
  File ""/usr/local/lib/python3.10/site-packages/prefect/utilities/callables.py"", line 210, in call_with_parameters
    return fn(*args, **kwargs)
  File ""/usr/local/lib/python3.10/site-packages/prefect_kubernetes/flows.py"", line 42, in run_namespaced_job
    task(kubernetes_job_run.wait_for_completion)(print_func)
  File ""/usr/local/lib/python3.10/site-packages/prefect/tasks.py"", line 1139, in __call__
    return run_task(
  File ""/usr/local/lib/python3.10/site-packages/prefect/task_engine.py"", line 1714, in run_task
    return run_task_sync(**kwargs)
  File ""/usr/local/lib/python3.10/site-packages/prefect/task_engine.py"", line 1489, in run_task_sync
    return engine.state if return_type == ""state"" else engine.result()
  File ""/usr/local/lib/python3.10/site-packages/prefect/task_engine.py"", line 478, in result
    raise self._raised
  File ""/usr/local/lib/python3.10/site-packages/prefect/task_engine.py"", line 857, in run_context
    yield self
  File ""/usr/local/lib/python3.10/site-packages/prefect/task_engine.py"", line 1487, in run_task_sync
    engine.call_task_fn(txn)
  File ""/usr/local/lib/python3.10/site-packages/prefect/task_engine.py"", line 874, in call_task_fn
    result = call_with_parameters(self.task.fn, parameters)
  File ""/usr/local/lib/python3.10/site-packages/prefect/utilities/callables.py"", line 210, in call_with_parameters
    return fn(*args, **kwargs)
  File ""/usr/local/lib/python3.10/site-packages/prefect/utilities/asyncutils.py"", line 351, in coroutine_wrapper
    return run_coro_as_sync(ctx_call())
  File ""/usr/local/lib/python3.10/site-packages/prefect/utilities/asyncutils.py"", line 207, in run_coro_as_sync
    return call.result()
  File ""/usr/local/lib/python3.10/site-packages/prefect/_internal/concurrency/calls.py"", line 365, in result
    return self.future.result(timeout=timeout)
  File ""/usr/local/lib/python3.10/site-packages/prefect/_internal/concurrency/calls.py"", line 192, in result
    return self.__get_result()
  File ""/usr/local/lib/python3.10/concurrent/futures/_base.py"", line 403, in __get_result
    raise self._exception
  File ""/usr/local/lib/python3.10/site-packages/prefect/_internal/concurrency/calls.py"", line 441, in _run_async
    result = await coro
  File ""/usr/local/lib/python3.10/site-packages/prefect/utilities/asyncutils.py"", line 188, in coroutine_wrapper
    return await task
  File ""/usr/local/lib/python3.10/site-packages/prefect/utilities/asyncutils.py"", line 341, in ctx_call
    result = await async_fn(*args, **kwargs)
  File ""/usr/local/lib/python3.10/site-packages/prefect_kubernetes/jobs.py"", line 472, in wait_for_completion
    raise RuntimeError(
RuntimeError: Job 'prefect-meticulous-jaybird-1' failed due to [], check the Kubernetes pod logs for more information."
2025-10-21 06:42:57.285429+00:00,40,3e88541b-5e6c-4b97-a3f7-8619acf35f8e,,Process for flow run 'meticulous-jaybird' exited with status code: 1
