timestamp,level,flow_run_id,task_run_id,message
2025-10-15 08:13:01.618658+00:00,20,5685fed3-0b5d-4aef-afc9-d370938e91af,,Worker 'KubernetesWorker a05e490e-9eac-4523-9166-1b04920e6d58' submitting flow run '5685fed3-0b5d-4aef-afc9-d370938e91af'
2025-10-15 08:13:01.800249+00:00,20,5685fed3-0b5d-4aef-afc9-d370938e91af,,Creating Kubernetes job...
2025-10-15 08:13:03.722180+00:00,20,5685fed3-0b5d-4aef-afc9-d370938e91af,,Completed submission of flow run '5685fed3-0b5d-4aef-afc9-d370938e91af'
2025-10-15 08:13:11.135729+00:00,20,5685fed3-0b5d-4aef-afc9-d370938e91af,,Opening process...
2025-10-15 08:13:13.868269+00:00,20,5685fed3-0b5d-4aef-afc9-d370938e91af,, > Running git_clone step...
2025-10-15 08:13:19.511592+00:00,20,5685fed3-0b5d-4aef-afc9-d370938e91af,,Beginning flow run 'accelerated-hare' for flow 'run-modint-flow'
2025-10-15 08:13:19.686002+00:00,20,5685fed3-0b5d-4aef-afc9-d370938e91af,0199e6ee-473a-76e4-a59f-d172085baa8b,This job ID will be used - modint-prefect-accelerated-hare-1
2025-10-15 08:13:19.690909+00:00,20,5685fed3-0b5d-4aef-afc9-d370938e91af,0199e6ee-473a-76e4-a59f-d172085baa8b,Finished in state Completed()
2025-10-15 08:13:20.228499+00:00,20,5685fed3-0b5d-4aef-afc9-d370938e91af,0199e6ee-47ec-7d9c-bead-eb97c464602d,Finished in state Completed()
2025-10-15 08:13:20.271379+00:00,20,5685fed3-0b5d-4aef-afc9-d370938e91af,0199e6ee-47f0-7591-9590-0a041734900b,{'scene_path': '/nas/COG/planet/Y2025/M07/D24/planet_20250724_060601_ssc10d3_0008/20250724_060601_ssc10d3_0008_pansharpened_clip_cog.tif'}
2025-10-15 08:13:20.390136+00:00,20,5685fed3-0b5d-4aef-afc9-d370938e91af,0199e6ee-4a65-7e61-b0d6-0af32124d307,Finished in state Completed()
2025-10-15 08:13:21.513741+00:00,20,5685fed3-0b5d-4aef-afc9-d370938e91af,0199e6ee-47ed-7d6b-a3e6-26986f6d19b0,Beginning subflow run 'fortunate-copperhead' for flow 'run-namespaced-job'
2025-10-15 08:13:30.292777+00:00,20,5685fed3-0b5d-4aef-afc9-d370938e91af,0199e6ee-47ed-7d6b-a3e6-26986f6d19b0,"Downloading artifacts:   0%|          | 0/13 [00:00<?, ?it/s]2025/10/15 08:13:30 INFO mlflow.store.artifact.artifact_repo: The progress bar can be disabled by setting the environment variable MLFLOW_ENABLE_ARTIFACTS_PROGRESS_BAR to false
"
2025-10-15 08:14:03.773125+00:00,20,5685fed3-0b5d-4aef-afc9-d370938e91af,0199e6ee-47ed-7d6b-a3e6-26986f6d19b0,"Downloading artifacts:   8%|â–Š         | 1/13 [00:00<00:00, 1346.05it/s]Downloading artifacts:  15%|â–ˆâ–Œ        | 2/13 [00:00<00:00, 1933.75it/s]Downloading artifacts:  23%|â–ˆâ–ˆâ–Ž       | 3/13 [00:00<00:00, 2383.13it/s]Downloading artifacts:  31%|â–ˆâ–ˆâ–ˆ       | 4/13 [00:00<00:00, 2732.00it/s]Downloading artifacts:  38%|â–ˆâ–ˆâ–ˆâ–Š      | 5/13 [00:00<00:00, 3010.99it/s]Downloading artifacts:  46%|â–ˆâ–ˆâ–ˆâ–ˆâ–Œ     | 6/13 [00:00<00:00, 3240.10it/s]Downloading artifacts:  54%|â–ˆâ–ˆâ–ˆâ–ˆâ–ˆâ–    | 7/13 [00:00<00:00, 3429.12it/s]Downloading artifacts:  62%|â–ˆâ–ˆâ–ˆâ–ˆâ–ˆâ–ˆâ–   | 8/13 [00:00<00:00, 3590.25it/s]Downloading artifacts:  69%|â–ˆâ–ˆâ–ˆâ–ˆâ–ˆâ–ˆâ–‰   | 9/13 [00:00<00:00, 199.77it/s] Downloading artifacts:  77%|â–ˆâ–ˆâ–ˆâ–ˆâ–ˆâ–ˆâ–ˆâ–‹  | 10/13 [00:00<00:00, 203.90it/s]Downloading artifacts:  85%|â–ˆâ–ˆâ–ˆâ–ˆâ–ˆâ–ˆâ–ˆâ–ˆâ– | 11/13 [00:00<00:00, 109.20it/s]Downloading artifacts:  85%|â–ˆâ–ˆâ–ˆâ–ˆâ–ˆâ–ˆâ–ˆâ–ˆâ– | 11/13 [00:00<00:00, 109.20it/s]Downloading artifacts:  92%|â–ˆâ–ˆâ–ˆâ–ˆâ–ˆâ–ˆâ–ˆâ–ˆâ–ˆâ–| 12/13 [00:00<00:00, 109.20it/s]Downloading artifacts: 100%|â–ˆâ–ˆâ–ˆâ–ˆâ–ˆâ–ˆâ–ˆâ–ˆâ–ˆâ–ˆ| 13/13 [00:15<00:00, 109.20it/s]Downloading artifacts: 100%|â–ˆâ–ˆâ–ˆâ–ˆâ–ˆâ–ˆâ–ˆâ–ˆâ–ˆâ–ˆ| 13/13 [00:15<00:00,  1.19s/it] 
"
2025-10-15 08:14:03.777265+00:00,20,5685fed3-0b5d-4aef-afc9-d370938e91af,0199e6ee-47ed-7d6b-a3e6-26986f6d19b0,"Loads checkpoint by local backend from path: /tmp/tmpugx1l8mf/checkpoint/model_final.pth
"
2025-10-15 08:14:04.894257+00:00,20,5685fed3-0b5d-4aef-afc9-d370938e91af,0199e6ee-47ed-7d6b-a3e6-26986f6d19b0,"Making patches:   0%|          | 0/1 [00:00<?, ?it/s]Making patches: 100%|â–ˆâ–ˆâ–ˆâ–ˆâ–ˆâ–ˆâ–ˆâ–ˆâ–ˆâ–ˆ| 1/1 [00:00<00:00, 14122.24it/s]
"
2025-10-15 08:14:07.410941+00:00,20,5685fed3-0b5d-4aef-afc9-d370938e91af,0199e6ee-47ed-7d6b-a3e6-26986f6d19b0,"2025-10-15 08:14:07.414 | ERROR    | modint.runner.base_runner:inference:137 - An exception occurred:
"
2025-10-15 08:14:07.413375+00:00,20,5685fed3-0b5d-4aef-afc9-d370938e91af,0199e6ee-47ed-7d6b-a3e6-26986f6d19b0,"Traceback (most recent call last):
"
2025-10-15 08:14:07.415722+00:00,20,5685fed3-0b5d-4aef-afc9-d370938e91af,0199e6ee-47ed-7d6b-a3e6-26986f6d19b0,"  File ""/usr/local/lib/python3.8/site-packages/modint/runner/base_runner.py"", line 121, in inference
"
2025-10-15 08:14:07.418482+00:00,20,5685fed3-0b5d-4aef-afc9-d370938e91af,0199e6ee-47ed-7d6b-a3e6-26986f6d19b0,"    result = self.predict(data)
"
2025-10-15 08:14:07.420425+00:00,20,5685fed3-0b5d-4aef-afc9-d370938e91af,0199e6ee-47ed-7d6b-a3e6-26986f6d19b0,"  File ""/usr/local/lib/python3.8/site-packages/torch/autograd/grad_mode.py"", line 28, in decorate_context
"
2025-10-15 08:14:07.422616+00:00,20,5685fed3-0b5d-4aef-afc9-d370938e91af,0199e6ee-47ed-7d6b-a3e6-26986f6d19b0,"    return func(*args, **kwargs)
"
2025-10-15 08:14:07.424572+00:00,20,5685fed3-0b5d-4aef-afc9-d370938e91af,0199e6ee-47ed-7d6b-a3e6-26986f6d19b0,"  File ""/ardet/ardet/apis/det_runner.py"", line 99, in predict
"
2025-10-15 08:14:07.426254+00:00,20,5685fed3-0b5d-4aef-afc9-d370938e91af,0199e6ee-47ed-7d6b-a3e6-26986f6d19b0,"    return self.model.test_step(batch)
"
2025-10-15 08:14:07.428216+00:00,20,5685fed3-0b5d-4aef-afc9-d370938e91af,0199e6ee-47ed-7d6b-a3e6-26986f6d19b0,"  File ""/usr/local/lib/python3.8/site-packages/mmengine/model/base_model/base_model.py"", line 145, in test_step
"
2025-10-15 08:14:07.430067+00:00,20,5685fed3-0b5d-4aef-afc9-d370938e91af,0199e6ee-47ed-7d6b-a3e6-26986f6d19b0,"    return self._run_forward(data, mode='predict')  # type: ignore
"
2025-10-15 08:14:07.431744+00:00,20,5685fed3-0b5d-4aef-afc9-d370938e91af,0199e6ee-47ed-7d6b-a3e6-26986f6d19b0,"  File ""/usr/local/lib/python3.8/site-packages/mmengine/model/base_model/base_model.py"", line 361, in _run_forward
"
2025-10-15 08:14:07.433600+00:00,20,5685fed3-0b5d-4aef-afc9-d370938e91af,0199e6ee-47ed-7d6b-a3e6-26986f6d19b0,"    results = self(**data, mode=mode)
"
2025-10-15 08:14:07.435246+00:00,20,5685fed3-0b5d-4aef-afc9-d370938e91af,0199e6ee-47ed-7d6b-a3e6-26986f6d19b0,"  File ""/usr/local/lib/python3.8/site-packages/torch/nn/modules/module.py"", line 1051, in _call_impl
"
2025-10-15 08:14:07.436787+00:00,20,5685fed3-0b5d-4aef-afc9-d370938e91af,0199e6ee-47ed-7d6b-a3e6-26986f6d19b0,"    return forward_call(*input, **kwargs)
"
2025-10-15 08:14:07.438495+00:00,20,5685fed3-0b5d-4aef-afc9-d370938e91af,0199e6ee-47ed-7d6b-a3e6-26986f6d19b0,"  File ""/usr/local/lib/python3.8/site-packages/mmdet/models/detectors/base.py"", line 94, in forward
"
2025-10-15 08:14:07.440191+00:00,20,5685fed3-0b5d-4aef-afc9-d370938e91af,0199e6ee-47ed-7d6b-a3e6-26986f6d19b0,"    return self.predict(inputs, data_samples)
"
2025-10-15 08:14:07.446280+00:00,20,5685fed3-0b5d-4aef-afc9-d370938e91af,0199e6ee-47ed-7d6b-a3e6-26986f6d19b0,"  File ""/usr/local/lib/python3.8/site-packages/mmdet/models/detectors/two_stage.py"", line 227, in predict
"
2025-10-15 08:14:07.447851+00:00,20,5685fed3-0b5d-4aef-afc9-d370938e91af,0199e6ee-47ed-7d6b-a3e6-26986f6d19b0,"    x = self.extract_feat(batch_inputs)
"
2025-10-15 08:14:07.449416+00:00,20,5685fed3-0b5d-4aef-afc9-d370938e91af,0199e6ee-47ed-7d6b-a3e6-26986f6d19b0,"  File ""/usr/local/lib/python3.8/site-packages/mmdet/models/detectors/two_stage.py"", line 110, in extract_feat
"
2025-10-15 08:14:07.450742+00:00,20,5685fed3-0b5d-4aef-afc9-d370938e91af,0199e6ee-47ed-7d6b-a3e6-26986f6d19b0,"    x = self.backbone(batch_inputs)
"
2025-10-15 08:14:07.452310+00:00,20,5685fed3-0b5d-4aef-afc9-d370938e91af,0199e6ee-47ed-7d6b-a3e6-26986f6d19b0,"  File ""/usr/local/lib/python3.8/site-packages/torch/nn/modules/module.py"", line 1051, in _call_impl
"
2025-10-15 08:14:07.453931+00:00,20,5685fed3-0b5d-4aef-afc9-d370938e91af,0199e6ee-47ed-7d6b-a3e6-26986f6d19b0,"    return forward_call(*input, **kwargs)
"
2025-10-15 08:14:07.455355+00:00,20,5685fed3-0b5d-4aef-afc9-d370938e91af,0199e6ee-47ed-7d6b-a3e6-26986f6d19b0,"  File ""/ardet/ardet/models/backbones/vitdet.py"", line 423, in forward
"
2025-10-15 08:14:07.457043+00:00,20,5685fed3-0b5d-4aef-afc9-d370938e91af,0199e6ee-47ed-7d6b-a3e6-26986f6d19b0,"    x = blk(x)
"
2025-10-15 08:14:07.458661+00:00,20,5685fed3-0b5d-4aef-afc9-d370938e91af,0199e6ee-47ed-7d6b-a3e6-26986f6d19b0,"  File ""/usr/local/lib/python3.8/site-packages/torch/nn/modules/module.py"", line 1051, in _call_impl
"
2025-10-15 08:14:07.460139+00:00,20,5685fed3-0b5d-4aef-afc9-d370938e91af,0199e6ee-47ed-7d6b-a3e6-26986f6d19b0,"    return forward_call(*input, **kwargs)
"
2025-10-15 08:14:07.461820+00:00,20,5685fed3-0b5d-4aef-afc9-d370938e91af,0199e6ee-47ed-7d6b-a3e6-26986f6d19b0,"  File ""/ardet/ardet/models/backbones/vitdet.py"", line 303, in forward
"
2025-10-15 08:14:07.463455+00:00,20,5685fed3-0b5d-4aef-afc9-d370938e91af,0199e6ee-47ed-7d6b-a3e6-26986f6d19b0,"    x = self.attn(x)
"
2025-10-15 08:14:07.464771+00:00,20,5685fed3-0b5d-4aef-afc9-d370938e91af,0199e6ee-47ed-7d6b-a3e6-26986f6d19b0,"  File ""/usr/local/lib/python3.8/site-packages/torch/nn/modules/module.py"", line 1051, in _call_impl
"
2025-10-15 08:14:07.466370+00:00,20,5685fed3-0b5d-4aef-afc9-d370938e91af,0199e6ee-47ed-7d6b-a3e6-26986f6d19b0,"    return forward_call(*input, **kwargs)
"
2025-10-15 08:14:07.467782+00:00,20,5685fed3-0b5d-4aef-afc9-d370938e91af,0199e6ee-47ed-7d6b-a3e6-26986f6d19b0,"  File ""/ardet/ardet/models/backbones/vitdet.py"", line 209, in forward
"
2025-10-15 08:14:07.469168+00:00,20,5685fed3-0b5d-4aef-afc9-d370938e91af,0199e6ee-47ed-7d6b-a3e6-26986f6d19b0,"    attn = add_decomposed_rel_pos(attn, q, self.rel_pos_h,
"
2025-10-15 08:14:07.470752+00:00,20,5685fed3-0b5d-4aef-afc9-d370938e91af,0199e6ee-47ed-7d6b-a3e6-26986f6d19b0,"  File ""/ardet/ardet/models/backbones/vitdet.py"", line 166, in add_decomposed_rel_pos
"
2025-10-15 08:14:07.472267+00:00,20,5685fed3-0b5d-4aef-afc9-d370938e91af,0199e6ee-47ed-7d6b-a3e6-26986f6d19b0,"    attn.view(B, q_h, q_w, k_h, k_w) +  # noqa: W504
"
2025-10-15 08:14:07.473560+00:00,20,5685fed3-0b5d-4aef-afc9-d370938e91af,0199e6ee-47ed-7d6b-a3e6-26986f6d19b0,"RuntimeError: CUDA out of memory. Tried to allocate 3.80 GiB (GPU 0; 10.76 GiB total capacity; 9.15 GiB already allocated; 201.38 MiB free; 9.22 GiB reserved in total by PyTorch)
"
2025-10-15 08:14:07.474996+00:00,20,5685fed3-0b5d-4aef-afc9-d370938e91af,0199e6ee-47ed-7d6b-a3e6-26986f6d19b0,"
"
2025-10-15 08:14:07.476309+00:00,20,5685fed3-0b5d-4aef-afc9-d370938e91af,0199e6ee-47ed-7d6b-a3e6-26986f6d19b0,"[32m2025-10-15T08:14:07.414856+0000[0m [31m[1mAn exception occurred:
"
2025-10-15 08:14:07.477497+00:00,20,5685fed3-0b5d-4aef-afc9-d370938e91af,0199e6ee-47ed-7d6b-a3e6-26986f6d19b0,"Traceback (most recent call last):
"
2025-10-15 08:14:07.478893+00:00,20,5685fed3-0b5d-4aef-afc9-d370938e91af,0199e6ee-47ed-7d6b-a3e6-26986f6d19b0,"  File ""/usr/local/lib/python3.8/site-packages/modint/runner/base_runner.py"", line 121, in inference
"
2025-10-15 08:14:07.480211+00:00,20,5685fed3-0b5d-4aef-afc9-d370938e91af,0199e6ee-47ed-7d6b-a3e6-26986f6d19b0,"    result = self.predict(data)
"
2025-10-15 08:14:07.481360+00:00,20,5685fed3-0b5d-4aef-afc9-d370938e91af,0199e6ee-47ed-7d6b-a3e6-26986f6d19b0,"  File ""/usr/local/lib/python3.8/site-packages/torch/autograd/grad_mode.py"", line 28, in decorate_context
"
2025-10-15 08:14:07.482773+00:00,20,5685fed3-0b5d-4aef-afc9-d370938e91af,0199e6ee-47ed-7d6b-a3e6-26986f6d19b0,"    return func(*args, **kwargs)
"
2025-10-15 08:14:07.483549+00:00,20,5685fed3-0b5d-4aef-afc9-d370938e91af,0199e6ee-47ed-7d6b-a3e6-26986f6d19b0,"  File ""/ardet/ardet/apis/det_runner.py"", line 99, in predict
"
2025-10-15 08:14:07.524082+00:00,20,5685fed3-0b5d-4aef-afc9-d370938e91af,0199e6ee-47ed-7d6b-a3e6-26986f6d19b0,"    return self.model.test_step(batch)
"
2025-10-15 08:14:07.526108+00:00,20,5685fed3-0b5d-4aef-afc9-d370938e91af,0199e6ee-47ed-7d6b-a3e6-26986f6d19b0,"  File ""/usr/local/lib/python3.8/site-packages/mmengine/model/base_model/base_model.py"", line 145, in test_step
"
2025-10-15 08:14:07.528812+00:00,20,5685fed3-0b5d-4aef-afc9-d370938e91af,0199e6ee-47ed-7d6b-a3e6-26986f6d19b0,"    return self._run_forward(data, mode='predict')  # type: ignore
"
2025-10-15 08:14:07.530779+00:00,20,5685fed3-0b5d-4aef-afc9-d370938e91af,0199e6ee-47ed-7d6b-a3e6-26986f6d19b0,"  File ""/usr/local/lib/python3.8/site-packages/mmengine/model/base_model/base_model.py"", line 361, in _run_forward
"
2025-10-15 08:14:07.533443+00:00,20,5685fed3-0b5d-4aef-afc9-d370938e91af,0199e6ee-47ed-7d6b-a3e6-26986f6d19b0,"    results = self(**data, mode=mode)
"
2025-10-15 08:14:07.535222+00:00,20,5685fed3-0b5d-4aef-afc9-d370938e91af,0199e6ee-47ed-7d6b-a3e6-26986f6d19b0,"  File ""/usr/local/lib/python3.8/site-packages/torch/nn/modules/module.py"", line 1051, in _call_impl
"
2025-10-15 08:14:07.537268+00:00,20,5685fed3-0b5d-4aef-afc9-d370938e91af,0199e6ee-47ed-7d6b-a3e6-26986f6d19b0,"    return forward_call(*input, **kwargs)
"
2025-10-15 08:14:07.539186+00:00,20,5685fed3-0b5d-4aef-afc9-d370938e91af,0199e6ee-47ed-7d6b-a3e6-26986f6d19b0,"  File ""/usr/local/lib/python3.8/site-packages/mmdet/models/detectors/base.py"", line 94, in forward
"
2025-10-15 08:14:07.540940+00:00,20,5685fed3-0b5d-4aef-afc9-d370938e91af,0199e6ee-47ed-7d6b-a3e6-26986f6d19b0,"    return self.predict(inputs, data_samples)
"
2025-10-15 08:14:07.542932+00:00,20,5685fed3-0b5d-4aef-afc9-d370938e91af,0199e6ee-47ed-7d6b-a3e6-26986f6d19b0,"  File ""/usr/local/lib/python3.8/site-packages/mmdet/models/detectors/two_stage.py"", line 227, in predict
"
2025-10-15 08:14:07.544708+00:00,20,5685fed3-0b5d-4aef-afc9-d370938e91af,0199e6ee-47ed-7d6b-a3e6-26986f6d19b0,"    x = self.extract_feat(batch_inputs)
"
2025-10-15 08:14:07.546126+00:00,20,5685fed3-0b5d-4aef-afc9-d370938e91af,0199e6ee-47ed-7d6b-a3e6-26986f6d19b0,"  File ""/usr/local/lib/python3.8/site-packages/mmdet/models/detectors/two_stage.py"", line 110, in extract_feat
"
2025-10-15 08:14:07.547820+00:00,20,5685fed3-0b5d-4aef-afc9-d370938e91af,0199e6ee-47ed-7d6b-a3e6-26986f6d19b0,"    x = self.backbone(batch_inputs)
"
2025-10-15 08:14:07.549468+00:00,20,5685fed3-0b5d-4aef-afc9-d370938e91af,0199e6ee-47ed-7d6b-a3e6-26986f6d19b0,"  File ""/usr/local/lib/python3.8/site-packages/torch/nn/modules/module.py"", line 1051, in _call_impl
"
2025-10-15 08:14:07.550980+00:00,20,5685fed3-0b5d-4aef-afc9-d370938e91af,0199e6ee-47ed-7d6b-a3e6-26986f6d19b0,"    return forward_call(*input, **kwargs)
"
2025-10-15 08:14:07.552698+00:00,20,5685fed3-0b5d-4aef-afc9-d370938e91af,0199e6ee-47ed-7d6b-a3e6-26986f6d19b0,"  File ""/ardet/ardet/models/backbones/vitdet.py"", line 423, in forward
"
2025-10-15 08:14:07.554345+00:00,20,5685fed3-0b5d-4aef-afc9-d370938e91af,0199e6ee-47ed-7d6b-a3e6-26986f6d19b0,"    x = blk(x)
"
2025-10-15 08:14:07.555556+00:00,20,5685fed3-0b5d-4aef-afc9-d370938e91af,0199e6ee-47ed-7d6b-a3e6-26986f6d19b0,"  File ""/usr/local/lib/python3.8/site-packages/torch/nn/modules/module.py"", line 1051, in _call_impl
"
2025-10-15 08:14:07.557075+00:00,20,5685fed3-0b5d-4aef-afc9-d370938e91af,0199e6ee-47ed-7d6b-a3e6-26986f6d19b0,"    return forward_call(*input, **kwargs)
"
2025-10-15 08:14:07.558547+00:00,20,5685fed3-0b5d-4aef-afc9-d370938e91af,0199e6ee-47ed-7d6b-a3e6-26986f6d19b0,"  File ""/ardet/ardet/models/backbones/vitdet.py"", line 303, in forward
"
2025-10-15 08:14:07.559788+00:00,20,5685fed3-0b5d-4aef-afc9-d370938e91af,0199e6ee-47ed-7d6b-a3e6-26986f6d19b0,"    x = self.attn(x)
"
2025-10-15 08:14:07.561281+00:00,20,5685fed3-0b5d-4aef-afc9-d370938e91af,0199e6ee-47ed-7d6b-a3e6-26986f6d19b0,"  File ""/usr/local/lib/python3.8/site-packages/torch/nn/modules/module.py"", line 1051, in _call_impl
"
2025-10-15 08:14:07.562764+00:00,20,5685fed3-0b5d-4aef-afc9-d370938e91af,0199e6ee-47ed-7d6b-a3e6-26986f6d19b0,"    return forward_call(*input, **kwargs)
"
2025-10-15 08:14:07.563950+00:00,20,5685fed3-0b5d-4aef-afc9-d370938e91af,0199e6ee-47ed-7d6b-a3e6-26986f6d19b0,"  File ""/ardet/ardet/models/backbones/vitdet.py"", line 209, in forward
"
2025-10-15 08:14:07.565375+00:00,20,5685fed3-0b5d-4aef-afc9-d370938e91af,0199e6ee-47ed-7d6b-a3e6-26986f6d19b0,"    attn = add_decomposed_rel_pos(attn, q, self.rel_pos_h,
"
2025-10-15 08:14:07.566703+00:00,20,5685fed3-0b5d-4aef-afc9-d370938e91af,0199e6ee-47ed-7d6b-a3e6-26986f6d19b0,"  File ""/ardet/ardet/models/backbones/vitdet.py"", line 166, in add_decomposed_rel_pos
"
2025-10-15 08:14:07.567815+00:00,20,5685fed3-0b5d-4aef-afc9-d370938e91af,0199e6ee-47ed-7d6b-a3e6-26986f6d19b0,"    attn.view(B, q_h, q_w, k_h, k_w) +  # noqa: W504
"
2025-10-15 08:14:07.569198+00:00,20,5685fed3-0b5d-4aef-afc9-d370938e91af,0199e6ee-47ed-7d6b-a3e6-26986f6d19b0,"RuntimeError: CUDA out of memory. Tried to allocate 3.80 GiB (GPU 0; 10.76 GiB total capacity; 9.15 GiB already allocated; 201.38 MiB free; 9.22 GiB reserved in total by PyTorch)
"
2025-10-15 08:14:07.570558+00:00,20,5685fed3-0b5d-4aef-afc9-d370938e91af,0199e6ee-47ed-7d6b-a3e6-26986f6d19b0,"[0m
"
2025-10-15 08:14:14.681441+00:00,20,5685fed3-0b5d-4aef-afc9-d370938e91af,0199e6ee-47ed-7d6b-a3e6-26986f6d19b0,Finished in state Completed()
2025-10-15 08:14:20.344061+00:00,20,5685fed3-0b5d-4aef-afc9-d370938e91af,0199e6ee-47f0-7591-9590-0a041734900b,"{'msg': 'Traceback (most recent call last):\n  File ""/usr/local/lib/python3.8/site-packages/modint/runner/base_runner.py"", line 121, in inference\n    result = self.predict(data)\n  File ""/usr/local/lib/python3.8/site-packages/torch/autograd/grad_mode.py"", line 28, in decorate_context\n    return func(*args, **kwargs)\n  File ""/ardet/ardet/apis/det_runner.py"", line 99, in predict\n    return self.model.test_step(batch)\n  File ""/usr/local/lib/python3.8/site-packages/mmengine/model/base_model/base_model.py"", line 145, in test_step\n    return self._run_forward(data, mode=\'predict\')  # type: ignore\n  File ""/usr/local/lib/python3.8/site-packages/mmengine/model/base_model/base_model.py"", line 361, in _run_forward\n    results = self(**data, mode=mode)\n  File ""/usr/local/lib/python3.8/site-packages/torch/nn/modules/module.py"", line 1051, in _call_impl\n    return forward_call(*input, **kwargs)\n  File ""/usr/local/lib/python3.8/site-packages/mmdet/models/detectors/base.py"", line 94, in forward\n    return self.predict(inputs, data_samples)\n  File ""/usr/local/lib/python3.8/site-packages/mmdet/models/detectors/two_stage.py"", line 227, in predict\n    x = self.extract_feat(batch_inputs)\n  File ""/usr/local/lib/python3.8/site-packages/mmdet/models/detectors/two_stage.py"", line 110, in extract_feat\n    x = self.backbone(batch_inputs)\n  File ""/usr/local/lib/python3.8/site-packages/torch/nn/modules/module.py"", line 1051, in _call_impl\n    return forward_call(*input, **kwargs)\n  File ""/ardet/ardet/models/backbones/vitdet.py"", line 423, in forward\n    x = blk(x)\n  File ""/usr/local/lib/python3.8/site-packages/torch/nn/modules/module.py"", line 1051, in _call_impl\n    return forward_call(*input, **kwargs)\n  File ""/ardet/ardet/models/backbones/vitdet.py"", line 303, in forward\n    x = self.attn(x)\n  File ""/usr/local/lib/python3.8/site-packages/torch/nn/modules/module.py"", line 1051, in _call_impl\n    return forward_call(*input, **kwargs)\n  File ""/ardet/ardet/models/backbones/vitdet.py"", line 209, in forward\n    attn = add_decomposed_rel_pos(attn, q, self.rel_pos_h,\n  File ""/ardet/ardet/models/backbones/vitdet.py"", line 166, in add_decomposed_rel_pos\n    attn.view(B, q_h, q_w, k_h, k_w) +  # noqa: W504\nRuntimeError: CUDA out of memory. Tried to allocate 3.80 GiB (GPU 0; 10.76 GiB total capacity; 9.15 GiB already allocated; 201.38 MiB free; 9.22 GiB reserved in total by PyTorch)\n', 'retriable': False}"
2025-10-15 08:14:20.350495+00:00,40,5685fed3-0b5d-4aef-afc9-d370938e91af,0199e6ee-47f0-7591-9590-0a041734900b,Inference was failed. See the logs for detail.
2025-10-15 08:14:20.352641+00:00,40,5685fed3-0b5d-4aef-afc9-d370938e91af,0199e6ee-47f0-7591-9590-0a041734900b,"Task run failed with exception: InferenceFailError() - No retries configured for this task.
Traceback (most recent call last):
  File ""/usr/local/lib/python3.10/site-packages/prefect/task_engine.py"", line 857, in run_context
    yield self
  File ""/usr/local/lib/python3.10/site-packages/prefect/task_engine.py"", line 1487, in run_task_sync
    engine.call_task_fn(txn)
  File ""/usr/local/lib/python3.10/site-packages/prefect/task_engine.py"", line 874, in call_task_fn
    result = call_with_parameters(self.task.fn, parameters)
  File ""/usr/local/lib/python3.10/site-packages/prefect/utilities/callables.py"", line 210, in call_with_parameters
    return fn(*args, **kwargs)
  File ""/app/modint-prefect-main/modint_prefect/prefect_flow.py"", line 135, in run_check_inference_status_redis
    raise InferenceFailError
modint_prefect.configs.InferenceFailError"
2025-10-15 08:14:20.368457+00:00,40,5685fed3-0b5d-4aef-afc9-d370938e91af,0199e6ee-47f0-7591-9590-0a041734900b,Finished in state Failed('Task run encountered an exception InferenceFailError: ')
2025-10-15 08:14:20.378792+00:00,40,5685fed3-0b5d-4aef-afc9-d370938e91af,,"Encountered exception during execution: InferenceFailError()
Traceback (most recent call last):
  File ""/usr/local/lib/python3.10/site-packages/prefect/flow_engine.py"", line 782, in run_context
    yield self
  File ""/usr/local/lib/python3.10/site-packages/prefect/flow_engine.py"", line 1397, in run_flow_sync
    engine.call_flow_fn()
  File ""/usr/local/lib/python3.10/site-packages/prefect/flow_engine.py"", line 802, in call_flow_fn
    result = call_with_parameters(self.flow.fn, self.parameters)
  File ""/usr/local/lib/python3.10/site-packages/prefect/utilities/callables.py"", line 210, in call_with_parameters
    return fn(*args, **kwargs)
  File ""/app/modint-prefect-main/modint_prefect/prefect_flow.py"", line 530, in run_modint_flow
    inference_result = check_inference_status_future.result()
  File ""/usr/local/lib/python3.10/site-packages/prefect/futures.py"", line 222, in result
    _result = self._final_state.result(
  File ""/usr/local/lib/python3.10/site-packages/prefect/_internal/compatibility/async_dispatch.py"", line 94, in wrapper
    return fn(*args, **kwargs)
  File ""/usr/local/lib/python3.10/site-packages/prefect/client/schemas/objects.py"", line 366, in result
    return run_coro_as_sync(
  File ""/usr/local/lib/python3.10/site-packages/prefect/utilities/asyncutils.py"", line 207, in run_coro_as_sync
    return call.result()
  File ""/usr/local/lib/python3.10/site-packages/prefect/_internal/concurrency/calls.py"", line 365, in result
    return self.future.result(timeout=timeout)
  File ""/usr/local/lib/python3.10/site-packages/prefect/_internal/concurrency/calls.py"", line 192, in result
    return self.__get_result()
  File ""/usr/local/lib/python3.10/concurrent/futures/_base.py"", line 403, in __get_result
    raise self._exception
  File ""/usr/local/lib/python3.10/site-packages/prefect/_internal/concurrency/calls.py"", line 441, in _run_async
    result = await coro
  File ""/usr/local/lib/python3.10/site-packages/prefect/utilities/asyncutils.py"", line 188, in coroutine_wrapper
    return await task
  File ""/usr/local/lib/python3.10/site-packages/prefect/states.py"", line 85, in get_state_result
    return await _get_state_result(
  File ""/usr/local/lib/python3.10/site-packages/prefect/states.py"", line 157, in _get_state_result
    raise await get_state_exception(state)
  File ""/usr/local/lib/python3.10/site-packages/prefect/task_engine.py"", line 857, in run_context
    yield self
  File ""/usr/local/lib/python3.10/site-packages/prefect/task_engine.py"", line 1487, in run_task_sync
    engine.call_task_fn(txn)
  File ""/usr/local/lib/python3.10/site-packages/prefect/task_engine.py"", line 874, in call_task_fn
    result = call_with_parameters(self.task.fn, parameters)
  File ""/usr/local/lib/python3.10/site-packages/prefect/utilities/callables.py"", line 210, in call_with_parameters
    return fn(*args, **kwargs)
  File ""/app/modint-prefect-main/modint_prefect/prefect_flow.py"", line 135, in run_check_inference_status_redis
    raise InferenceFailError
modint_prefect.configs.InferenceFailError"
2025-10-15 08:14:20.443152+00:00,20,5685fed3-0b5d-4aef-afc9-d370938e91af,,Finished in state Failed('Flow run encountered an exception: InferenceFailError: ')
2025-10-15 08:14:20.446769+00:00,40,5685fed3-0b5d-4aef-afc9-d370938e91af,,"Engine execution exited with unexpected exception
Traceback (most recent call last):
  File ""/usr/local/lib/python3.10/site-packages/prefect/flow_engine.py"", line 1554, in run_flow
    ret_val = run_flow_sync(**kwargs)
  File ""/usr/local/lib/python3.10/site-packages/prefect/flow_engine.py"", line 1399, in run_flow_sync
    return engine.state if return_type == ""state"" else engine.result()
  File ""/usr/local/lib/python3.10/site-packages/prefect/flow_engine.py"", line 361, in result
    raise self._raised
  File ""/usr/local/lib/python3.10/site-packages/prefect/flow_engine.py"", line 782, in run_context
    yield self
  File ""/usr/local/lib/python3.10/site-packages/prefect/flow_engine.py"", line 1397, in run_flow_sync
    engine.call_flow_fn()
  File ""/usr/local/lib/python3.10/site-packages/prefect/flow_engine.py"", line 802, in call_flow_fn
    result = call_with_parameters(self.flow.fn, self.parameters)
  File ""/usr/local/lib/python3.10/site-packages/prefect/utilities/callables.py"", line 210, in call_with_parameters
    return fn(*args, **kwargs)
  File ""/app/modint-prefect-main/modint_prefect/prefect_flow.py"", line 530, in run_modint_flow
    inference_result = check_inference_status_future.result()
  File ""/usr/local/lib/python3.10/site-packages/prefect/futures.py"", line 222, in result
    _result = self._final_state.result(
  File ""/usr/local/lib/python3.10/site-packages/prefect/_internal/compatibility/async_dispatch.py"", line 94, in wrapper
    return fn(*args, **kwargs)
  File ""/usr/local/lib/python3.10/site-packages/prefect/client/schemas/objects.py"", line 366, in result
    return run_coro_as_sync(
  File ""/usr/local/lib/python3.10/site-packages/prefect/utilities/asyncutils.py"", line 207, in run_coro_as_sync
    return call.result()
  File ""/usr/local/lib/python3.10/site-packages/prefect/_internal/concurrency/calls.py"", line 365, in result
    return self.future.result(timeout=timeout)
  File ""/usr/local/lib/python3.10/site-packages/prefect/_internal/concurrency/calls.py"", line 192, in result
    return self.__get_result()
  File ""/usr/local/lib/python3.10/concurrent/futures/_base.py"", line 403, in __get_result
    raise self._exception
  File ""/usr/local/lib/python3.10/site-packages/prefect/_internal/concurrency/calls.py"", line 441, in _run_async
    result = await coro
  File ""/usr/local/lib/python3.10/site-packages/prefect/utilities/asyncutils.py"", line 188, in coroutine_wrapper
    return await task
  File ""/usr/local/lib/python3.10/site-packages/prefect/states.py"", line 85, in get_state_result
    return await _get_state_result(
  File ""/usr/local/lib/python3.10/site-packages/prefect/states.py"", line 157, in _get_state_result
    raise await get_state_exception(state)
  File ""/usr/local/lib/python3.10/site-packages/prefect/task_engine.py"", line 857, in run_context
    yield self
  File ""/usr/local/lib/python3.10/site-packages/prefect/task_engine.py"", line 1487, in run_task_sync
    engine.call_task_fn(txn)
  File ""/usr/local/lib/python3.10/site-packages/prefect/task_engine.py"", line 874, in call_task_fn
    result = call_with_parameters(self.task.fn, parameters)
  File ""/usr/local/lib/python3.10/site-packages/prefect/utilities/callables.py"", line 210, in call_with_parameters
    return fn(*args, **kwargs)
  File ""/app/modint-prefect-main/modint_prefect/prefect_flow.py"", line 135, in run_check_inference_status_redis
    raise InferenceFailError
modint_prefect.configs.InferenceFailError"
2025-10-15 08:14:21.238364+00:00,40,5685fed3-0b5d-4aef-afc9-d370938e91af,,Process for flow run 'accelerated-hare' exited with status code: 1
