timestamp,level,flow_run_id,task_run_id,message
2025-10-21 06:56:14.453187+00:00,20,5e3ede74-72a3-490d-b480-1a20a80193f5,,Worker 'KubernetesWorker a05e490e-9eac-4523-9166-1b04920e6d58' submitting flow run '5e3ede74-72a3-490d-b480-1a20a80193f5'
2025-10-21 06:56:14.651626+00:00,20,5e3ede74-72a3-490d-b480-1a20a80193f5,,Creating Kubernetes job...
2025-10-21 06:56:14.830893+00:00,20,5e3ede74-72a3-490d-b480-1a20a80193f5,,Completed submission of flow run '5e3ede74-72a3-490d-b480-1a20a80193f5'
2025-10-21 06:56:21.045623+00:00,20,5e3ede74-72a3-490d-b480-1a20a80193f5,,Opening process...
2025-10-21 06:56:23.753065+00:00,20,5e3ede74-72a3-490d-b480-1a20a80193f5,, > Running git_clone step...
2025-10-21 06:56:28.997621+00:00,20,5e3ede74-72a3-490d-b480-1a20a80193f5,,Beginning flow run 'purring-swallow' for flow 'run-modint-flow'
2025-10-21 06:56:29.157768+00:00,20,5e3ede74-72a3-490d-b480-1a20a80193f5,019a058e-1568-77f6-a9e8-e5e7f41d1eb7,This job ID will be used - modint-prefect-purring-swallow-1
2025-10-21 06:56:29.163571+00:00,20,5e3ede74-72a3-490d-b480-1a20a80193f5,019a058e-1568-77f6-a9e8-e5e7f41d1eb7,Finished in state Completed()
2025-10-21 06:56:29.666075+00:00,20,5e3ede74-72a3-490d-b480-1a20a80193f5,019a058e-15ee-75f5-9b4d-ac80c943de96,Finished in state Completed()
2025-10-21 06:56:29.803782+00:00,20,5e3ede74-72a3-490d-b480-1a20a80193f5,019a058e-15f1-7dca-aad4-0233d3a1cc51,{'scene_path': '/nas/Dataset/s3/sia_aws_s3/sia-paxsapiens/raw/G-NKI01A/Planet/Yongbyon/20250913_DPRK_NFC_Yongbyon_skysatscene_pansharpened_udm2/SkySatScene/20250913_234119_ssc4d2_0019_pansharpened_clip.tif'}
2025-10-21 06:56:29.810180+00:00,20,5e3ede74-72a3-490d-b480-1a20a80193f5,019a058e-184a-7e2b-b5ba-e468ad466a42,Finished in state Completed()
2025-10-21 06:56:31.448731+00:00,20,5e3ede74-72a3-490d-b480-1a20a80193f5,019a058e-15ef-7f61-bfd1-92cae23b3587,Beginning subflow run 'amorphous-ant' for flow 'run-namespaced-job'
2025-10-21 06:56:36.988552+00:00,20,5e3ede74-72a3-490d-b480-1a20a80193f5,019a058e-15ef-7f61-bfd1-92cae23b3587,"failed to watch directory ""/var/log/pods/serving_modint-prefect-purring-swallow-1-qthx8_9ecafe55-9312-4806-86ed-26673fd3998d/inference"": no space left on device"
2025-10-21 06:57:17.753625+00:00,20,5e3ede74-72a3-490d-b480-1a20a80193f5,019a058e-15ef-7f61-bfd1-92cae23b3587,Finished in state Completed()
2025-10-21 06:57:29.913644+00:00,20,5e3ede74-72a3-490d-b480-1a20a80193f5,019a058e-15f1-7dca-aad4-0233d3a1cc51,"{'msg': 'Traceback (most recent call last):\n  File ""/usr/local/lib/python3.8/site-packages/modint/runner/base_runner.py"", line 121, in inference\n    result = self.predict(data)\n  File ""/usr/local/lib/python3.8/site-packages/torch/autograd/grad_mode.py"", line 28, in decorate_context\n    return func(*args, **kwargs)\n  File ""/ardet/ardet/apis/det_runner.py"", line 99, in predict\n    return self.model.test_step(batch)\n  File ""/usr/local/lib/python3.8/site-packages/mmengine/model/base_model/base_model.py"", line 145, in test_step\n    return self._run_forward(data, mode=\'predict\')  # type: ignore\n  File ""/usr/local/lib/python3.8/site-packages/mmengine/model/base_model/base_model.py"", line 361, in _run_forward\n    results = self(**data, mode=mode)\n  File ""/usr/local/lib/python3.8/site-packages/torch/nn/modules/module.py"", line 1051, in _call_impl\n    return forward_call(*input, **kwargs)\n  File ""/usr/local/lib/python3.8/site-packages/mmdet/models/detectors/base.py"", line 94, in forward\n    return self.predict(inputs, data_samples)\n  File ""/usr/local/lib/python3.8/site-packages/mmdet/models/detectors/two_stage.py"", line 227, in predict\n    x = self.extract_feat(batch_inputs)\n  File ""/usr/local/lib/python3.8/site-packages/mmdet/models/detectors/two_stage.py"", line 110, in extract_feat\n    x = self.backbone(batch_inputs)\n  File ""/usr/local/lib/python3.8/site-packages/torch/nn/modules/module.py"", line 1051, in _call_impl\n    return forward_call(*input, **kwargs)\n  File ""/ardet/ardet/models/backbones/vitdet.py"", line 423, in forward\n    x = blk(x)\n  File ""/usr/local/lib/python3.8/site-packages/torch/nn/modules/module.py"", line 1051, in _call_impl\n    return forward_call(*input, **kwargs)\n  File ""/ardet/ardet/models/backbones/vitdet.py"", line 303, in forward\n    x = self.attn(x)\n  File ""/usr/local/lib/python3.8/site-packages/torch/nn/modules/module.py"", line 1051, in _call_impl\n    return forward_call(*input, **kwargs)\n  File ""/ardet/ardet/models/backbones/vitdet.py"", line 209, in forward\n    attn = add_decomposed_rel_pos(attn, q, self.rel_pos_h,\n  File ""/ardet/ardet/models/backbones/vitdet.py"", line 166, in add_decomposed_rel_pos\n    attn.view(B, q_h, q_w, k_h, k_w) +  # noqa: W504\nRuntimeError: CUDA out of memory. Tried to allocate 4.47 GiB (GPU 0; 10.76 GiB total capacity; 5.19 GiB already allocated; 4.15 GiB free; 5.27 GiB reserved in total by PyTorch)\n', 'retriable': False}"
2025-10-21 06:57:29.919704+00:00,40,5e3ede74-72a3-490d-b480-1a20a80193f5,019a058e-15f1-7dca-aad4-0233d3a1cc51,Inference was failed. See the logs for detail.
2025-10-21 06:57:29.921760+00:00,40,5e3ede74-72a3-490d-b480-1a20a80193f5,019a058e-15f1-7dca-aad4-0233d3a1cc51,"Task run failed with exception: InferenceFailError() - No retries configured for this task.
Traceback (most recent call last):
  File ""/usr/local/lib/python3.10/site-packages/prefect/task_engine.py"", line 857, in run_context
    yield self
  File ""/usr/local/lib/python3.10/site-packages/prefect/task_engine.py"", line 1487, in run_task_sync
    engine.call_task_fn(txn)
  File ""/usr/local/lib/python3.10/site-packages/prefect/task_engine.py"", line 874, in call_task_fn
    result = call_with_parameters(self.task.fn, parameters)
  File ""/usr/local/lib/python3.10/site-packages/prefect/utilities/callables.py"", line 210, in call_with_parameters
    return fn(*args, **kwargs)
  File ""/app/modint-prefect-main/modint_prefect/prefect_flow.py"", line 135, in run_check_inference_status_redis
    raise InferenceFailError
modint_prefect.configs.InferenceFailError"
2025-10-21 06:57:29.937894+00:00,40,5e3ede74-72a3-490d-b480-1a20a80193f5,019a058e-15f1-7dca-aad4-0233d3a1cc51,Finished in state Failed('Task run encountered an exception InferenceFailError: ')
2025-10-21 06:57:29.947773+00:00,40,5e3ede74-72a3-490d-b480-1a20a80193f5,,"Encountered exception during execution: InferenceFailError()
Traceback (most recent call last):
  File ""/usr/local/lib/python3.10/site-packages/prefect/flow_engine.py"", line 782, in run_context
    yield self
  File ""/usr/local/lib/python3.10/site-packages/prefect/flow_engine.py"", line 1397, in run_flow_sync
    engine.call_flow_fn()
  File ""/usr/local/lib/python3.10/site-packages/prefect/flow_engine.py"", line 802, in call_flow_fn
    result = call_with_parameters(self.flow.fn, self.parameters)
  File ""/usr/local/lib/python3.10/site-packages/prefect/utilities/callables.py"", line 210, in call_with_parameters
    return fn(*args, **kwargs)
  File ""/app/modint-prefect-main/modint_prefect/prefect_flow.py"", line 528, in run_modint_flow
    inference_result = check_inference_status_future.result()
  File ""/usr/local/lib/python3.10/site-packages/prefect/futures.py"", line 222, in result
    _result = self._final_state.result(
  File ""/usr/local/lib/python3.10/site-packages/prefect/_internal/compatibility/async_dispatch.py"", line 94, in wrapper
    return fn(*args, **kwargs)
  File ""/usr/local/lib/python3.10/site-packages/prefect/client/schemas/objects.py"", line 366, in result
    return run_coro_as_sync(
  File ""/usr/local/lib/python3.10/site-packages/prefect/utilities/asyncutils.py"", line 207, in run_coro_as_sync
    return call.result()
  File ""/usr/local/lib/python3.10/site-packages/prefect/_internal/concurrency/calls.py"", line 365, in result
    return self.future.result(timeout=timeout)
  File ""/usr/local/lib/python3.10/site-packages/prefect/_internal/concurrency/calls.py"", line 192, in result
    return self.__get_result()
  File ""/usr/local/lib/python3.10/concurrent/futures/_base.py"", line 403, in __get_result
    raise self._exception
  File ""/usr/local/lib/python3.10/site-packages/prefect/_internal/concurrency/calls.py"", line 441, in _run_async
    result = await coro
  File ""/usr/local/lib/python3.10/site-packages/prefect/utilities/asyncutils.py"", line 188, in coroutine_wrapper
    return await task
  File ""/usr/local/lib/python3.10/site-packages/prefect/states.py"", line 85, in get_state_result
    return await _get_state_result(
  File ""/usr/local/lib/python3.10/site-packages/prefect/states.py"", line 157, in _get_state_result
    raise await get_state_exception(state)
  File ""/usr/local/lib/python3.10/site-packages/prefect/task_engine.py"", line 857, in run_context
    yield self
  File ""/usr/local/lib/python3.10/site-packages/prefect/task_engine.py"", line 1487, in run_task_sync
    engine.call_task_fn(txn)
  File ""/usr/local/lib/python3.10/site-packages/prefect/task_engine.py"", line 874, in call_task_fn
    result = call_with_parameters(self.task.fn, parameters)
  File ""/usr/local/lib/python3.10/site-packages/prefect/utilities/callables.py"", line 210, in call_with_parameters
    return fn(*args, **kwargs)
  File ""/app/modint-prefect-main/modint_prefect/prefect_flow.py"", line 135, in run_check_inference_status_redis
    raise InferenceFailError
modint_prefect.configs.InferenceFailError"
2025-10-21 06:57:30.000315+00:00,20,5e3ede74-72a3-490d-b480-1a20a80193f5,,Finished in state Failed('Flow run encountered an exception: InferenceFailError: ')
2025-10-21 06:57:30.002891+00:00,40,5e3ede74-72a3-490d-b480-1a20a80193f5,,"Engine execution exited with unexpected exception
Traceback (most recent call last):
  File ""/usr/local/lib/python3.10/site-packages/prefect/flow_engine.py"", line 1554, in run_flow
    ret_val = run_flow_sync(**kwargs)
  File ""/usr/local/lib/python3.10/site-packages/prefect/flow_engine.py"", line 1399, in run_flow_sync
    return engine.state if return_type == ""state"" else engine.result()
  File ""/usr/local/lib/python3.10/site-packages/prefect/flow_engine.py"", line 361, in result
    raise self._raised
  File ""/usr/local/lib/python3.10/site-packages/prefect/flow_engine.py"", line 782, in run_context
    yield self
  File ""/usr/local/lib/python3.10/site-packages/prefect/flow_engine.py"", line 1397, in run_flow_sync
    engine.call_flow_fn()
  File ""/usr/local/lib/python3.10/site-packages/prefect/flow_engine.py"", line 802, in call_flow_fn
    result = call_with_parameters(self.flow.fn, self.parameters)
  File ""/usr/local/lib/python3.10/site-packages/prefect/utilities/callables.py"", line 210, in call_with_parameters
    return fn(*args, **kwargs)
  File ""/app/modint-prefect-main/modint_prefect/prefect_flow.py"", line 528, in run_modint_flow
    inference_result = check_inference_status_future.result()
  File ""/usr/local/lib/python3.10/site-packages/prefect/futures.py"", line 222, in result
    _result = self._final_state.result(
  File ""/usr/local/lib/python3.10/site-packages/prefect/_internal/compatibility/async_dispatch.py"", line 94, in wrapper
    return fn(*args, **kwargs)
  File ""/usr/local/lib/python3.10/site-packages/prefect/client/schemas/objects.py"", line 366, in result
    return run_coro_as_sync(
  File ""/usr/local/lib/python3.10/site-packages/prefect/utilities/asyncutils.py"", line 207, in run_coro_as_sync
    return call.result()
  File ""/usr/local/lib/python3.10/site-packages/prefect/_internal/concurrency/calls.py"", line 365, in result
    return self.future.result(timeout=timeout)
  File ""/usr/local/lib/python3.10/site-packages/prefect/_internal/concurrency/calls.py"", line 192, in result
    return self.__get_result()
  File ""/usr/local/lib/python3.10/concurrent/futures/_base.py"", line 403, in __get_result
    raise self._exception
  File ""/usr/local/lib/python3.10/site-packages/prefect/_internal/concurrency/calls.py"", line 441, in _run_async
    result = await coro
  File ""/usr/local/lib/python3.10/site-packages/prefect/utilities/asyncutils.py"", line 188, in coroutine_wrapper
    return await task
  File ""/usr/local/lib/python3.10/site-packages/prefect/states.py"", line 85, in get_state_result
    return await _get_state_result(
  File ""/usr/local/lib/python3.10/site-packages/prefect/states.py"", line 157, in _get_state_result
    raise await get_state_exception(state)
  File ""/usr/local/lib/python3.10/site-packages/prefect/task_engine.py"", line 857, in run_context
    yield self
  File ""/usr/local/lib/python3.10/site-packages/prefect/task_engine.py"", line 1487, in run_task_sync
    engine.call_task_fn(txn)
  File ""/usr/local/lib/python3.10/site-packages/prefect/task_engine.py"", line 874, in call_task_fn
    result = call_with_parameters(self.task.fn, parameters)
  File ""/usr/local/lib/python3.10/site-packages/prefect/utilities/callables.py"", line 210, in call_with_parameters
    return fn(*args, **kwargs)
  File ""/app/modint-prefect-main/modint_prefect/prefect_flow.py"", line 135, in run_check_inference_status_redis
    raise InferenceFailError
modint_prefect.configs.InferenceFailError"
2025-10-21 06:57:30.610851+00:00,40,5e3ede74-72a3-490d-b480-1a20a80193f5,,Process for flow run 'purring-swallow' exited with status code: 1
