timestamp,level,flow_run_id,task_run_id,message
2025-08-28 03:11:50.772429+00:00,20,5ec3a5e1-2ce6-440a-a9ad-a7b520d8daf2,,Worker 'KubernetesWorker 6c1a7ef3-6580-4f6c-9303-f2c1895094ef' submitting flow run '5ec3a5e1-2ce6-440a-a9ad-a7b520d8daf2'
2025-08-28 03:11:50.939487+00:00,20,5ec3a5e1-2ce6-440a-a9ad-a7b520d8daf2,,Creating Kubernetes job...
2025-08-28 03:11:53.501473+00:00,20,5ec3a5e1-2ce6-440a-a9ad-a7b520d8daf2,,Completed submission of flow run '5ec3a5e1-2ce6-440a-a9ad-a7b520d8daf2'
2025-08-28 03:12:01.260708+00:00,20,5ec3a5e1-2ce6-440a-a9ad-a7b520d8daf2,,Opening process...
2025-08-28 03:12:03.911654+00:00,20,5ec3a5e1-2ce6-440a-a9ad-a7b520d8daf2,, > Running git_clone step...
2025-08-28 03:12:09.993251+00:00,20,5ec3a5e1-2ce6-440a-a9ad-a7b520d8daf2,,Beginning flow run 'small-collie' for flow 'run-bhc-segmentation-flow'
2025-08-28 03:12:10.009627+00:00,20,5ec3a5e1-2ce6-440a-a9ad-a7b520d8daf2,,Using quad ID: L15-1730E-1272N
2025-08-28 03:12:17.035330+00:00,40,5ec3a5e1-2ce6-440a-a9ad-a7b520d8daf2,0198eea9-4f6c-74fb-86ac-23f691b808f8,"Task run failed with exception: CalledProcessError(1, ['gdalwarp', '-of', 'VRT', '-overwrite', '-te', '124.2773437', '39.90973622993602', '124.2773437327955', '40.04443757999776', '-te_srs', 'EPSG:4326', '/nas/COG/basemap_planet/Y2024/M10/D01/basemap_planet_global_monthly_2024_10_mosaic/40000_global_monthly_2024_10_mosaic_cog.tif', '/nas/Projects/N-BHC24A/modint-prefect-workspace/temp/vrt/40000_global_monthly_2024_10_mosaic_cog_L15-1730E-1272N.vrt']) - No retries configured for this task.
Traceback (most recent call last):
  File ""/usr/local/lib/python3.10/site-packages/prefect/task_engine.py"", line 857, in run_context
    yield self
  File ""/usr/local/lib/python3.10/site-packages/prefect/task_engine.py"", line 1487, in run_task_sync
    engine.call_task_fn(txn)
  File ""/usr/local/lib/python3.10/site-packages/prefect/task_engine.py"", line 874, in call_task_fn
    result = call_with_parameters(self.task.fn, parameters)
  File ""/usr/local/lib/python3.10/site-packages/prefect/utilities/callables.py"", line 210, in call_with_parameters
    return fn(*args, **kwargs)
  File ""/app/modint-prefect-main/modint_prefect/prefect_flow.py"", line 455, in create_vrt_from_quad
    subprocess.run(cmd, check=True)
  File ""/usr/local/lib/python3.10/subprocess.py"", line 526, in run
    raise CalledProcessError(retcode, process.args,
subprocess.CalledProcessError: Command '['gdalwarp', '-of', 'VRT', '-overwrite', '-te', '124.2773437', '39.90973622993602', '124.2773437327955', '40.04443757999776', '-te_srs', 'EPSG:4326', '/nas/COG/basemap_planet/Y2024/M10/D01/basemap_planet_global_monthly_2024_10_mosaic/40000_global_monthly_2024_10_mosaic_cog.tif', '/nas/Projects/N-BHC24A/modint-prefect-workspace/temp/vrt/40000_global_monthly_2024_10_mosaic_cog_L15-1730E-1272N.vrt']' returned non-zero exit status 1."
2025-08-28 03:12:17.056226+00:00,40,5ec3a5e1-2ce6-440a-a9ad-a7b520d8daf2,0198eea9-4f6c-74fb-86ac-23f691b808f8,"Finished in state Failed(""Task run encountered an exception CalledProcessError: Command '['gdalwarp', '-of', 'VRT', '-overwrite', '-te', '124.2773437', '39.90973622993602', '124.2773437327955', '40.04443757999776', '-te_srs', 'EPSG:4326', '/nas/COG/basemap_planet/Y2024/M10/D01/basemap_planet_global_monthly_2024_10_mosaic/40000_global_monthly_2024_10_mosaic_cog.tif', '/nas/Projects/N-BHC24A/modint-prefect-workspace/temp/vrt/40000_global_monthly_2024_10_mosaic_cog_L15-1730E-1272N.vrt']' returned non-zero exit status 1."")"
2025-08-28 03:12:17.061738+00:00,40,5ec3a5e1-2ce6-440a-a9ad-a7b520d8daf2,,"Encountered exception during execution: CalledProcessError(1, ['gdalwarp', '-of', 'VRT', '-overwrite', '-te', '124.2773437', '39.90973622993602', '124.2773437327955', '40.04443757999776', '-te_srs', 'EPSG:4326', '/nas/COG/basemap_planet/Y2024/M10/D01/basemap_planet_global_monthly_2024_10_mosaic/40000_global_monthly_2024_10_mosaic_cog.tif', '/nas/Projects/N-BHC24A/modint-prefect-workspace/temp/vrt/40000_global_monthly_2024_10_mosaic_cog_L15-1730E-1272N.vrt'])
Traceback (most recent call last):
  File ""/usr/local/lib/python3.10/site-packages/prefect/flow_engine.py"", line 782, in run_context
    yield self
  File ""/usr/local/lib/python3.10/site-packages/prefect/flow_engine.py"", line 1397, in run_flow_sync
    engine.call_flow_fn()
  File ""/usr/local/lib/python3.10/site-packages/prefect/flow_engine.py"", line 802, in call_flow_fn
    result = call_with_parameters(self.flow.fn, self.parameters)
  File ""/usr/local/lib/python3.10/site-packages/prefect/utilities/callables.py"", line 210, in call_with_parameters
    return fn(*args, **kwargs)
  File ""/app/modint-prefect-main/modint_prefect/prefect_flow.py"", line 668, in run_bhc_segmentation_flow
    input_path = create_vrt_from_quad(input_path, quad_id)
  File ""/usr/local/lib/python3.10/site-packages/prefect/tasks.py"", line 1139, in __call__
    return run_task(
  File ""/usr/local/lib/python3.10/site-packages/prefect/task_engine.py"", line 1714, in run_task
    return run_task_sync(**kwargs)
  File ""/usr/local/lib/python3.10/site-packages/prefect/task_engine.py"", line 1489, in run_task_sync
    return engine.state if return_type == ""state"" else engine.result()
  File ""/usr/local/lib/python3.10/site-packages/prefect/task_engine.py"", line 478, in result
    raise self._raised
  File ""/usr/local/lib/python3.10/site-packages/prefect/task_engine.py"", line 857, in run_context
    yield self
  File ""/usr/local/lib/python3.10/site-packages/prefect/task_engine.py"", line 1487, in run_task_sync
    engine.call_task_fn(txn)
  File ""/usr/local/lib/python3.10/site-packages/prefect/task_engine.py"", line 874, in call_task_fn
    result = call_with_parameters(self.task.fn, parameters)
  File ""/usr/local/lib/python3.10/site-packages/prefect/utilities/callables.py"", line 210, in call_with_parameters
    return fn(*args, **kwargs)
  File ""/app/modint-prefect-main/modint_prefect/prefect_flow.py"", line 455, in create_vrt_from_quad
    subprocess.run(cmd, check=True)
  File ""/usr/local/lib/python3.10/subprocess.py"", line 526, in run
    raise CalledProcessError(retcode, process.args,
subprocess.CalledProcessError: Command '['gdalwarp', '-of', 'VRT', '-overwrite', '-te', '124.2773437', '39.90973622993602', '124.2773437327955', '40.04443757999776', '-te_srs', 'EPSG:4326', '/nas/COG/basemap_planet/Y2024/M10/D01/basemap_planet_global_monthly_2024_10_mosaic/40000_global_monthly_2024_10_mosaic_cog.tif', '/nas/Projects/N-BHC24A/modint-prefect-workspace/temp/vrt/40000_global_monthly_2024_10_mosaic_cog_L15-1730E-1272N.vrt']' returned non-zero exit status 1."
2025-08-28 03:12:17.111854+00:00,20,5ec3a5e1-2ce6-440a-a9ad-a7b520d8daf2,,"Finished in state Failed(""Flow run encountered an exception: CalledProcessError: Command '['gdalwarp', '-of', 'VRT', '-overwrite', '-te', '124.2773437', '39.90973622993602', '124.2773437327955', '40.04443757999776', '-te_srs', 'EPSG:4326', '/nas/COG/basemap_planet/Y2024/M10/D01/basemap_planet_global_monthly_2024_10_mosaic/40000_global_monthly_2024_10_mosaic_cog.tif', '/nas/Projects/N-BHC24A/modint-prefect-workspace/temp/vrt/40000_global_monthly_2024_10_mosaic_cog_L15-1730E-1272N.vrt']' returned non-zero exit status 1."")"
2025-08-28 03:12:17.115852+00:00,40,5ec3a5e1-2ce6-440a-a9ad-a7b520d8daf2,,"Engine execution exited with unexpected exception
Traceback (most recent call last):
  File ""/usr/local/lib/python3.10/site-packages/prefect/flow_engine.py"", line 1554, in run_flow
    ret_val = run_flow_sync(**kwargs)
  File ""/usr/local/lib/python3.10/site-packages/prefect/flow_engine.py"", line 1399, in run_flow_sync
    return engine.state if return_type == ""state"" else engine.result()
  File ""/usr/local/lib/python3.10/site-packages/prefect/flow_engine.py"", line 361, in result
    raise self._raised
  File ""/usr/local/lib/python3.10/site-packages/prefect/flow_engine.py"", line 782, in run_context
    yield self
  File ""/usr/local/lib/python3.10/site-packages/prefect/flow_engine.py"", line 1397, in run_flow_sync
    engine.call_flow_fn()
  File ""/usr/local/lib/python3.10/site-packages/prefect/flow_engine.py"", line 802, in call_flow_fn
    result = call_with_parameters(self.flow.fn, self.parameters)
  File ""/usr/local/lib/python3.10/site-packages/prefect/utilities/callables.py"", line 210, in call_with_parameters
    return fn(*args, **kwargs)
  File ""/app/modint-prefect-main/modint_prefect/prefect_flow.py"", line 668, in run_bhc_segmentation_flow
    input_path = create_vrt_from_quad(input_path, quad_id)
  File ""/usr/local/lib/python3.10/site-packages/prefect/tasks.py"", line 1139, in __call__
    return run_task(
  File ""/usr/local/lib/python3.10/site-packages/prefect/task_engine.py"", line 1714, in run_task
    return run_task_sync(**kwargs)
  File ""/usr/local/lib/python3.10/site-packages/prefect/task_engine.py"", line 1489, in run_task_sync
    return engine.state if return_type == ""state"" else engine.result()
  File ""/usr/local/lib/python3.10/site-packages/prefect/task_engine.py"", line 478, in result
    raise self._raised
  File ""/usr/local/lib/python3.10/site-packages/prefect/task_engine.py"", line 857, in run_context
    yield self
  File ""/usr/local/lib/python3.10/site-packages/prefect/task_engine.py"", line 1487, in run_task_sync
    engine.call_task_fn(txn)
  File ""/usr/local/lib/python3.10/site-packages/prefect/task_engine.py"", line 874, in call_task_fn
    result = call_with_parameters(self.task.fn, parameters)
  File ""/usr/local/lib/python3.10/site-packages/prefect/utilities/callables.py"", line 210, in call_with_parameters
    return fn(*args, **kwargs)
  File ""/app/modint-prefect-main/modint_prefect/prefect_flow.py"", line 455, in create_vrt_from_quad
    subprocess.run(cmd, check=True)
  File ""/usr/local/lib/python3.10/subprocess.py"", line 526, in run
    raise CalledProcessError(retcode, process.args,
subprocess.CalledProcessError: Command '['gdalwarp', '-of', 'VRT', '-overwrite', '-te', '124.2773437', '39.90973622993602', '124.2773437327955', '40.04443757999776', '-te_srs', 'EPSG:4326', '/nas/COG/basemap_planet/Y2024/M10/D01/basemap_planet_global_monthly_2024_10_mosaic/40000_global_monthly_2024_10_mosaic_cog.tif', '/nas/Projects/N-BHC24A/modint-prefect-workspace/temp/vrt/40000_global_monthly_2024_10_mosaic_cog_L15-1730E-1272N.vrt']' returned non-zero exit status 1."
2025-08-28 03:12:18.031470+00:00,40,5ec3a5e1-2ce6-440a-a9ad-a7b520d8daf2,,Process for flow run 'small-collie' exited with status code: 1
