timestamp,level,flow_run_id,task_run_id,message
2025-10-15 06:52:43.612253+00:00,20,5fa6471e-f93c-47a5-a1b8-b81ab8269b7f,,Worker 'KubernetesWorker a05e490e-9eac-4523-9166-1b04920e6d58' submitting flow run '5fa6471e-f93c-47a5-a1b8-b81ab8269b7f'
2025-10-15 06:52:43.797103+00:00,20,5fa6471e-f93c-47a5-a1b8-b81ab8269b7f,,Creating Kubernetes job...
2025-10-15 06:52:44.909551+00:00,20,5fa6471e-f93c-47a5-a1b8-b81ab8269b7f,,Completed submission of flow run '5fa6471e-f93c-47a5-a1b8-b81ab8269b7f'
2025-10-15 06:52:52.148615+00:00,20,5fa6471e-f93c-47a5-a1b8-b81ab8269b7f,,Opening process...
2025-10-15 06:52:54.936771+00:00,20,5fa6471e-f93c-47a5-a1b8-b81ab8269b7f,, > Running git_clone step...
2025-10-15 06:53:00.449021+00:00,20,5fa6471e-f93c-47a5-a1b8-b81ab8269b7f,,Beginning flow run 'cherubic-caribou' for flow 'run-modint-flow'
2025-10-15 06:53:00.681245+00:00,20,5fa6471e-f93c-47a5-a1b8-b81ab8269b7f,0199e6a4-bec4-7faf-b2b4-b63c7fcd6419,This job ID will be used - modint-prefect-cherubic-caribou-1
2025-10-15 06:53:00.686289+00:00,20,5fa6471e-f93c-47a5-a1b8-b81ab8269b7f,0199e6a4-bec4-7faf-b2b4-b63c7fcd6419,Finished in state Completed()
2025-10-15 06:53:01.186146+00:00,20,5fa6471e-f93c-47a5-a1b8-b81ab8269b7f,0199e6a4-bf91-7a60-9768-7ce3a42dfe1c,Finished in state Completed()
2025-10-15 06:53:01.248657+00:00,20,5fa6471e-f93c-47a5-a1b8-b81ab8269b7f,0199e6a4-bf93-7ee2-aa9e-59a1d2b4ecfc,{'scene_path': '/nas/COG/planet/Y2025/M09/D30/planet_20250930_062514_ssc7d1_0007/20250930_062514_ssc7d1_0007_pansharpened_clip_cog.tif'}
2025-10-15 06:53:01.334738+00:00,20,5fa6471e-f93c-47a5-a1b8-b81ab8269b7f,0199e6a4-c1e7-7027-ba93-95be560140d7,Finished in state Completed()
2025-10-15 06:53:02.328334+00:00,20,5fa6471e-f93c-47a5-a1b8-b81ab8269b7f,0199e6a4-bf91-78b5-ac77-4df38127832c,Beginning subflow run 'phenomenal-bustard' for flow 'run-namespaced-job'
2025-10-15 06:53:37.642618+00:00,20,5fa6471e-f93c-47a5-a1b8-b81ab8269b7f,0199e6a4-bf91-78b5-ac77-4df38127832c,"Downloading artifacts:   0%|          | 0/7 [00:00<?, ?it/s]Downloading artifacts:  14%|â–ˆâ–        | 1/7 [00:00<00:00, 3795.75it/s]Downloading artifacts:  29%|â–ˆâ–ˆâ–Š       | 2/7 [00:00<00:00, 2988.46it/s]Downloading artifacts:  43%|â–ˆâ–ˆâ–ˆâ–ˆâ–Ž     | 3/7 [00:00<00:00, 138.95it/s] Downloading artifacts:  57%|â–ˆâ–ˆâ–ˆâ–ˆâ–ˆâ–‹    | 4/7 [00:00<00:00, 96.90it/s] Downloading artifacts:  71%|â–ˆâ–ˆâ–ˆâ–ˆâ–ˆâ–ˆâ–ˆâ–  | 5/7 [00:00<00:00, 118.56it/s]Downloading artifacts:  86%|â–ˆâ–ˆâ–ˆâ–ˆâ–ˆâ–ˆâ–ˆâ–ˆâ–Œ | 6/7 [00:00<00:00, 73.53it/s] Downloading artifacts: 100%|â–ˆâ–ˆâ–ˆâ–ˆâ–ˆâ–ˆâ–ˆâ–ˆâ–ˆâ–ˆ| 7/7 [00:07<00:00,  1.02s/it]Downloading artifacts: 100%|â–ˆâ–ˆâ–ˆâ–ˆâ–ˆâ–ˆâ–ˆâ–ˆâ–ˆâ–ˆ| 7/7 [00:07<00:00,  1.02s/it]Downloading artifacts: 100%|â–ˆâ–ˆâ–ˆâ–ˆâ–ˆâ–ˆâ–ˆâ–ˆâ–ˆâ–ˆ| 7/7 [00:07<00:00,  1.02s/it]
"
2025-10-15 06:53:37.646101+00:00,20,5fa6471e-f93c-47a5-a1b8-b81ab8269b7f,0199e6a4-bf91-78b5-ac77-4df38127832c,"Loads checkpoint by local backend from path: /tmp/tmp0tqo3hwh/checkpoint/model_final.pth
"
2025-10-15 06:53:39.475124+00:00,20,5fa6471e-f93c-47a5-a1b8-b81ab8269b7f,0199e6a4-bf91-78b5-ac77-4df38127832c,"Making patches:   0%|          | 0/1 [00:00<?, ?it/s]Making patches: 100%|â–ˆâ–ˆâ–ˆâ–ˆâ–ˆâ–ˆâ–ˆâ–ˆâ–ˆâ–ˆ| 1/1 [00:00<00:00, 4266.84it/s]
"
2025-10-15 06:53:40.712843+00:00,20,5fa6471e-f93c-47a5-a1b8-b81ab8269b7f,0199e6a4-bf91-78b5-ac77-4df38127832c,"/usr/local/lib/python3.8/site-packages/torch/nn/functional.py:3609: UserWarning: Default upsampling behavior when mode=linear is changed to align_corners=False since 0.4.0. Please specify align_corners=True if the old behavior is desired. See the documentation of nn.Upsample for details.
"
2025-10-15 06:53:40.715281+00:00,20,5fa6471e-f93c-47a5-a1b8-b81ab8269b7f,0199e6a4-bf91-78b5-ac77-4df38127832c,"  warnings.warn(
"
2025-10-15 06:53:40.717218+00:00,20,5fa6471e-f93c-47a5-a1b8-b81ab8269b7f,0199e6a4-bf91-78b5-ac77-4df38127832c,"2025-10-15 06:53:40.714 | ERROR    | modint.runner.base_runner:inference:137 - An exception occurred:
"
2025-10-15 06:53:40.719318+00:00,20,5fa6471e-f93c-47a5-a1b8-b81ab8269b7f,0199e6a4-bf91-78b5-ac77-4df38127832c,"Traceback (most recent call last):
"
2025-10-15 06:53:40.721377+00:00,20,5fa6471e-f93c-47a5-a1b8-b81ab8269b7f,0199e6a4-bf91-78b5-ac77-4df38127832c,"  File ""/usr/local/lib/python3.8/site-packages/modint/runner/base_runner.py"", line 121, in inference
"
2025-10-15 06:53:40.723138+00:00,20,5fa6471e-f93c-47a5-a1b8-b81ab8269b7f,0199e6a4-bf91-78b5-ac77-4df38127832c,"    result = self.predict(data)
"
2025-10-15 06:53:40.724872+00:00,20,5fa6471e-f93c-47a5-a1b8-b81ab8269b7f,0199e6a4-bf91-78b5-ac77-4df38127832c,"  File ""/usr/local/lib/python3.8/site-packages/torch/autograd/grad_mode.py"", line 28, in decorate_context
"
2025-10-15 06:53:40.727067+00:00,20,5fa6471e-f93c-47a5-a1b8-b81ab8269b7f,0199e6a4-bf91-78b5-ac77-4df38127832c,"    return func(*args, **kwargs)
"
2025-10-15 06:53:40.729071+00:00,20,5fa6471e-f93c-47a5-a1b8-b81ab8269b7f,0199e6a4-bf91-78b5-ac77-4df38127832c,"  File ""/ardet/ardet/apis/det_runner.py"", line 99, in predict
"
2025-10-15 06:53:40.731184+00:00,20,5fa6471e-f93c-47a5-a1b8-b81ab8269b7f,0199e6a4-bf91-78b5-ac77-4df38127832c,"    return self.model.test_step(batch)
"
2025-10-15 06:53:40.733156+00:00,20,5fa6471e-f93c-47a5-a1b8-b81ab8269b7f,0199e6a4-bf91-78b5-ac77-4df38127832c,"  File ""/usr/local/lib/python3.8/site-packages/mmengine/model/base_model/base_model.py"", line 145, in test_step
"
2025-10-15 06:53:40.739961+00:00,20,5fa6471e-f93c-47a5-a1b8-b81ab8269b7f,0199e6a4-bf91-78b5-ac77-4df38127832c,"    return self._run_forward(data, mode='predict')  # type: ignore
"
2025-10-15 06:53:40.741938+00:00,20,5fa6471e-f93c-47a5-a1b8-b81ab8269b7f,0199e6a4-bf91-78b5-ac77-4df38127832c,"  File ""/usr/local/lib/python3.8/site-packages/mmengine/model/base_model/base_model.py"", line 361, in _run_forward
"
2025-10-15 06:53:40.743837+00:00,20,5fa6471e-f93c-47a5-a1b8-b81ab8269b7f,0199e6a4-bf91-78b5-ac77-4df38127832c,"    results = self(**data, mode=mode)
"
2025-10-15 06:53:40.745768+00:00,20,5fa6471e-f93c-47a5-a1b8-b81ab8269b7f,0199e6a4-bf91-78b5-ac77-4df38127832c,"  File ""/usr/local/lib/python3.8/site-packages/torch/nn/modules/module.py"", line 1051, in _call_impl
"
2025-10-15 06:53:40.747669+00:00,20,5fa6471e-f93c-47a5-a1b8-b81ab8269b7f,0199e6a4-bf91-78b5-ac77-4df38127832c,"    return forward_call(*input, **kwargs)
"
2025-10-15 06:53:40.749570+00:00,20,5fa6471e-f93c-47a5-a1b8-b81ab8269b7f,0199e6a4-bf91-78b5-ac77-4df38127832c,"  File ""/usr/local/lib/python3.8/site-packages/mmdet/models/detectors/base.py"", line 94, in forward
"
2025-10-15 06:53:40.751445+00:00,20,5fa6471e-f93c-47a5-a1b8-b81ab8269b7f,0199e6a4-bf91-78b5-ac77-4df38127832c,"    return self.predict(inputs, data_samples)
"
2025-10-15 06:53:40.753260+00:00,20,5fa6471e-f93c-47a5-a1b8-b81ab8269b7f,0199e6a4-bf91-78b5-ac77-4df38127832c,"  File ""/usr/local/lib/python3.8/site-packages/mmdet/models/detectors/two_stage.py"", line 227, in predict
"
2025-10-15 06:53:40.754776+00:00,20,5fa6471e-f93c-47a5-a1b8-b81ab8269b7f,0199e6a4-bf91-78b5-ac77-4df38127832c,"    x = self.extract_feat(batch_inputs)
"
2025-10-15 06:53:40.756292+00:00,20,5fa6471e-f93c-47a5-a1b8-b81ab8269b7f,0199e6a4-bf91-78b5-ac77-4df38127832c,"  File ""/usr/local/lib/python3.8/site-packages/mmdet/models/detectors/two_stage.py"", line 110, in extract_feat
"
2025-10-15 06:53:40.757845+00:00,20,5fa6471e-f93c-47a5-a1b8-b81ab8269b7f,0199e6a4-bf91-78b5-ac77-4df38127832c,"    x = self.backbone(batch_inputs)
"
2025-10-15 06:53:40.759368+00:00,20,5fa6471e-f93c-47a5-a1b8-b81ab8269b7f,0199e6a4-bf91-78b5-ac77-4df38127832c,"  File ""/usr/local/lib/python3.8/site-packages/torch/nn/modules/module.py"", line 1051, in _call_impl
"
2025-10-15 06:53:40.760926+00:00,20,5fa6471e-f93c-47a5-a1b8-b81ab8269b7f,0199e6a4-bf91-78b5-ac77-4df38127832c,"    return forward_call(*input, **kwargs)
"
2025-10-15 06:53:40.762452+00:00,20,5fa6471e-f93c-47a5-a1b8-b81ab8269b7f,0199e6a4-bf91-78b5-ac77-4df38127832c,"  File ""/ardet/ardet/models/backbones/vitdet.py"", line 423, in forward
"
2025-10-15 06:53:40.763863+00:00,20,5fa6471e-f93c-47a5-a1b8-b81ab8269b7f,0199e6a4-bf91-78b5-ac77-4df38127832c,"    x = blk(x)
"
2025-10-15 06:53:40.765104+00:00,20,5fa6471e-f93c-47a5-a1b8-b81ab8269b7f,0199e6a4-bf91-78b5-ac77-4df38127832c,"  File ""/usr/local/lib/python3.8/site-packages/torch/nn/modules/module.py"", line 1051, in _call_impl
"
2025-10-15 06:53:40.766350+00:00,20,5fa6471e-f93c-47a5-a1b8-b81ab8269b7f,0199e6a4-bf91-78b5-ac77-4df38127832c,"    return forward_call(*input, **kwargs)
"
2025-10-15 06:53:40.767598+00:00,20,5fa6471e-f93c-47a5-a1b8-b81ab8269b7f,0199e6a4-bf91-78b5-ac77-4df38127832c,"  File ""/ardet/ardet/models/backbones/vitdet.py"", line 303, in forward
"
2025-10-15 06:53:40.768850+00:00,20,5fa6471e-f93c-47a5-a1b8-b81ab8269b7f,0199e6a4-bf91-78b5-ac77-4df38127832c,"    x = self.attn(x)
"
2025-10-15 06:53:40.770120+00:00,20,5fa6471e-f93c-47a5-a1b8-b81ab8269b7f,0199e6a4-bf91-78b5-ac77-4df38127832c,"  File ""/usr/local/lib/python3.8/site-packages/torch/nn/modules/module.py"", line 1051, in _call_impl
"
2025-10-15 06:53:40.771363+00:00,20,5fa6471e-f93c-47a5-a1b8-b81ab8269b7f,0199e6a4-bf91-78b5-ac77-4df38127832c,"    return forward_call(*input, **kwargs)
"
2025-10-15 06:53:40.772641+00:00,20,5fa6471e-f93c-47a5-a1b8-b81ab8269b7f,0199e6a4-bf91-78b5-ac77-4df38127832c,"  File ""/ardet/ardet/models/backbones/vitdet.py"", line 209, in forward
"
2025-10-15 06:53:40.773804+00:00,20,5fa6471e-f93c-47a5-a1b8-b81ab8269b7f,0199e6a4-bf91-78b5-ac77-4df38127832c,"    attn = add_decomposed_rel_pos(attn, q, self.rel_pos_h,
"
2025-10-15 06:53:40.774898+00:00,20,5fa6471e-f93c-47a5-a1b8-b81ab8269b7f,0199e6a4-bf91-78b5-ac77-4df38127832c,"  File ""/ardet/ardet/models/backbones/vitdet.py"", line 166, in add_decomposed_rel_pos
"
2025-10-15 06:53:40.775980+00:00,20,5fa6471e-f93c-47a5-a1b8-b81ab8269b7f,0199e6a4-bf91-78b5-ac77-4df38127832c,"    attn.view(B, q_h, q_w, k_h, k_w) +  # noqa: W504
"
2025-10-15 06:53:40.777086+00:00,20,5fa6471e-f93c-47a5-a1b8-b81ab8269b7f,0199e6a4-bf91-78b5-ac77-4df38127832c,"RuntimeError: CUDA out of memory. Tried to allocate 4.47 GiB (GPU 0; 10.57 GiB total capacity; 5.19 GiB already allocated; 4.00 GiB free; 5.27 GiB reserved in total by PyTorch)
"
2025-10-15 06:53:40.778180+00:00,20,5fa6471e-f93c-47a5-a1b8-b81ab8269b7f,0199e6a4-bf91-78b5-ac77-4df38127832c,"
"
2025-10-15 06:53:40.779233+00:00,20,5fa6471e-f93c-47a5-a1b8-b81ab8269b7f,0199e6a4-bf91-78b5-ac77-4df38127832c,"[32m2025-10-15T06:53:40.714541+0000[0m [31m[1mAn exception occurred:
"
2025-10-15 06:53:40.780317+00:00,20,5fa6471e-f93c-47a5-a1b8-b81ab8269b7f,0199e6a4-bf91-78b5-ac77-4df38127832c,"Traceback (most recent call last):
"
2025-10-15 06:53:40.781411+00:00,20,5fa6471e-f93c-47a5-a1b8-b81ab8269b7f,0199e6a4-bf91-78b5-ac77-4df38127832c,"  File ""/usr/local/lib/python3.8/site-packages/modint/runner/base_runner.py"", line 121, in inference
"
2025-10-15 06:53:40.782493+00:00,20,5fa6471e-f93c-47a5-a1b8-b81ab8269b7f,0199e6a4-bf91-78b5-ac77-4df38127832c,"    result = self.predict(data)
"
2025-10-15 06:53:40.783562+00:00,20,5fa6471e-f93c-47a5-a1b8-b81ab8269b7f,0199e6a4-bf91-78b5-ac77-4df38127832c,"  File ""/usr/local/lib/python3.8/site-packages/torch/autograd/grad_mode.py"", line 28, in decorate_context
"
2025-10-15 06:53:40.784540+00:00,20,5fa6471e-f93c-47a5-a1b8-b81ab8269b7f,0199e6a4-bf91-78b5-ac77-4df38127832c,"    return func(*args, **kwargs)
"
2025-10-15 06:53:40.785503+00:00,20,5fa6471e-f93c-47a5-a1b8-b81ab8269b7f,0199e6a4-bf91-78b5-ac77-4df38127832c,"  File ""/ardet/ardet/apis/det_runner.py"", line 99, in predict
"
2025-10-15 06:53:40.786466+00:00,20,5fa6471e-f93c-47a5-a1b8-b81ab8269b7f,0199e6a4-bf91-78b5-ac77-4df38127832c,"    return self.model.test_step(batch)
"
2025-10-15 06:53:40.787431+00:00,20,5fa6471e-f93c-47a5-a1b8-b81ab8269b7f,0199e6a4-bf91-78b5-ac77-4df38127832c,"  File ""/usr/local/lib/python3.8/site-packages/mmengine/model/base_model/base_model.py"", line 145, in test_step
"
2025-10-15 06:53:40.788425+00:00,20,5fa6471e-f93c-47a5-a1b8-b81ab8269b7f,0199e6a4-bf91-78b5-ac77-4df38127832c,"    return self._run_forward(data, mode='predict')  # type: ignore
"
2025-10-15 06:53:40.789412+00:00,20,5fa6471e-f93c-47a5-a1b8-b81ab8269b7f,0199e6a4-bf91-78b5-ac77-4df38127832c,"  File ""/usr/local/lib/python3.8/site-packages/mmengine/model/base_model/base_model.py"", line 361, in _run_forward
"
2025-10-15 06:53:40.827786+00:00,20,5fa6471e-f93c-47a5-a1b8-b81ab8269b7f,0199e6a4-bf91-78b5-ac77-4df38127832c,"    results = self(**data, mode=mode)
"
2025-10-15 06:53:40.830559+00:00,20,5fa6471e-f93c-47a5-a1b8-b81ab8269b7f,0199e6a4-bf91-78b5-ac77-4df38127832c,"  File ""/usr/local/lib/python3.8/site-packages/torch/nn/modules/module.py"", line 1051, in _call_impl
"
2025-10-15 06:53:40.832776+00:00,20,5fa6471e-f93c-47a5-a1b8-b81ab8269b7f,0199e6a4-bf91-78b5-ac77-4df38127832c,"    return forward_call(*input, **kwargs)
"
2025-10-15 06:53:40.834721+00:00,20,5fa6471e-f93c-47a5-a1b8-b81ab8269b7f,0199e6a4-bf91-78b5-ac77-4df38127832c,"  File ""/usr/local/lib/python3.8/site-packages/mmdet/models/detectors/base.py"", line 94, in forward
"
2025-10-15 06:53:40.841991+00:00,20,5fa6471e-f93c-47a5-a1b8-b81ab8269b7f,0199e6a4-bf91-78b5-ac77-4df38127832c,"    return self.predict(inputs, data_samples)
"
2025-10-15 06:53:40.844079+00:00,20,5fa6471e-f93c-47a5-a1b8-b81ab8269b7f,0199e6a4-bf91-78b5-ac77-4df38127832c,"  File ""/usr/local/lib/python3.8/site-packages/mmdet/models/detectors/two_stage.py"", line 227, in predict
"
2025-10-15 06:53:40.845985+00:00,20,5fa6471e-f93c-47a5-a1b8-b81ab8269b7f,0199e6a4-bf91-78b5-ac77-4df38127832c,"    x = self.extract_feat(batch_inputs)
"
2025-10-15 06:53:40.848165+00:00,20,5fa6471e-f93c-47a5-a1b8-b81ab8269b7f,0199e6a4-bf91-78b5-ac77-4df38127832c,"  File ""/usr/local/lib/python3.8/site-packages/mmdet/models/detectors/two_stage.py"", line 110, in extract_feat
"
2025-10-15 06:53:40.851730+00:00,20,5fa6471e-f93c-47a5-a1b8-b81ab8269b7f,0199e6a4-bf91-78b5-ac77-4df38127832c,"    x = self.backbone(batch_inputs)
"
2025-10-15 06:53:40.854476+00:00,20,5fa6471e-f93c-47a5-a1b8-b81ab8269b7f,0199e6a4-bf91-78b5-ac77-4df38127832c,"  File ""/usr/local/lib/python3.8/site-packages/torch/nn/modules/module.py"", line 1051, in _call_impl
"
2025-10-15 06:53:40.856314+00:00,20,5fa6471e-f93c-47a5-a1b8-b81ab8269b7f,0199e6a4-bf91-78b5-ac77-4df38127832c,"    return forward_call(*input, **kwargs)
"
2025-10-15 06:53:40.858064+00:00,20,5fa6471e-f93c-47a5-a1b8-b81ab8269b7f,0199e6a4-bf91-78b5-ac77-4df38127832c,"  File ""/ardet/ardet/models/backbones/vitdet.py"", line 423, in forward
"
2025-10-15 06:53:40.859828+00:00,20,5fa6471e-f93c-47a5-a1b8-b81ab8269b7f,0199e6a4-bf91-78b5-ac77-4df38127832c,"    x = blk(x)
"
2025-10-15 06:53:40.861505+00:00,20,5fa6471e-f93c-47a5-a1b8-b81ab8269b7f,0199e6a4-bf91-78b5-ac77-4df38127832c,"  File ""/usr/local/lib/python3.8/site-packages/torch/nn/modules/module.py"", line 1051, in _call_impl
"
2025-10-15 06:53:40.863188+00:00,20,5fa6471e-f93c-47a5-a1b8-b81ab8269b7f,0199e6a4-bf91-78b5-ac77-4df38127832c,"    return forward_call(*input, **kwargs)
"
2025-10-15 06:53:40.864771+00:00,20,5fa6471e-f93c-47a5-a1b8-b81ab8269b7f,0199e6a4-bf91-78b5-ac77-4df38127832c,"  File ""/ardet/ardet/models/backbones/vitdet.py"", line 303, in forward
"
2025-10-15 06:53:40.866233+00:00,20,5fa6471e-f93c-47a5-a1b8-b81ab8269b7f,0199e6a4-bf91-78b5-ac77-4df38127832c,"    x = self.attn(x)
"
2025-10-15 06:53:40.867681+00:00,20,5fa6471e-f93c-47a5-a1b8-b81ab8269b7f,0199e6a4-bf91-78b5-ac77-4df38127832c,"  File ""/usr/local/lib/python3.8/site-packages/torch/nn/modules/module.py"", line 1051, in _call_impl
"
2025-10-15 06:53:40.869170+00:00,20,5fa6471e-f93c-47a5-a1b8-b81ab8269b7f,0199e6a4-bf91-78b5-ac77-4df38127832c,"    return forward_call(*input, **kwargs)
"
2025-10-15 06:53:40.870640+00:00,20,5fa6471e-f93c-47a5-a1b8-b81ab8269b7f,0199e6a4-bf91-78b5-ac77-4df38127832c,"  File ""/ardet/ardet/models/backbones/vitdet.py"", line 209, in forward
"
2025-10-15 06:53:40.872111+00:00,20,5fa6471e-f93c-47a5-a1b8-b81ab8269b7f,0199e6a4-bf91-78b5-ac77-4df38127832c,"    attn = add_decomposed_rel_pos(attn, q, self.rel_pos_h,
"
2025-10-15 06:53:40.873623+00:00,20,5fa6471e-f93c-47a5-a1b8-b81ab8269b7f,0199e6a4-bf91-78b5-ac77-4df38127832c,"  File ""/ardet/ardet/models/backbones/vitdet.py"", line 166, in add_decomposed_rel_pos
"
2025-10-15 06:53:40.874869+00:00,20,5fa6471e-f93c-47a5-a1b8-b81ab8269b7f,0199e6a4-bf91-78b5-ac77-4df38127832c,"    attn.view(B, q_h, q_w, k_h, k_w) +  # noqa: W504
"
2025-10-15 06:53:40.876083+00:00,20,5fa6471e-f93c-47a5-a1b8-b81ab8269b7f,0199e6a4-bf91-78b5-ac77-4df38127832c,"RuntimeError: CUDA out of memory. Tried to allocate 4.47 GiB (GPU 0; 10.57 GiB total capacity; 5.19 GiB already allocated; 4.00 GiB free; 5.27 GiB reserved in total by PyTorch)
"
2025-10-15 06:53:40.877340+00:00,20,5fa6471e-f93c-47a5-a1b8-b81ab8269b7f,0199e6a4-bf91-78b5-ac77-4df38127832c,"[0m
"
2025-10-15 06:53:48.009580+00:00,20,5fa6471e-f93c-47a5-a1b8-b81ab8269b7f,0199e6a4-bf91-78b5-ac77-4df38127832c,Finished in state Completed()
2025-10-15 06:54:01.314746+00:00,20,5fa6471e-f93c-47a5-a1b8-b81ab8269b7f,0199e6a4-bf93-7ee2-aa9e-59a1d2b4ecfc,"{'msg': 'Traceback (most recent call last):\n  File ""/usr/local/lib/python3.8/site-packages/modint/runner/base_runner.py"", line 121, in inference\n    result = self.predict(data)\n  File ""/usr/local/lib/python3.8/site-packages/torch/autograd/grad_mode.py"", line 28, in decorate_context\n    return func(*args, **kwargs)\n  File ""/ardet/ardet/apis/det_runner.py"", line 99, in predict\n    return self.model.test_step(batch)\n  File ""/usr/local/lib/python3.8/site-packages/mmengine/model/base_model/base_model.py"", line 145, in test_step\n    return self._run_forward(data, mode=\'predict\')  # type: ignore\n  File ""/usr/local/lib/python3.8/site-packages/mmengine/model/base_model/base_model.py"", line 361, in _run_forward\n    results = self(**data, mode=mode)\n  File ""/usr/local/lib/python3.8/site-packages/torch/nn/modules/module.py"", line 1051, in _call_impl\n    return forward_call(*input, **kwargs)\n  File ""/usr/local/lib/python3.8/site-packages/mmdet/models/detectors/base.py"", line 94, in forward\n    return self.predict(inputs, data_samples)\n  File ""/usr/local/lib/python3.8/site-packages/mmdet/models/detectors/two_stage.py"", line 227, in predict\n    x = self.extract_feat(batch_inputs)\n  File ""/usr/local/lib/python3.8/site-packages/mmdet/models/detectors/two_stage.py"", line 110, in extract_feat\n    x = self.backbone(batch_inputs)\n  File ""/usr/local/lib/python3.8/site-packages/torch/nn/modules/module.py"", line 1051, in _call_impl\n    return forward_call(*input, **kwargs)\n  File ""/ardet/ardet/models/backbones/vitdet.py"", line 423, in forward\n    x = blk(x)\n  File ""/usr/local/lib/python3.8/site-packages/torch/nn/modules/module.py"", line 1051, in _call_impl\n    return forward_call(*input, **kwargs)\n  File ""/ardet/ardet/models/backbones/vitdet.py"", line 303, in forward\n    x = self.attn(x)\n  File ""/usr/local/lib/python3.8/site-packages/torch/nn/modules/module.py"", line 1051, in _call_impl\n    return forward_call(*input, **kwargs)\n  File ""/ardet/ardet/models/backbones/vitdet.py"", line 209, in forward\n    attn = add_decomposed_rel_pos(attn, q, self.rel_pos_h,\n  File ""/ardet/ardet/models/backbones/vitdet.py"", line 166, in add_decomposed_rel_pos\n    attn.view(B, q_h, q_w, k_h, k_w) +  # noqa: W504\nRuntimeError: CUDA out of memory. Tried to allocate 4.47 GiB (GPU 0; 10.57 GiB total capacity; 5.19 GiB already allocated; 4.00 GiB free; 5.27 GiB reserved in total by PyTorch)\n', 'retriable': False}"
2025-10-15 06:54:01.320747+00:00,40,5fa6471e-f93c-47a5-a1b8-b81ab8269b7f,0199e6a4-bf93-7ee2-aa9e-59a1d2b4ecfc,Inference was failed. See the logs for detail.
2025-10-15 06:54:01.322776+00:00,40,5fa6471e-f93c-47a5-a1b8-b81ab8269b7f,0199e6a4-bf93-7ee2-aa9e-59a1d2b4ecfc,"Task run failed with exception: InferenceFailError() - No retries configured for this task.
Traceback (most recent call last):
  File ""/usr/local/lib/python3.10/site-packages/prefect/task_engine.py"", line 857, in run_context
    yield self
  File ""/usr/local/lib/python3.10/site-packages/prefect/task_engine.py"", line 1487, in run_task_sync
    engine.call_task_fn(txn)
  File ""/usr/local/lib/python3.10/site-packages/prefect/task_engine.py"", line 874, in call_task_fn
    result = call_with_parameters(self.task.fn, parameters)
  File ""/usr/local/lib/python3.10/site-packages/prefect/utilities/callables.py"", line 210, in call_with_parameters
    return fn(*args, **kwargs)
  File ""/app/modint-prefect-main/modint_prefect/prefect_flow.py"", line 135, in run_check_inference_status_redis
    raise InferenceFailError
modint_prefect.configs.InferenceFailError"
2025-10-15 06:54:01.337259+00:00,40,5fa6471e-f93c-47a5-a1b8-b81ab8269b7f,0199e6a4-bf93-7ee2-aa9e-59a1d2b4ecfc,Finished in state Failed('Task run encountered an exception InferenceFailError: ')
2025-10-15 06:54:01.346299+00:00,40,5fa6471e-f93c-47a5-a1b8-b81ab8269b7f,,"Encountered exception during execution: InferenceFailError()
Traceback (most recent call last):
  File ""/usr/local/lib/python3.10/site-packages/prefect/flow_engine.py"", line 782, in run_context
    yield self
  File ""/usr/local/lib/python3.10/site-packages/prefect/flow_engine.py"", line 1397, in run_flow_sync
    engine.call_flow_fn()
  File ""/usr/local/lib/python3.10/site-packages/prefect/flow_engine.py"", line 802, in call_flow_fn
    result = call_with_parameters(self.flow.fn, self.parameters)
  File ""/usr/local/lib/python3.10/site-packages/prefect/utilities/callables.py"", line 210, in call_with_parameters
    return fn(*args, **kwargs)
  File ""/app/modint-prefect-main/modint_prefect/prefect_flow.py"", line 530, in run_modint_flow
    inference_result = check_inference_status_future.result()
  File ""/usr/local/lib/python3.10/site-packages/prefect/futures.py"", line 222, in result
    _result = self._final_state.result(
  File ""/usr/local/lib/python3.10/site-packages/prefect/_internal/compatibility/async_dispatch.py"", line 94, in wrapper
    return fn(*args, **kwargs)
  File ""/usr/local/lib/python3.10/site-packages/prefect/client/schemas/objects.py"", line 366, in result
    return run_coro_as_sync(
  File ""/usr/local/lib/python3.10/site-packages/prefect/utilities/asyncutils.py"", line 207, in run_coro_as_sync
    return call.result()
  File ""/usr/local/lib/python3.10/site-packages/prefect/_internal/concurrency/calls.py"", line 365, in result
    return self.future.result(timeout=timeout)
  File ""/usr/local/lib/python3.10/site-packages/prefect/_internal/concurrency/calls.py"", line 192, in result
    return self.__get_result()
  File ""/usr/local/lib/python3.10/concurrent/futures/_base.py"", line 403, in __get_result
    raise self._exception
  File ""/usr/local/lib/python3.10/site-packages/prefect/_internal/concurrency/calls.py"", line 441, in _run_async
    result = await coro
  File ""/usr/local/lib/python3.10/site-packages/prefect/utilities/asyncutils.py"", line 188, in coroutine_wrapper
    return await task
  File ""/usr/local/lib/python3.10/site-packages/prefect/states.py"", line 85, in get_state_result
    return await _get_state_result(
  File ""/usr/local/lib/python3.10/site-packages/prefect/states.py"", line 157, in _get_state_result
    raise await get_state_exception(state)
  File ""/usr/local/lib/python3.10/site-packages/prefect/task_engine.py"", line 857, in run_context
    yield self
  File ""/usr/local/lib/python3.10/site-packages/prefect/task_engine.py"", line 1487, in run_task_sync
    engine.call_task_fn(txn)
  File ""/usr/local/lib/python3.10/site-packages/prefect/task_engine.py"", line 874, in call_task_fn
    result = call_with_parameters(self.task.fn, parameters)
  File ""/usr/local/lib/python3.10/site-packages/prefect/utilities/callables.py"", line 210, in call_with_parameters
    return fn(*args, **kwargs)
  File ""/app/modint-prefect-main/modint_prefect/prefect_flow.py"", line 135, in run_check_inference_status_redis
    raise InferenceFailError
modint_prefect.configs.InferenceFailError"
2025-10-15 06:54:01.397713+00:00,20,5fa6471e-f93c-47a5-a1b8-b81ab8269b7f,,Finished in state Failed('Flow run encountered an exception: InferenceFailError: ')
2025-10-15 06:54:01.400232+00:00,40,5fa6471e-f93c-47a5-a1b8-b81ab8269b7f,,"Engine execution exited with unexpected exception
Traceback (most recent call last):
  File ""/usr/local/lib/python3.10/site-packages/prefect/flow_engine.py"", line 1554, in run_flow
    ret_val = run_flow_sync(**kwargs)
  File ""/usr/local/lib/python3.10/site-packages/prefect/flow_engine.py"", line 1399, in run_flow_sync
    return engine.state if return_type == ""state"" else engine.result()
  File ""/usr/local/lib/python3.10/site-packages/prefect/flow_engine.py"", line 361, in result
    raise self._raised
  File ""/usr/local/lib/python3.10/site-packages/prefect/flow_engine.py"", line 782, in run_context
    yield self
  File ""/usr/local/lib/python3.10/site-packages/prefect/flow_engine.py"", line 1397, in run_flow_sync
    engine.call_flow_fn()
  File ""/usr/local/lib/python3.10/site-packages/prefect/flow_engine.py"", line 802, in call_flow_fn
    result = call_with_parameters(self.flow.fn, self.parameters)
  File ""/usr/local/lib/python3.10/site-packages/prefect/utilities/callables.py"", line 210, in call_with_parameters
    return fn(*args, **kwargs)
  File ""/app/modint-prefect-main/modint_prefect/prefect_flow.py"", line 530, in run_modint_flow
    inference_result = check_inference_status_future.result()
  File ""/usr/local/lib/python3.10/site-packages/prefect/futures.py"", line 222, in result
    _result = self._final_state.result(
  File ""/usr/local/lib/python3.10/site-packages/prefect/_internal/compatibility/async_dispatch.py"", line 94, in wrapper
    return fn(*args, **kwargs)
  File ""/usr/local/lib/python3.10/site-packages/prefect/client/schemas/objects.py"", line 366, in result
    return run_coro_as_sync(
  File ""/usr/local/lib/python3.10/site-packages/prefect/utilities/asyncutils.py"", line 207, in run_coro_as_sync
    return call.result()
  File ""/usr/local/lib/python3.10/site-packages/prefect/_internal/concurrency/calls.py"", line 365, in result
    return self.future.result(timeout=timeout)
  File ""/usr/local/lib/python3.10/site-packages/prefect/_internal/concurrency/calls.py"", line 192, in result
    return self.__get_result()
  File ""/usr/local/lib/python3.10/concurrent/futures/_base.py"", line 403, in __get_result
    raise self._exception
  File ""/usr/local/lib/python3.10/site-packages/prefect/_internal/concurrency/calls.py"", line 441, in _run_async
    result = await coro
  File ""/usr/local/lib/python3.10/site-packages/prefect/utilities/asyncutils.py"", line 188, in coroutine_wrapper
    return await task
  File ""/usr/local/lib/python3.10/site-packages/prefect/states.py"", line 85, in get_state_result
    return await _get_state_result(
  File ""/usr/local/lib/python3.10/site-packages/prefect/states.py"", line 157, in _get_state_result
    raise await get_state_exception(state)
  File ""/usr/local/lib/python3.10/site-packages/prefect/task_engine.py"", line 857, in run_context
    yield self
  File ""/usr/local/lib/python3.10/site-packages/prefect/task_engine.py"", line 1487, in run_task_sync
    engine.call_task_fn(txn)
  File ""/usr/local/lib/python3.10/site-packages/prefect/task_engine.py"", line 874, in call_task_fn
    result = call_with_parameters(self.task.fn, parameters)
  File ""/usr/local/lib/python3.10/site-packages/prefect/utilities/callables.py"", line 210, in call_with_parameters
    return fn(*args, **kwargs)
  File ""/app/modint-prefect-main/modint_prefect/prefect_flow.py"", line 135, in run_check_inference_status_redis
    raise InferenceFailError
modint_prefect.configs.InferenceFailError"
2025-10-15 06:54:02.033572+00:00,40,5fa6471e-f93c-47a5-a1b8-b81ab8269b7f,,Process for flow run 'cherubic-caribou' exited with status code: 1
