timestamp,level,flow_run_id,task_run_id,message
2025-10-15 06:51:16.507181+00:00,20,6b74eff3-0d90-49e2-98d4-d487709f016e,,Worker 'KubernetesWorker a05e490e-9eac-4523-9166-1b04920e6d58' submitting flow run '6b74eff3-0d90-49e2-98d4-d487709f016e'
2025-10-15 06:51:16.681300+00:00,20,6b74eff3-0d90-49e2-98d4-d487709f016e,,Creating Kubernetes job...
2025-10-15 06:51:18.317655+00:00,20,6b74eff3-0d90-49e2-98d4-d487709f016e,,Completed submission of flow run '6b74eff3-0d90-49e2-98d4-d487709f016e'
2025-10-15 06:51:26.023225+00:00,20,6b74eff3-0d90-49e2-98d4-d487709f016e,,Opening process...
2025-10-15 06:51:28.831972+00:00,20,6b74eff3-0d90-49e2-98d4-d487709f016e,, > Running git_clone step...
2025-10-15 06:51:37.460067+00:00,20,6b74eff3-0d90-49e2-98d4-d487709f016e,,Beginning flow run 'resolute-dormouse' for flow 'run-modint-flow'
2025-10-15 06:51:37.622134+00:00,20,6b74eff3-0d90-49e2-98d4-d487709f016e,0199e6a3-7a99-7eb9-97b9-ffaf262b39d9,This job ID will be used - modint-prefect-resolute-dormouse-1
2025-10-15 06:51:37.631753+00:00,20,6b74eff3-0d90-49e2-98d4-d487709f016e,0199e6a3-7a99-7eb9-97b9-ffaf262b39d9,Finished in state Completed()
2025-10-15 06:51:38.094988+00:00,20,6b74eff3-0d90-49e2-98d4-d487709f016e,0199e6a3-7b23-7684-bd3a-90166f618434,Finished in state Completed()
2025-10-15 06:51:38.167315+00:00,20,6b74eff3-0d90-49e2-98d4-d487709f016e,0199e6a3-7b25-76ea-93bb-d509f872bd51,{'scene_path': '/nas/COG/planet/Y2025/M09/D30/planet_20250930_062514_ssc7d3_0004/20250930_062514_ssc7d3_0004_pansharpened_clip_cog.tif'}
2025-10-15 06:51:38.268684+00:00,20,6b74eff3-0d90-49e2-98d4-d487709f016e,0199e6a3-7d77-7b16-8fcc-ff83a2789262,Finished in state Completed()
2025-10-15 06:51:39.381304+00:00,20,6b74eff3-0d90-49e2-98d4-d487709f016e,0199e6a3-7b23-735b-8b4b-c3803a873238,Beginning subflow run 'sturdy-orca' for flow 'run-namespaced-job'
2025-10-15 06:52:09.601896+00:00,20,6b74eff3-0d90-49e2-98d4-d487709f016e,0199e6a3-7b23-735b-8b4b-c3803a873238,"Loads checkpoint by local backend from path: /tmp/tmp6lxaqlcc/checkpoint/model_final.pth
"
2025-10-15 06:52:09.604524+00:00,20,6b74eff3-0d90-49e2-98d4-d487709f016e,0199e6a3-7b23-735b-8b4b-c3803a873238,"Downloading artifacts:   0%|          | 0/7 [00:00<?, ?it/s]Downloading artifacts:  14%|â–ˆâ–        | 1/7 [00:00<00:00, 3983.19it/s]Downloading artifacts:  29%|â–ˆâ–ˆâ–Š       | 2/7 [00:00<00:00, 3452.10it/s]Downloading artifacts:  43%|â–ˆâ–ˆâ–ˆâ–ˆâ–Ž     | 3/7 [00:00<00:00, 205.49it/s] Downloading artifacts:  57%|â–ˆâ–ˆâ–ˆâ–ˆâ–ˆâ–‹    | 4/7 [00:00<00:00, 244.30it/s]Downloading artifacts:  71%|â–ˆâ–ˆâ–ˆâ–ˆâ–ˆâ–ˆâ–ˆâ–  | 5/7 [00:00<00:00, 82.67it/s] Downloading artifacts:  86%|â–ˆâ–ˆâ–ˆâ–ˆâ–ˆâ–ˆâ–ˆâ–ˆâ–Œ | 6/7 [00:00<00:00, 84.47it/s]Downloading artifacts: 100%|â–ˆâ–ˆâ–ˆâ–ˆâ–ˆâ–ˆâ–ˆâ–ˆâ–ˆâ–ˆ| 7/7 [00:05<00:00,  1.30it/s]Downloading artifacts: 100%|â–ˆâ–ˆâ–ˆâ–ˆâ–ˆâ–ˆâ–ˆâ–ˆâ–ˆâ–ˆ| 7/7 [00:05<00:00,  1.30it/s]Downloading artifacts: 100%|â–ˆâ–ˆâ–ˆâ–ˆâ–ˆâ–ˆâ–ˆâ–ˆâ–ˆâ–ˆ| 7/7 [00:05<00:00,  1.30it/s]
"
2025-10-15 06:52:10.627779+00:00,20,6b74eff3-0d90-49e2-98d4-d487709f016e,0199e6a3-7b23-735b-8b4b-c3803a873238,"Making patches:   0%|          | 0/1 [00:00<?, ?it/s]Making patches: 100%|â–ˆâ–ˆâ–ˆâ–ˆâ–ˆâ–ˆâ–ˆâ–ˆâ–ˆâ–ˆ| 1/1 [00:00<00:00, 4837.72it/s]
"
2025-10-15 06:52:11.726674+00:00,20,6b74eff3-0d90-49e2-98d4-d487709f016e,0199e6a3-7b23-735b-8b4b-c3803a873238,"/usr/local/lib/python3.8/site-packages/torch/nn/functional.py:3609: UserWarning: Default upsampling behavior when mode=linear is changed to align_corners=False since 0.4.0. Please specify align_corners=True if the old behavior is desired. See the documentation of nn.Upsample for details.
"
2025-10-15 06:52:11.728978+00:00,20,6b74eff3-0d90-49e2-98d4-d487709f016e,0199e6a3-7b23-735b-8b4b-c3803a873238,"  warnings.warn(
"
2025-10-15 06:52:11.730790+00:00,20,6b74eff3-0d90-49e2-98d4-d487709f016e,0199e6a3-7b23-735b-8b4b-c3803a873238,"2025-10-15 06:52:11.726 | ERROR    | modint.runner.base_runner:inference:137 - An exception occurred:
"
2025-10-15 06:52:11.732770+00:00,20,6b74eff3-0d90-49e2-98d4-d487709f016e,0199e6a3-7b23-735b-8b4b-c3803a873238,"Traceback (most recent call last):
"
2025-10-15 06:52:11.737722+00:00,20,6b74eff3-0d90-49e2-98d4-d487709f016e,0199e6a3-7b23-735b-8b4b-c3803a873238,"  File ""/usr/local/lib/python3.8/site-packages/modint/runner/base_runner.py"", line 121, in inference
"
2025-10-15 06:52:11.739740+00:00,20,6b74eff3-0d90-49e2-98d4-d487709f016e,0199e6a3-7b23-735b-8b4b-c3803a873238,"    result = self.predict(data)
"
2025-10-15 06:52:11.741520+00:00,20,6b74eff3-0d90-49e2-98d4-d487709f016e,0199e6a3-7b23-735b-8b4b-c3803a873238,"  File ""/usr/local/lib/python3.8/site-packages/torch/autograd/grad_mode.py"", line 28, in decorate_context
"
2025-10-15 06:52:11.743613+00:00,20,6b74eff3-0d90-49e2-98d4-d487709f016e,0199e6a3-7b23-735b-8b4b-c3803a873238,"    return func(*args, **kwargs)
"
2025-10-15 06:52:11.745616+00:00,20,6b74eff3-0d90-49e2-98d4-d487709f016e,0199e6a3-7b23-735b-8b4b-c3803a873238,"  File ""/ardet/ardet/apis/det_runner.py"", line 99, in predict
"
2025-10-15 06:52:11.753059+00:00,20,6b74eff3-0d90-49e2-98d4-d487709f016e,0199e6a3-7b23-735b-8b4b-c3803a873238,"    return self.model.test_step(batch)
"
2025-10-15 06:52:11.755142+00:00,20,6b74eff3-0d90-49e2-98d4-d487709f016e,0199e6a3-7b23-735b-8b4b-c3803a873238,"  File ""/usr/local/lib/python3.8/site-packages/mmengine/model/base_model/base_model.py"", line 145, in test_step
"
2025-10-15 06:52:11.757396+00:00,20,6b74eff3-0d90-49e2-98d4-d487709f016e,0199e6a3-7b23-735b-8b4b-c3803a873238,"    return self._run_forward(data, mode='predict')  # type: ignore
"
2025-10-15 06:52:11.759372+00:00,20,6b74eff3-0d90-49e2-98d4-d487709f016e,0199e6a3-7b23-735b-8b4b-c3803a873238,"  File ""/usr/local/lib/python3.8/site-packages/mmengine/model/base_model/base_model.py"", line 361, in _run_forward
"
2025-10-15 06:52:11.761605+00:00,20,6b74eff3-0d90-49e2-98d4-d487709f016e,0199e6a3-7b23-735b-8b4b-c3803a873238,"    results = self(**data, mode=mode)
"
2025-10-15 06:52:11.763703+00:00,20,6b74eff3-0d90-49e2-98d4-d487709f016e,0199e6a3-7b23-735b-8b4b-c3803a873238,"  File ""/usr/local/lib/python3.8/site-packages/torch/nn/modules/module.py"", line 1051, in _call_impl
"
2025-10-15 06:52:11.765669+00:00,20,6b74eff3-0d90-49e2-98d4-d487709f016e,0199e6a3-7b23-735b-8b4b-c3803a873238,"    return forward_call(*input, **kwargs)
"
2025-10-15 06:52:11.767811+00:00,20,6b74eff3-0d90-49e2-98d4-d487709f016e,0199e6a3-7b23-735b-8b4b-c3803a873238,"  File ""/usr/local/lib/python3.8/site-packages/mmdet/models/detectors/base.py"", line 94, in forward
"
2025-10-15 06:52:11.769643+00:00,20,6b74eff3-0d90-49e2-98d4-d487709f016e,0199e6a3-7b23-735b-8b4b-c3803a873238,"    return self.predict(inputs, data_samples)
"
2025-10-15 06:52:11.771287+00:00,20,6b74eff3-0d90-49e2-98d4-d487709f016e,0199e6a3-7b23-735b-8b4b-c3803a873238,"  File ""/usr/local/lib/python3.8/site-packages/mmdet/models/detectors/two_stage.py"", line 227, in predict
"
2025-10-15 06:52:11.773213+00:00,20,6b74eff3-0d90-49e2-98d4-d487709f016e,0199e6a3-7b23-735b-8b4b-c3803a873238,"    x = self.extract_feat(batch_inputs)
"
2025-10-15 06:52:11.774959+00:00,20,6b74eff3-0d90-49e2-98d4-d487709f016e,0199e6a3-7b23-735b-8b4b-c3803a873238,"  File ""/usr/local/lib/python3.8/site-packages/mmdet/models/detectors/two_stage.py"", line 110, in extract_feat
"
2025-10-15 06:52:11.776669+00:00,20,6b74eff3-0d90-49e2-98d4-d487709f016e,0199e6a3-7b23-735b-8b4b-c3803a873238,"    x = self.backbone(batch_inputs)
"
2025-10-15 06:52:11.778587+00:00,20,6b74eff3-0d90-49e2-98d4-d487709f016e,0199e6a3-7b23-735b-8b4b-c3803a873238,"  File ""/usr/local/lib/python3.8/site-packages/torch/nn/modules/module.py"", line 1051, in _call_impl
"
2025-10-15 06:52:11.780287+00:00,20,6b74eff3-0d90-49e2-98d4-d487709f016e,0199e6a3-7b23-735b-8b4b-c3803a873238,"    return forward_call(*input, **kwargs)
"
2025-10-15 06:52:11.781774+00:00,20,6b74eff3-0d90-49e2-98d4-d487709f016e,0199e6a3-7b23-735b-8b4b-c3803a873238,"  File ""/ardet/ardet/models/backbones/vitdet.py"", line 423, in forward
"
2025-10-15 06:52:11.783585+00:00,20,6b74eff3-0d90-49e2-98d4-d487709f016e,0199e6a3-7b23-735b-8b4b-c3803a873238,"    x = blk(x)
"
2025-10-15 06:52:11.785259+00:00,20,6b74eff3-0d90-49e2-98d4-d487709f016e,0199e6a3-7b23-735b-8b4b-c3803a873238,"  File ""/usr/local/lib/python3.8/site-packages/torch/nn/modules/module.py"", line 1051, in _call_impl
"
2025-10-15 06:52:11.786761+00:00,20,6b74eff3-0d90-49e2-98d4-d487709f016e,0199e6a3-7b23-735b-8b4b-c3803a873238,"    return forward_call(*input, **kwargs)
"
2025-10-15 06:52:11.788428+00:00,20,6b74eff3-0d90-49e2-98d4-d487709f016e,0199e6a3-7b23-735b-8b4b-c3803a873238,"  File ""/ardet/ardet/models/backbones/vitdet.py"", line 303, in forward
"
2025-10-15 06:52:11.789934+00:00,20,6b74eff3-0d90-49e2-98d4-d487709f016e,0199e6a3-7b23-735b-8b4b-c3803a873238,"    x = self.attn(x)
"
2025-10-15 06:52:11.791222+00:00,20,6b74eff3-0d90-49e2-98d4-d487709f016e,0199e6a3-7b23-735b-8b4b-c3803a873238,"  File ""/usr/local/lib/python3.8/site-packages/torch/nn/modules/module.py"", line 1051, in _call_impl
"
2025-10-15 06:52:11.827786+00:00,20,6b74eff3-0d90-49e2-98d4-d487709f016e,0199e6a3-7b23-735b-8b4b-c3803a873238,"    return forward_call(*input, **kwargs)
"
2025-10-15 06:52:11.829939+00:00,20,6b74eff3-0d90-49e2-98d4-d487709f016e,0199e6a3-7b23-735b-8b4b-c3803a873238,"  File ""/ardet/ardet/models/backbones/vitdet.py"", line 209, in forward
"
2025-10-15 06:52:11.831933+00:00,20,6b74eff3-0d90-49e2-98d4-d487709f016e,0199e6a3-7b23-735b-8b4b-c3803a873238,"    attn = add_decomposed_rel_pos(attn, q, self.rel_pos_h,
"
2025-10-15 06:52:11.833728+00:00,20,6b74eff3-0d90-49e2-98d4-d487709f016e,0199e6a3-7b23-735b-8b4b-c3803a873238,"  File ""/ardet/ardet/models/backbones/vitdet.py"", line 166, in add_decomposed_rel_pos
"
2025-10-15 06:52:11.835902+00:00,20,6b74eff3-0d90-49e2-98d4-d487709f016e,0199e6a3-7b23-735b-8b4b-c3803a873238,"    attn.view(B, q_h, q_w, k_h, k_w) +  # noqa: W504
"
2025-10-15 06:52:11.838106+00:00,20,6b74eff3-0d90-49e2-98d4-d487709f016e,0199e6a3-7b23-735b-8b4b-c3803a873238,"RuntimeError: CUDA out of memory. Tried to allocate 4.12 GiB (GPU 0; 10.76 GiB total capacity; 8.94 GiB already allocated; 415.38 MiB free; 9.01 GiB reserved in total by PyTorch)
"
2025-10-15 06:52:11.839889+00:00,20,6b74eff3-0d90-49e2-98d4-d487709f016e,0199e6a3-7b23-735b-8b4b-c3803a873238,"
"
2025-10-15 06:52:11.841832+00:00,20,6b74eff3-0d90-49e2-98d4-d487709f016e,0199e6a3-7b23-735b-8b4b-c3803a873238,"[32m2025-10-15T06:52:11.726247+0000[0m [31m[1mAn exception occurred:
"
2025-10-15 06:52:11.843693+00:00,20,6b74eff3-0d90-49e2-98d4-d487709f016e,0199e6a3-7b23-735b-8b4b-c3803a873238,"Traceback (most recent call last):
"
2025-10-15 06:52:11.845415+00:00,20,6b74eff3-0d90-49e2-98d4-d487709f016e,0199e6a3-7b23-735b-8b4b-c3803a873238,"  File ""/usr/local/lib/python3.8/site-packages/modint/runner/base_runner.py"", line 121, in inference
"
2025-10-15 06:52:11.847373+00:00,20,6b74eff3-0d90-49e2-98d4-d487709f016e,0199e6a3-7b23-735b-8b4b-c3803a873238,"    result = self.predict(data)
"
2025-10-15 06:52:11.849061+00:00,20,6b74eff3-0d90-49e2-98d4-d487709f016e,0199e6a3-7b23-735b-8b4b-c3803a873238,"  File ""/usr/local/lib/python3.8/site-packages/torch/autograd/grad_mode.py"", line 28, in decorate_context
"
2025-10-15 06:52:11.850497+00:00,20,6b74eff3-0d90-49e2-98d4-d487709f016e,0199e6a3-7b23-735b-8b4b-c3803a873238,"    return func(*args, **kwargs)
"
2025-10-15 06:52:11.852117+00:00,20,6b74eff3-0d90-49e2-98d4-d487709f016e,0199e6a3-7b23-735b-8b4b-c3803a873238,"  File ""/ardet/ardet/apis/det_runner.py"", line 99, in predict
"
2025-10-15 06:52:11.853710+00:00,20,6b74eff3-0d90-49e2-98d4-d487709f016e,0199e6a3-7b23-735b-8b4b-c3803a873238,"    return self.model.test_step(batch)
"
2025-10-15 06:52:11.855139+00:00,20,6b74eff3-0d90-49e2-98d4-d487709f016e,0199e6a3-7b23-735b-8b4b-c3803a873238,"  File ""/usr/local/lib/python3.8/site-packages/mmengine/model/base_model/base_model.py"", line 145, in test_step
"
2025-10-15 06:52:11.856605+00:00,20,6b74eff3-0d90-49e2-98d4-d487709f016e,0199e6a3-7b23-735b-8b4b-c3803a873238,"    return self._run_forward(data, mode='predict')  # type: ignore
"
2025-10-15 06:52:11.858271+00:00,20,6b74eff3-0d90-49e2-98d4-d487709f016e,0199e6a3-7b23-735b-8b4b-c3803a873238,"  File ""/usr/local/lib/python3.8/site-packages/mmengine/model/base_model/base_model.py"", line 361, in _run_forward
"
2025-10-15 06:52:11.859666+00:00,20,6b74eff3-0d90-49e2-98d4-d487709f016e,0199e6a3-7b23-735b-8b4b-c3803a873238,"    results = self(**data, mode=mode)
"
2025-10-15 06:52:11.860831+00:00,20,6b74eff3-0d90-49e2-98d4-d487709f016e,0199e6a3-7b23-735b-8b4b-c3803a873238,"  File ""/usr/local/lib/python3.8/site-packages/torch/nn/modules/module.py"", line 1051, in _call_impl
"
2025-10-15 06:52:11.864817+00:00,20,6b74eff3-0d90-49e2-98d4-d487709f016e,0199e6a3-7b23-735b-8b4b-c3803a873238,"    return forward_call(*input, **kwargs)
"
2025-10-15 06:52:11.866260+00:00,20,6b74eff3-0d90-49e2-98d4-d487709f016e,0199e6a3-7b23-735b-8b4b-c3803a873238,"  File ""/usr/local/lib/python3.8/site-packages/mmdet/models/detectors/base.py"", line 94, in forward
"
2025-10-15 06:52:11.867522+00:00,20,6b74eff3-0d90-49e2-98d4-d487709f016e,0199e6a3-7b23-735b-8b4b-c3803a873238,"    return self.predict(inputs, data_samples)
"
2025-10-15 06:52:11.868716+00:00,20,6b74eff3-0d90-49e2-98d4-d487709f016e,0199e6a3-7b23-735b-8b4b-c3803a873238,"  File ""/usr/local/lib/python3.8/site-packages/mmdet/models/detectors/two_stage.py"", line 227, in predict
"
2025-10-15 06:52:11.870213+00:00,20,6b74eff3-0d90-49e2-98d4-d487709f016e,0199e6a3-7b23-735b-8b4b-c3803a873238,"    x = self.extract_feat(batch_inputs)
"
2025-10-15 06:52:11.871616+00:00,20,6b74eff3-0d90-49e2-98d4-d487709f016e,0199e6a3-7b23-735b-8b4b-c3803a873238,"  File ""/usr/local/lib/python3.8/site-packages/mmdet/models/detectors/two_stage.py"", line 110, in extract_feat
"
2025-10-15 06:52:11.872833+00:00,20,6b74eff3-0d90-49e2-98d4-d487709f016e,0199e6a3-7b23-735b-8b4b-c3803a873238,"    x = self.backbone(batch_inputs)
"
2025-10-15 06:52:11.874308+00:00,20,6b74eff3-0d90-49e2-98d4-d487709f016e,0199e6a3-7b23-735b-8b4b-c3803a873238,"  File ""/usr/local/lib/python3.8/site-packages/torch/nn/modules/module.py"", line 1051, in _call_impl
"
2025-10-15 06:52:11.875736+00:00,20,6b74eff3-0d90-49e2-98d4-d487709f016e,0199e6a3-7b23-735b-8b4b-c3803a873238,"    return forward_call(*input, **kwargs)
"
2025-10-15 06:52:11.876985+00:00,20,6b74eff3-0d90-49e2-98d4-d487709f016e,0199e6a3-7b23-735b-8b4b-c3803a873238,"  File ""/ardet/ardet/models/backbones/vitdet.py"", line 423, in forward
"
2025-10-15 06:52:11.878023+00:00,20,6b74eff3-0d90-49e2-98d4-d487709f016e,0199e6a3-7b23-735b-8b4b-c3803a873238,"    x = blk(x)
"
2025-10-15 06:52:11.878906+00:00,20,6b74eff3-0d90-49e2-98d4-d487709f016e,0199e6a3-7b23-735b-8b4b-c3803a873238,"  File ""/usr/local/lib/python3.8/site-packages/torch/nn/modules/module.py"", line 1051, in _call_impl
"
2025-10-15 06:52:11.880305+00:00,20,6b74eff3-0d90-49e2-98d4-d487709f016e,0199e6a3-7b23-735b-8b4b-c3803a873238,"    return forward_call(*input, **kwargs)
"
2025-10-15 06:52:11.881652+00:00,20,6b74eff3-0d90-49e2-98d4-d487709f016e,0199e6a3-7b23-735b-8b4b-c3803a873238,"  File ""/ardet/ardet/models/backbones/vitdet.py"", line 303, in forward
"
2025-10-15 06:52:11.882835+00:00,20,6b74eff3-0d90-49e2-98d4-d487709f016e,0199e6a3-7b23-735b-8b4b-c3803a873238,"    x = self.attn(x)
"
2025-10-15 06:52:11.884702+00:00,20,6b74eff3-0d90-49e2-98d4-d487709f016e,0199e6a3-7b23-735b-8b4b-c3803a873238,"  File ""/usr/local/lib/python3.8/site-packages/torch/nn/modules/module.py"", line 1051, in _call_impl
"
2025-10-15 06:52:11.885743+00:00,20,6b74eff3-0d90-49e2-98d4-d487709f016e,0199e6a3-7b23-735b-8b4b-c3803a873238,"    return forward_call(*input, **kwargs)
"
2025-10-15 06:52:11.887013+00:00,20,6b74eff3-0d90-49e2-98d4-d487709f016e,0199e6a3-7b23-735b-8b4b-c3803a873238,"  File ""/ardet/ardet/models/backbones/vitdet.py"", line 209, in forward
"
2025-10-15 06:52:11.888181+00:00,20,6b74eff3-0d90-49e2-98d4-d487709f016e,0199e6a3-7b23-735b-8b4b-c3803a873238,"    attn = add_decomposed_rel_pos(attn, q, self.rel_pos_h,
"
2025-10-15 06:52:11.889286+00:00,20,6b74eff3-0d90-49e2-98d4-d487709f016e,0199e6a3-7b23-735b-8b4b-c3803a873238,"  File ""/ardet/ardet/models/backbones/vitdet.py"", line 166, in add_decomposed_rel_pos
"
2025-10-15 06:52:11.890513+00:00,20,6b74eff3-0d90-49e2-98d4-d487709f016e,0199e6a3-7b23-735b-8b4b-c3803a873238,"    attn.view(B, q_h, q_w, k_h, k_w) +  # noqa: W504
"
2025-10-15 06:52:11.891724+00:00,20,6b74eff3-0d90-49e2-98d4-d487709f016e,0199e6a3-7b23-735b-8b4b-c3803a873238,"RuntimeError: CUDA out of memory. Tried to allocate 4.12 GiB (GPU 0; 10.76 GiB total capacity; 8.94 GiB already allocated; 415.38 MiB free; 9.01 GiB reserved in total by PyTorch)
"
2025-10-15 06:52:11.928334+00:00,20,6b74eff3-0d90-49e2-98d4-d487709f016e,0199e6a3-7b23-735b-8b4b-c3803a873238,"[0m
"
2025-10-15 06:52:19.004895+00:00,20,6b74eff3-0d90-49e2-98d4-d487709f016e,0199e6a3-7b23-735b-8b4b-c3803a873238,Finished in state Completed()
2025-10-15 06:52:38.238853+00:00,20,6b74eff3-0d90-49e2-98d4-d487709f016e,0199e6a3-7b25-76ea-93bb-d509f872bd51,"{'msg': 'Traceback (most recent call last):\n  File ""/usr/local/lib/python3.8/site-packages/modint/runner/base_runner.py"", line 121, in inference\n    result = self.predict(data)\n  File ""/usr/local/lib/python3.8/site-packages/torch/autograd/grad_mode.py"", line 28, in decorate_context\n    return func(*args, **kwargs)\n  File ""/ardet/ardet/apis/det_runner.py"", line 99, in predict\n    return self.model.test_step(batch)\n  File ""/usr/local/lib/python3.8/site-packages/mmengine/model/base_model/base_model.py"", line 145, in test_step\n    return self._run_forward(data, mode=\'predict\')  # type: ignore\n  File ""/usr/local/lib/python3.8/site-packages/mmengine/model/base_model/base_model.py"", line 361, in _run_forward\n    results = self(**data, mode=mode)\n  File ""/usr/local/lib/python3.8/site-packages/torch/nn/modules/module.py"", line 1051, in _call_impl\n    return forward_call(*input, **kwargs)\n  File ""/usr/local/lib/python3.8/site-packages/mmdet/models/detectors/base.py"", line 94, in forward\n    return self.predict(inputs, data_samples)\n  File ""/usr/local/lib/python3.8/site-packages/mmdet/models/detectors/two_stage.py"", line 227, in predict\n    x = self.extract_feat(batch_inputs)\n  File ""/usr/local/lib/python3.8/site-packages/mmdet/models/detectors/two_stage.py"", line 110, in extract_feat\n    x = self.backbone(batch_inputs)\n  File ""/usr/local/lib/python3.8/site-packages/torch/nn/modules/module.py"", line 1051, in _call_impl\n    return forward_call(*input, **kwargs)\n  File ""/ardet/ardet/models/backbones/vitdet.py"", line 423, in forward\n    x = blk(x)\n  File ""/usr/local/lib/python3.8/site-packages/torch/nn/modules/module.py"", line 1051, in _call_impl\n    return forward_call(*input, **kwargs)\n  File ""/ardet/ardet/models/backbones/vitdet.py"", line 303, in forward\n    x = self.attn(x)\n  File ""/usr/local/lib/python3.8/site-packages/torch/nn/modules/module.py"", line 1051, in _call_impl\n    return forward_call(*input, **kwargs)\n  File ""/ardet/ardet/models/backbones/vitdet.py"", line 209, in forward\n    attn = add_decomposed_rel_pos(attn, q, self.rel_pos_h,\n  File ""/ardet/ardet/models/backbones/vitdet.py"", line 166, in add_decomposed_rel_pos\n    attn.view(B, q_h, q_w, k_h, k_w) +  # noqa: W504\nRuntimeError: CUDA out of memory. Tried to allocate 4.12 GiB (GPU 0; 10.76 GiB total capacity; 8.94 GiB already allocated; 415.38 MiB free; 9.01 GiB reserved in total by PyTorch)\n', 'retriable': False}"
2025-10-15 06:52:38.245662+00:00,40,6b74eff3-0d90-49e2-98d4-d487709f016e,0199e6a3-7b25-76ea-93bb-d509f872bd51,Inference was failed. See the logs for detail.
2025-10-15 06:52:38.247869+00:00,40,6b74eff3-0d90-49e2-98d4-d487709f016e,0199e6a3-7b25-76ea-93bb-d509f872bd51,"Task run failed with exception: InferenceFailError() - No retries configured for this task.
Traceback (most recent call last):
  File ""/usr/local/lib/python3.10/site-packages/prefect/task_engine.py"", line 857, in run_context
    yield self
  File ""/usr/local/lib/python3.10/site-packages/prefect/task_engine.py"", line 1487, in run_task_sync
    engine.call_task_fn(txn)
  File ""/usr/local/lib/python3.10/site-packages/prefect/task_engine.py"", line 874, in call_task_fn
    result = call_with_parameters(self.task.fn, parameters)
  File ""/usr/local/lib/python3.10/site-packages/prefect/utilities/callables.py"", line 210, in call_with_parameters
    return fn(*args, **kwargs)
  File ""/app/modint-prefect-main/modint_prefect/prefect_flow.py"", line 135, in run_check_inference_status_redis
    raise InferenceFailError
modint_prefect.configs.InferenceFailError"
2025-10-15 06:52:38.265340+00:00,40,6b74eff3-0d90-49e2-98d4-d487709f016e,0199e6a3-7b25-76ea-93bb-d509f872bd51,Finished in state Failed('Task run encountered an exception InferenceFailError: ')
2025-10-15 06:52:38.276082+00:00,40,6b74eff3-0d90-49e2-98d4-d487709f016e,,"Encountered exception during execution: InferenceFailError()
Traceback (most recent call last):
  File ""/usr/local/lib/python3.10/site-packages/prefect/flow_engine.py"", line 782, in run_context
    yield self
  File ""/usr/local/lib/python3.10/site-packages/prefect/flow_engine.py"", line 1397, in run_flow_sync
    engine.call_flow_fn()
  File ""/usr/local/lib/python3.10/site-packages/prefect/flow_engine.py"", line 802, in call_flow_fn
    result = call_with_parameters(self.flow.fn, self.parameters)
  File ""/usr/local/lib/python3.10/site-packages/prefect/utilities/callables.py"", line 210, in call_with_parameters
    return fn(*args, **kwargs)
  File ""/app/modint-prefect-main/modint_prefect/prefect_flow.py"", line 530, in run_modint_flow
    inference_result = check_inference_status_future.result()
  File ""/usr/local/lib/python3.10/site-packages/prefect/futures.py"", line 222, in result
    _result = self._final_state.result(
  File ""/usr/local/lib/python3.10/site-packages/prefect/_internal/compatibility/async_dispatch.py"", line 94, in wrapper
    return fn(*args, **kwargs)
  File ""/usr/local/lib/python3.10/site-packages/prefect/client/schemas/objects.py"", line 366, in result
    return run_coro_as_sync(
  File ""/usr/local/lib/python3.10/site-packages/prefect/utilities/asyncutils.py"", line 207, in run_coro_as_sync
    return call.result()
  File ""/usr/local/lib/python3.10/site-packages/prefect/_internal/concurrency/calls.py"", line 365, in result
    return self.future.result(timeout=timeout)
  File ""/usr/local/lib/python3.10/site-packages/prefect/_internal/concurrency/calls.py"", line 192, in result
    return self.__get_result()
  File ""/usr/local/lib/python3.10/concurrent/futures/_base.py"", line 403, in __get_result
    raise self._exception
  File ""/usr/local/lib/python3.10/site-packages/prefect/_internal/concurrency/calls.py"", line 441, in _run_async
    result = await coro
  File ""/usr/local/lib/python3.10/site-packages/prefect/utilities/asyncutils.py"", line 188, in coroutine_wrapper
    return await task
  File ""/usr/local/lib/python3.10/site-packages/prefect/states.py"", line 85, in get_state_result
    return await _get_state_result(
  File ""/usr/local/lib/python3.10/site-packages/prefect/states.py"", line 157, in _get_state_result
    raise await get_state_exception(state)
  File ""/usr/local/lib/python3.10/site-packages/prefect/task_engine.py"", line 857, in run_context
    yield self
  File ""/usr/local/lib/python3.10/site-packages/prefect/task_engine.py"", line 1487, in run_task_sync
    engine.call_task_fn(txn)
  File ""/usr/local/lib/python3.10/site-packages/prefect/task_engine.py"", line 874, in call_task_fn
    result = call_with_parameters(self.task.fn, parameters)
  File ""/usr/local/lib/python3.10/site-packages/prefect/utilities/callables.py"", line 210, in call_with_parameters
    return fn(*args, **kwargs)
  File ""/app/modint-prefect-main/modint_prefect/prefect_flow.py"", line 135, in run_check_inference_status_redis
    raise InferenceFailError
modint_prefect.configs.InferenceFailError"
2025-10-15 06:52:38.327581+00:00,20,6b74eff3-0d90-49e2-98d4-d487709f016e,,Finished in state Failed('Flow run encountered an exception: InferenceFailError: ')
2025-10-15 06:52:38.330918+00:00,40,6b74eff3-0d90-49e2-98d4-d487709f016e,,"Engine execution exited with unexpected exception
Traceback (most recent call last):
  File ""/usr/local/lib/python3.10/site-packages/prefect/flow_engine.py"", line 1554, in run_flow
    ret_val = run_flow_sync(**kwargs)
  File ""/usr/local/lib/python3.10/site-packages/prefect/flow_engine.py"", line 1399, in run_flow_sync
    return engine.state if return_type == ""state"" else engine.result()
  File ""/usr/local/lib/python3.10/site-packages/prefect/flow_engine.py"", line 361, in result
    raise self._raised
  File ""/usr/local/lib/python3.10/site-packages/prefect/flow_engine.py"", line 782, in run_context
    yield self
  File ""/usr/local/lib/python3.10/site-packages/prefect/flow_engine.py"", line 1397, in run_flow_sync
    engine.call_flow_fn()
  File ""/usr/local/lib/python3.10/site-packages/prefect/flow_engine.py"", line 802, in call_flow_fn
    result = call_with_parameters(self.flow.fn, self.parameters)
  File ""/usr/local/lib/python3.10/site-packages/prefect/utilities/callables.py"", line 210, in call_with_parameters
    return fn(*args, **kwargs)
  File ""/app/modint-prefect-main/modint_prefect/prefect_flow.py"", line 530, in run_modint_flow
    inference_result = check_inference_status_future.result()
  File ""/usr/local/lib/python3.10/site-packages/prefect/futures.py"", line 222, in result
    _result = self._final_state.result(
  File ""/usr/local/lib/python3.10/site-packages/prefect/_internal/compatibility/async_dispatch.py"", line 94, in wrapper
    return fn(*args, **kwargs)
  File ""/usr/local/lib/python3.10/site-packages/prefect/client/schemas/objects.py"", line 366, in result
    return run_coro_as_sync(
  File ""/usr/local/lib/python3.10/site-packages/prefect/utilities/asyncutils.py"", line 207, in run_coro_as_sync
    return call.result()
  File ""/usr/local/lib/python3.10/site-packages/prefect/_internal/concurrency/calls.py"", line 365, in result
    return self.future.result(timeout=timeout)
  File ""/usr/local/lib/python3.10/site-packages/prefect/_internal/concurrency/calls.py"", line 192, in result
    return self.__get_result()
  File ""/usr/local/lib/python3.10/concurrent/futures/_base.py"", line 403, in __get_result
    raise self._exception
  File ""/usr/local/lib/python3.10/site-packages/prefect/_internal/concurrency/calls.py"", line 441, in _run_async
    result = await coro
  File ""/usr/local/lib/python3.10/site-packages/prefect/utilities/asyncutils.py"", line 188, in coroutine_wrapper
    return await task
  File ""/usr/local/lib/python3.10/site-packages/prefect/states.py"", line 85, in get_state_result
    return await _get_state_result(
  File ""/usr/local/lib/python3.10/site-packages/prefect/states.py"", line 157, in _get_state_result
    raise await get_state_exception(state)
  File ""/usr/local/lib/python3.10/site-packages/prefect/task_engine.py"", line 857, in run_context
    yield self
  File ""/usr/local/lib/python3.10/site-packages/prefect/task_engine.py"", line 1487, in run_task_sync
    engine.call_task_fn(txn)
  File ""/usr/local/lib/python3.10/site-packages/prefect/task_engine.py"", line 874, in call_task_fn
    result = call_with_parameters(self.task.fn, parameters)
  File ""/usr/local/lib/python3.10/site-packages/prefect/utilities/callables.py"", line 210, in call_with_parameters
    return fn(*args, **kwargs)
  File ""/app/modint-prefect-main/modint_prefect/prefect_flow.py"", line 135, in run_check_inference_status_redis
    raise InferenceFailError
modint_prefect.configs.InferenceFailError"
2025-10-15 06:52:39.070684+00:00,40,6b74eff3-0d90-49e2-98d4-d487709f016e,,Process for flow run 'resolute-dormouse' exited with status code: 1
