timestamp,level,flow_run_id,task_run_id,message
2025-10-15 06:55:11.877991+00:00,40,717e84a8-53f8-480d-8093-b613c33e3e94,0199e6a6-bf39-77a2-b2ae-ba4d2f269b2a,"Task run failed with exception: ApiException() - No retries configured for this task.
Traceback (most recent call last):
  File ""/usr/local/lib/python3.10/site-packages/prefect/task_engine.py"", line 857, in run_context
    yield self
  File ""/usr/local/lib/python3.10/site-packages/prefect/task_engine.py"", line 1487, in run_task_sync
    engine.call_task_fn(txn)
  File ""/usr/local/lib/python3.10/site-packages/prefect/task_engine.py"", line 874, in call_task_fn
    result = call_with_parameters(self.task.fn, parameters)
  File ""/usr/local/lib/python3.10/site-packages/prefect/utilities/callables.py"", line 210, in call_with_parameters
    return fn(*args, **kwargs)
  File ""/usr/local/lib/python3.10/site-packages/prefect/utilities/asyncutils.py"", line 351, in coroutine_wrapper
    return run_coro_as_sync(ctx_call())
  File ""/usr/local/lib/python3.10/site-packages/prefect/utilities/asyncutils.py"", line 207, in run_coro_as_sync
    return call.result()
  File ""/usr/local/lib/python3.10/site-packages/prefect/_internal/concurrency/calls.py"", line 365, in result
    return self.future.result(timeout=timeout)
  File ""/usr/local/lib/python3.10/site-packages/prefect/_internal/concurrency/calls.py"", line 192, in result
    return self.__get_result()
  File ""/usr/local/lib/python3.10/concurrent/futures/_base.py"", line 403, in __get_result
    raise self._exception
  File ""/usr/local/lib/python3.10/site-packages/prefect/_internal/concurrency/calls.py"", line 441, in _run_async
    result = await coro
  File ""/usr/local/lib/python3.10/site-packages/prefect/utilities/asyncutils.py"", line 188, in coroutine_wrapper
    return await task
  File ""/usr/local/lib/python3.10/site-packages/prefect/utilities/asyncutils.py"", line 341, in ctx_call
    result = await async_fn(*args, **kwargs)
  File ""/usr/local/lib/python3.10/site-packages/prefect_kubernetes/jobs.py"", line 549, in trigger
    await create_namespaced_job.fn(
  File ""/usr/local/lib/python3.10/site-packages/prefect_kubernetes/jobs.py"", line 68, in create_namespaced_job
    return await batch_v1_client.create_namespaced_job(
  File ""/usr/local/lib/python3.10/site-packages/kubernetes_asyncio/client/api_client.py"", line 192, in __call_api
    raise e
  File ""/usr/local/lib/python3.10/site-packages/kubernetes_asyncio/client/api_client.py"", line 185, in __call_api
    response_data = await self.request(
  File ""/usr/local/lib/python3.10/site-packages/kubernetes_asyncio/client/rest.py"", line 249, in POST
    return (await self.request(""POST"", url,
  File ""/usr/local/lib/python3.10/site-packages/kubernetes_asyncio/client/rest.py"", line 206, in request
    raise ApiException(http_resp=r)
kubernetes_asyncio.client.exceptions.ApiException: (500)
Reason: Internal Server Error
HTTP response headers: <CIMultiDictProxy('Audit-Id': '6fc27e65-804b-4bf8-b97c-c3c35a503015', 'Cache-Control': 'no-cache, private', 'Content-Type': 'application/json', 'X-Kubernetes-Pf-Flowschema-Uid': '6f55dbca-b508-4e70-afe9-52f67e73d324', 'X-Kubernetes-Pf-Prioritylevel-Uid': '150be131-8663-4adc-81ef-ace72a324432', 'Date': 'Wed, 15 Oct 2025 06:55:11 GMT', 'Content-Length': '545')>
HTTP response body: {""kind"":""Status"",""apiVersion"":""v1"",""metadata"":{},""status"":""Failure"",""message"":""Internal error occurred: failed calling webhook \""mutate.kyverno.svc-fail\"": failed to call webhook: Post \""https://kyverno-operator-svc.sia-system-admission-controller.svc:443/mutate/fail?timeout=10s\"": EOF"",""reason"":""InternalError"",""details"":{""causes"":[{""message"":""failed calling webhook \""mutate.kyverno.svc-fail\"": failed to call webhook: Post \""https://kyverno-operator-svc.sia-system-admission-controller.svc:443/mutate/fail?timeout=10s\"": EOF""}]},""code"":500}

"
2025-10-15 06:55:11.918881+00:00,30,717e84a8-53f8-480d-8093-b613c33e3e94,0199e6a6-bf39-77a2-b2ae-ba4d2f269b2a,"Failed to write result: Failed to serialize object of type 'ApiException' with serializer 'pickle'. You can try a different serializer (e.g. result_serializer=""json"") or disabling persistence (persist_result=False) for this flow or task. Execution will continue, but the result has not been written"
2025-10-15 06:55:11.926163+00:00,40,717e84a8-53f8-480d-8093-b613c33e3e94,0199e6a6-bf39-77a2-b2ae-ba4d2f269b2a,"Finished in state Failed('Task run encountered an exception ApiException: (500)\nReason: Internal Server Error\nHTTP response headers: <CIMultiDictProxy(\'Audit-Id\': \'6fc27e65-804b-4bf8-b97c-c3c35a503015\', \'Cache-Control\': \'no-cache, private\', \'Content-Type\': \'application/json\', \'X-Kubernetes-Pf-Flowschema-Uid\': \'6f55dbca-b508-4e70-afe9-52f67e73d324\', \'X-Kubernetes-Pf-Prioritylevel-Uid\': \'150be131-8663-4adc-81ef-ace72a324432\', \'Date\': \'Wed, 15 Oct 2025 06:55:11 GMT\', \'Content-Length\': \'545\')>\nHTTP response body: {""kind"":""Status"",""apiVersion"":""v1"",""metadata"":{},""status"":""Failure"",""message"":""Internal error occurred: failed calling webhook \\""mutate.kyverno.svc-fail\\"": failed to call webhook: Post \\""https://kyverno-operator-svc.sia-system-admission-controller.svc:443/mutate/fail?timeout=10s\\"": EOF"",""reason"":""InternalError"",""details"":{""causes"":[{""message"":""failed calling webhook \\""mutate.kyverno.svc-fail\\"": failed to call webhook: Post \\""https://kyverno-operator-svc.sia-system-admission-controller.svc:443/mutate/fail?timeout=10s\\"": EOF""}]},""code"":500}\n\n')"
2025-10-15 06:55:11.929500+00:00,40,717e84a8-53f8-480d-8093-b613c33e3e94,,"Encountered exception during execution: ApiException()
Traceback (most recent call last):
  File ""/usr/local/lib/python3.10/site-packages/prefect/flow_engine.py"", line 782, in run_context
    yield self
  File ""/usr/local/lib/python3.10/site-packages/prefect/flow_engine.py"", line 1397, in run_flow_sync
    engine.call_flow_fn()
  File ""/usr/local/lib/python3.10/site-packages/prefect/flow_engine.py"", line 802, in call_flow_fn
    result = call_with_parameters(self.flow.fn, self.parameters)
  File ""/usr/local/lib/python3.10/site-packages/prefect/utilities/callables.py"", line 210, in call_with_parameters
    return fn(*args, **kwargs)
  File ""/usr/local/lib/python3.10/site-packages/prefect_kubernetes/flows.py"", line 40, in run_namespaced_job
    kubernetes_job_run = task(kubernetes_job.trigger)()
  File ""/usr/local/lib/python3.10/site-packages/prefect/tasks.py"", line 1139, in __call__
    return run_task(
  File ""/usr/local/lib/python3.10/site-packages/prefect/task_engine.py"", line 1714, in run_task
    return run_task_sync(**kwargs)
  File ""/usr/local/lib/python3.10/site-packages/prefect/task_engine.py"", line 1489, in run_task_sync
    return engine.state if return_type == ""state"" else engine.result()
  File ""/usr/local/lib/python3.10/site-packages/prefect/task_engine.py"", line 478, in result
    raise self._raised
  File ""/usr/local/lib/python3.10/site-packages/prefect/task_engine.py"", line 857, in run_context
    yield self
  File ""/usr/local/lib/python3.10/site-packages/prefect/task_engine.py"", line 1487, in run_task_sync
    engine.call_task_fn(txn)
  File ""/usr/local/lib/python3.10/site-packages/prefect/task_engine.py"", line 874, in call_task_fn
    result = call_with_parameters(self.task.fn, parameters)
  File ""/usr/local/lib/python3.10/site-packages/prefect/utilities/callables.py"", line 210, in call_with_parameters
    return fn(*args, **kwargs)
  File ""/usr/local/lib/python3.10/site-packages/prefect/utilities/asyncutils.py"", line 351, in coroutine_wrapper
    return run_coro_as_sync(ctx_call())
  File ""/usr/local/lib/python3.10/site-packages/prefect/utilities/asyncutils.py"", line 207, in run_coro_as_sync
    return call.result()
  File ""/usr/local/lib/python3.10/site-packages/prefect/_internal/concurrency/calls.py"", line 365, in result
    return self.future.result(timeout=timeout)
  File ""/usr/local/lib/python3.10/site-packages/prefect/_internal/concurrency/calls.py"", line 192, in result
    return self.__get_result()
  File ""/usr/local/lib/python3.10/concurrent/futures/_base.py"", line 403, in __get_result
    raise self._exception
  File ""/usr/local/lib/python3.10/site-packages/prefect/_internal/concurrency/calls.py"", line 441, in _run_async
    result = await coro
  File ""/usr/local/lib/python3.10/site-packages/prefect/utilities/asyncutils.py"", line 188, in coroutine_wrapper
    return await task
  File ""/usr/local/lib/python3.10/site-packages/prefect/utilities/asyncutils.py"", line 341, in ctx_call
    result = await async_fn(*args, **kwargs)
  File ""/usr/local/lib/python3.10/site-packages/prefect_kubernetes/jobs.py"", line 549, in trigger
    await create_namespaced_job.fn(
  File ""/usr/local/lib/python3.10/site-packages/prefect_kubernetes/jobs.py"", line 68, in create_namespaced_job
    return await batch_v1_client.create_namespaced_job(
  File ""/usr/local/lib/python3.10/site-packages/kubernetes_asyncio/client/api_client.py"", line 192, in __call_api
    raise e
  File ""/usr/local/lib/python3.10/site-packages/kubernetes_asyncio/client/api_client.py"", line 185, in __call_api
    response_data = await self.request(
  File ""/usr/local/lib/python3.10/site-packages/kubernetes_asyncio/client/rest.py"", line 249, in POST
    return (await self.request(""POST"", url,
  File ""/usr/local/lib/python3.10/site-packages/kubernetes_asyncio/client/rest.py"", line 206, in request
    raise ApiException(http_resp=r)
kubernetes_asyncio.client.exceptions.ApiException: (500)
Reason: Internal Server Error
HTTP response headers: <CIMultiDictProxy('Audit-Id': '6fc27e65-804b-4bf8-b97c-c3c35a503015', 'Cache-Control': 'no-cache, private', 'Content-Type': 'application/json', 'X-Kubernetes-Pf-Flowschema-Uid': '6f55dbca-b508-4e70-afe9-52f67e73d324', 'X-Kubernetes-Pf-Prioritylevel-Uid': '150be131-8663-4adc-81ef-ace72a324432', 'Date': 'Wed, 15 Oct 2025 06:55:11 GMT', 'Content-Length': '545')>
HTTP response body: {""kind"":""Status"",""apiVersion"":""v1"",""metadata"":{},""status"":""Failure"",""message"":""Internal error occurred: failed calling webhook \""mutate.kyverno.svc-fail\"": failed to call webhook: Post \""https://kyverno-operator-svc.sia-system-admission-controller.svc:443/mutate/fail?timeout=10s\"": EOF"",""reason"":""InternalError"",""details"":{""causes"":[{""message"":""failed calling webhook \""mutate.kyverno.svc-fail\"": failed to call webhook: Post \""https://kyverno-operator-svc.sia-system-admission-controller.svc:443/mutate/fail?timeout=10s\"": EOF""}]},""code"":500}

"
2025-10-15 06:55:11.996981+00:00,20,717e84a8-53f8-480d-8093-b613c33e3e94,,"Finished in state Failed('Flow run encountered an exception: ApiException: (500)\nReason: Internal Server Error\nHTTP response headers: <CIMultiDictProxy(\'Audit-Id\': \'6fc27e65-804b-4bf8-b97c-c3c35a503015\', \'Cache-Control\': \'no-cache, private\', \'Content-Type\': \'application/json\', \'X-Kubernetes-Pf-Flowschema-Uid\': \'6f55dbca-b508-4e70-afe9-52f67e73d324\', \'X-Kubernetes-Pf-Prioritylevel-Uid\': \'150be131-8663-4adc-81ef-ace72a324432\', \'Date\': \'Wed, 15 Oct 2025 06:55:11 GMT\', \'Content-Length\': \'545\')>\nHTTP response body: {""kind"":""Status"",""apiVersion"":""v1"",""metadata"":{},""status"":""Failure"",""message"":""Internal error occurred: failed calling webhook \\""mutate.kyverno.svc-fail\\"": failed to call webhook: Post \\""https://kyverno-operator-svc.sia-system-admission-controller.svc:443/mutate/fail?timeout=10s\\"": EOF"",""reason"":""InternalError"",""details"":{""causes"":[{""message"":""failed calling webhook \\""mutate.kyverno.svc-fail\\"": failed to call webhook: Post \\""https://kyverno-operator-svc.sia-system-admission-controller.svc:443/mutate/fail?timeout=10s\\"": EOF""}]},""code"":500}\n\n')"
