timestamp,level,flow_run_id,task_run_id,message
2025-10-13 00:11:42.716376+00:00,20,96daf83b-d85a-46f3-9076-bf63b965d3be,,Worker 'KubernetesWorker a05e490e-9eac-4523-9166-1b04920e6d58' submitting flow run '96daf83b-d85a-46f3-9076-bf63b965d3be'
2025-10-13 00:11:42.927088+00:00,20,96daf83b-d85a-46f3-9076-bf63b965d3be,,Creating Kubernetes job...
2025-10-13 00:11:43.436222+00:00,20,96daf83b-d85a-46f3-9076-bf63b965d3be,,Completed submission of flow run '96daf83b-d85a-46f3-9076-bf63b965d3be'
2025-10-13 00:11:50.186037+00:00,20,96daf83b-d85a-46f3-9076-bf63b965d3be,,Opening process...
2025-10-13 00:11:52.870077+00:00,20,96daf83b-d85a-46f3-9076-bf63b965d3be,, > Running git_clone step...
2025-10-13 00:11:58.607561+00:00,20,96daf83b-d85a-46f3-9076-bf63b965d3be,,Beginning flow run 'affable-puffin' for flow 'run-bhc-change-detection-flow'
2025-10-13 00:11:58.614817+00:00,20,96daf83b-d85a-46f3-9076-bf63b965d3be,,Using quad ID: L15-1744E-1260N
2025-10-13 00:11:58.616330+00:00,20,96daf83b-d85a-46f3-9076-bf63b965d3be,,Input path: /nas/COG/basemap_planet/Y2024/M11/D01/basemap_planet_global_monthly_2024_11_mosaic/40000_global_monthly_2024_11_mosaic_cog.tif
2025-10-13 00:11:58.617752+00:00,20,96daf83b-d85a-46f3-9076-bf63b965d3be,,Output directory: /nas/Projects/N-BHC24A/change_detection
2025-10-13 00:11:58.791706+00:00,20,96daf83b-d85a-46f3-9076-bf63b965d3be,0199dae8-df34-794f-ba91-3b9b6a4aed6a,This job ID will be used - prefect-affable-puffin-1
2025-10-13 00:11:58.798460+00:00,20,96daf83b-d85a-46f3-9076-bf63b965d3be,0199dae8-df34-794f-ba91-3b9b6a4aed6a,Finished in state Completed()
2025-10-13 00:11:59.090861+00:00,20,96daf83b-d85a-46f3-9076-bf63b965d3be,0199dae8-dfea-7aa8-ac0d-e545e4d38e37,Searching with specific quad_id pattern: /nas/Projects/N-BHC24A/segmentation/40000_global_monthly_2024_10_*--L15-1744E-1260N--building.gpkg
2025-10-13 00:11:59.142181+00:00,20,96daf83b-d85a-46f3-9076-bf63b965d3be,0199dae8-dfea-7aa8-ac0d-e545e4d38e37,Finished in state Completed()
2025-10-13 00:11:59.275221+00:00,20,96daf83b-d85a-46f3-9076-bf63b965d3be,0199dae8-e12b-7e87-8fd5-1d1174ff9e05,Finished in state Completed()
2025-10-13 00:11:59.375556+00:00,20,96daf83b-d85a-46f3-9076-bf63b965d3be,0199dae8-e1b2-7b44-b96f-864b7afe8fa9,Finished in state Completed()
2025-10-13 00:11:59.383974+00:00,20,96daf83b-d85a-46f3-9076-bf63b965d3be,,Previous RGB VRT path: /nas/Projects/N-BHC24A/modint-prefect-workspace/temp/vrt/40000_global_monthly_2024_10_mosaic_cog_L15-1744E-1260N.vrt
2025-10-13 00:11:59.385581+00:00,20,96daf83b-d85a-46f3-9076-bf63b965d3be,,Current RGB VRT path: /nas/Projects/N-BHC24A/modint-prefect-workspace/temp/vrt/40000_global_monthly_2024_11_mosaic_cog_L15-1744E-1260N.vrt
2025-10-13 00:11:59.387330+00:00,20,96daf83b-d85a-46f3-9076-bf63b965d3be,,Previous mask path: /nas/Projects/N-BHC24A/segmentation/40000_global_monthly_2024_10_mosaic_cog--L15-1744E-1260N--building.gpkg
2025-10-13 00:11:59.388949+00:00,20,96daf83b-d85a-46f3-9076-bf63b965d3be,,Current mask path: /nas/Projects/N-BHC24A/segmentation/40000_global_monthly_2024_11_mosaic_cog--L15-1744E-1260N--building.gpkg
2025-10-13 00:11:59.558464+00:00,20,96daf83b-d85a-46f3-9076-bf63b965d3be,0199dae8-e2a1-717c-88b4-69e564f96329,Finished in state Completed()
2025-10-13 00:12:00.631379+00:00,20,96daf83b-d85a-46f3-9076-bf63b965d3be,0199dae8-e21f-7517-a5dd-8c8fdaded6d9,Beginning subflow run 'stirring-gibbon' for flow 'run-namespaced-job'
2025-10-13 00:12:09.681181+00:00,20,96daf83b-d85a-46f3-9076-bf63b965d3be,0199dae8-e21f-7517-a5dd-8c8fdaded6d9,"[2025-10-13 09:12:07] All required packages seem to be installed correctly.
"
2025-10-13 00:12:09.683626+00:00,20,96daf83b-d85a-46f3-9076-bf63b965d3be,0199dae8-e21f-7517-a5dd-8c8fdaded6d9,"[2025-10-13 09:12:08] 로그 파일이 '/app/argos_temp_work/prefect-affable-puffin-1/prefect-affable-puffin-1-logs.txt'에 생성되었습니다.
"
2025-10-13 00:12:09.685778+00:00,20,96daf83b-d85a-46f3-9076-bf63b965d3be,0199dae8-e21f-7517-a5dd-8c8fdaded6d9,"[2025-10-13 09:12:08] Log file is being written to: /app/argos_temp_work/prefect-affable-puffin-1/prefect-affable-puffin-1-logs.txt
"
2025-10-13 00:12:09.687622+00:00,20,96daf83b-d85a-46f3-9076-bf63b965d3be,0199dae8-e21f-7517-a5dd-8c8fdaded6d9,"[2025-10-13 09:12:08] Temporary work directory: /app/argos_temp_work/prefect-affable-puffin-1
"
2025-10-13 00:12:09.689810+00:00,20,96daf83b-d85a-46f3-9076-bf63b965d3be,0199dae8-e21f-7517-a5dd-8c8fdaded6d9,"[2025-10-13 09:12:08] Final output will be saved in: /nas/Projects/N-BHC24A/change_detection
"
2025-10-13 00:12:09.693329+00:00,20,96daf83b-d85a-46f3-9076-bf63b965d3be,0199dae8-e21f-7517-a5dd-8c8fdaded6d9,"[2025-10-13 09:12:08] --- Starting Analysis Pipeline ---
"
2025-10-13 00:12:09.695110+00:00,20,96daf83b-d85a-46f3-9076-bf63b965d3be,0199dae8-e21f-7517-a5dd-8c8fdaded6d9,"[2025-10-13 09:12:08] [JOB_ID] prefect-affable-puffin-1 - Change detection analysis initiated
"
2025-10-13 00:12:09.697294+00:00,20,96daf83b-d85a-46f3-9076-bf63b965d3be,0199dae8-e21f-7517-a5dd-8c8fdaded6d9,"[2025-10-13 09:12:08] [JOB_ID] prefect-affable-puffin-1 - Previous RGB: /nas/Projects/N-BHC24A/modint-prefect-workspace/temp/vrt/40000_global_monthly_2024_10_mosaic_cog_L15-1744E-1260N.vrt
"
2025-10-13 00:12:09.698700+00:00,20,96daf83b-d85a-46f3-9076-bf63b965d3be,0199dae8-e21f-7517-a5dd-8c8fdaded6d9,"[2025-10-13 09:12:08] [JOB_ID] prefect-affable-puffin-1 - Current RGB: /nas/Projects/N-BHC24A/modint-prefect-workspace/temp/vrt/40000_global_monthly_2024_11_mosaic_cog_L15-1744E-1260N.vrt
"
2025-10-13 00:12:09.700806+00:00,20,96daf83b-d85a-46f3-9076-bf63b965d3be,0199dae8-e21f-7517-a5dd-8c8fdaded6d9,"[2025-10-13 09:12:08] [JOB_ID] prefect-affable-puffin-1 - Previous Mask: /nas/Projects/N-BHC24A/segmentation/40000_global_monthly_2024_10_mosaic_cog--L15-1744E-1260N--building.gpkg
"
2025-10-13 00:12:09.702794+00:00,20,96daf83b-d85a-46f3-9076-bf63b965d3be,0199dae8-e21f-7517-a5dd-8c8fdaded6d9,"[2025-10-13 09:12:08] [JOB_ID] prefect-affable-puffin-1 - Current Mask: /nas/Projects/N-BHC24A/segmentation/40000_global_monthly_2024_11_mosaic_cog--L15-1744E-1260N--building.gpkg
"
2025-10-13 00:12:09.704871+00:00,20,96daf83b-d85a-46f3-9076-bf63b965d3be,0199dae8-e21f-7517-a5dd-8c8fdaded6d9,"[2025-10-13 09:12:08] [JOB_ID] prefect-affable-puffin-1 - Temp Work Directory: /app/argos_temp_work/prefect-affable-puffin-1
"
2025-10-13 00:12:09.706826+00:00,20,96daf83b-d85a-46f3-9076-bf63b965d3be,0199dae8-e21f-7517-a5dd-8c8fdaded6d9,"[2025-10-13 09:12:08] [JOB_ID] prefect-affable-puffin-1 - Final Output Directory: /nas/Projects/N-BHC24A/change_detection
"
2025-10-13 00:12:09.708093+00:00,20,96daf83b-d85a-46f3-9076-bf63b965d3be,0199dae8-e21f-7517-a5dd-8c8fdaded6d9,"[2025-10-13 09:12:08] [INFO] Converting prev GPKG to mask: /nas/Projects/N-BHC24A/segmentation/40000_global_monthly_2024_10_mosaic_cog--L15-1744E-1260N--building.gpkg
"
2025-10-13 00:12:09.709216+00:00,20,96daf83b-d85a-46f3-9076-bf63b965d3be,0199dae8-e21f-7517-a5dd-8c8fdaded6d9,"[2025-10-13 09:12:08] --- Starting GPKG to Raster Mask Preprocessing for 40000_global_monthly_2024_10_mosaic_cog--L15-1744E-1260N--building.gpkg ---
"
2025-10-13 00:12:13.617619+00:00,20,96daf83b-d85a-46f3-9076-bf63b965d3be,0199dae8-e21f-7517-a5dd-8c8fdaded6d9,"Creating output file that is 16384P x 16384L.
"
2025-10-13 00:12:13.620062+00:00,20,96daf83b-d85a-46f3-9076-bf63b965d3be,0199dae8-e21f-7517-a5dd-8c8fdaded6d9,"Using internal nodata values (e.g. 0) for image /nas/Projects/N-BHC24A/modint-prefect-workspace/temp/vrt/40000_global_monthly_2024_10_mosaic_cog_L15-1744E-1260N.vrt.
"
2025-10-13 00:12:13.622261+00:00,20,96daf83b-d85a-46f3-9076-bf63b965d3be,0199dae8-e21f-7517-a5dd-8c8fdaded6d9,"Copying nodata values from source /nas/Projects/N-BHC24A/modint-prefect-workspace/temp/vrt/40000_global_monthly_2024_10_mosaic_cog_L15-1744E-1260N.vrt to destination /tmp/vrt_temp/40000_global_monthly_2024_10_mosaic_cog_L15-1744E-1260N_L15-1744E-1260N.vrt.
"
2025-10-13 00:12:13.625439+00:00,20,96daf83b-d85a-46f3-9076-bf63b965d3be,0199dae8-e21f-7517-a5dd-8c8fdaded6d9,"Processing /nas/Projects/N-BHC24A/modint-prefect-workspace/temp/vrt/40000_global_monthly_2024_10_mosaic_cog_L15-1744E-1260N.vrt [1/1] : 0...10...20...30...40...50...60...70...80...90...100 - done.
"
2025-10-13 00:12:14.273484+00:00,20,96daf83b-d85a-46f3-9076-bf63b965d3be,0199dae8-e21f-7517-a5dd-8c8fdaded6d9,"[2025-10-13 09:12:14] Successfully converted 40000_global_monthly_2024_10_mosaic_cog--L15-1744E-1260N--building.gpkg to 40000_global_monthly_2024_10_mosaic_cog--L15-1744E-1260N--building.tif
"
2025-10-13 00:12:14.276577+00:00,20,96daf83b-d85a-46f3-9076-bf63b965d3be,0199dae8-e21f-7517-a5dd-8c8fdaded6d9,"[2025-10-13 09:12:14] --- GPKG to Raster Mask Preprocessing for 40000_global_monthly_2024_10_mosaic_cog--L15-1744E-1260N--building.gpkg Complete ---
"
2025-10-13 00:12:14.278636+00:00,20,96daf83b-d85a-46f3-9076-bf63b965d3be,0199dae8-e21f-7517-a5dd-8c8fdaded6d9,"[2025-10-13 09:12:14] [INFO] Converting curr GPKG to mask: /nas/Projects/N-BHC24A/segmentation/40000_global_monthly_2024_11_mosaic_cog--L15-1744E-1260N--building.gpkg
"
2025-10-13 00:12:14.280947+00:00,20,96daf83b-d85a-46f3-9076-bf63b965d3be,0199dae8-e21f-7517-a5dd-8c8fdaded6d9,"[2025-10-13 09:12:14] --- Starting GPKG to Raster Mask Preprocessing for 40000_global_monthly_2024_11_mosaic_cog--L15-1744E-1260N--building.gpkg ---
"
2025-10-13 00:12:19.652861+00:00,20,96daf83b-d85a-46f3-9076-bf63b965d3be,0199dae8-e21f-7517-a5dd-8c8fdaded6d9,"Creating output file that is 16384P x 16384L.
"
2025-10-13 00:12:19.655257+00:00,20,96daf83b-d85a-46f3-9076-bf63b965d3be,0199dae8-e21f-7517-a5dd-8c8fdaded6d9,"Using internal nodata values (e.g. 0) for image /nas/Projects/N-BHC24A/modint-prefect-workspace/temp/vrt/40000_global_monthly_2024_11_mosaic_cog_L15-1744E-1260N.vrt.
"
2025-10-13 00:12:19.657470+00:00,20,96daf83b-d85a-46f3-9076-bf63b965d3be,0199dae8-e21f-7517-a5dd-8c8fdaded6d9,"Copying nodata values from source /nas/Projects/N-BHC24A/modint-prefect-workspace/temp/vrt/40000_global_monthly_2024_11_mosaic_cog_L15-1744E-1260N.vrt to destination /tmp/vrt_temp/40000_global_monthly_2024_11_mosaic_cog_L15-1744E-1260N_L15-1744E-1260N.vrt.
"
2025-10-13 00:12:19.661147+00:00,20,96daf83b-d85a-46f3-9076-bf63b965d3be,0199dae8-e21f-7517-a5dd-8c8fdaded6d9,"Processing /nas/Projects/N-BHC24A/modint-prefect-workspace/temp/vrt/40000_global_monthly_2024_11_mosaic_cog_L15-1744E-1260N.vrt [1/1] : 0...10...20...30...40...50...60...70...80...90...100 - done.
"
2025-10-13 00:12:20.322151+00:00,20,96daf83b-d85a-46f3-9076-bf63b965d3be,0199dae8-e21f-7517-a5dd-8c8fdaded6d9,"[2025-10-13 09:12:20] Successfully converted 40000_global_monthly_2024_11_mosaic_cog--L15-1744E-1260N--building.gpkg to 40000_global_monthly_2024_11_mosaic_cog--L15-1744E-1260N--building.tif
"
2025-10-13 00:12:20.324718+00:00,20,96daf83b-d85a-46f3-9076-bf63b965d3be,0199dae8-e21f-7517-a5dd-8c8fdaded6d9,"[2025-10-13 09:12:20] --- GPKG to Raster Mask Preprocessing for 40000_global_monthly_2024_11_mosaic_cog--L15-1744E-1260N--building.gpkg Complete ---
"
2025-10-13 00:12:20.326760+00:00,20,96daf83b-d85a-46f3-9076-bf63b965d3be,0199dae8-e21f-7517-a5dd-8c8fdaded6d9,"[2025-10-13 09:12:20] [JOB_ID] prefect-affable-puffin-1 - Processing target: building
"
2025-10-13 00:12:20.329890+00:00,20,96daf83b-d85a-46f3-9076-bf63b965d3be,0199dae8-e21f-7517-a5dd-8c8fdaded6d9,"/usr/local/lib/python3.12/site-packages/osgeo/gdal.py:314: FutureWarning: Neither gdal.UseExceptions() nor gdal.DontUseExceptions() has been explicitly called. In GDAL 4.0, exceptions will be enabled by default.
"
2025-10-13 00:12:20.331775+00:00,20,96daf83b-d85a-46f3-9076-bf63b965d3be,0199dae8-e21f-7517-a5dd-8c8fdaded6d9,"  warnings.warn(
"
2025-10-13 00:12:20.336239+00:00,20,96daf83b-d85a-46f3-9076-bf63b965d3be,0199dae8-e21f-7517-a5dd-8c8fdaded6d9,"[2025-10-13 09:12:20] Total tiles to process: 1024
"
2025-10-13 00:12:20.338146+00:00,20,96daf83b-d85a-46f3-9076-bf63b965d3be,0199dae8-e21f-7517-a5dd-8c8fdaded6d9,"[2025-10-13 09:12:20] [INFO] Running single quad analysis.
"
2025-10-13 00:13:05.986266+00:00,20,96daf83b-d85a-46f3-9076-bf63b965d3be,0199dae8-e21f-7517-a5dd-8c8fdaded6d9,"Processing Single Quad:   0%|          | 0/1024 [00:00<?, ?it/s]Processing Single Quad: 100%|██████████| 1024/1024 [00:45<00:00, 22.44it/s]
"
2025-10-13 00:13:05.989558+00:00,20,96daf83b-d85a-46f3-9076-bf63b965d3be,0199dae8-e21f-7517-a5dd-8c8fdaded6d9,"[2025-10-13 09:13:06] [WARN] No changes detected in the quad.
"
2025-10-13 00:13:05.991582+00:00,20,96daf83b-d85a-46f3-9076-bf63b965d3be,0199dae8-e21f-7517-a5dd-8c8fdaded6d9,"[2025-10-13 09:13:06] [JOB_ID] prefect-affable-puffin-1 - No changes detected - no GPKG generated
"
2025-10-13 00:13:05.993850+00:00,20,96daf83b-d85a-46f3-9076-bf63b965d3be,0199dae8-e21f-7517-a5dd-8c8fdaded6d9,"[2025-10-13 09:13:06] 
"
2025-10-13 00:13:05.996227+00:00,20,96daf83b-d85a-46f3-9076-bf63b965d3be,0199dae8-e21f-7517-a5dd-8c8fdaded6d9,"============================================================
"
2025-10-13 00:13:05.998244+00:00,20,96daf83b-d85a-46f3-9076-bf63b965d3be,0199dae8-e21f-7517-a5dd-8c8fdaded6d9,"[2025-10-13 09:13:06] --- Analysis Complete ---
"
2025-10-13 00:13:06.000325+00:00,20,96daf83b-d85a-46f3-9076-bf63b965d3be,0199dae8-e21f-7517-a5dd-8c8fdaded6d9,"[2025-10-13 09:13:06] [JOB_ID] prefect-affable-puffin-1 - Analysis completed successfully
"
2025-10-13 00:13:06.002572+00:00,20,96daf83b-d85a-46f3-9076-bf63b965d3be,0199dae8-e21f-7517-a5dd-8c8fdaded6d9,"[2025-10-13 09:13:06] Total pipeline execution time: 0.97 minutes.
"
2025-10-13 00:13:06.004592+00:00,20,96daf83b-d85a-46f3-9076-bf63b965d3be,0199dae8-e21f-7517-a5dd-8c8fdaded6d9,"[2025-10-13 09:13:06] 
"
2025-10-13 00:13:06.006773+00:00,20,96daf83b-d85a-46f3-9076-bf63b965d3be,0199dae8-e21f-7517-a5dd-8c8fdaded6d9,"============================================================
"
2025-10-13 00:13:06.008780+00:00,20,96daf83b-d85a-46f3-9076-bf63b965d3be,0199dae8-e21f-7517-a5dd-8c8fdaded6d9,"[2025-10-13 09:13:06] --- Configuration Used for This Run ---
"
2025-10-13 00:13:06.010011+00:00,20,96daf83b-d85a-46f3-9076-bf63b965d3be,0199dae8-e21f-7517-a5dd-8c8fdaded6d9,"[2025-10-13 09:13:06] 
"
2025-10-13 00:13:06.011148+00:00,20,96daf83b-d85a-46f3-9076-bf63b965d3be,0199dae8-e21f-7517-a5dd-8c8fdaded6d9,"# [Default Config]
"
2025-10-13 00:13:06.012833+00:00,20,96daf83b-d85a-46f3-9076-bf63b965d3be,0199dae8-e21f-7517-a5dd-8c8fdaded6d9,"[2025-10-13 09:13:06] {'max_cmp_tasks': 2, 'pixel_area': 1.4264, 'tile_size': 512}
"
2025-10-13 00:13:06.014899+00:00,20,96daf83b-d85a-46f3-9076-bf63b965d3be,0199dae8-e21f-7517-a5dd-8c8fdaded6d9,"[2025-10-13 09:13:06] 
"
2025-10-13 00:13:06.016746+00:00,20,96daf83b-d85a-46f3-9076-bf63b965d3be,0199dae8-e21f-7517-a5dd-8c8fdaded6d9,"# [Final Config for: ROAD]
"
2025-10-13 00:13:06.023545+00:00,20,96daf83b-d85a-46f3-9076-bf63b965d3be,0199dae8-e21f-7517-a5dd-8c8fdaded6d9,"[2025-10-13 09:13:06] {'BRIGHTNESS_AB_DELTA_THRESH': 15,
"
2025-10-13 00:13:06.025036+00:00,20,96daf83b-d85a-46f3-9076-bf63b965d3be,0199dae8-e21f-7517-a5dd-8c8fdaded6d9," 'BRIGHTNESS_L_DELTA_LOWER': 5,
"
2025-10-13 00:13:06.026295+00:00,20,96daf83b-d85a-46f3-9076-bf63b965d3be,0199dae8-e21f-7517-a5dd-8c8fdaded6d9," 'BRIGHTNESS_L_DELTA_UPPER': 30,
"
2025-10-13 00:13:06.028383+00:00,20,96daf83b-d85a-46f3-9076-bf63b965d3be,0199dae8-e21f-7517-a5dd-8c8fdaded6d9," 'BROWN_A_LOWER': 2,
"
2025-10-13 00:13:06.031522+00:00,20,96daf83b-d85a-46f3-9076-bf63b965d3be,0199dae8-e21f-7517-a5dd-8c8fdaded6d9," 'BROWN_A_UPPER': 25,
"
2025-10-13 00:13:06.033833+00:00,20,96daf83b-d85a-46f3-9076-bf63b965d3be,0199dae8-e21f-7517-a5dd-8c8fdaded6d9," 'BROWN_B_LOWER': 5,
"
2025-10-13 00:13:06.036034+00:00,20,96daf83b-d85a-46f3-9076-bf63b965d3be,0199dae8-e21f-7517-a5dd-8c8fdaded6d9," 'BROWN_B_UPPER': 40,
"
2025-10-13 00:13:06.038092+00:00,20,96daf83b-d85a-46f3-9076-bf63b965d3be,0199dae8-e21f-7517-a5dd-8c8fdaded6d9," 'BROWN_DELTA_E_THRESH': 45,
"
2025-10-13 00:13:06.040186+00:00,20,96daf83b-d85a-46f3-9076-bf63b965d3be,0199dae8-e21f-7517-a5dd-8c8fdaded6d9," 'BROWN_L_LOWER': 20,
"
2025-10-13 00:13:06.042066+00:00,20,96daf83b-d85a-46f3-9076-bf63b965d3be,0199dae8-e21f-7517-a5dd-8c8fdaded6d9," 'BROWN_L_UPPER': 85,
"
2025-10-13 00:13:06.043753+00:00,20,96daf83b-d85a-46f3-9076-bf63b965d3be,0199dae8-e21f-7517-a5dd-8c8fdaded6d9," 'GRAY_AB_THRESH': 25,
"
2025-10-13 00:13:06.045715+00:00,20,96daf83b-d85a-46f3-9076-bf63b965d3be,0199dae8-e21f-7517-a5dd-8c8fdaded6d9," 'GRAY_DELTA_E_THRESH': 50,
"
2025-10-13 00:13:06.047623+00:00,20,96daf83b-d85a-46f3-9076-bf63b965d3be,0199dae8-e21f-7517-a5dd-8c8fdaded6d9," 'GREEN_A_THRESH': -10,
"
2025-10-13 00:13:06.049472+00:00,20,96daf83b-d85a-46f3-9076-bf63b965d3be,0199dae8-e21f-7517-a5dd-8c8fdaded6d9," 'GREEN_B_LOWER': 10,
"
2025-10-13 00:13:06.051556+00:00,20,96daf83b-d85a-46f3-9076-bf63b965d3be,0199dae8-e21f-7517-a5dd-8c8fdaded6d9," 'GREEN_B_UPPER': 100,
"
2025-10-13 00:13:06.053286+00:00,20,96daf83b-d85a-46f3-9076-bf63b965d3be,0199dae8-e21f-7517-a5dd-8c8fdaded6d9," 'GREEN_DELTA_E_THRESH': 30,
"
2025-10-13 00:13:06.054779+00:00,20,96daf83b-d85a-46f3-9076-bf63b965d3be,0199dae8-e21f-7517-a5dd-8c8fdaded6d9," 'LOW_SAT_THRESH': 25,
"
2025-10-13 00:13:06.056440+00:00,20,96daf83b-d85a-46f3-9076-bf63b965d3be,0199dae8-e21f-7517-a5dd-8c8fdaded6d9," 'PERCEPTUAL_CHROMA_THRESH': 20,
"
2025-10-13 00:13:06.058091+00:00,20,96daf83b-d85a-46f3-9076-bf63b965d3be,0199dae8-e21f-7517-a5dd-8c8fdaded6d9," 'SHADOW_AB_DELTA_THRESH': 10,
"
2025-10-13 00:13:06.059918+00:00,20,96daf83b-d85a-46f3-9076-bf63b965d3be,0199dae8-e21f-7517-a5dd-8c8fdaded6d9," 'SHADOW_L_DELTA_THRESH': 50,
"
2025-10-13 00:13:06.061798+00:00,20,96daf83b-d85a-46f3-9076-bf63b965d3be,0199dae8-e21f-7517-a5dd-8c8fdaded6d9," 'SNOW_AB_THRESH': 30,
"
2025-10-13 00:13:06.063118+00:00,20,96daf83b-d85a-46f3-9076-bf63b965d3be,0199dae8-e21f-7517-a5dd-8c8fdaded6d9," 'SNOW_L_THRESH': 190,
"
2025-10-13 00:13:06.065184+00:00,20,96daf83b-d85a-46f3-9076-bf63b965d3be,0199dae8-e21f-7517-a5dd-8c8fdaded6d9," 'SNOW_TILE_THRESH': 0.5,
"
2025-10-13 00:13:06.067159+00:00,20,96daf83b-d85a-46f3-9076-bf63b965d3be,0199dae8-e21f-7517-a5dd-8c8fdaded6d9," 'SOIL_AB_DELTA_THRESH': 10,
"
2025-10-13 00:13:06.069122+00:00,20,96daf83b-d85a-46f3-9076-bf63b965d3be,0199dae8-e21f-7517-a5dd-8c8fdaded6d9," 'SOIL_DRYING_L_DELTA_LOWER': 10,
"
2025-10-13 00:13:06.070546+00:00,20,96daf83b-d85a-46f3-9076-bf63b965d3be,0199dae8-e21f-7517-a5dd-8c8fdaded6d9," 'SOIL_DRYING_L_DELTA_UPPER': 40,
"
2025-10-13 00:13:06.072307+00:00,20,96daf83b-d85a-46f3-9076-bf63b965d3be,0199dae8-e21f-7517-a5dd-8c8fdaded6d9," 'SOIL_L_DELTA_LOWER': -40,
"
2025-10-13 00:13:06.074087+00:00,20,96daf83b-d85a-46f3-9076-bf63b965d3be,0199dae8-e21f-7517-a5dd-8c8fdaded6d9," 'SOIL_L_DELTA_UPPER': -10,
"
2025-10-13 00:13:06.076046+00:00,20,96daf83b-d85a-46f3-9076-bf63b965d3be,0199dae8-e21f-7517-a5dd-8c8fdaded6d9," 'TINT_BLUE_FACTOR': 1.15,
"
2025-10-13 00:13:06.078203+00:00,20,96daf83b-d85a-46f3-9076-bf63b965d3be,0199dae8-e21f-7517-a5dd-8c8fdaded6d9," 'TINT_FILTER_ENABLED': True,
"
2025-10-13 00:13:06.079742+00:00,20,96daf83b-d85a-46f3-9076-bf63b965d3be,0199dae8-e21f-7517-a5dd-8c8fdaded6d9," 'TINT_GREEN_FACTOR': 1.15,
"
2025-10-13 00:13:06.081370+00:00,20,96daf83b-d85a-46f3-9076-bf63b965d3be,0199dae8-e21f-7517-a5dd-8c8fdaded6d9," 'TINT_MIN_MEAN_VALUE': 30,
"
2025-10-13 00:13:06.082472+00:00,20,96daf83b-d85a-46f3-9076-bf63b965d3be,0199dae8-e21f-7517-a5dd-8c8fdaded6d9," 'TINT_RED_FACTOR': 1.15,
"
2025-10-13 00:13:06.083535+00:00,20,96daf83b-d85a-46f3-9076-bf63b965d3be,0199dae8-e21f-7517-a5dd-8c8fdaded6d9," 'WATER_H_RANGE': (90, 140),
"
2025-10-13 00:13:06.085293+00:00,20,96daf83b-d85a-46f3-9076-bf63b965d3be,0199dae8-e21f-7517-a5dd-8c8fdaded6d9," 'WATER_RGB_INDEX_THRESH': 0.05,
"
2025-10-13 00:13:06.087106+00:00,20,96daf83b-d85a-46f3-9076-bf63b965d3be,0199dae8-e21f-7517-a5dd-8c8fdaded6d9," 'WATER_S_MIN_THRESH': 60,
"
2025-10-13 00:13:06.089298+00:00,20,96daf83b-d85a-46f3-9076-bf63b965d3be,0199dae8-e21f-7517-a5dd-8c8fdaded6d9," 'WATER_TEXTURE_THRESH': 10.0,
"
2025-10-13 00:13:06.124214+00:00,20,96daf83b-d85a-46f3-9076-bf63b965d3be,0199dae8-e21f-7517-a5dd-8c8fdaded6d9," 'WATER_TILE_THRESH': 0.5,
"
2025-10-13 00:13:06.126725+00:00,20,96daf83b-d85a-46f3-9076-bf63b965d3be,0199dae8-e21f-7517-a5dd-8c8fdaded6d9," 'max_cmp_tasks': 2,
"
2025-10-13 00:13:06.128609+00:00,20,96daf83b-d85a-46f3-9076-bf63b965d3be,0199dae8-e21f-7517-a5dd-8c8fdaded6d9," 'min_final_pixel_size': 50,
"
2025-10-13 00:13:06.130723+00:00,20,96daf83b-d85a-46f3-9076-bf63b965d3be,0199dae8-e21f-7517-a5dd-8c8fdaded6d9," 'min_pixel_size': 140,
"
2025-10-13 00:13:06.133125+00:00,20,96daf83b-d85a-46f3-9076-bf63b965d3be,0199dae8-e21f-7517-a5dd-8c8fdaded6d9," 'morphological_kernel_size': 7,
"
2025-10-13 00:13:06.135041+00:00,20,96daf83b-d85a-46f3-9076-bf63b965d3be,0199dae8-e21f-7517-a5dd-8c8fdaded6d9," 'pixel_area': 1.4264,
"
2025-10-13 00:13:06.137197+00:00,20,96daf83b-d85a-46f3-9076-bf63b965d3be,0199dae8-e21f-7517-a5dd-8c8fdaded6d9," 'structure_threshold': 0.8,
"
2025-10-13 00:13:06.138775+00:00,20,96daf83b-d85a-46f3-9076-bf63b965d3be,0199dae8-e21f-7517-a5dd-8c8fdaded6d9," 'tile_size': 512}
"
2025-10-13 00:13:06.140905+00:00,20,96daf83b-d85a-46f3-9076-bf63b965d3be,0199dae8-e21f-7517-a5dd-8c8fdaded6d9,"[2025-10-13 09:13:06] 
"
2025-10-13 00:13:06.143006+00:00,20,96daf83b-d85a-46f3-9076-bf63b965d3be,0199dae8-e21f-7517-a5dd-8c8fdaded6d9,"# [Final Config for: BUILDING]
"
2025-10-13 00:13:06.145085+00:00,20,96daf83b-d85a-46f3-9076-bf63b965d3be,0199dae8-e21f-7517-a5dd-8c8fdaded6d9,"[2025-10-13 09:13:06] {'BRIGHTNESS_AB_DELTA_THRESH': 15,
"
2025-10-13 00:13:06.147136+00:00,20,96daf83b-d85a-46f3-9076-bf63b965d3be,0199dae8-e21f-7517-a5dd-8c8fdaded6d9," 'BRIGHTNESS_L_DELTA_LOWER': 5,
"
2025-10-13 00:13:06.149215+00:00,20,96daf83b-d85a-46f3-9076-bf63b965d3be,0199dae8-e21f-7517-a5dd-8c8fdaded6d9," 'BRIGHTNESS_L_DELTA_UPPER': 30,
"
2025-10-13 00:13:06.151024+00:00,20,96daf83b-d85a-46f3-9076-bf63b965d3be,0199dae8-e21f-7517-a5dd-8c8fdaded6d9," 'BROWN_A_LOWER': 2,
"
2025-10-13 00:13:06.152212+00:00,20,96daf83b-d85a-46f3-9076-bf63b965d3be,0199dae8-e21f-7517-a5dd-8c8fdaded6d9," 'BROWN_A_UPPER': 25,
"
2025-10-13 00:13:06.154185+00:00,20,96daf83b-d85a-46f3-9076-bf63b965d3be,0199dae8-e21f-7517-a5dd-8c8fdaded6d9," 'BROWN_B_LOWER': 5,
"
2025-10-13 00:13:06.155696+00:00,20,96daf83b-d85a-46f3-9076-bf63b965d3be,0199dae8-e21f-7517-a5dd-8c8fdaded6d9," 'BROWN_B_UPPER': 40,
"
2025-10-13 00:13:06.157383+00:00,20,96daf83b-d85a-46f3-9076-bf63b965d3be,0199dae8-e21f-7517-a5dd-8c8fdaded6d9," 'BROWN_DELTA_E_THRESH': 45,
"
2025-10-13 00:13:06.158543+00:00,20,96daf83b-d85a-46f3-9076-bf63b965d3be,0199dae8-e21f-7517-a5dd-8c8fdaded6d9," 'BROWN_L_LOWER': 20,
"
2025-10-13 00:13:06.159612+00:00,20,96daf83b-d85a-46f3-9076-bf63b965d3be,0199dae8-e21f-7517-a5dd-8c8fdaded6d9," 'BROWN_L_UPPER': 85,
"
2025-10-13 00:13:06.161196+00:00,20,96daf83b-d85a-46f3-9076-bf63b965d3be,0199dae8-e21f-7517-a5dd-8c8fdaded6d9," 'GRAY_AB_THRESH': 25,
"
2025-10-13 00:13:06.162820+00:00,20,96daf83b-d85a-46f3-9076-bf63b965d3be,0199dae8-e21f-7517-a5dd-8c8fdaded6d9," 'GRAY_DELTA_E_THRESH': 50,
"
2025-10-13 00:13:06.163840+00:00,20,96daf83b-d85a-46f3-9076-bf63b965d3be,0199dae8-e21f-7517-a5dd-8c8fdaded6d9," 'GREEN_A_THRESH': -10,
"
2025-10-13 00:13:06.165536+00:00,20,96daf83b-d85a-46f3-9076-bf63b965d3be,0199dae8-e21f-7517-a5dd-8c8fdaded6d9," 'GREEN_B_LOWER': 10,
"
2025-10-13 00:13:06.167160+00:00,20,96daf83b-d85a-46f3-9076-bf63b965d3be,0199dae8-e21f-7517-a5dd-8c8fdaded6d9," 'GREEN_B_UPPER': 100,
"
2025-10-13 00:13:06.173342+00:00,20,96daf83b-d85a-46f3-9076-bf63b965d3be,0199dae8-e21f-7517-a5dd-8c8fdaded6d9," 'GREEN_DELTA_E_THRESH': 30,
"
2025-10-13 00:13:06.176926+00:00,20,96daf83b-d85a-46f3-9076-bf63b965d3be,0199dae8-e21f-7517-a5dd-8c8fdaded6d9," 'LOW_SAT_THRESH': 25,
"
2025-10-13 00:13:06.178572+00:00,20,96daf83b-d85a-46f3-9076-bf63b965d3be,0199dae8-e21f-7517-a5dd-8c8fdaded6d9," 'PERCEPTUAL_CHROMA_THRESH': 20,
"
2025-10-13 00:13:06.180138+00:00,20,96daf83b-d85a-46f3-9076-bf63b965d3be,0199dae8-e21f-7517-a5dd-8c8fdaded6d9," 'SHADOW_AB_DELTA_THRESH': 10,
"
2025-10-13 00:13:06.181602+00:00,20,96daf83b-d85a-46f3-9076-bf63b965d3be,0199dae8-e21f-7517-a5dd-8c8fdaded6d9," 'SHADOW_L_DELTA_THRESH': 50,
"
2025-10-13 00:13:06.183010+00:00,20,96daf83b-d85a-46f3-9076-bf63b965d3be,0199dae8-e21f-7517-a5dd-8c8fdaded6d9," 'SNOW_AB_THRESH': 20,
"
2025-10-13 00:13:06.224312+00:00,20,96daf83b-d85a-46f3-9076-bf63b965d3be,0199dae8-e21f-7517-a5dd-8c8fdaded6d9," 'SNOW_L_THRESH': 220,
"
2025-10-13 00:13:06.226154+00:00,20,96daf83b-d85a-46f3-9076-bf63b965d3be,0199dae8-e21f-7517-a5dd-8c8fdaded6d9," 'SNOW_TILE_THRESH': 0.5,
"
2025-10-13 00:13:06.228199+00:00,20,96daf83b-d85a-46f3-9076-bf63b965d3be,0199dae8-e21f-7517-a5dd-8c8fdaded6d9," 'SOIL_AB_DELTA_THRESH': 10,
"
2025-10-13 00:13:06.229483+00:00,20,96daf83b-d85a-46f3-9076-bf63b965d3be,0199dae8-e21f-7517-a5dd-8c8fdaded6d9," 'SOIL_DRYING_L_DELTA_LOWER': 10,
"
2025-10-13 00:13:06.231041+00:00,20,96daf83b-d85a-46f3-9076-bf63b965d3be,0199dae8-e21f-7517-a5dd-8c8fdaded6d9," 'SOIL_DRYING_L_DELTA_UPPER': 40,
"
2025-10-13 00:13:06.233657+00:00,20,96daf83b-d85a-46f3-9076-bf63b965d3be,0199dae8-e21f-7517-a5dd-8c8fdaded6d9," 'SOIL_L_DELTA_LOWER': -40,
"
2025-10-13 00:13:06.236087+00:00,20,96daf83b-d85a-46f3-9076-bf63b965d3be,0199dae8-e21f-7517-a5dd-8c8fdaded6d9," 'SOIL_L_DELTA_UPPER': -10,
"
2025-10-13 00:13:06.238678+00:00,20,96daf83b-d85a-46f3-9076-bf63b965d3be,0199dae8-e21f-7517-a5dd-8c8fdaded6d9," 'TINT_BLUE_FACTOR': 1.15,
"
2025-10-13 00:13:06.240933+00:00,20,96daf83b-d85a-46f3-9076-bf63b965d3be,0199dae8-e21f-7517-a5dd-8c8fdaded6d9," 'TINT_FILTER_ENABLED': True,
"
2025-10-13 00:13:06.242313+00:00,20,96daf83b-d85a-46f3-9076-bf63b965d3be,0199dae8-e21f-7517-a5dd-8c8fdaded6d9," 'TINT_GREEN_FACTOR': 1.15,
"
2025-10-13 00:13:06.243627+00:00,20,96daf83b-d85a-46f3-9076-bf63b965d3be,0199dae8-e21f-7517-a5dd-8c8fdaded6d9," 'TINT_MIN_MEAN_VALUE': 30,
"
2025-10-13 00:13:06.245902+00:00,20,96daf83b-d85a-46f3-9076-bf63b965d3be,0199dae8-e21f-7517-a5dd-8c8fdaded6d9," 'TINT_RED_FACTOR': 1.15,
"
2025-10-13 00:13:06.247770+00:00,20,96daf83b-d85a-46f3-9076-bf63b965d3be,0199dae8-e21f-7517-a5dd-8c8fdaded6d9," 'WATER_H_RANGE': (90, 140),
"
2025-10-13 00:13:06.249772+00:00,20,96daf83b-d85a-46f3-9076-bf63b965d3be,0199dae8-e21f-7517-a5dd-8c8fdaded6d9," 'WATER_RGB_INDEX_THRESH': 0.05,
"
2025-10-13 00:13:06.251172+00:00,20,96daf83b-d85a-46f3-9076-bf63b965d3be,0199dae8-e21f-7517-a5dd-8c8fdaded6d9," 'WATER_S_MIN_THRESH': 60,
"
2025-10-13 00:13:06.252278+00:00,20,96daf83b-d85a-46f3-9076-bf63b965d3be,0199dae8-e21f-7517-a5dd-8c8fdaded6d9," 'WATER_TEXTURE_THRESH': 10.0,
"
2025-10-13 00:13:06.253368+00:00,20,96daf83b-d85a-46f3-9076-bf63b965d3be,0199dae8-e21f-7517-a5dd-8c8fdaded6d9," 'WATER_TILE_THRESH': 0.5,
"
2025-10-13 00:13:06.254455+00:00,20,96daf83b-d85a-46f3-9076-bf63b965d3be,0199dae8-e21f-7517-a5dd-8c8fdaded6d9," 'max_cmp_tasks': 2,
"
2025-10-13 00:13:06.255535+00:00,20,96daf83b-d85a-46f3-9076-bf63b965d3be,0199dae8-e21f-7517-a5dd-8c8fdaded6d9," 'min_final_pixel_size': 50,
"
2025-10-13 00:13:06.256639+00:00,20,96daf83b-d85a-46f3-9076-bf63b965d3be,0199dae8-e21f-7517-a5dd-8c8fdaded6d9," 'min_pixel_size': 100,
"
2025-10-13 00:13:06.257726+00:00,20,96daf83b-d85a-46f3-9076-bf63b965d3be,0199dae8-e21f-7517-a5dd-8c8fdaded6d9," 'morphological_kernel_size': 5,
"
2025-10-13 00:13:06.258800+00:00,20,96daf83b-d85a-46f3-9076-bf63b965d3be,0199dae8-e21f-7517-a5dd-8c8fdaded6d9," 'pixel_area': 1.4264,
"
2025-10-13 00:13:06.259873+00:00,20,96daf83b-d85a-46f3-9076-bf63b965d3be,0199dae8-e21f-7517-a5dd-8c8fdaded6d9," 'structure_threshold': 0.75,
"
2025-10-13 00:13:06.260915+00:00,20,96daf83b-d85a-46f3-9076-bf63b965d3be,0199dae8-e21f-7517-a5dd-8c8fdaded6d9," 'tile_size': 512}
"
2025-10-13 00:13:06.262374+00:00,20,96daf83b-d85a-46f3-9076-bf63b965d3be,0199dae8-e21f-7517-a5dd-8c8fdaded6d9,"[2025-10-13 09:13:06] ============================================================
"
2025-10-13 00:13:06.263193+00:00,20,96daf83b-d85a-46f3-9076-bf63b965d3be,0199dae8-e21f-7517-a5dd-8c8fdaded6d9,"[2025-10-13 09:13:06] Total pipeline execution time: 0.97 minutes.
"
2025-10-13 00:13:06.263992+00:00,20,96daf83b-d85a-46f3-9076-bf63b965d3be,0199dae8-e21f-7517-a5dd-8c8fdaded6d9,"[2025-10-13 09:13:06] Check log file for full details and configuration.
"
2025-10-13 00:13:12.236066+00:00,40,96daf83b-d85a-46f3-9076-bf63b965d3be,0199dae8-e21f-7517-a5dd-8c8fdaded6d9,"Task run failed with exception: RuntimeError(""Job 'prefect-affable-puffin-1' failed due to [], check the Kubernetes pod logs for more information."") - No retries configured for this task.
Traceback (most recent call last):
  File ""/usr/local/lib/python3.10/site-packages/prefect/task_engine.py"", line 857, in run_context
    yield self
  File ""/usr/local/lib/python3.10/site-packages/prefect/task_engine.py"", line 1487, in run_task_sync
    engine.call_task_fn(txn)
  File ""/usr/local/lib/python3.10/site-packages/prefect/task_engine.py"", line 874, in call_task_fn
    result = call_with_parameters(self.task.fn, parameters)
  File ""/usr/local/lib/python3.10/site-packages/prefect/utilities/callables.py"", line 210, in call_with_parameters
    return fn(*args, **kwargs)
  File ""/app/modint-prefect-main/modint_prefect/prefect_flow.py"", line 337, in run_inference_serving
    run_namespaced_job(job, print_func=logger.info)
  File ""/usr/local/lib/python3.10/site-packages/prefect/flows.py"", line 1702, in __call__
    return run_flow(
  File ""/usr/local/lib/python3.10/site-packages/prefect/flow_engine.py"", line 1554, in run_flow
    ret_val = run_flow_sync(**kwargs)
  File ""/usr/local/lib/python3.10/site-packages/prefect/flow_engine.py"", line 1399, in run_flow_sync
    return engine.state if return_type == ""state"" else engine.result()
  File ""/usr/local/lib/python3.10/site-packages/prefect/flow_engine.py"", line 361, in result
    raise self._raised
  File ""/usr/local/lib/python3.10/site-packages/prefect/flow_engine.py"", line 782, in run_context
    yield self
  File ""/usr/local/lib/python3.10/site-packages/prefect/flow_engine.py"", line 1397, in run_flow_sync
    engine.call_flow_fn()
  File ""/usr/local/lib/python3.10/site-packages/prefect/flow_engine.py"", line 802, in call_flow_fn
    result = call_with_parameters(self.flow.fn, self.parameters)
  File ""/usr/local/lib/python3.10/site-packages/prefect/utilities/callables.py"", line 210, in call_with_parameters
    return fn(*args, **kwargs)
  File ""/usr/local/lib/python3.10/site-packages/prefect_kubernetes/flows.py"", line 42, in run_namespaced_job
    task(kubernetes_job_run.wait_for_completion)(print_func)
  File ""/usr/local/lib/python3.10/site-packages/prefect/tasks.py"", line 1139, in __call__
    return run_task(
  File ""/usr/local/lib/python3.10/site-packages/prefect/task_engine.py"", line 1714, in run_task
    return run_task_sync(**kwargs)
  File ""/usr/local/lib/python3.10/site-packages/prefect/task_engine.py"", line 1489, in run_task_sync
    return engine.state if return_type == ""state"" else engine.result()
  File ""/usr/local/lib/python3.10/site-packages/prefect/task_engine.py"", line 478, in result
    raise self._raised
  File ""/usr/local/lib/python3.10/site-packages/prefect/task_engine.py"", line 857, in run_context
    yield self
  File ""/usr/local/lib/python3.10/site-packages/prefect/task_engine.py"", line 1487, in run_task_sync
    engine.call_task_fn(txn)
  File ""/usr/local/lib/python3.10/site-packages/prefect/task_engine.py"", line 874, in call_task_fn
    result = call_with_parameters(self.task.fn, parameters)
  File ""/usr/local/lib/python3.10/site-packages/prefect/utilities/callables.py"", line 210, in call_with_parameters
    return fn(*args, **kwargs)
  File ""/usr/local/lib/python3.10/site-packages/prefect/utilities/asyncutils.py"", line 351, in coroutine_wrapper
    return run_coro_as_sync(ctx_call())
  File ""/usr/local/lib/python3.10/site-packages/prefect/utilities/asyncutils.py"", line 207, in run_coro_as_sync
    return call.result()
  File ""/usr/local/lib/python3.10/site-packages/prefect/_internal/concurrency/calls.py"", line 365, in result
    return self.future.result(timeout=timeout)
  File ""/usr/local/lib/python3.10/site-packages/prefect/_internal/concurrency/calls.py"", line 192, in result
    return self.__get_result()
  File ""/usr/local/lib/python3.10/concurrent/futures/_base.py"", line 403, in __get_result
    raise self._exception
  File ""/usr/local/lib/python3.10/site-packages/prefect/_internal/concurrency/calls.py"", line 441, in _run_async
    result = await coro
  File ""/usr/local/lib/python3.10/site-packages/prefect/utilities/asyncutils.py"", line 188, in coroutine_wrapper
    return await task
  File ""/usr/local/lib/python3.10/site-packages/prefect/utilities/asyncutils.py"", line 341, in ctx_call
    result = await async_fn(*args, **kwargs)
  File ""/usr/local/lib/python3.10/site-packages/prefect_kubernetes/jobs.py"", line 472, in wait_for_completion
    raise RuntimeError(
RuntimeError: Job 'prefect-affable-puffin-1' failed due to [], check the Kubernetes pod logs for more information."
2025-10-13 00:13:12.254489+00:00,40,96daf83b-d85a-46f3-9076-bf63b965d3be,0199dae8-e21f-7517-a5dd-8c8fdaded6d9,"Finished in state Failed(""Task run encountered an exception RuntimeError: Job 'prefect-affable-puffin-1' failed due to [], check the Kubernetes pod logs for more information."")"
2025-10-13 00:13:12.261384+00:00,40,96daf83b-d85a-46f3-9076-bf63b965d3be,,"Encountered exception during execution: RuntimeError(""Job 'prefect-affable-puffin-1' failed due to [], check the Kubernetes pod logs for more information."")
Traceback (most recent call last):
  File ""/usr/local/lib/python3.10/site-packages/prefect/flow_engine.py"", line 782, in run_context
    yield self
  File ""/usr/local/lib/python3.10/site-packages/prefect/flow_engine.py"", line 1397, in run_flow_sync
    engine.call_flow_fn()
  File ""/usr/local/lib/python3.10/site-packages/prefect/flow_engine.py"", line 802, in call_flow_fn
    result = call_with_parameters(self.flow.fn, self.parameters)
  File ""/usr/local/lib/python3.10/site-packages/prefect/utilities/callables.py"", line 210, in call_with_parameters
    return fn(*args, **kwargs)
  File ""/app/modint-prefect-main/modint_prefect/prefect_flow.py"", line 805, in run_bhc_change_detection_flow
    inference_future.result()
  File ""/usr/local/lib/python3.10/site-packages/prefect/futures.py"", line 222, in result
    _result = self._final_state.result(
  File ""/usr/local/lib/python3.10/site-packages/prefect/_internal/compatibility/async_dispatch.py"", line 94, in wrapper
    return fn(*args, **kwargs)
  File ""/usr/local/lib/python3.10/site-packages/prefect/client/schemas/objects.py"", line 366, in result
    return run_coro_as_sync(
  File ""/usr/local/lib/python3.10/site-packages/prefect/utilities/asyncutils.py"", line 207, in run_coro_as_sync
    return call.result()
  File ""/usr/local/lib/python3.10/site-packages/prefect/_internal/concurrency/calls.py"", line 365, in result
    return self.future.result(timeout=timeout)
  File ""/usr/local/lib/python3.10/site-packages/prefect/_internal/concurrency/calls.py"", line 192, in result
    return self.__get_result()
  File ""/usr/local/lib/python3.10/concurrent/futures/_base.py"", line 403, in __get_result
    raise self._exception
  File ""/usr/local/lib/python3.10/site-packages/prefect/_internal/concurrency/calls.py"", line 441, in _run_async
    result = await coro
  File ""/usr/local/lib/python3.10/site-packages/prefect/utilities/asyncutils.py"", line 188, in coroutine_wrapper
    return await task
  File ""/usr/local/lib/python3.10/site-packages/prefect/states.py"", line 85, in get_state_result
    return await _get_state_result(
  File ""/usr/local/lib/python3.10/site-packages/prefect/states.py"", line 157, in _get_state_result
    raise await get_state_exception(state)
  File ""/usr/local/lib/python3.10/site-packages/prefect/task_engine.py"", line 857, in run_context
    yield self
  File ""/usr/local/lib/python3.10/site-packages/prefect/task_engine.py"", line 1487, in run_task_sync
    engine.call_task_fn(txn)
  File ""/usr/local/lib/python3.10/site-packages/prefect/task_engine.py"", line 874, in call_task_fn
    result = call_with_parameters(self.task.fn, parameters)
  File ""/usr/local/lib/python3.10/site-packages/prefect/utilities/callables.py"", line 210, in call_with_parameters
    return fn(*args, **kwargs)
  File ""/app/modint-prefect-main/modint_prefect/prefect_flow.py"", line 337, in run_inference_serving
    run_namespaced_job(job, print_func=logger.info)
  File ""/usr/local/lib/python3.10/site-packages/prefect/flows.py"", line 1702, in __call__
    return run_flow(
  File ""/usr/local/lib/python3.10/site-packages/prefect/flow_engine.py"", line 1554, in run_flow
    ret_val = run_flow_sync(**kwargs)
  File ""/usr/local/lib/python3.10/site-packages/prefect/flow_engine.py"", line 1399, in run_flow_sync
    return engine.state if return_type == ""state"" else engine.result()
  File ""/usr/local/lib/python3.10/site-packages/prefect/flow_engine.py"", line 361, in result
    raise self._raised
  File ""/usr/local/lib/python3.10/site-packages/prefect/flow_engine.py"", line 782, in run_context
    yield self
  File ""/usr/local/lib/python3.10/site-packages/prefect/flow_engine.py"", line 1397, in run_flow_sync
    engine.call_flow_fn()
  File ""/usr/local/lib/python3.10/site-packages/prefect/flow_engine.py"", line 802, in call_flow_fn
    result = call_with_parameters(self.flow.fn, self.parameters)
  File ""/usr/local/lib/python3.10/site-packages/prefect/utilities/callables.py"", line 210, in call_with_parameters
    return fn(*args, **kwargs)
  File ""/usr/local/lib/python3.10/site-packages/prefect_kubernetes/flows.py"", line 42, in run_namespaced_job
    task(kubernetes_job_run.wait_for_completion)(print_func)
  File ""/usr/local/lib/python3.10/site-packages/prefect/tasks.py"", line 1139, in __call__
    return run_task(
  File ""/usr/local/lib/python3.10/site-packages/prefect/task_engine.py"", line 1714, in run_task
    return run_task_sync(**kwargs)
  File ""/usr/local/lib/python3.10/site-packages/prefect/task_engine.py"", line 1489, in run_task_sync
    return engine.state if return_type == ""state"" else engine.result()
  File ""/usr/local/lib/python3.10/site-packages/prefect/task_engine.py"", line 478, in result
    raise self._raised
  File ""/usr/local/lib/python3.10/site-packages/prefect/task_engine.py"", line 857, in run_context
    yield self
  File ""/usr/local/lib/python3.10/site-packages/prefect/task_engine.py"", line 1487, in run_task_sync
    engine.call_task_fn(txn)
  File ""/usr/local/lib/python3.10/site-packages/prefect/task_engine.py"", line 874, in call_task_fn
    result = call_with_parameters(self.task.fn, parameters)
  File ""/usr/local/lib/python3.10/site-packages/prefect/utilities/callables.py"", line 210, in call_with_parameters
    return fn(*args, **kwargs)
  File ""/usr/local/lib/python3.10/site-packages/prefect/utilities/asyncutils.py"", line 351, in coroutine_wrapper
    return run_coro_as_sync(ctx_call())
  File ""/usr/local/lib/python3.10/site-packages/prefect/utilities/asyncutils.py"", line 207, in run_coro_as_sync
    return call.result()
  File ""/usr/local/lib/python3.10/site-packages/prefect/_internal/concurrency/calls.py"", line 365, in result
    return self.future.result(timeout=timeout)
  File ""/usr/local/lib/python3.10/site-packages/prefect/_internal/concurrency/calls.py"", line 192, in result
    return self.__get_result()
  File ""/usr/local/lib/python3.10/concurrent/futures/_base.py"", line 403, in __get_result
    raise self._exception
  File ""/usr/local/lib/python3.10/site-packages/prefect/_internal/concurrency/calls.py"", line 441, in _run_async
    result = await coro
  File ""/usr/local/lib/python3.10/site-packages/prefect/utilities/asyncutils.py"", line 188, in coroutine_wrapper
    return await task
  File ""/usr/local/lib/python3.10/site-packages/prefect/utilities/asyncutils.py"", line 341, in ctx_call
    result = await async_fn(*args, **kwargs)
  File ""/usr/local/lib/python3.10/site-packages/prefect_kubernetes/jobs.py"", line 472, in wait_for_completion
    raise RuntimeError(
RuntimeError: Job 'prefect-affable-puffin-1' failed due to [], check the Kubernetes pod logs for more information."
2025-10-13 00:13:12.313699+00:00,20,96daf83b-d85a-46f3-9076-bf63b965d3be,,"Finished in state Failed(""Flow run encountered an exception: RuntimeError: Job 'prefect-affable-puffin-1' failed due to [], check the Kubernetes pod logs for more information."")"
2025-10-13 00:13:12.317820+00:00,40,96daf83b-d85a-46f3-9076-bf63b965d3be,,"Engine execution exited with unexpected exception
Traceback (most recent call last):
  File ""/usr/local/lib/python3.10/site-packages/prefect/flow_engine.py"", line 1554, in run_flow
    ret_val = run_flow_sync(**kwargs)
  File ""/usr/local/lib/python3.10/site-packages/prefect/flow_engine.py"", line 1399, in run_flow_sync
    return engine.state if return_type == ""state"" else engine.result()
  File ""/usr/local/lib/python3.10/site-packages/prefect/flow_engine.py"", line 361, in result
    raise self._raised
  File ""/usr/local/lib/python3.10/site-packages/prefect/flow_engine.py"", line 782, in run_context
    yield self
  File ""/usr/local/lib/python3.10/site-packages/prefect/flow_engine.py"", line 1397, in run_flow_sync
    engine.call_flow_fn()
  File ""/usr/local/lib/python3.10/site-packages/prefect/flow_engine.py"", line 802, in call_flow_fn
    result = call_with_parameters(self.flow.fn, self.parameters)
  File ""/usr/local/lib/python3.10/site-packages/prefect/utilities/callables.py"", line 210, in call_with_parameters
    return fn(*args, **kwargs)
  File ""/app/modint-prefect-main/modint_prefect/prefect_flow.py"", line 805, in run_bhc_change_detection_flow
    inference_future.result()
  File ""/usr/local/lib/python3.10/site-packages/prefect/futures.py"", line 222, in result
    _result = self._final_state.result(
  File ""/usr/local/lib/python3.10/site-packages/prefect/_internal/compatibility/async_dispatch.py"", line 94, in wrapper
    return fn(*args, **kwargs)
  File ""/usr/local/lib/python3.10/site-packages/prefect/client/schemas/objects.py"", line 366, in result
    return run_coro_as_sync(
  File ""/usr/local/lib/python3.10/site-packages/prefect/utilities/asyncutils.py"", line 207, in run_coro_as_sync
    return call.result()
  File ""/usr/local/lib/python3.10/site-packages/prefect/_internal/concurrency/calls.py"", line 365, in result
    return self.future.result(timeout=timeout)
  File ""/usr/local/lib/python3.10/site-packages/prefect/_internal/concurrency/calls.py"", line 192, in result
    return self.__get_result()
  File ""/usr/local/lib/python3.10/concurrent/futures/_base.py"", line 403, in __get_result
    raise self._exception
  File ""/usr/local/lib/python3.10/site-packages/prefect/_internal/concurrency/calls.py"", line 441, in _run_async
    result = await coro
  File ""/usr/local/lib/python3.10/site-packages/prefect/utilities/asyncutils.py"", line 188, in coroutine_wrapper
    return await task
  File ""/usr/local/lib/python3.10/site-packages/prefect/states.py"", line 85, in get_state_result
    return await _get_state_result(
  File ""/usr/local/lib/python3.10/site-packages/prefect/states.py"", line 157, in _get_state_result
    raise await get_state_exception(state)
  File ""/usr/local/lib/python3.10/site-packages/prefect/task_engine.py"", line 857, in run_context
    yield self
  File ""/usr/local/lib/python3.10/site-packages/prefect/task_engine.py"", line 1487, in run_task_sync
    engine.call_task_fn(txn)
  File ""/usr/local/lib/python3.10/site-packages/prefect/task_engine.py"", line 874, in call_task_fn
    result = call_with_parameters(self.task.fn, parameters)
  File ""/usr/local/lib/python3.10/site-packages/prefect/utilities/callables.py"", line 210, in call_with_parameters
    return fn(*args, **kwargs)
  File ""/app/modint-prefect-main/modint_prefect/prefect_flow.py"", line 337, in run_inference_serving
    run_namespaced_job(job, print_func=logger.info)
  File ""/usr/local/lib/python3.10/site-packages/prefect/flows.py"", line 1702, in __call__
    return run_flow(
  File ""/usr/local/lib/python3.10/site-packages/prefect/flow_engine.py"", line 1554, in run_flow
    ret_val = run_flow_sync(**kwargs)
  File ""/usr/local/lib/python3.10/site-packages/prefect/flow_engine.py"", line 1399, in run_flow_sync
    return engine.state if return_type == ""state"" else engine.result()
  File ""/usr/local/lib/python3.10/site-packages/prefect/flow_engine.py"", line 361, in result
    raise self._raised
  File ""/usr/local/lib/python3.10/site-packages/prefect/flow_engine.py"", line 782, in run_context
    yield self
  File ""/usr/local/lib/python3.10/site-packages/prefect/flow_engine.py"", line 1397, in run_flow_sync
    engine.call_flow_fn()
  File ""/usr/local/lib/python3.10/site-packages/prefect/flow_engine.py"", line 802, in call_flow_fn
    result = call_with_parameters(self.flow.fn, self.parameters)
  File ""/usr/local/lib/python3.10/site-packages/prefect/utilities/callables.py"", line 210, in call_with_parameters
    return fn(*args, **kwargs)
  File ""/usr/local/lib/python3.10/site-packages/prefect_kubernetes/flows.py"", line 42, in run_namespaced_job
    task(kubernetes_job_run.wait_for_completion)(print_func)
  File ""/usr/local/lib/python3.10/site-packages/prefect/tasks.py"", line 1139, in __call__
    return run_task(
  File ""/usr/local/lib/python3.10/site-packages/prefect/task_engine.py"", line 1714, in run_task
    return run_task_sync(**kwargs)
  File ""/usr/local/lib/python3.10/site-packages/prefect/task_engine.py"", line 1489, in run_task_sync
    return engine.state if return_type == ""state"" else engine.result()
  File ""/usr/local/lib/python3.10/site-packages/prefect/task_engine.py"", line 478, in result
    raise self._raised
  File ""/usr/local/lib/python3.10/site-packages/prefect/task_engine.py"", line 857, in run_context
    yield self
  File ""/usr/local/lib/python3.10/site-packages/prefect/task_engine.py"", line 1487, in run_task_sync
    engine.call_task_fn(txn)
  File ""/usr/local/lib/python3.10/site-packages/prefect/task_engine.py"", line 874, in call_task_fn
    result = call_with_parameters(self.task.fn, parameters)
  File ""/usr/local/lib/python3.10/site-packages/prefect/utilities/callables.py"", line 210, in call_with_parameters
    return fn(*args, **kwargs)
  File ""/usr/local/lib/python3.10/site-packages/prefect/utilities/asyncutils.py"", line 351, in coroutine_wrapper
    return run_coro_as_sync(ctx_call())
  File ""/usr/local/lib/python3.10/site-packages/prefect/utilities/asyncutils.py"", line 207, in run_coro_as_sync
    return call.result()
  File ""/usr/local/lib/python3.10/site-packages/prefect/_internal/concurrency/calls.py"", line 365, in result
    return self.future.result(timeout=timeout)
  File ""/usr/local/lib/python3.10/site-packages/prefect/_internal/concurrency/calls.py"", line 192, in result
    return self.__get_result()
  File ""/usr/local/lib/python3.10/concurrent/futures/_base.py"", line 403, in __get_result
    raise self._exception
  File ""/usr/local/lib/python3.10/site-packages/prefect/_internal/concurrency/calls.py"", line 441, in _run_async
    result = await coro
  File ""/usr/local/lib/python3.10/site-packages/prefect/utilities/asyncutils.py"", line 188, in coroutine_wrapper
    return await task
  File ""/usr/local/lib/python3.10/site-packages/prefect/utilities/asyncutils.py"", line 341, in ctx_call
    result = await async_fn(*args, **kwargs)
  File ""/usr/local/lib/python3.10/site-packages/prefect_kubernetes/jobs.py"", line 472, in wait_for_completion
    raise RuntimeError(
RuntimeError: Job 'prefect-affable-puffin-1' failed due to [], check the Kubernetes pod logs for more information."
2025-10-13 00:13:12.996983+00:00,40,96daf83b-d85a-46f3-9076-bf63b965d3be,,Process for flow run 'affable-puffin' exited with status code: 1
