timestamp,level,flow_run_id,task_run_id,message
2025-10-02 09:50:12.273865+00:00,20,a1461039-170e-4f7c-9372-cc4779b12e51,,Worker 'KubernetesWorker a05e490e-9eac-4523-9166-1b04920e6d58' submitting flow run 'a1461039-170e-4f7c-9372-cc4779b12e51'
2025-10-02 09:50:12.549510+00:00,20,a1461039-170e-4f7c-9372-cc4779b12e51,,Creating Kubernetes job...
2025-10-02 09:50:13.843148+00:00,20,a1461039-170e-4f7c-9372-cc4779b12e51,,Completed submission of flow run 'a1461039-170e-4f7c-9372-cc4779b12e51'
2025-10-02 09:50:21.169781+00:00,20,a1461039-170e-4f7c-9372-cc4779b12e51,,Opening process...
2025-10-02 09:50:24.265918+00:00,20,a1461039-170e-4f7c-9372-cc4779b12e51,, > Running git_clone step...
2025-10-02 09:50:30.866298+00:00,20,a1461039-170e-4f7c-9372-cc4779b12e51,,Beginning flow run 'hallowed-python' for flow 'run-bhc-change-detection-flow'
2025-10-02 09:50:30.873630+00:00,20,a1461039-170e-4f7c-9372-cc4779b12e51,,Using quad ID: L15-1733E-1274N
2025-10-02 09:50:30.875196+00:00,20,a1461039-170e-4f7c-9372-cc4779b12e51,,Input path: /nas/COG/basemap_planet/Y2024/M11/D01/basemap_planet_global_monthly_2024_11_mosaic/40000_global_monthly_2024_11_mosaic_cog.tif
2025-10-02 09:50:30.876669+00:00,20,a1461039-170e-4f7c-9372-cc4779b12e51,,Output directory: /nas/Projects/N-BHC24A/change_detection
2025-10-02 09:50:31.034724+00:00,20,a1461039-170e-4f7c-9372-cc4779b12e51,0199a454-95f9-75eb-8df2-a0aa71dc49d4,This job ID will be used - prefect-hallowed-python-1
2025-10-02 09:50:31.041477+00:00,20,a1461039-170e-4f7c-9372-cc4779b12e51,0199a454-95f9-75eb-8df2-a0aa71dc49d4,Finished in state Completed()
2025-10-02 09:50:31.292779+00:00,20,a1461039-170e-4f7c-9372-cc4779b12e51,0199a454-9684-7e47-b7cb-ee779dd2b29a,Searching with specific quad_id pattern: /nas/Projects/N-BHC24A/segmentation/40000_global_monthly_2024_10_*--L15-1733E-1274N--road.gpkg
2025-10-02 09:50:31.344210+00:00,20,a1461039-170e-4f7c-9372-cc4779b12e51,0199a454-9684-7e47-b7cb-ee779dd2b29a,Finished in state Completed()
2025-10-02 09:50:31.463139+00:00,20,a1461039-170e-4f7c-9372-cc4779b12e51,0199a454-97b8-79ce-abc4-3fad332c7fde,Finished in state Completed()
2025-10-02 09:50:31.561774+00:00,20,a1461039-170e-4f7c-9372-cc4779b12e51,0199a454-982c-7899-90f8-294965c00479,Finished in state Completed()
2025-10-02 09:50:31.569135+00:00,20,a1461039-170e-4f7c-9372-cc4779b12e51,,Previous RGB VRT path: /nas/Projects/N-BHC24A/modint-prefect-workspace/temp/vrt/40000_global_monthly_2024_10_mosaic_cog_L15-1733E-1274N.vrt
2025-10-02 09:50:31.570879+00:00,20,a1461039-170e-4f7c-9372-cc4779b12e51,,Current RGB VRT path: /nas/Projects/N-BHC24A/modint-prefect-workspace/temp/vrt/40000_global_monthly_2024_11_mosaic_cog_L15-1733E-1274N.vrt
2025-10-02 09:50:31.572597+00:00,20,a1461039-170e-4f7c-9372-cc4779b12e51,,Previous mask path: /nas/Projects/N-BHC24A/segmentation/40000_global_monthly_2024_10_mosaic_cog--L15-1733E-1274N--road.gpkg
2025-10-02 09:50:31.574511+00:00,20,a1461039-170e-4f7c-9372-cc4779b12e51,,Current mask path: /nas/Projects/N-BHC24A/segmentation/40000_global_monthly_2024_11_mosaic_cog--L15-1733E-1274N--road.gpkg
2025-10-02 09:50:31.753004+00:00,20,a1461039-170e-4f7c-9372-cc4779b12e51,0199a454-991c-710e-859f-66dbf3c9184b,Finished in state Completed()
2025-10-02 09:50:32.898399+00:00,20,a1461039-170e-4f7c-9372-cc4779b12e51,0199a454-9898-77e0-bb5e-1d99b748e83d,Beginning subflow run 'shaggy-mushroom' for flow 'run-namespaced-job'
2025-10-02 09:50:40.266944+00:00,20,a1461039-170e-4f7c-9372-cc4779b12e51,0199a454-9898-77e0-bb5e-1d99b748e83d,"[2025-10-02 18:50:37] All required packages seem to be installed correctly.
"
2025-10-02 09:50:40.269318+00:00,20,a1461039-170e-4f7c-9372-cc4779b12e51,0199a454-9898-77e0-bb5e-1d99b748e83d,"[2025-10-02 18:50:38] 로그 파일이 '/app/argos_temp_work/prefect-hallowed-python-1/prefect-hallowed-python-1-logs.txt'에 생성되었습니다.
"
2025-10-02 09:50:40.271658+00:00,20,a1461039-170e-4f7c-9372-cc4779b12e51,0199a454-9898-77e0-bb5e-1d99b748e83d,"[2025-10-02 18:50:38] Log file is being written to: /app/argos_temp_work/prefect-hallowed-python-1/prefect-hallowed-python-1-logs.txt
"
2025-10-02 09:50:40.273921+00:00,20,a1461039-170e-4f7c-9372-cc4779b12e51,0199a454-9898-77e0-bb5e-1d99b748e83d,"[2025-10-02 18:50:38] Temporary work directory: /app/argos_temp_work/prefect-hallowed-python-1
"
2025-10-02 09:50:40.276051+00:00,20,a1461039-170e-4f7c-9372-cc4779b12e51,0199a454-9898-77e0-bb5e-1d99b748e83d,"[2025-10-02 18:50:38] Final output will be saved in: /nas/Projects/N-BHC24A/change_detection
"
2025-10-02 09:50:40.278212+00:00,20,a1461039-170e-4f7c-9372-cc4779b12e51,0199a454-9898-77e0-bb5e-1d99b748e83d,"[2025-10-02 18:50:38] --- Starting Analysis Pipeline ---
"
2025-10-02 09:50:40.281457+00:00,20,a1461039-170e-4f7c-9372-cc4779b12e51,0199a454-9898-77e0-bb5e-1d99b748e83d,"[2025-10-02 18:50:38] [JOB_ID] prefect-hallowed-python-1 - Change detection analysis initiated
"
2025-10-02 09:50:40.283418+00:00,20,a1461039-170e-4f7c-9372-cc4779b12e51,0199a454-9898-77e0-bb5e-1d99b748e83d,"[2025-10-02 18:50:38] [JOB_ID] prefect-hallowed-python-1 - Previous RGB: /nas/Projects/N-BHC24A/modint-prefect-workspace/temp/vrt/40000_global_monthly_2024_10_mosaic_cog_L15-1733E-1274N.vrt
"
2025-10-02 09:50:40.285293+00:00,20,a1461039-170e-4f7c-9372-cc4779b12e51,0199a454-9898-77e0-bb5e-1d99b748e83d,"[2025-10-02 18:50:38] [JOB_ID] prefect-hallowed-python-1 - Current RGB: /nas/Projects/N-BHC24A/modint-prefect-workspace/temp/vrt/40000_global_monthly_2024_11_mosaic_cog_L15-1733E-1274N.vrt
"
2025-10-02 09:50:40.286895+00:00,20,a1461039-170e-4f7c-9372-cc4779b12e51,0199a454-9898-77e0-bb5e-1d99b748e83d,"[2025-10-02 18:50:38] [JOB_ID] prefect-hallowed-python-1 - Previous Mask: /nas/Projects/N-BHC24A/segmentation/40000_global_monthly_2024_10_mosaic_cog--L15-1733E-1274N--road.gpkg
"
2025-10-02 09:50:40.288686+00:00,20,a1461039-170e-4f7c-9372-cc4779b12e51,0199a454-9898-77e0-bb5e-1d99b748e83d,"[2025-10-02 18:50:38] [JOB_ID] prefect-hallowed-python-1 - Current Mask: /nas/Projects/N-BHC24A/segmentation/40000_global_monthly_2024_11_mosaic_cog--L15-1733E-1274N--road.gpkg
"
2025-10-02 09:50:40.290453+00:00,20,a1461039-170e-4f7c-9372-cc4779b12e51,0199a454-9898-77e0-bb5e-1d99b748e83d,"[2025-10-02 18:50:38] [JOB_ID] prefect-hallowed-python-1 - Temp Work Directory: /app/argos_temp_work/prefect-hallowed-python-1
"
2025-10-02 09:50:40.292435+00:00,20,a1461039-170e-4f7c-9372-cc4779b12e51,0199a454-9898-77e0-bb5e-1d99b748e83d,"[2025-10-02 18:50:38] [JOB_ID] prefect-hallowed-python-1 - Final Output Directory: /nas/Projects/N-BHC24A/change_detection
"
2025-10-02 09:50:40.294205+00:00,20,a1461039-170e-4f7c-9372-cc4779b12e51,0199a454-9898-77e0-bb5e-1d99b748e83d,"[2025-10-02 18:50:38] [INFO] Converting prev GPKG to mask: /nas/Projects/N-BHC24A/segmentation/40000_global_monthly_2024_10_mosaic_cog--L15-1733E-1274N--road.gpkg
"
2025-10-02 09:50:40.295749+00:00,20,a1461039-170e-4f7c-9372-cc4779b12e51,0199a454-9898-77e0-bb5e-1d99b748e83d,"[2025-10-02 18:50:38] --- Starting GPKG to Raster Mask Preprocessing for 40000_global_monthly_2024_10_mosaic_cog--L15-1733E-1274N--road.gpkg ---
"
2025-10-02 09:50:44.020170+00:00,20,a1461039-170e-4f7c-9372-cc4779b12e51,0199a454-9898-77e0-bb5e-1d99b748e83d,"Creating output file that is 16384P x 16384L.
"
2025-10-02 09:50:44.026550+00:00,20,a1461039-170e-4f7c-9372-cc4779b12e51,0199a454-9898-77e0-bb5e-1d99b748e83d,"Using internal nodata values (e.g. 0) for image /nas/Projects/N-BHC24A/modint-prefect-workspace/temp/vrt/40000_global_monthly_2024_10_mosaic_cog_L15-1733E-1274N.vrt.
"
2025-10-02 09:50:44.028756+00:00,20,a1461039-170e-4f7c-9372-cc4779b12e51,0199a454-9898-77e0-bb5e-1d99b748e83d,"Copying nodata values from source /nas/Projects/N-BHC24A/modint-prefect-workspace/temp/vrt/40000_global_monthly_2024_10_mosaic_cog_L15-1733E-1274N.vrt to destination /tmp/vrt_temp/40000_global_monthly_2024_10_mosaic_cog_L15-1733E-1274N_L15-1733E-1274N.vrt.
"
2025-10-02 09:50:44.032083+00:00,20,a1461039-170e-4f7c-9372-cc4779b12e51,0199a454-9898-77e0-bb5e-1d99b748e83d,"Processing /nas/Projects/N-BHC24A/modint-prefect-workspace/temp/vrt/40000_global_monthly_2024_10_mosaic_cog_L15-1733E-1274N.vrt [1/1] : 0...10...20...30...40...50...60...70...80...90...100 - done.
"
2025-10-02 09:50:44.675363+00:00,20,a1461039-170e-4f7c-9372-cc4779b12e51,0199a454-9898-77e0-bb5e-1d99b748e83d,"[2025-10-02 18:50:44] Successfully converted 40000_global_monthly_2024_10_mosaic_cog--L15-1733E-1274N--road.gpkg to 40000_global_monthly_2024_10_mosaic_cog--L15-1733E-1274N--road.tif
"
2025-10-02 09:50:44.677652+00:00,20,a1461039-170e-4f7c-9372-cc4779b12e51,0199a454-9898-77e0-bb5e-1d99b748e83d,"[2025-10-02 18:50:44] --- GPKG to Raster Mask Preprocessing for 40000_global_monthly_2024_10_mosaic_cog--L15-1733E-1274N--road.gpkg Complete ---
"
2025-10-02 09:50:44.680033+00:00,20,a1461039-170e-4f7c-9372-cc4779b12e51,0199a454-9898-77e0-bb5e-1d99b748e83d,"[2025-10-02 18:50:44] [INFO] Converting curr GPKG to mask: /nas/Projects/N-BHC24A/segmentation/40000_global_monthly_2024_11_mosaic_cog--L15-1733E-1274N--road.gpkg
"
2025-10-02 09:50:44.682361+00:00,20,a1461039-170e-4f7c-9372-cc4779b12e51,0199a454-9898-77e0-bb5e-1d99b748e83d,"[2025-10-02 18:50:44] --- Starting GPKG to Raster Mask Preprocessing for 40000_global_monthly_2024_11_mosaic_cog--L15-1733E-1274N--road.gpkg ---
"
2025-10-02 09:50:50.139148+00:00,20,a1461039-170e-4f7c-9372-cc4779b12e51,0199a454-9898-77e0-bb5e-1d99b748e83d,"Creating output file that is 16384P x 16384L.
"
2025-10-02 09:50:50.141407+00:00,20,a1461039-170e-4f7c-9372-cc4779b12e51,0199a454-9898-77e0-bb5e-1d99b748e83d,"Using internal nodata values (e.g. 0) for image /nas/Projects/N-BHC24A/modint-prefect-workspace/temp/vrt/40000_global_monthly_2024_11_mosaic_cog_L15-1733E-1274N.vrt.
"
2025-10-02 09:50:50.143465+00:00,20,a1461039-170e-4f7c-9372-cc4779b12e51,0199a454-9898-77e0-bb5e-1d99b748e83d,"Copying nodata values from source /nas/Projects/N-BHC24A/modint-prefect-workspace/temp/vrt/40000_global_monthly_2024_11_mosaic_cog_L15-1733E-1274N.vrt to destination /tmp/vrt_temp/40000_global_monthly_2024_11_mosaic_cog_L15-1733E-1274N_L15-1733E-1274N.vrt.
"
2025-10-02 09:50:50.146779+00:00,20,a1461039-170e-4f7c-9372-cc4779b12e51,0199a454-9898-77e0-bb5e-1d99b748e83d,"Processing /nas/Projects/N-BHC24A/modint-prefect-workspace/temp/vrt/40000_global_monthly_2024_11_mosaic_cog_L15-1733E-1274N.vrt [1/1] : 0...10...20...30...40...50...60...70...80...90...100 - done.
"
2025-10-02 09:50:50.781951+00:00,20,a1461039-170e-4f7c-9372-cc4779b12e51,0199a454-9898-77e0-bb5e-1d99b748e83d,"[2025-10-02 18:50:50] Successfully converted 40000_global_monthly_2024_11_mosaic_cog--L15-1733E-1274N--road.gpkg to 40000_global_monthly_2024_11_mosaic_cog--L15-1733E-1274N--road.tif
"
2025-10-02 09:50:50.784268+00:00,20,a1461039-170e-4f7c-9372-cc4779b12e51,0199a454-9898-77e0-bb5e-1d99b748e83d,"[2025-10-02 18:50:50] --- GPKG to Raster Mask Preprocessing for 40000_global_monthly_2024_11_mosaic_cog--L15-1733E-1274N--road.gpkg Complete ---
"
2025-10-02 09:50:50.786398+00:00,20,a1461039-170e-4f7c-9372-cc4779b12e51,0199a454-9898-77e0-bb5e-1d99b748e83d,"[2025-10-02 18:50:50] [JOB_ID] prefect-hallowed-python-1 - Processing target: road
"
2025-10-02 09:50:50.790534+00:00,20,a1461039-170e-4f7c-9372-cc4779b12e51,0199a454-9898-77e0-bb5e-1d99b748e83d,"/usr/local/lib/python3.12/site-packages/osgeo/gdal.py:314: FutureWarning: Neither gdal.UseExceptions() nor gdal.DontUseExceptions() has been explicitly called. In GDAL 4.0, exceptions will be enabled by default.
"
2025-10-02 09:50:50.793206+00:00,20,a1461039-170e-4f7c-9372-cc4779b12e51,0199a454-9898-77e0-bb5e-1d99b748e83d,"  warnings.warn(
"
2025-10-02 09:50:50.796470+00:00,20,a1461039-170e-4f7c-9372-cc4779b12e51,0199a454-9898-77e0-bb5e-1d99b748e83d,"[2025-10-02 18:50:50] Total tiles to process: 1024
"
2025-10-02 09:50:50.798162+00:00,20,a1461039-170e-4f7c-9372-cc4779b12e51,0199a454-9898-77e0-bb5e-1d99b748e83d,"[2025-10-02 18:50:50] [INFO] Running single quad analysis.
"
2025-10-02 09:51:30.837011+00:00,20,a1461039-170e-4f7c-9372-cc4779b12e51,0199a454-9898-77e0-bb5e-1d99b748e83d,"Processing Single Quad:   0%|          | 0/1024 [00:00<?, ?it/s]Processing Single Quad: 100%|██████████| 1024/1024 [00:40<00:00, 25.59it/s]
"
2025-10-02 09:51:30.841026+00:00,20,a1461039-170e-4f7c-9372-cc4779b12e51,0199a454-9898-77e0-bb5e-1d99b748e83d,"[2025-10-02 18:51:30] [WARN] No changes detected in the quad.
"
2025-10-02 09:51:30.843087+00:00,20,a1461039-170e-4f7c-9372-cc4779b12e51,0199a454-9898-77e0-bb5e-1d99b748e83d,"[2025-10-02 18:51:30] [JOB_ID] prefect-hallowed-python-1 - No changes detected - no GPKG generated
"
2025-10-02 09:51:30.845077+00:00,20,a1461039-170e-4f7c-9372-cc4779b12e51,0199a454-9898-77e0-bb5e-1d99b748e83d,"[2025-10-02 18:51:30] 
"
2025-10-02 09:51:30.847296+00:00,20,a1461039-170e-4f7c-9372-cc4779b12e51,0199a454-9898-77e0-bb5e-1d99b748e83d,"============================================================
"
2025-10-02 09:51:30.849401+00:00,20,a1461039-170e-4f7c-9372-cc4779b12e51,0199a454-9898-77e0-bb5e-1d99b748e83d,"[2025-10-02 18:51:30] --- Analysis Complete ---
"
2025-10-02 09:51:30.851285+00:00,20,a1461039-170e-4f7c-9372-cc4779b12e51,0199a454-9898-77e0-bb5e-1d99b748e83d,"[2025-10-02 18:51:30] [JOB_ID] prefect-hallowed-python-1 - Analysis completed successfully
"
2025-10-02 09:51:30.853267+00:00,20,a1461039-170e-4f7c-9372-cc4779b12e51,0199a454-9898-77e0-bb5e-1d99b748e83d,"[2025-10-02 18:51:30] Total pipeline execution time: 0.87 minutes.
"
2025-10-02 09:51:30.855006+00:00,20,a1461039-170e-4f7c-9372-cc4779b12e51,0199a454-9898-77e0-bb5e-1d99b748e83d,"[2025-10-02 18:51:30] 
"
2025-10-02 09:51:30.856866+00:00,20,a1461039-170e-4f7c-9372-cc4779b12e51,0199a454-9898-77e0-bb5e-1d99b748e83d,"============================================================
"
2025-10-02 09:51:30.858458+00:00,20,a1461039-170e-4f7c-9372-cc4779b12e51,0199a454-9898-77e0-bb5e-1d99b748e83d,"[2025-10-02 18:51:30] --- Configuration Used for This Run ---
"
2025-10-02 09:51:30.860197+00:00,20,a1461039-170e-4f7c-9372-cc4779b12e51,0199a454-9898-77e0-bb5e-1d99b748e83d,"[2025-10-02 18:51:30] 
"
2025-10-02 09:51:30.861835+00:00,20,a1461039-170e-4f7c-9372-cc4779b12e51,0199a454-9898-77e0-bb5e-1d99b748e83d,"# [Default Config]
"
2025-10-02 09:51:30.863166+00:00,20,a1461039-170e-4f7c-9372-cc4779b12e51,0199a454-9898-77e0-bb5e-1d99b748e83d,"[2025-10-02 18:51:30] {'max_cmp_tasks': 2, 'pixel_area': 1.4264, 'tile_size': 512}
"
2025-10-02 09:51:30.864727+00:00,20,a1461039-170e-4f7c-9372-cc4779b12e51,0199a454-9898-77e0-bb5e-1d99b748e83d,"[2025-10-02 18:51:30] 
"
2025-10-02 09:51:30.866187+00:00,20,a1461039-170e-4f7c-9372-cc4779b12e51,0199a454-9898-77e0-bb5e-1d99b748e83d,"# [Final Config for: ROAD]
"
2025-10-02 09:51:30.870991+00:00,20,a1461039-170e-4f7c-9372-cc4779b12e51,0199a454-9898-77e0-bb5e-1d99b748e83d,"[2025-10-02 18:51:30] {'BRIGHTNESS_AB_DELTA_THRESH': 15,
"
2025-10-02 09:51:30.872528+00:00,20,a1461039-170e-4f7c-9372-cc4779b12e51,0199a454-9898-77e0-bb5e-1d99b748e83d," 'BRIGHTNESS_L_DELTA_LOWER': 5,
"
2025-10-02 09:51:30.873924+00:00,20,a1461039-170e-4f7c-9372-cc4779b12e51,0199a454-9898-77e0-bb5e-1d99b748e83d," 'BRIGHTNESS_L_DELTA_UPPER': 30,
"
2025-10-02 09:51:30.875185+00:00,20,a1461039-170e-4f7c-9372-cc4779b12e51,0199a454-9898-77e0-bb5e-1d99b748e83d," 'BROWN_A_LOWER': 2,
"
2025-10-02 09:51:30.876677+00:00,20,a1461039-170e-4f7c-9372-cc4779b12e51,0199a454-9898-77e0-bb5e-1d99b748e83d," 'BROWN_A_UPPER': 25,
"
2025-10-02 09:51:30.878193+00:00,20,a1461039-170e-4f7c-9372-cc4779b12e51,0199a454-9898-77e0-bb5e-1d99b748e83d," 'BROWN_B_LOWER': 5,
"
2025-10-02 09:51:30.879431+00:00,20,a1461039-170e-4f7c-9372-cc4779b12e51,0199a454-9898-77e0-bb5e-1d99b748e83d," 'BROWN_B_UPPER': 40,
"
2025-10-02 09:51:30.880904+00:00,20,a1461039-170e-4f7c-9372-cc4779b12e51,0199a454-9898-77e0-bb5e-1d99b748e83d," 'BROWN_DELTA_E_THRESH': 45,
"
2025-10-02 09:51:30.882311+00:00,20,a1461039-170e-4f7c-9372-cc4779b12e51,0199a454-9898-77e0-bb5e-1d99b748e83d," 'BROWN_L_LOWER': 20,
"
2025-10-02 09:51:30.883389+00:00,20,a1461039-170e-4f7c-9372-cc4779b12e51,0199a454-9898-77e0-bb5e-1d99b748e83d," 'BROWN_L_UPPER': 85,
"
2025-10-02 09:51:30.884693+00:00,20,a1461039-170e-4f7c-9372-cc4779b12e51,0199a454-9898-77e0-bb5e-1d99b748e83d," 'GRAY_AB_THRESH': 25,
"
2025-10-02 09:51:30.886050+00:00,20,a1461039-170e-4f7c-9372-cc4779b12e51,0199a454-9898-77e0-bb5e-1d99b748e83d," 'GRAY_DELTA_E_THRESH': 50,
"
2025-10-02 09:51:30.887186+00:00,20,a1461039-170e-4f7c-9372-cc4779b12e51,0199a454-9898-77e0-bb5e-1d99b748e83d," 'GREEN_A_THRESH': -10,
"
2025-10-02 09:51:30.888599+00:00,20,a1461039-170e-4f7c-9372-cc4779b12e51,0199a454-9898-77e0-bb5e-1d99b748e83d," 'GREEN_B_LOWER': 10,
"
2025-10-02 09:51:30.889944+00:00,20,a1461039-170e-4f7c-9372-cc4779b12e51,0199a454-9898-77e0-bb5e-1d99b748e83d," 'GREEN_B_UPPER': 100,
"
2025-10-02 09:51:30.891064+00:00,20,a1461039-170e-4f7c-9372-cc4779b12e51,0199a454-9898-77e0-bb5e-1d99b748e83d," 'GREEN_DELTA_E_THRESH': 30,
"
2025-10-02 09:51:30.892467+00:00,20,a1461039-170e-4f7c-9372-cc4779b12e51,0199a454-9898-77e0-bb5e-1d99b748e83d," 'LOW_SAT_THRESH': 25,
"
2025-10-02 09:51:30.893682+00:00,20,a1461039-170e-4f7c-9372-cc4779b12e51,0199a454-9898-77e0-bb5e-1d99b748e83d," 'PERCEPTUAL_CHROMA_THRESH': 20,
"
2025-10-02 09:51:30.894695+00:00,20,a1461039-170e-4f7c-9372-cc4779b12e51,0199a454-9898-77e0-bb5e-1d99b748e83d," 'SHADOW_AB_DELTA_THRESH': 10,
"
2025-10-02 09:51:30.896025+00:00,20,a1461039-170e-4f7c-9372-cc4779b12e51,0199a454-9898-77e0-bb5e-1d99b748e83d," 'SHADOW_L_DELTA_THRESH': 50,
"
2025-10-02 09:51:30.897241+00:00,20,a1461039-170e-4f7c-9372-cc4779b12e51,0199a454-9898-77e0-bb5e-1d99b748e83d," 'SNOW_AB_THRESH': 30,
"
2025-10-02 09:51:30.898202+00:00,20,a1461039-170e-4f7c-9372-cc4779b12e51,0199a454-9898-77e0-bb5e-1d99b748e83d," 'SNOW_L_THRESH': 190,
"
2025-10-02 09:51:30.899381+00:00,20,a1461039-170e-4f7c-9372-cc4779b12e51,0199a454-9898-77e0-bb5e-1d99b748e83d," 'SNOW_TILE_THRESH': 0.5,
"
2025-10-02 09:51:30.925726+00:00,20,a1461039-170e-4f7c-9372-cc4779b12e51,0199a454-9898-77e0-bb5e-1d99b748e83d," 'SOIL_AB_DELTA_THRESH': 10,
"
2025-10-02 09:51:30.927596+00:00,20,a1461039-170e-4f7c-9372-cc4779b12e51,0199a454-9898-77e0-bb5e-1d99b748e83d," 'SOIL_DRYING_L_DELTA_LOWER': 10,
"
2025-10-02 09:51:30.929202+00:00,20,a1461039-170e-4f7c-9372-cc4779b12e51,0199a454-9898-77e0-bb5e-1d99b748e83d," 'SOIL_DRYING_L_DELTA_UPPER': 40,
"
2025-10-02 09:51:30.930533+00:00,20,a1461039-170e-4f7c-9372-cc4779b12e51,0199a454-9898-77e0-bb5e-1d99b748e83d," 'SOIL_L_DELTA_LOWER': -40,
"
2025-10-02 09:51:30.932138+00:00,20,a1461039-170e-4f7c-9372-cc4779b12e51,0199a454-9898-77e0-bb5e-1d99b748e83d," 'SOIL_L_DELTA_UPPER': -10,
"
2025-10-02 09:51:30.933865+00:00,20,a1461039-170e-4f7c-9372-cc4779b12e51,0199a454-9898-77e0-bb5e-1d99b748e83d," 'TINT_BLUE_FACTOR': 1.15,
"
2025-10-02 09:51:30.935390+00:00,20,a1461039-170e-4f7c-9372-cc4779b12e51,0199a454-9898-77e0-bb5e-1d99b748e83d," 'TINT_FILTER_ENABLED': True,
"
2025-10-02 09:51:30.937216+00:00,20,a1461039-170e-4f7c-9372-cc4779b12e51,0199a454-9898-77e0-bb5e-1d99b748e83d," 'TINT_GREEN_FACTOR': 1.15,
"
2025-10-02 09:51:30.938978+00:00,20,a1461039-170e-4f7c-9372-cc4779b12e51,0199a454-9898-77e0-bb5e-1d99b748e83d," 'TINT_MIN_MEAN_VALUE': 30,
"
2025-10-02 09:51:30.940530+00:00,20,a1461039-170e-4f7c-9372-cc4779b12e51,0199a454-9898-77e0-bb5e-1d99b748e83d," 'TINT_RED_FACTOR': 1.15,
"
2025-10-02 09:51:30.942339+00:00,20,a1461039-170e-4f7c-9372-cc4779b12e51,0199a454-9898-77e0-bb5e-1d99b748e83d," 'WATER_H_RANGE': (90, 140),
"
2025-10-02 09:51:30.943751+00:00,20,a1461039-170e-4f7c-9372-cc4779b12e51,0199a454-9898-77e0-bb5e-1d99b748e83d," 'WATER_RGB_INDEX_THRESH': 0.05,
"
2025-10-02 09:51:30.945048+00:00,20,a1461039-170e-4f7c-9372-cc4779b12e51,0199a454-9898-77e0-bb5e-1d99b748e83d," 'WATER_S_MIN_THRESH': 60,
"
2025-10-02 09:51:30.946597+00:00,20,a1461039-170e-4f7c-9372-cc4779b12e51,0199a454-9898-77e0-bb5e-1d99b748e83d," 'WATER_TEXTURE_THRESH': 10.0,
"
2025-10-02 09:51:30.948307+00:00,20,a1461039-170e-4f7c-9372-cc4779b12e51,0199a454-9898-77e0-bb5e-1d99b748e83d," 'WATER_TILE_THRESH': 0.5,
"
2025-10-02 09:51:30.949829+00:00,20,a1461039-170e-4f7c-9372-cc4779b12e51,0199a454-9898-77e0-bb5e-1d99b748e83d," 'max_cmp_tasks': 2,
"
2025-10-02 09:51:30.951533+00:00,20,a1461039-170e-4f7c-9372-cc4779b12e51,0199a454-9898-77e0-bb5e-1d99b748e83d," 'min_final_pixel_size': 50,
"
2025-10-02 09:51:30.952871+00:00,20,a1461039-170e-4f7c-9372-cc4779b12e51,0199a454-9898-77e0-bb5e-1d99b748e83d," 'min_pixel_size': 140,
"
2025-10-02 09:51:30.954281+00:00,20,a1461039-170e-4f7c-9372-cc4779b12e51,0199a454-9898-77e0-bb5e-1d99b748e83d," 'morphological_kernel_size': 7,
"
2025-10-02 09:51:30.955763+00:00,20,a1461039-170e-4f7c-9372-cc4779b12e51,0199a454-9898-77e0-bb5e-1d99b748e83d," 'pixel_area': 1.4264,
"
2025-10-02 09:51:30.957009+00:00,20,a1461039-170e-4f7c-9372-cc4779b12e51,0199a454-9898-77e0-bb5e-1d99b748e83d," 'structure_threshold': 0.8,
"
2025-10-02 09:51:30.958413+00:00,20,a1461039-170e-4f7c-9372-cc4779b12e51,0199a454-9898-77e0-bb5e-1d99b748e83d," 'tile_size': 512}
"
2025-10-02 09:51:30.959914+00:00,20,a1461039-170e-4f7c-9372-cc4779b12e51,0199a454-9898-77e0-bb5e-1d99b748e83d,"[2025-10-02 18:51:30] 
"
2025-10-02 09:51:30.961142+00:00,20,a1461039-170e-4f7c-9372-cc4779b12e51,0199a454-9898-77e0-bb5e-1d99b748e83d,"# [Final Config for: BUILDING]
"
2025-10-02 09:51:30.962093+00:00,20,a1461039-170e-4f7c-9372-cc4779b12e51,0199a454-9898-77e0-bb5e-1d99b748e83d,"[2025-10-02 18:51:30] {'BRIGHTNESS_AB_DELTA_THRESH': 15,
"
2025-10-02 09:51:30.963523+00:00,20,a1461039-170e-4f7c-9372-cc4779b12e51,0199a454-9898-77e0-bb5e-1d99b748e83d," 'BRIGHTNESS_L_DELTA_LOWER': 5,
"
2025-10-02 09:51:30.964973+00:00,20,a1461039-170e-4f7c-9372-cc4779b12e51,0199a454-9898-77e0-bb5e-1d99b748e83d," 'BRIGHTNESS_L_DELTA_UPPER': 30,
"
2025-10-02 09:51:30.966436+00:00,20,a1461039-170e-4f7c-9372-cc4779b12e51,0199a454-9898-77e0-bb5e-1d99b748e83d," 'BROWN_A_LOWER': 2,
"
2025-10-02 09:51:30.967972+00:00,20,a1461039-170e-4f7c-9372-cc4779b12e51,0199a454-9898-77e0-bb5e-1d99b748e83d," 'BROWN_A_UPPER': 25,
"
2025-10-02 09:51:30.969131+00:00,20,a1461039-170e-4f7c-9372-cc4779b12e51,0199a454-9898-77e0-bb5e-1d99b748e83d," 'BROWN_B_LOWER': 5,
"
2025-10-02 09:51:30.970464+00:00,20,a1461039-170e-4f7c-9372-cc4779b12e51,0199a454-9898-77e0-bb5e-1d99b748e83d," 'BROWN_B_UPPER': 40,
"
2025-10-02 09:51:30.971915+00:00,20,a1461039-170e-4f7c-9372-cc4779b12e51,0199a454-9898-77e0-bb5e-1d99b748e83d," 'BROWN_DELTA_E_THRESH': 45,
"
2025-10-02 09:51:30.973237+00:00,20,a1461039-170e-4f7c-9372-cc4779b12e51,0199a454-9898-77e0-bb5e-1d99b748e83d," 'BROWN_L_LOWER': 20,
"
2025-10-02 09:51:30.974712+00:00,20,a1461039-170e-4f7c-9372-cc4779b12e51,0199a454-9898-77e0-bb5e-1d99b748e83d," 'BROWN_L_UPPER': 85,
"
2025-10-02 09:51:30.975975+00:00,20,a1461039-170e-4f7c-9372-cc4779b12e51,0199a454-9898-77e0-bb5e-1d99b748e83d," 'GRAY_AB_THRESH': 25,
"
2025-10-02 09:51:30.977479+00:00,20,a1461039-170e-4f7c-9372-cc4779b12e51,0199a454-9898-77e0-bb5e-1d99b748e83d," 'GRAY_DELTA_E_THRESH': 50,
"
2025-10-02 09:51:30.978591+00:00,20,a1461039-170e-4f7c-9372-cc4779b12e51,0199a454-9898-77e0-bb5e-1d99b748e83d," 'GREEN_A_THRESH': -10,
"
2025-10-02 09:51:30.979981+00:00,20,a1461039-170e-4f7c-9372-cc4779b12e51,0199a454-9898-77e0-bb5e-1d99b748e83d," 'GREEN_B_LOWER': 10,
"
2025-10-02 09:51:30.981384+00:00,20,a1461039-170e-4f7c-9372-cc4779b12e51,0199a454-9898-77e0-bb5e-1d99b748e83d," 'GREEN_B_UPPER': 100,
"
2025-10-02 09:51:31.024787+00:00,20,a1461039-170e-4f7c-9372-cc4779b12e51,0199a454-9898-77e0-bb5e-1d99b748e83d," 'GREEN_DELTA_E_THRESH': 30,
"
2025-10-02 09:51:31.027357+00:00,20,a1461039-170e-4f7c-9372-cc4779b12e51,0199a454-9898-77e0-bb5e-1d99b748e83d," 'LOW_SAT_THRESH': 25,
"
2025-10-02 09:51:31.029709+00:00,20,a1461039-170e-4f7c-9372-cc4779b12e51,0199a454-9898-77e0-bb5e-1d99b748e83d," 'PERCEPTUAL_CHROMA_THRESH': 20,
"
2025-10-02 09:51:31.031626+00:00,20,a1461039-170e-4f7c-9372-cc4779b12e51,0199a454-9898-77e0-bb5e-1d99b748e83d," 'SHADOW_AB_DELTA_THRESH': 10,
"
2025-10-02 09:51:31.033262+00:00,20,a1461039-170e-4f7c-9372-cc4779b12e51,0199a454-9898-77e0-bb5e-1d99b748e83d," 'SHADOW_L_DELTA_THRESH': 50,
"
2025-10-02 09:51:31.035324+00:00,20,a1461039-170e-4f7c-9372-cc4779b12e51,0199a454-9898-77e0-bb5e-1d99b748e83d," 'SNOW_AB_THRESH': 20,
"
2025-10-02 09:51:31.037493+00:00,20,a1461039-170e-4f7c-9372-cc4779b12e51,0199a454-9898-77e0-bb5e-1d99b748e83d," 'SNOW_L_THRESH': 220,
"
2025-10-02 09:51:31.039335+00:00,20,a1461039-170e-4f7c-9372-cc4779b12e51,0199a454-9898-77e0-bb5e-1d99b748e83d," 'SNOW_TILE_THRESH': 0.5,
"
2025-10-02 09:51:31.041750+00:00,20,a1461039-170e-4f7c-9372-cc4779b12e51,0199a454-9898-77e0-bb5e-1d99b748e83d," 'SOIL_AB_DELTA_THRESH': 10,
"
2025-10-02 09:51:31.043730+00:00,20,a1461039-170e-4f7c-9372-cc4779b12e51,0199a454-9898-77e0-bb5e-1d99b748e83d," 'SOIL_DRYING_L_DELTA_LOWER': 10,
"
2025-10-02 09:51:31.045182+00:00,20,a1461039-170e-4f7c-9372-cc4779b12e51,0199a454-9898-77e0-bb5e-1d99b748e83d," 'SOIL_DRYING_L_DELTA_UPPER': 40,
"
2025-10-02 09:51:31.046915+00:00,20,a1461039-170e-4f7c-9372-cc4779b12e51,0199a454-9898-77e0-bb5e-1d99b748e83d," 'SOIL_L_DELTA_LOWER': -40,
"
2025-10-02 09:51:31.048616+00:00,20,a1461039-170e-4f7c-9372-cc4779b12e51,0199a454-9898-77e0-bb5e-1d99b748e83d," 'SOIL_L_DELTA_UPPER': -10,
"
2025-10-02 09:51:31.050052+00:00,20,a1461039-170e-4f7c-9372-cc4779b12e51,0199a454-9898-77e0-bb5e-1d99b748e83d," 'TINT_BLUE_FACTOR': 1.15,
"
2025-10-02 09:51:31.051737+00:00,20,a1461039-170e-4f7c-9372-cc4779b12e51,0199a454-9898-77e0-bb5e-1d99b748e83d," 'TINT_FILTER_ENABLED': True,
"
2025-10-02 09:51:31.053402+00:00,20,a1461039-170e-4f7c-9372-cc4779b12e51,0199a454-9898-77e0-bb5e-1d99b748e83d," 'TINT_GREEN_FACTOR': 1.15,
"
2025-10-02 09:51:31.054650+00:00,20,a1461039-170e-4f7c-9372-cc4779b12e51,0199a454-9898-77e0-bb5e-1d99b748e83d," 'TINT_MIN_MEAN_VALUE': 30,
"
2025-10-02 09:51:31.056157+00:00,20,a1461039-170e-4f7c-9372-cc4779b12e51,0199a454-9898-77e0-bb5e-1d99b748e83d," 'TINT_RED_FACTOR': 1.15,
"
2025-10-02 09:51:31.057557+00:00,20,a1461039-170e-4f7c-9372-cc4779b12e51,0199a454-9898-77e0-bb5e-1d99b748e83d," 'WATER_H_RANGE': (90, 140),
"
2025-10-02 09:51:31.058842+00:00,20,a1461039-170e-4f7c-9372-cc4779b12e51,0199a454-9898-77e0-bb5e-1d99b748e83d," 'WATER_RGB_INDEX_THRESH': 0.05,
"
2025-10-02 09:51:31.060675+00:00,20,a1461039-170e-4f7c-9372-cc4779b12e51,0199a454-9898-77e0-bb5e-1d99b748e83d," 'WATER_S_MIN_THRESH': 60,
"
2025-10-02 09:51:31.062326+00:00,20,a1461039-170e-4f7c-9372-cc4779b12e51,0199a454-9898-77e0-bb5e-1d99b748e83d," 'WATER_TEXTURE_THRESH': 10.0,
"
2025-10-02 09:51:31.064407+00:00,20,a1461039-170e-4f7c-9372-cc4779b12e51,0199a454-9898-77e0-bb5e-1d99b748e83d," 'WATER_TILE_THRESH': 0.5,
"
2025-10-02 09:51:31.066151+00:00,20,a1461039-170e-4f7c-9372-cc4779b12e51,0199a454-9898-77e0-bb5e-1d99b748e83d," 'max_cmp_tasks': 2,
"
2025-10-02 09:51:31.068108+00:00,20,a1461039-170e-4f7c-9372-cc4779b12e51,0199a454-9898-77e0-bb5e-1d99b748e83d," 'min_final_pixel_size': 50,
"
2025-10-02 09:51:31.070300+00:00,20,a1461039-170e-4f7c-9372-cc4779b12e51,0199a454-9898-77e0-bb5e-1d99b748e83d," 'min_pixel_size': 100,
"
2025-10-02 09:51:31.072297+00:00,20,a1461039-170e-4f7c-9372-cc4779b12e51,0199a454-9898-77e0-bb5e-1d99b748e83d," 'morphological_kernel_size': 5,
"
2025-10-02 09:51:31.074213+00:00,20,a1461039-170e-4f7c-9372-cc4779b12e51,0199a454-9898-77e0-bb5e-1d99b748e83d," 'pixel_area': 1.4264,
"
2025-10-02 09:51:31.075795+00:00,20,a1461039-170e-4f7c-9372-cc4779b12e51,0199a454-9898-77e0-bb5e-1d99b748e83d," 'structure_threshold': 0.75,
"
2025-10-02 09:51:31.077531+00:00,20,a1461039-170e-4f7c-9372-cc4779b12e51,0199a454-9898-77e0-bb5e-1d99b748e83d," 'tile_size': 512}
"
2025-10-02 09:51:31.078959+00:00,20,a1461039-170e-4f7c-9372-cc4779b12e51,0199a454-9898-77e0-bb5e-1d99b748e83d,"[2025-10-02 18:51:30] ============================================================
"
2025-10-02 09:51:31.080620+00:00,20,a1461039-170e-4f7c-9372-cc4779b12e51,0199a454-9898-77e0-bb5e-1d99b748e83d,"[2025-10-02 18:51:30] Total pipeline execution time: 0.87 minutes.
"
2025-10-02 09:51:31.082384+00:00,20,a1461039-170e-4f7c-9372-cc4779b12e51,0199a454-9898-77e0-bb5e-1d99b748e83d,"[2025-10-02 18:51:30] Check log file for full details and configuration.
"
2025-10-02 09:51:37.013099+00:00,40,a1461039-170e-4f7c-9372-cc4779b12e51,0199a454-9898-77e0-bb5e-1d99b748e83d,"Task run failed with exception: RuntimeError(""Job 'prefect-hallowed-python-1' failed due to [], check the Kubernetes pod logs for more information."") - No retries configured for this task.
Traceback (most recent call last):
  File ""/usr/local/lib/python3.10/site-packages/prefect/task_engine.py"", line 857, in run_context
    yield self
  File ""/usr/local/lib/python3.10/site-packages/prefect/task_engine.py"", line 1487, in run_task_sync
    engine.call_task_fn(txn)
  File ""/usr/local/lib/python3.10/site-packages/prefect/task_engine.py"", line 874, in call_task_fn
    result = call_with_parameters(self.task.fn, parameters)
  File ""/usr/local/lib/python3.10/site-packages/prefect/utilities/callables.py"", line 210, in call_with_parameters
    return fn(*args, **kwargs)
  File ""/app/modint-prefect-main/modint_prefect/prefect_flow.py"", line 337, in run_inference_serving
    run_namespaced_job(job, print_func=logger.info)
  File ""/usr/local/lib/python3.10/site-packages/prefect/flows.py"", line 1702, in __call__
    return run_flow(
  File ""/usr/local/lib/python3.10/site-packages/prefect/flow_engine.py"", line 1554, in run_flow
    ret_val = run_flow_sync(**kwargs)
  File ""/usr/local/lib/python3.10/site-packages/prefect/flow_engine.py"", line 1399, in run_flow_sync
    return engine.state if return_type == ""state"" else engine.result()
  File ""/usr/local/lib/python3.10/site-packages/prefect/flow_engine.py"", line 361, in result
    raise self._raised
  File ""/usr/local/lib/python3.10/site-packages/prefect/flow_engine.py"", line 782, in run_context
    yield self
  File ""/usr/local/lib/python3.10/site-packages/prefect/flow_engine.py"", line 1397, in run_flow_sync
    engine.call_flow_fn()
  File ""/usr/local/lib/python3.10/site-packages/prefect/flow_engine.py"", line 802, in call_flow_fn
    result = call_with_parameters(self.flow.fn, self.parameters)
  File ""/usr/local/lib/python3.10/site-packages/prefect/utilities/callables.py"", line 210, in call_with_parameters
    return fn(*args, **kwargs)
  File ""/usr/local/lib/python3.10/site-packages/prefect_kubernetes/flows.py"", line 42, in run_namespaced_job
    task(kubernetes_job_run.wait_for_completion)(print_func)
  File ""/usr/local/lib/python3.10/site-packages/prefect/tasks.py"", line 1139, in __call__
    return run_task(
  File ""/usr/local/lib/python3.10/site-packages/prefect/task_engine.py"", line 1714, in run_task
    return run_task_sync(**kwargs)
  File ""/usr/local/lib/python3.10/site-packages/prefect/task_engine.py"", line 1489, in run_task_sync
    return engine.state if return_type == ""state"" else engine.result()
  File ""/usr/local/lib/python3.10/site-packages/prefect/task_engine.py"", line 478, in result
    raise self._raised
  File ""/usr/local/lib/python3.10/site-packages/prefect/task_engine.py"", line 857, in run_context
    yield self
  File ""/usr/local/lib/python3.10/site-packages/prefect/task_engine.py"", line 1487, in run_task_sync
    engine.call_task_fn(txn)
  File ""/usr/local/lib/python3.10/site-packages/prefect/task_engine.py"", line 874, in call_task_fn
    result = call_with_parameters(self.task.fn, parameters)
  File ""/usr/local/lib/python3.10/site-packages/prefect/utilities/callables.py"", line 210, in call_with_parameters
    return fn(*args, **kwargs)
  File ""/usr/local/lib/python3.10/site-packages/prefect/utilities/asyncutils.py"", line 351, in coroutine_wrapper
    return run_coro_as_sync(ctx_call())
  File ""/usr/local/lib/python3.10/site-packages/prefect/utilities/asyncutils.py"", line 207, in run_coro_as_sync
    return call.result()
  File ""/usr/local/lib/python3.10/site-packages/prefect/_internal/concurrency/calls.py"", line 365, in result
    return self.future.result(timeout=timeout)
  File ""/usr/local/lib/python3.10/site-packages/prefect/_internal/concurrency/calls.py"", line 192, in result
    return self.__get_result()
  File ""/usr/local/lib/python3.10/concurrent/futures/_base.py"", line 403, in __get_result
    raise self._exception
  File ""/usr/local/lib/python3.10/site-packages/prefect/_internal/concurrency/calls.py"", line 441, in _run_async
    result = await coro
  File ""/usr/local/lib/python3.10/site-packages/prefect/utilities/asyncutils.py"", line 188, in coroutine_wrapper
    return await task
  File ""/usr/local/lib/python3.10/site-packages/prefect/utilities/asyncutils.py"", line 341, in ctx_call
    result = await async_fn(*args, **kwargs)
  File ""/usr/local/lib/python3.10/site-packages/prefect_kubernetes/jobs.py"", line 472, in wait_for_completion
    raise RuntimeError(
RuntimeError: Job 'prefect-hallowed-python-1' failed due to [], check the Kubernetes pod logs for more information."
2025-10-02 09:51:37.030092+00:00,40,a1461039-170e-4f7c-9372-cc4779b12e51,0199a454-9898-77e0-bb5e-1d99b748e83d,"Finished in state Failed(""Task run encountered an exception RuntimeError: Job 'prefect-hallowed-python-1' failed due to [], check the Kubernetes pod logs for more information."")"
2025-10-02 09:51:37.036219+00:00,40,a1461039-170e-4f7c-9372-cc4779b12e51,,"Encountered exception during execution: RuntimeError(""Job 'prefect-hallowed-python-1' failed due to [], check the Kubernetes pod logs for more information."")
Traceback (most recent call last):
  File ""/usr/local/lib/python3.10/site-packages/prefect/flow_engine.py"", line 782, in run_context
    yield self
  File ""/usr/local/lib/python3.10/site-packages/prefect/flow_engine.py"", line 1397, in run_flow_sync
    engine.call_flow_fn()
  File ""/usr/local/lib/python3.10/site-packages/prefect/flow_engine.py"", line 802, in call_flow_fn
    result = call_with_parameters(self.flow.fn, self.parameters)
  File ""/usr/local/lib/python3.10/site-packages/prefect/utilities/callables.py"", line 210, in call_with_parameters
    return fn(*args, **kwargs)
  File ""/app/modint-prefect-main/modint_prefect/prefect_flow.py"", line 805, in run_bhc_change_detection_flow
    inference_future.result()
  File ""/usr/local/lib/python3.10/site-packages/prefect/futures.py"", line 222, in result
    _result = self._final_state.result(
  File ""/usr/local/lib/python3.10/site-packages/prefect/_internal/compatibility/async_dispatch.py"", line 94, in wrapper
    return fn(*args, **kwargs)
  File ""/usr/local/lib/python3.10/site-packages/prefect/client/schemas/objects.py"", line 366, in result
    return run_coro_as_sync(
  File ""/usr/local/lib/python3.10/site-packages/prefect/utilities/asyncutils.py"", line 207, in run_coro_as_sync
    return call.result()
  File ""/usr/local/lib/python3.10/site-packages/prefect/_internal/concurrency/calls.py"", line 365, in result
    return self.future.result(timeout=timeout)
  File ""/usr/local/lib/python3.10/site-packages/prefect/_internal/concurrency/calls.py"", line 192, in result
    return self.__get_result()
  File ""/usr/local/lib/python3.10/concurrent/futures/_base.py"", line 403, in __get_result
    raise self._exception
  File ""/usr/local/lib/python3.10/site-packages/prefect/_internal/concurrency/calls.py"", line 441, in _run_async
    result = await coro
  File ""/usr/local/lib/python3.10/site-packages/prefect/utilities/asyncutils.py"", line 188, in coroutine_wrapper
    return await task
  File ""/usr/local/lib/python3.10/site-packages/prefect/states.py"", line 85, in get_state_result
    return await _get_state_result(
  File ""/usr/local/lib/python3.10/site-packages/prefect/states.py"", line 157, in _get_state_result
    raise await get_state_exception(state)
  File ""/usr/local/lib/python3.10/site-packages/prefect/task_engine.py"", line 857, in run_context
    yield self
  File ""/usr/local/lib/python3.10/site-packages/prefect/task_engine.py"", line 1487, in run_task_sync
    engine.call_task_fn(txn)
  File ""/usr/local/lib/python3.10/site-packages/prefect/task_engine.py"", line 874, in call_task_fn
    result = call_with_parameters(self.task.fn, parameters)
  File ""/usr/local/lib/python3.10/site-packages/prefect/utilities/callables.py"", line 210, in call_with_parameters
    return fn(*args, **kwargs)
  File ""/app/modint-prefect-main/modint_prefect/prefect_flow.py"", line 337, in run_inference_serving
    run_namespaced_job(job, print_func=logger.info)
  File ""/usr/local/lib/python3.10/site-packages/prefect/flows.py"", line 1702, in __call__
    return run_flow(
  File ""/usr/local/lib/python3.10/site-packages/prefect/flow_engine.py"", line 1554, in run_flow
    ret_val = run_flow_sync(**kwargs)
  File ""/usr/local/lib/python3.10/site-packages/prefect/flow_engine.py"", line 1399, in run_flow_sync
    return engine.state if return_type == ""state"" else engine.result()
  File ""/usr/local/lib/python3.10/site-packages/prefect/flow_engine.py"", line 361, in result
    raise self._raised
  File ""/usr/local/lib/python3.10/site-packages/prefect/flow_engine.py"", line 782, in run_context
    yield self
  File ""/usr/local/lib/python3.10/site-packages/prefect/flow_engine.py"", line 1397, in run_flow_sync
    engine.call_flow_fn()
  File ""/usr/local/lib/python3.10/site-packages/prefect/flow_engine.py"", line 802, in call_flow_fn
    result = call_with_parameters(self.flow.fn, self.parameters)
  File ""/usr/local/lib/python3.10/site-packages/prefect/utilities/callables.py"", line 210, in call_with_parameters
    return fn(*args, **kwargs)
  File ""/usr/local/lib/python3.10/site-packages/prefect_kubernetes/flows.py"", line 42, in run_namespaced_job
    task(kubernetes_job_run.wait_for_completion)(print_func)
  File ""/usr/local/lib/python3.10/site-packages/prefect/tasks.py"", line 1139, in __call__
    return run_task(
  File ""/usr/local/lib/python3.10/site-packages/prefect/task_engine.py"", line 1714, in run_task
    return run_task_sync(**kwargs)
  File ""/usr/local/lib/python3.10/site-packages/prefect/task_engine.py"", line 1489, in run_task_sync
    return engine.state if return_type == ""state"" else engine.result()
  File ""/usr/local/lib/python3.10/site-packages/prefect/task_engine.py"", line 478, in result
    raise self._raised
  File ""/usr/local/lib/python3.10/site-packages/prefect/task_engine.py"", line 857, in run_context
    yield self
  File ""/usr/local/lib/python3.10/site-packages/prefect/task_engine.py"", line 1487, in run_task_sync
    engine.call_task_fn(txn)
  File ""/usr/local/lib/python3.10/site-packages/prefect/task_engine.py"", line 874, in call_task_fn
    result = call_with_parameters(self.task.fn, parameters)
  File ""/usr/local/lib/python3.10/site-packages/prefect/utilities/callables.py"", line 210, in call_with_parameters
    return fn(*args, **kwargs)
  File ""/usr/local/lib/python3.10/site-packages/prefect/utilities/asyncutils.py"", line 351, in coroutine_wrapper
    return run_coro_as_sync(ctx_call())
  File ""/usr/local/lib/python3.10/site-packages/prefect/utilities/asyncutils.py"", line 207, in run_coro_as_sync
    return call.result()
  File ""/usr/local/lib/python3.10/site-packages/prefect/_internal/concurrency/calls.py"", line 365, in result
    return self.future.result(timeout=timeout)
  File ""/usr/local/lib/python3.10/site-packages/prefect/_internal/concurrency/calls.py"", line 192, in result
    return self.__get_result()
  File ""/usr/local/lib/python3.10/concurrent/futures/_base.py"", line 403, in __get_result
    raise self._exception
  File ""/usr/local/lib/python3.10/site-packages/prefect/_internal/concurrency/calls.py"", line 441, in _run_async
    result = await coro
  File ""/usr/local/lib/python3.10/site-packages/prefect/utilities/asyncutils.py"", line 188, in coroutine_wrapper
    return await task
  File ""/usr/local/lib/python3.10/site-packages/prefect/utilities/asyncutils.py"", line 341, in ctx_call
    result = await async_fn(*args, **kwargs)
  File ""/usr/local/lib/python3.10/site-packages/prefect_kubernetes/jobs.py"", line 472, in wait_for_completion
    raise RuntimeError(
RuntimeError: Job 'prefect-hallowed-python-1' failed due to [], check the Kubernetes pod logs for more information."
2025-10-02 09:51:37.090033+00:00,20,a1461039-170e-4f7c-9372-cc4779b12e51,,"Finished in state Failed(""Flow run encountered an exception: RuntimeError: Job 'prefect-hallowed-python-1' failed due to [], check the Kubernetes pod logs for more information."")"
2025-10-02 09:51:37.093101+00:00,40,a1461039-170e-4f7c-9372-cc4779b12e51,,"Engine execution exited with unexpected exception
Traceback (most recent call last):
  File ""/usr/local/lib/python3.10/site-packages/prefect/flow_engine.py"", line 1554, in run_flow
    ret_val = run_flow_sync(**kwargs)
  File ""/usr/local/lib/python3.10/site-packages/prefect/flow_engine.py"", line 1399, in run_flow_sync
    return engine.state if return_type == ""state"" else engine.result()
  File ""/usr/local/lib/python3.10/site-packages/prefect/flow_engine.py"", line 361, in result
    raise self._raised
  File ""/usr/local/lib/python3.10/site-packages/prefect/flow_engine.py"", line 782, in run_context
    yield self
  File ""/usr/local/lib/python3.10/site-packages/prefect/flow_engine.py"", line 1397, in run_flow_sync
    engine.call_flow_fn()
  File ""/usr/local/lib/python3.10/site-packages/prefect/flow_engine.py"", line 802, in call_flow_fn
    result = call_with_parameters(self.flow.fn, self.parameters)
  File ""/usr/local/lib/python3.10/site-packages/prefect/utilities/callables.py"", line 210, in call_with_parameters
    return fn(*args, **kwargs)
  File ""/app/modint-prefect-main/modint_prefect/prefect_flow.py"", line 805, in run_bhc_change_detection_flow
    inference_future.result()
  File ""/usr/local/lib/python3.10/site-packages/prefect/futures.py"", line 222, in result
    _result = self._final_state.result(
  File ""/usr/local/lib/python3.10/site-packages/prefect/_internal/compatibility/async_dispatch.py"", line 94, in wrapper
    return fn(*args, **kwargs)
  File ""/usr/local/lib/python3.10/site-packages/prefect/client/schemas/objects.py"", line 366, in result
    return run_coro_as_sync(
  File ""/usr/local/lib/python3.10/site-packages/prefect/utilities/asyncutils.py"", line 207, in run_coro_as_sync
    return call.result()
  File ""/usr/local/lib/python3.10/site-packages/prefect/_internal/concurrency/calls.py"", line 365, in result
    return self.future.result(timeout=timeout)
  File ""/usr/local/lib/python3.10/site-packages/prefect/_internal/concurrency/calls.py"", line 192, in result
    return self.__get_result()
  File ""/usr/local/lib/python3.10/concurrent/futures/_base.py"", line 403, in __get_result
    raise self._exception
  File ""/usr/local/lib/python3.10/site-packages/prefect/_internal/concurrency/calls.py"", line 441, in _run_async
    result = await coro
  File ""/usr/local/lib/python3.10/site-packages/prefect/utilities/asyncutils.py"", line 188, in coroutine_wrapper
    return await task
  File ""/usr/local/lib/python3.10/site-packages/prefect/states.py"", line 85, in get_state_result
    return await _get_state_result(
  File ""/usr/local/lib/python3.10/site-packages/prefect/states.py"", line 157, in _get_state_result
    raise await get_state_exception(state)
  File ""/usr/local/lib/python3.10/site-packages/prefect/task_engine.py"", line 857, in run_context
    yield self
  File ""/usr/local/lib/python3.10/site-packages/prefect/task_engine.py"", line 1487, in run_task_sync
    engine.call_task_fn(txn)
  File ""/usr/local/lib/python3.10/site-packages/prefect/task_engine.py"", line 874, in call_task_fn
    result = call_with_parameters(self.task.fn, parameters)
  File ""/usr/local/lib/python3.10/site-packages/prefect/utilities/callables.py"", line 210, in call_with_parameters
    return fn(*args, **kwargs)
  File ""/app/modint-prefect-main/modint_prefect/prefect_flow.py"", line 337, in run_inference_serving
    run_namespaced_job(job, print_func=logger.info)
  File ""/usr/local/lib/python3.10/site-packages/prefect/flows.py"", line 1702, in __call__
    return run_flow(
  File ""/usr/local/lib/python3.10/site-packages/prefect/flow_engine.py"", line 1554, in run_flow
    ret_val = run_flow_sync(**kwargs)
  File ""/usr/local/lib/python3.10/site-packages/prefect/flow_engine.py"", line 1399, in run_flow_sync
    return engine.state if return_type == ""state"" else engine.result()
  File ""/usr/local/lib/python3.10/site-packages/prefect/flow_engine.py"", line 361, in result
    raise self._raised
  File ""/usr/local/lib/python3.10/site-packages/prefect/flow_engine.py"", line 782, in run_context
    yield self
  File ""/usr/local/lib/python3.10/site-packages/prefect/flow_engine.py"", line 1397, in run_flow_sync
    engine.call_flow_fn()
  File ""/usr/local/lib/python3.10/site-packages/prefect/flow_engine.py"", line 802, in call_flow_fn
    result = call_with_parameters(self.flow.fn, self.parameters)
  File ""/usr/local/lib/python3.10/site-packages/prefect/utilities/callables.py"", line 210, in call_with_parameters
    return fn(*args, **kwargs)
  File ""/usr/local/lib/python3.10/site-packages/prefect_kubernetes/flows.py"", line 42, in run_namespaced_job
    task(kubernetes_job_run.wait_for_completion)(print_func)
  File ""/usr/local/lib/python3.10/site-packages/prefect/tasks.py"", line 1139, in __call__
    return run_task(
  File ""/usr/local/lib/python3.10/site-packages/prefect/task_engine.py"", line 1714, in run_task
    return run_task_sync(**kwargs)
  File ""/usr/local/lib/python3.10/site-packages/prefect/task_engine.py"", line 1489, in run_task_sync
    return engine.state if return_type == ""state"" else engine.result()
  File ""/usr/local/lib/python3.10/site-packages/prefect/task_engine.py"", line 478, in result
    raise self._raised
  File ""/usr/local/lib/python3.10/site-packages/prefect/task_engine.py"", line 857, in run_context
    yield self
  File ""/usr/local/lib/python3.10/site-packages/prefect/task_engine.py"", line 1487, in run_task_sync
    engine.call_task_fn(txn)
  File ""/usr/local/lib/python3.10/site-packages/prefect/task_engine.py"", line 874, in call_task_fn
    result = call_with_parameters(self.task.fn, parameters)
  File ""/usr/local/lib/python3.10/site-packages/prefect/utilities/callables.py"", line 210, in call_with_parameters
    return fn(*args, **kwargs)
  File ""/usr/local/lib/python3.10/site-packages/prefect/utilities/asyncutils.py"", line 351, in coroutine_wrapper
    return run_coro_as_sync(ctx_call())
  File ""/usr/local/lib/python3.10/site-packages/prefect/utilities/asyncutils.py"", line 207, in run_coro_as_sync
    return call.result()
  File ""/usr/local/lib/python3.10/site-packages/prefect/_internal/concurrency/calls.py"", line 365, in result
    return self.future.result(timeout=timeout)
  File ""/usr/local/lib/python3.10/site-packages/prefect/_internal/concurrency/calls.py"", line 192, in result
    return self.__get_result()
  File ""/usr/local/lib/python3.10/concurrent/futures/_base.py"", line 403, in __get_result
    raise self._exception
  File ""/usr/local/lib/python3.10/site-packages/prefect/_internal/concurrency/calls.py"", line 441, in _run_async
    result = await coro
  File ""/usr/local/lib/python3.10/site-packages/prefect/utilities/asyncutils.py"", line 188, in coroutine_wrapper
    return await task
  File ""/usr/local/lib/python3.10/site-packages/prefect/utilities/asyncutils.py"", line 341, in ctx_call
    result = await async_fn(*args, **kwargs)
  File ""/usr/local/lib/python3.10/site-packages/prefect_kubernetes/jobs.py"", line 472, in wait_for_completion
    raise RuntimeError(
RuntimeError: Job 'prefect-hallowed-python-1' failed due to [], check the Kubernetes pod logs for more information."
2025-10-02 09:51:37.956455+00:00,40,a1461039-170e-4f7c-9372-cc4779b12e51,,Process for flow run 'hallowed-python' exited with status code: 1
