timestamp,level,flow_run_id,task_run_id,message
2025-10-15 06:35:12.925932+00:00,20,b7a101a5-01f4-48bc-be7c-c623fb362bfd,,Worker 'KubernetesWorker a05e490e-9eac-4523-9166-1b04920e6d58' submitting flow run 'b7a101a5-01f4-48bc-be7c-c623fb362bfd'
2025-10-15 06:35:13.120407+00:00,20,b7a101a5-01f4-48bc-be7c-c623fb362bfd,,Creating Kubernetes job...
2025-10-15 06:35:14.635887+00:00,20,b7a101a5-01f4-48bc-be7c-c623fb362bfd,,Completed submission of flow run 'b7a101a5-01f4-48bc-be7c-c623fb362bfd'
2025-10-15 06:35:21.715616+00:00,20,b7a101a5-01f4-48bc-be7c-c623fb362bfd,,Opening process...
2025-10-15 06:35:24.326856+00:00,20,b7a101a5-01f4-48bc-be7c-c623fb362bfd,, > Running git_clone step...
2025-10-15 06:35:29.978008+00:00,20,b7a101a5-01f4-48bc-be7c-c623fb362bfd,,Beginning flow run 'shaggy-adder' for flow 'run-modint-flow'
2025-10-15 06:35:30.130502+00:00,20,b7a101a5-01f4-48bc-be7c-c623fb362bfd,0199e694-b75d-7be6-bd5c-bb818133859d,This job ID will be used - modint-prefect-shaggy-adder-1
2025-10-15 06:35:30.135768+00:00,20,b7a101a5-01f4-48bc-be7c-c623fb362bfd,0199e694-b75d-7be6-bd5c-bb818133859d,Finished in state Completed()
2025-10-15 06:35:30.647354+00:00,20,b7a101a5-01f4-48bc-be7c-c623fb362bfd,0199e694-b7da-704e-8ff8-e0e1a67a66ba,Finished in state Completed()
2025-10-15 06:35:30.689335+00:00,20,b7a101a5-01f4-48bc-be7c-c623fb362bfd,0199e694-b7dd-76d4-af77-66e89afc88cf,{'scene_path': '/nas/COG/planet/Y2025/M05/D30/planet_20250530_004017_ssc13_u0001/20250530_004017_ssc13_u0001_pansharpened_clip_cog.tif'}
2025-10-15 06:35:30.796803+00:00,20,b7a101a5-01f4-48bc-be7c-c623fb362bfd,0199e694-ba4e-701a-96dd-1c6c20a617ec,Finished in state Completed()
2025-10-15 06:35:31.770460+00:00,20,b7a101a5-01f4-48bc-be7c-c623fb362bfd,0199e694-b7db-7c8b-9676-4251ea2e602b,Beginning subflow run 'spry-lemming' for flow 'run-namespaced-job'
2025-10-15 06:36:05.114182+00:00,20,b7a101a5-01f4-48bc-be7c-c623fb362bfd,0199e694-b7db-7c8b-9676-4251ea2e602b,"Downloading artifacts:   0%|          | 0/7 [00:00<?, ?it/s]Downloading artifacts:  14%|█▍        | 1/7 [00:00<00:00, 5468.45it/s]Downloading artifacts:  29%|██▊       | 2/7 [00:00<00:00, 4171.36it/s]Downloading artifacts:  43%|████▎     | 3/7 [00:00<00:00, 114.86it/s] Downloading artifacts:  57%|█████▋    | 4/7 [00:00<00:00, 89.47it/s] Downloading artifacts:  71%|███████▏  | 5/7 [00:00<00:00, 106.98it/s]Downloading artifacts:  86%|████████▌ | 6/7 [00:00<00:00, 53.69it/s] Downloading artifacts:  86%|████████▌ | 6/7 [00:00<00:00, 53.69it/s]Downloading artifacts: 100%|██████████| 7/7 [00:04<00:00, 53.69it/s]Downloading artifacts: 100%|██████████| 7/7 [00:04<00:00,  1.46it/s]
"
2025-10-15 06:36:05.117812+00:00,20,b7a101a5-01f4-48bc-be7c-c623fb362bfd,0199e694-b7db-7c8b-9676-4251ea2e602b,"Loads checkpoint by local backend from path: /tmp/tmplkgv_jld/checkpoint/model_final.pth
"
2025-10-15 06:36:06.230865+00:00,20,b7a101a5-01f4-48bc-be7c-c623fb362bfd,0199e694-b7db-7c8b-9676-4251ea2e602b,"Making patches:   0%|          | 0/1 [00:00<?, ?it/s]Making patches: 100%|██████████| 1/1 [00:00<00:00, 10230.01it/s]
"
2025-10-15 06:36:30.761956+00:00,20,b7a101a5-01f4-48bc-be7c-c623fb362bfd,0199e694-b7dd-76d4-af77-66e89afc88cf,Progress: 19.897959183673468 percent
2025-10-15 06:37:00.797675+00:00,20,b7a101a5-01f4-48bc-be7c-c623fb362bfd,0199e694-b7dd-76d4-af77-66e89afc88cf,Progress: 54.08163265306123 percent
2025-10-15 06:37:30.825818+00:00,20,b7a101a5-01f4-48bc-be7c-c623fb362bfd,0199e694-b7dd-76d4-af77-66e89afc88cf,Progress: 88.77551020408163 percent
2025-10-15 06:37:39.678154+00:00,20,b7a101a5-01f4-48bc-be7c-c623fb362bfd,0199e694-b7db-7c8b-9676-4251ea2e602b,"AAAA 424.44
"
2025-10-15 06:37:39.680813+00:00,20,b7a101a5-01f4-48bc-be7c-c623fb362bfd,0199e694-b7db-7c8b-9676-4251ea2e602b,"AAAA 412.89
"
2025-10-15 06:37:39.682934+00:00,20,b7a101a5-01f4-48bc-be7c-c623fb362bfd,0199e694-b7db-7c8b-9676-4251ea2e602b,"AAAA 394.58
"
2025-10-15 06:37:39.688074+00:00,20,b7a101a5-01f4-48bc-be7c-c623fb362bfd,0199e694-b7db-7c8b-9676-4251ea2e602b,"AAAA 375.96
"
2025-10-15 06:37:39.689975+00:00,20,b7a101a5-01f4-48bc-be7c-c623fb362bfd,0199e694-b7db-7c8b-9676-4251ea2e602b,"AAAA 356.77
"
2025-10-15 06:37:39.691838+00:00,20,b7a101a5-01f4-48bc-be7c-c623fb362bfd,0199e694-b7db-7c8b-9676-4251ea2e602b,"AAAA 339.79
"
2025-10-15 06:37:39.693976+00:00,20,b7a101a5-01f4-48bc-be7c-c623fb362bfd,0199e694-b7db-7c8b-9676-4251ea2e602b,"AAAA 322.9
"
2025-10-15 06:37:39.696278+00:00,20,b7a101a5-01f4-48bc-be7c-c623fb362bfd,0199e694-b7db-7c8b-9676-4251ea2e602b,"AAAA 307.5
"
2025-10-15 06:37:39.698387+00:00,20,b7a101a5-01f4-48bc-be7c-c623fb362bfd,0199e694-b7db-7c8b-9676-4251ea2e602b,"AAAA 292.52
"
2025-10-15 06:37:39.700434+00:00,20,b7a101a5-01f4-48bc-be7c-c623fb362bfd,0199e694-b7db-7c8b-9676-4251ea2e602b,"AAAA 278.6
"
2025-10-15 06:37:39.702245+00:00,20,b7a101a5-01f4-48bc-be7c-c623fb362bfd,0199e694-b7db-7c8b-9676-4251ea2e602b,"AAAA 265.27
"
2025-10-15 06:37:39.704163+00:00,20,b7a101a5-01f4-48bc-be7c-c623fb362bfd,0199e694-b7db-7c8b-9676-4251ea2e602b,"AAAA 252.58
"
2025-10-15 06:37:39.705930+00:00,20,b7a101a5-01f4-48bc-be7c-c623fb362bfd,0199e694-b7db-7c8b-9676-4251ea2e602b,"AAAA 240.62
"
2025-10-15 06:37:39.707492+00:00,20,b7a101a5-01f4-48bc-be7c-c623fb362bfd,0199e694-b7db-7c8b-9676-4251ea2e602b,"AAAA 229.3
"
2025-10-15 06:37:39.709320+00:00,20,b7a101a5-01f4-48bc-be7c-c623fb362bfd,0199e694-b7db-7c8b-9676-4251ea2e602b,"AAAA 219.05
"
2025-10-15 06:37:39.711088+00:00,20,b7a101a5-01f4-48bc-be7c-c623fb362bfd,0199e694-b7db-7c8b-9676-4251ea2e602b,"AAAA 210.21
"
2025-10-15 06:37:39.713154+00:00,20,b7a101a5-01f4-48bc-be7c-c623fb362bfd,0199e694-b7db-7c8b-9676-4251ea2e602b,"AAAA 201.95
"
2025-10-15 06:37:39.714691+00:00,20,b7a101a5-01f4-48bc-be7c-c623fb362bfd,0199e694-b7db-7c8b-9676-4251ea2e602b,"AAAA 194.72
"
2025-10-15 06:37:39.716092+00:00,20,b7a101a5-01f4-48bc-be7c-c623fb362bfd,0199e694-b7db-7c8b-9676-4251ea2e602b,"AAAA 187.93
"
2025-10-15 06:37:39.717686+00:00,20,b7a101a5-01f4-48bc-be7c-c623fb362bfd,0199e694-b7db-7c8b-9676-4251ea2e602b,"AAAA 181.89
"
2025-10-15 06:37:39.719220+00:00,20,b7a101a5-01f4-48bc-be7c-c623fb362bfd,0199e694-b7db-7c8b-9676-4251ea2e602b,"AAAA 176.26
"
2025-10-15 06:37:39.720570+00:00,20,b7a101a5-01f4-48bc-be7c-c623fb362bfd,0199e694-b7db-7c8b-9676-4251ea2e602b,"AAAA 171.2
"
2025-10-15 06:37:39.722163+00:00,20,b7a101a5-01f4-48bc-be7c-c623fb362bfd,0199e694-b7db-7c8b-9676-4251ea2e602b,"AAAA 166.48
"
2025-10-15 06:37:39.723670+00:00,20,b7a101a5-01f4-48bc-be7c-c623fb362bfd,0199e694-b7db-7c8b-9676-4251ea2e602b,"AAAA 162.21
"
2025-10-15 06:37:39.724902+00:00,20,b7a101a5-01f4-48bc-be7c-c623fb362bfd,0199e694-b7db-7c8b-9676-4251ea2e602b,"AAAA 158.24
"
2025-10-15 06:37:39.726390+00:00,20,b7a101a5-01f4-48bc-be7c-c623fb362bfd,0199e694-b7db-7c8b-9676-4251ea2e602b,"AAAA 154.72
"
2025-10-15 06:37:39.727680+00:00,20,b7a101a5-01f4-48bc-be7c-c623fb362bfd,0199e694-b7db-7c8b-9676-4251ea2e602b,"AAAA 151.34
"
2025-10-15 06:37:39.728901+00:00,20,b7a101a5-01f4-48bc-be7c-c623fb362bfd,0199e694-b7db-7c8b-9676-4251ea2e602b,"AAAA 148.02
"
2025-10-15 06:37:39.730383+00:00,20,b7a101a5-01f4-48bc-be7c-c623fb362bfd,0199e694-b7db-7c8b-9676-4251ea2e602b,"AAAA 144.8
"
2025-10-15 06:37:39.731831+00:00,20,b7a101a5-01f4-48bc-be7c-c623fb362bfd,0199e694-b7db-7c8b-9676-4251ea2e602b,"AAAA 141.68
"
2025-10-15 06:37:39.733115+00:00,20,b7a101a5-01f4-48bc-be7c-c623fb362bfd,0199e694-b7db-7c8b-9676-4251ea2e602b,"AAAA 138.64
"
2025-10-15 06:37:39.734005+00:00,20,b7a101a5-01f4-48bc-be7c-c623fb362bfd,0199e694-b7db-7c8b-9676-4251ea2e602b,"AAAA 135.7
"
2025-10-15 06:37:39.735337+00:00,20,b7a101a5-01f4-48bc-be7c-c623fb362bfd,0199e694-b7db-7c8b-9676-4251ea2e602b,"AAAA 132.86
"
2025-10-15 06:37:39.736651+00:00,20,b7a101a5-01f4-48bc-be7c-c623fb362bfd,0199e694-b7db-7c8b-9676-4251ea2e602b,"AAAA 130.11
"
2025-10-15 06:37:39.737742+00:00,20,b7a101a5-01f4-48bc-be7c-c623fb362bfd,0199e694-b7db-7c8b-9676-4251ea2e602b,"AAAA 127.45
"
2025-10-15 06:37:39.739069+00:00,20,b7a101a5-01f4-48bc-be7c-c623fb362bfd,0199e694-b7db-7c8b-9676-4251ea2e602b,"AAAA 124.91
"
2025-10-15 06:37:39.740403+00:00,20,b7a101a5-01f4-48bc-be7c-c623fb362bfd,0199e694-b7db-7c8b-9676-4251ea2e602b,"AAAA 122.45
"
2025-10-15 06:37:39.741485+00:00,20,b7a101a5-01f4-48bc-be7c-c623fb362bfd,0199e694-b7db-7c8b-9676-4251ea2e602b,"AAAA 120.09
"
2025-10-15 06:37:39.742817+00:00,20,b7a101a5-01f4-48bc-be7c-c623fb362bfd,0199e694-b7db-7c8b-9676-4251ea2e602b,"AAAA 117.81
"
2025-10-15 06:37:39.744042+00:00,20,b7a101a5-01f4-48bc-be7c-c623fb362bfd,0199e694-b7db-7c8b-9676-4251ea2e602b,"AAAA 115.7
"
2025-10-15 06:37:39.744991+00:00,20,b7a101a5-01f4-48bc-be7c-c623fb362bfd,0199e694-b7db-7c8b-9676-4251ea2e602b,"AAAA 113.67
"
2025-10-15 06:37:39.745746+00:00,20,b7a101a5-01f4-48bc-be7c-c623fb362bfd,0199e694-b7db-7c8b-9676-4251ea2e602b,"AAAA 111.7
"
2025-10-15 06:37:39.746470+00:00,20,b7a101a5-01f4-48bc-be7c-c623fb362bfd,0199e694-b7db-7c8b-9676-4251ea2e602b,"AAAA 109.79
"
2025-10-15 06:37:39.747206+00:00,20,b7a101a5-01f4-48bc-be7c-c623fb362bfd,0199e694-b7db-7c8b-9676-4251ea2e602b,"AAAA 108.09
"
2025-10-15 06:37:39.747946+00:00,20,b7a101a5-01f4-48bc-be7c-c623fb362bfd,0199e694-b7db-7c8b-9676-4251ea2e602b,"AAAA 106.44
"
2025-10-15 06:37:39.749066+00:00,20,b7a101a5-01f4-48bc-be7c-c623fb362bfd,0199e694-b7db-7c8b-9676-4251ea2e602b,"AAAA 104.87
"
2025-10-15 06:37:39.750278+00:00,20,b7a101a5-01f4-48bc-be7c-c623fb362bfd,0199e694-b7db-7c8b-9676-4251ea2e602b,"AAAA 103.33
"
2025-10-15 06:37:39.757684+00:00,20,b7a101a5-01f4-48bc-be7c-c623fb362bfd,0199e694-b7db-7c8b-9676-4251ea2e602b,"AAAA 101.83
"
2025-10-15 06:37:39.758830+00:00,20,b7a101a5-01f4-48bc-be7c-c623fb362bfd,0199e694-b7db-7c8b-9676-4251ea2e602b,"AAAA 100.37
"
2025-10-15 06:37:39.759551+00:00,20,b7a101a5-01f4-48bc-be7c-c623fb362bfd,0199e694-b7db-7c8b-9676-4251ea2e602b,"AAAA 98.97
"
2025-10-15 06:37:39.760253+00:00,20,b7a101a5-01f4-48bc-be7c-c623fb362bfd,0199e694-b7db-7c8b-9676-4251ea2e602b,"AAAA 97.61
"
2025-10-15 06:37:39.760938+00:00,20,b7a101a5-01f4-48bc-be7c-c623fb362bfd,0199e694-b7db-7c8b-9676-4251ea2e602b,"AAAA 96.32
"
2025-10-15 06:37:39.761614+00:00,20,b7a101a5-01f4-48bc-be7c-c623fb362bfd,0199e694-b7db-7c8b-9676-4251ea2e602b,"AAAA 95.11
"
2025-10-15 06:37:39.762294+00:00,20,b7a101a5-01f4-48bc-be7c-c623fb362bfd,0199e694-b7db-7c8b-9676-4251ea2e602b,"AAAA 93.96
"
2025-10-15 06:37:39.763049+00:00,20,b7a101a5-01f4-48bc-be7c-c623fb362bfd,0199e694-b7db-7c8b-9676-4251ea2e602b,"AAAA 92.83
"
2025-10-15 06:37:39.763830+00:00,20,b7a101a5-01f4-48bc-be7c-c623fb362bfd,0199e694-b7db-7c8b-9676-4251ea2e602b,"AAAA 91.71
"
2025-10-15 06:37:39.764645+00:00,20,b7a101a5-01f4-48bc-be7c-c623fb362bfd,0199e694-b7db-7c8b-9676-4251ea2e602b,"AAAA 90.6
"
2025-10-15 06:37:39.765435+00:00,20,b7a101a5-01f4-48bc-be7c-c623fb362bfd,0199e694-b7db-7c8b-9676-4251ea2e602b,"AAAA 89.5
"
2025-10-15 06:37:39.766219+00:00,20,b7a101a5-01f4-48bc-be7c-c623fb362bfd,0199e694-b7db-7c8b-9676-4251ea2e602b,"AAAA 88.41
"
2025-10-15 06:37:39.767317+00:00,20,b7a101a5-01f4-48bc-be7c-c623fb362bfd,0199e694-b7db-7c8b-9676-4251ea2e602b,"AAAA 87.33
"
2025-10-15 06:37:39.768600+00:00,20,b7a101a5-01f4-48bc-be7c-c623fb362bfd,0199e694-b7db-7c8b-9676-4251ea2e602b,"AAAA 86.26
"
2025-10-15 06:37:39.769851+00:00,20,b7a101a5-01f4-48bc-be7c-c623fb362bfd,0199e694-b7db-7c8b-9676-4251ea2e602b,"AAAA 85.21
"
2025-10-15 06:37:39.770884+00:00,20,b7a101a5-01f4-48bc-be7c-c623fb362bfd,0199e694-b7db-7c8b-9676-4251ea2e602b,"AAAA 84.19
"
2025-10-15 06:37:39.772218+00:00,20,b7a101a5-01f4-48bc-be7c-c623fb362bfd,0199e694-b7db-7c8b-9676-4251ea2e602b,"AAAA 83.2
"
2025-10-15 06:37:39.773423+00:00,20,b7a101a5-01f4-48bc-be7c-c623fb362bfd,0199e694-b7db-7c8b-9676-4251ea2e602b,"AAAA 82.24
"
2025-10-15 06:37:39.774337+00:00,20,b7a101a5-01f4-48bc-be7c-c623fb362bfd,0199e694-b7db-7c8b-9676-4251ea2e602b,"AAAA 81.32
"
2025-10-15 06:37:39.775486+00:00,20,b7a101a5-01f4-48bc-be7c-c623fb362bfd,0199e694-b7db-7c8b-9676-4251ea2e602b,"AAAA 80.41
"
2025-10-15 06:37:39.776512+00:00,20,b7a101a5-01f4-48bc-be7c-c623fb362bfd,0199e694-b7db-7c8b-9676-4251ea2e602b,"AAAA 79.5
"
2025-10-15 06:37:39.777373+00:00,20,b7a101a5-01f4-48bc-be7c-c623fb362bfd,0199e694-b7db-7c8b-9676-4251ea2e602b,"AAAA 78.61
"
2025-10-15 06:37:39.823100+00:00,20,b7a101a5-01f4-48bc-be7c-c623fb362bfd,0199e694-b7db-7c8b-9676-4251ea2e602b,"AAAA 77.72
"
2025-10-15 06:37:39.825042+00:00,20,b7a101a5-01f4-48bc-be7c-c623fb362bfd,0199e694-b7db-7c8b-9676-4251ea2e602b,"AAAA 76.84
"
2025-10-15 06:37:39.827487+00:00,20,b7a101a5-01f4-48bc-be7c-c623fb362bfd,0199e694-b7db-7c8b-9676-4251ea2e602b,"AAAA 75.97
"
2025-10-15 06:37:39.829387+00:00,20,b7a101a5-01f4-48bc-be7c-c623fb362bfd,0199e694-b7db-7c8b-9676-4251ea2e602b,"AAAA 75.1
"
2025-10-15 06:37:39.831484+00:00,20,b7a101a5-01f4-48bc-be7c-c623fb362bfd,0199e694-b7db-7c8b-9676-4251ea2e602b,"AAAA 74.26
"
2025-10-15 06:37:39.833765+00:00,20,b7a101a5-01f4-48bc-be7c-c623fb362bfd,0199e694-b7db-7c8b-9676-4251ea2e602b,"AAAA 73.41
"
2025-10-15 06:37:39.835785+00:00,20,b7a101a5-01f4-48bc-be7c-c623fb362bfd,0199e694-b7db-7c8b-9676-4251ea2e602b,"AAAA 72.58
"
2025-10-15 06:37:39.838229+00:00,20,b7a101a5-01f4-48bc-be7c-c623fb362bfd,0199e694-b7db-7c8b-9676-4251ea2e602b,"AAAA 71.76
"
2025-10-15 06:37:39.840465+00:00,20,b7a101a5-01f4-48bc-be7c-c623fb362bfd,0199e694-b7db-7c8b-9676-4251ea2e602b,"AAAA 70.95
"
2025-10-15 06:37:39.842456+00:00,20,b7a101a5-01f4-48bc-be7c-c623fb362bfd,0199e694-b7db-7c8b-9676-4251ea2e602b,"AAAA 70.15
"
2025-10-15 06:37:39.844184+00:00,20,b7a101a5-01f4-48bc-be7c-c623fb362bfd,0199e694-b7db-7c8b-9676-4251ea2e602b,"AAAA 69.4
"
2025-10-15 06:37:39.845678+00:00,20,b7a101a5-01f4-48bc-be7c-c623fb362bfd,0199e694-b7db-7c8b-9676-4251ea2e602b,"AAAA 68.68
"
2025-10-15 06:37:39.847219+00:00,20,b7a101a5-01f4-48bc-be7c-c623fb362bfd,0199e694-b7db-7c8b-9676-4251ea2e602b,"AAAA 68.03
"
2025-10-15 06:37:39.848984+00:00,20,b7a101a5-01f4-48bc-be7c-c623fb362bfd,0199e694-b7db-7c8b-9676-4251ea2e602b,"AAAA 67.37
"
2025-10-15 06:37:39.850669+00:00,20,b7a101a5-01f4-48bc-be7c-c623fb362bfd,0199e694-b7db-7c8b-9676-4251ea2e602b,"AAAA 66.7
"
2025-10-15 06:37:39.852172+00:00,20,b7a101a5-01f4-48bc-be7c-c623fb362bfd,0199e694-b7db-7c8b-9676-4251ea2e602b,"AAAA 66.02
"
2025-10-15 06:37:39.853909+00:00,20,b7a101a5-01f4-48bc-be7c-c623fb362bfd,0199e694-b7db-7c8b-9676-4251ea2e602b,"AAAA 65.34
"
2025-10-15 06:37:39.855327+00:00,20,b7a101a5-01f4-48bc-be7c-c623fb362bfd,0199e694-b7db-7c8b-9676-4251ea2e602b,"AAAA 64.66
"
2025-10-15 06:37:39.856567+00:00,20,b7a101a5-01f4-48bc-be7c-c623fb362bfd,0199e694-b7db-7c8b-9676-4251ea2e602b,"AAAA 63.98
"
2025-10-15 06:37:39.858055+00:00,20,b7a101a5-01f4-48bc-be7c-c623fb362bfd,0199e694-b7db-7c8b-9676-4251ea2e602b,"AAAA 63.29
"
2025-10-15 06:37:39.859480+00:00,20,b7a101a5-01f4-48bc-be7c-c623fb362bfd,0199e694-b7db-7c8b-9676-4251ea2e602b,"AAAA 62.6
"
2025-10-15 06:37:39.860721+00:00,20,b7a101a5-01f4-48bc-be7c-c623fb362bfd,0199e694-b7db-7c8b-9676-4251ea2e602b,"AAAA 61.91
"
2025-10-15 06:37:39.862207+00:00,20,b7a101a5-01f4-48bc-be7c-c623fb362bfd,0199e694-b7db-7c8b-9676-4251ea2e602b,"AAAA 61.23
"
2025-10-15 06:37:39.863637+00:00,20,b7a101a5-01f4-48bc-be7c-c623fb362bfd,0199e694-b7db-7c8b-9676-4251ea2e602b,"AAAA 60.54
"
2025-10-15 06:37:39.864815+00:00,20,b7a101a5-01f4-48bc-be7c-c623fb362bfd,0199e694-b7db-7c8b-9676-4251ea2e602b,"AAAA 59.86
"
2025-10-15 06:37:39.865704+00:00,20,b7a101a5-01f4-48bc-be7c-c623fb362bfd,0199e694-b7db-7c8b-9676-4251ea2e602b,"AAAA 59.18
"
2025-10-15 06:37:39.867036+00:00,20,b7a101a5-01f4-48bc-be7c-c623fb362bfd,0199e694-b7db-7c8b-9676-4251ea2e602b,"AAAA 58.5
"
2025-10-15 06:37:39.868344+00:00,20,b7a101a5-01f4-48bc-be7c-c623fb362bfd,0199e694-b7db-7c8b-9676-4251ea2e602b,"AAAA 57.83
"
2025-10-15 06:37:39.869435+00:00,20,b7a101a5-01f4-48bc-be7c-c623fb362bfd,0199e694-b7db-7c8b-9676-4251ea2e602b,"AAAA 57.15
"
2025-10-15 06:37:39.870757+00:00,20,b7a101a5-01f4-48bc-be7c-c623fb362bfd,0199e694-b7db-7c8b-9676-4251ea2e602b,"AAAA 56.49
"
2025-10-15 06:37:39.872101+00:00,20,b7a101a5-01f4-48bc-be7c-c623fb362bfd,0199e694-b7db-7c8b-9676-4251ea2e602b,"AAAA 55.82
"
2025-10-15 06:37:39.873227+00:00,20,b7a101a5-01f4-48bc-be7c-c623fb362bfd,0199e694-b7db-7c8b-9676-4251ea2e602b,"AAAA 55.16
"
2025-10-15 06:37:39.874549+00:00,20,b7a101a5-01f4-48bc-be7c-c623fb362bfd,0199e694-b7db-7c8b-9676-4251ea2e602b,"AAAA 54.5
"
2025-10-15 06:37:39.875811+00:00,20,b7a101a5-01f4-48bc-be7c-c623fb362bfd,0199e694-b7db-7c8b-9676-4251ea2e602b,"AAAA 53.85
"
2025-10-15 06:37:39.876865+00:00,20,b7a101a5-01f4-48bc-be7c-c623fb362bfd,0199e694-b7db-7c8b-9676-4251ea2e602b,"AAAA 53.2
"
2025-10-15 06:37:39.878165+00:00,20,b7a101a5-01f4-48bc-be7c-c623fb362bfd,0199e694-b7db-7c8b-9676-4251ea2e602b,"AAAA 52.55
"
2025-10-15 06:37:39.879402+00:00,20,b7a101a5-01f4-48bc-be7c-c623fb362bfd,0199e694-b7db-7c8b-9676-4251ea2e602b,"AAAA 51.91
"
2025-10-15 06:37:39.880447+00:00,20,b7a101a5-01f4-48bc-be7c-c623fb362bfd,0199e694-b7db-7c8b-9676-4251ea2e602b,"AAAA 51.27
"
2025-10-15 06:37:39.881764+00:00,20,b7a101a5-01f4-48bc-be7c-c623fb362bfd,0199e694-b7db-7c8b-9676-4251ea2e602b,"AAAA 50.66
"
2025-10-15 06:37:39.922575+00:00,20,b7a101a5-01f4-48bc-be7c-c623fb362bfd,0199e694-b7db-7c8b-9676-4251ea2e602b,"AAAA 50.05
"
2025-10-15 06:37:39.924402+00:00,20,b7a101a5-01f4-48bc-be7c-c623fb362bfd,0199e694-b7db-7c8b-9676-4251ea2e602b,"AAAA 49.48
"
2025-10-15 06:37:39.926495+00:00,20,b7a101a5-01f4-48bc-be7c-c623fb362bfd,0199e694-b7db-7c8b-9676-4251ea2e602b,"AAAA 48.92
"
2025-10-15 06:37:39.928538+00:00,20,b7a101a5-01f4-48bc-be7c-c623fb362bfd,0199e694-b7db-7c8b-9676-4251ea2e602b,"AAAA 48.35
"
2025-10-15 06:37:39.930408+00:00,20,b7a101a5-01f4-48bc-be7c-c623fb362bfd,0199e694-b7db-7c8b-9676-4251ea2e602b,"AAAA 47.78
"
2025-10-15 06:37:39.932972+00:00,20,b7a101a5-01f4-48bc-be7c-c623fb362bfd,0199e694-b7db-7c8b-9676-4251ea2e602b,"AAAA 47.21
"
2025-10-15 06:37:39.934752+00:00,20,b7a101a5-01f4-48bc-be7c-c623fb362bfd,0199e694-b7db-7c8b-9676-4251ea2e602b,"AAAA 46.63
"
2025-10-15 06:37:39.936720+00:00,20,b7a101a5-01f4-48bc-be7c-c623fb362bfd,0199e694-b7db-7c8b-9676-4251ea2e602b,"AAAA 46.06
"
2025-10-15 06:37:39.938860+00:00,20,b7a101a5-01f4-48bc-be7c-c623fb362bfd,0199e694-b7db-7c8b-9676-4251ea2e602b,"AAAA 45.48
"
2025-10-15 06:37:39.940845+00:00,20,b7a101a5-01f4-48bc-be7c-c623fb362bfd,0199e694-b7db-7c8b-9676-4251ea2e602b,"AAAA 44.91
"
2025-10-15 06:37:39.942724+00:00,20,b7a101a5-01f4-48bc-be7c-c623fb362bfd,0199e694-b7db-7c8b-9676-4251ea2e602b,"AAAA 44.33
"
2025-10-15 06:37:39.944480+00:00,20,b7a101a5-01f4-48bc-be7c-c623fb362bfd,0199e694-b7db-7c8b-9676-4251ea2e602b,"AAAA 43.76
"
2025-10-15 06:37:39.946212+00:00,20,b7a101a5-01f4-48bc-be7c-c623fb362bfd,0199e694-b7db-7c8b-9676-4251ea2e602b,"AAAA 43.18
"
2025-10-15 06:37:39.947892+00:00,20,b7a101a5-01f4-48bc-be7c-c623fb362bfd,0199e694-b7db-7c8b-9676-4251ea2e602b,"AAAA 42.61
"
2025-10-15 06:37:39.949441+00:00,20,b7a101a5-01f4-48bc-be7c-c623fb362bfd,0199e694-b7db-7c8b-9676-4251ea2e602b,"AAAA 42.03
"
2025-10-15 06:37:39.951134+00:00,20,b7a101a5-01f4-48bc-be7c-c623fb362bfd,0199e694-b7db-7c8b-9676-4251ea2e602b,"AAAA 41.46
"
2025-10-15 06:37:39.952842+00:00,20,b7a101a5-01f4-48bc-be7c-c623fb362bfd,0199e694-b7db-7c8b-9676-4251ea2e602b,"AAAA 40.9
"
2025-10-15 06:37:39.954675+00:00,20,b7a101a5-01f4-48bc-be7c-c623fb362bfd,0199e694-b7db-7c8b-9676-4251ea2e602b,"AAAA 40.33
"
2025-10-15 06:37:39.956192+00:00,20,b7a101a5-01f4-48bc-be7c-c623fb362bfd,0199e694-b7db-7c8b-9676-4251ea2e602b,"AAAA 39.77
"
2025-10-15 06:37:39.957812+00:00,20,b7a101a5-01f4-48bc-be7c-c623fb362bfd,0199e694-b7db-7c8b-9676-4251ea2e602b,"AAAA 39.22
"
2025-10-15 06:37:39.959307+00:00,20,b7a101a5-01f4-48bc-be7c-c623fb362bfd,0199e694-b7db-7c8b-9676-4251ea2e602b,"AAAA 38.68
"
2025-10-15 06:37:39.960783+00:00,20,b7a101a5-01f4-48bc-be7c-c623fb362bfd,0199e694-b7db-7c8b-9676-4251ea2e602b,"AAAA 38.13
"
2025-10-15 06:37:39.962358+00:00,20,b7a101a5-01f4-48bc-be7c-c623fb362bfd,0199e694-b7db-7c8b-9676-4251ea2e602b,"AAAA 37.59
"
2025-10-15 06:37:39.963626+00:00,20,b7a101a5-01f4-48bc-be7c-c623fb362bfd,0199e694-b7db-7c8b-9676-4251ea2e602b,"AAAA 37.05
"
2025-10-15 06:37:39.965094+00:00,20,b7a101a5-01f4-48bc-be7c-c623fb362bfd,0199e694-b7db-7c8b-9676-4251ea2e602b,"AAAA 36.51
"
2025-10-15 06:37:39.966474+00:00,20,b7a101a5-01f4-48bc-be7c-c623fb362bfd,0199e694-b7db-7c8b-9676-4251ea2e602b,"AAAA 35.97
"
2025-10-15 06:37:39.967638+00:00,20,b7a101a5-01f4-48bc-be7c-c623fb362bfd,0199e694-b7db-7c8b-9676-4251ea2e602b,"AAAA 35.44
"
2025-10-15 06:37:39.969052+00:00,20,b7a101a5-01f4-48bc-be7c-c623fb362bfd,0199e694-b7db-7c8b-9676-4251ea2e602b,"AAAA 34.91
"
2025-10-15 06:37:39.970448+00:00,20,b7a101a5-01f4-48bc-be7c-c623fb362bfd,0199e694-b7db-7c8b-9676-4251ea2e602b,"AAAA 34.38
"
2025-10-15 06:37:39.971613+00:00,20,b7a101a5-01f4-48bc-be7c-c623fb362bfd,0199e694-b7db-7c8b-9676-4251ea2e602b,"AAAA 33.87
"
2025-10-15 06:37:39.973065+00:00,20,b7a101a5-01f4-48bc-be7c-c623fb362bfd,0199e694-b7db-7c8b-9676-4251ea2e602b,"AAAA 33.35
"
2025-10-15 06:37:39.974468+00:00,20,b7a101a5-01f4-48bc-be7c-c623fb362bfd,0199e694-b7db-7c8b-9676-4251ea2e602b,"AAAA 32.83
"
2025-10-15 06:37:39.975567+00:00,20,b7a101a5-01f4-48bc-be7c-c623fb362bfd,0199e694-b7db-7c8b-9676-4251ea2e602b,"AAAA 32.3
"
2025-10-15 06:37:39.976910+00:00,20,b7a101a5-01f4-48bc-be7c-c623fb362bfd,0199e694-b7db-7c8b-9676-4251ea2e602b,"AAAA 31.78
"
2025-10-15 06:37:39.978226+00:00,20,b7a101a5-01f4-48bc-be7c-c623fb362bfd,0199e694-b7db-7c8b-9676-4251ea2e602b,"AAAA 31.25
"
2025-10-15 06:37:39.979328+00:00,20,b7a101a5-01f4-48bc-be7c-c623fb362bfd,0199e694-b7db-7c8b-9676-4251ea2e602b,"AAAA 30.73
"
2025-10-15 06:37:40.023576+00:00,20,b7a101a5-01f4-48bc-be7c-c623fb362bfd,0199e694-b7db-7c8b-9676-4251ea2e602b,"AAAA 30.2
"
2025-10-15 06:37:40.025709+00:00,20,b7a101a5-01f4-48bc-be7c-c623fb362bfd,0199e694-b7db-7c8b-9676-4251ea2e602b,"AAAA 29.67
"
2025-10-15 06:37:40.027600+00:00,20,b7a101a5-01f4-48bc-be7c-c623fb362bfd,0199e694-b7db-7c8b-9676-4251ea2e602b,"AAAA 29.14
"
2025-10-15 06:37:40.030220+00:00,20,b7a101a5-01f4-48bc-be7c-c623fb362bfd,0199e694-b7db-7c8b-9676-4251ea2e602b,"AAAA 28.61
"
2025-10-15 06:37:40.032064+00:00,20,b7a101a5-01f4-48bc-be7c-c623fb362bfd,0199e694-b7db-7c8b-9676-4251ea2e602b,"AAAA 28.09
"
2025-10-15 06:37:40.034621+00:00,20,b7a101a5-01f4-48bc-be7c-c623fb362bfd,0199e694-b7db-7c8b-9676-4251ea2e602b,"AAAA 27.56
"
2025-10-15 06:37:40.036337+00:00,20,b7a101a5-01f4-48bc-be7c-c623fb362bfd,0199e694-b7db-7c8b-9676-4251ea2e602b,"AAAA 27.03
"
2025-10-15 06:37:40.038290+00:00,20,b7a101a5-01f4-48bc-be7c-c623fb362bfd,0199e694-b7db-7c8b-9676-4251ea2e602b,"AAAA 26.5
"
2025-10-15 06:37:40.040467+00:00,20,b7a101a5-01f4-48bc-be7c-c623fb362bfd,0199e694-b7db-7c8b-9676-4251ea2e602b,"AAAA 25.97
"
2025-10-15 06:37:40.042891+00:00,20,b7a101a5-01f4-48bc-be7c-c623fb362bfd,0199e694-b7db-7c8b-9676-4251ea2e602b,"AAAA 25.45
"
2025-10-15 06:37:40.045201+00:00,20,b7a101a5-01f4-48bc-be7c-c623fb362bfd,0199e694-b7db-7c8b-9676-4251ea2e602b,"AAAA 24.92
"
2025-10-15 06:37:40.046903+00:00,20,b7a101a5-01f4-48bc-be7c-c623fb362bfd,0199e694-b7db-7c8b-9676-4251ea2e602b,"AAAA 24.41
"
2025-10-15 06:37:40.048458+00:00,20,b7a101a5-01f4-48bc-be7c-c623fb362bfd,0199e694-b7db-7c8b-9676-4251ea2e602b,"AAAA 23.89
"
2025-10-15 06:37:40.050209+00:00,20,b7a101a5-01f4-48bc-be7c-c623fb362bfd,0199e694-b7db-7c8b-9676-4251ea2e602b,"AAAA 23.37
"
2025-10-15 06:37:40.051914+00:00,20,b7a101a5-01f4-48bc-be7c-c623fb362bfd,0199e694-b7db-7c8b-9676-4251ea2e602b,"AAAA 22.86
"
2025-10-15 06:37:40.053445+00:00,20,b7a101a5-01f4-48bc-be7c-c623fb362bfd,0199e694-b7db-7c8b-9676-4251ea2e602b,"AAAA 22.34
"
2025-10-15 06:37:40.055183+00:00,20,b7a101a5-01f4-48bc-be7c-c623fb362bfd,0199e694-b7db-7c8b-9676-4251ea2e602b,"AAAA 21.83
"
2025-10-15 06:37:40.056735+00:00,20,b7a101a5-01f4-48bc-be7c-c623fb362bfd,0199e694-b7db-7c8b-9676-4251ea2e602b,"AAAA 21.32
"
2025-10-15 06:37:40.058112+00:00,20,b7a101a5-01f4-48bc-be7c-c623fb362bfd,0199e694-b7db-7c8b-9676-4251ea2e602b,"AAAA 20.8
"
2025-10-15 06:37:40.059700+00:00,20,b7a101a5-01f4-48bc-be7c-c623fb362bfd,0199e694-b7db-7c8b-9676-4251ea2e602b,"AAAA 20.29
"
2025-10-15 06:37:40.061245+00:00,20,b7a101a5-01f4-48bc-be7c-c623fb362bfd,0199e694-b7db-7c8b-9676-4251ea2e602b,"AAAA 19.78
"
2025-10-15 06:37:40.062642+00:00,20,b7a101a5-01f4-48bc-be7c-c623fb362bfd,0199e694-b7db-7c8b-9676-4251ea2e602b,"AAAA 19.27
"
2025-10-15 06:37:40.064215+00:00,20,b7a101a5-01f4-48bc-be7c-c623fb362bfd,0199e694-b7db-7c8b-9676-4251ea2e602b,"AAAA 18.76
"
2025-10-15 06:37:40.065683+00:00,20,b7a101a5-01f4-48bc-be7c-c623fb362bfd,0199e694-b7db-7c8b-9676-4251ea2e602b,"AAAA 18.25
"
2025-10-15 06:37:40.066908+00:00,20,b7a101a5-01f4-48bc-be7c-c623fb362bfd,0199e694-b7db-7c8b-9676-4251ea2e602b,"AAAA 17.74
"
2025-10-15 06:37:40.068380+00:00,20,b7a101a5-01f4-48bc-be7c-c623fb362bfd,0199e694-b7db-7c8b-9676-4251ea2e602b,"AAAA 17.24
"
2025-10-15 06:37:40.069810+00:00,20,b7a101a5-01f4-48bc-be7c-c623fb362bfd,0199e694-b7db-7c8b-9676-4251ea2e602b,"AAAA 16.73
"
2025-10-15 06:37:40.071027+00:00,20,b7a101a5-01f4-48bc-be7c-c623fb362bfd,0199e694-b7db-7c8b-9676-4251ea2e602b,"AAAA 16.23
"
2025-10-15 06:37:40.072506+00:00,20,b7a101a5-01f4-48bc-be7c-c623fb362bfd,0199e694-b7db-7c8b-9676-4251ea2e602b,"AAAA 15.72
"
2025-10-15 06:37:40.073969+00:00,20,b7a101a5-01f4-48bc-be7c-c623fb362bfd,0199e694-b7db-7c8b-9676-4251ea2e602b,"AAAA 15.22
"
2025-10-15 06:37:40.075188+00:00,20,b7a101a5-01f4-48bc-be7c-c623fb362bfd,0199e694-b7db-7c8b-9676-4251ea2e602b,"AAAA 14.72
"
2025-10-15 06:37:40.076643+00:00,20,b7a101a5-01f4-48bc-be7c-c623fb362bfd,0199e694-b7db-7c8b-9676-4251ea2e602b,"AAAA 14.21
"
2025-10-15 06:37:40.078019+00:00,20,b7a101a5-01f4-48bc-be7c-c623fb362bfd,0199e694-b7db-7c8b-9676-4251ea2e602b,"AAAA 13.71
"
2025-10-15 06:37:40.079148+00:00,20,b7a101a5-01f4-48bc-be7c-c623fb362bfd,0199e694-b7db-7c8b-9676-4251ea2e602b,"AAAA 13.21
"
2025-10-15 06:37:40.080562+00:00,20,b7a101a5-01f4-48bc-be7c-c623fb362bfd,0199e694-b7db-7c8b-9676-4251ea2e602b,"AAAA 12.71
"
2025-10-15 06:37:40.081901+00:00,20,b7a101a5-01f4-48bc-be7c-c623fb362bfd,0199e694-b7db-7c8b-9676-4251ea2e602b,"AAAA 12.21
"
2025-10-15 06:37:40.082776+00:00,20,b7a101a5-01f4-48bc-be7c-c623fb362bfd,0199e694-b7db-7c8b-9676-4251ea2e602b,"AAAA 11.71
"
2025-10-15 06:37:40.083606+00:00,20,b7a101a5-01f4-48bc-be7c-c623fb362bfd,0199e694-b7db-7c8b-9676-4251ea2e602b,"AAAA 11.22
"
2025-10-15 06:37:40.123929+00:00,20,b7a101a5-01f4-48bc-be7c-c623fb362bfd,0199e694-b7db-7c8b-9676-4251ea2e602b,"AAAA 10.72
"
2025-10-15 06:37:40.126518+00:00,20,b7a101a5-01f4-48bc-be7c-c623fb362bfd,0199e694-b7db-7c8b-9676-4251ea2e602b,"AAAA 10.23
"
2025-10-15 06:37:40.128435+00:00,20,b7a101a5-01f4-48bc-be7c-c623fb362bfd,0199e694-b7db-7c8b-9676-4251ea2e602b,"AAAA 9.73
"
2025-10-15 06:37:40.130533+00:00,20,b7a101a5-01f4-48bc-be7c-c623fb362bfd,0199e694-b7db-7c8b-9676-4251ea2e602b,"AAAA 9.24
"
2025-10-15 06:37:40.132572+00:00,20,b7a101a5-01f4-48bc-be7c-c623fb362bfd,0199e694-b7db-7c8b-9676-4251ea2e602b,"AAAA 8.75
"
2025-10-15 06:37:40.134519+00:00,20,b7a101a5-01f4-48bc-be7c-c623fb362bfd,0199e694-b7db-7c8b-9676-4251ea2e602b,"AAAA 8.26
"
2025-10-15 06:37:40.137002+00:00,20,b7a101a5-01f4-48bc-be7c-c623fb362bfd,0199e694-b7db-7c8b-9676-4251ea2e602b,"AAAA 7.77
"
2025-10-15 06:37:40.139290+00:00,20,b7a101a5-01f4-48bc-be7c-c623fb362bfd,0199e694-b7db-7c8b-9676-4251ea2e602b,"AAAA 7.28
"
2025-10-15 06:37:40.141203+00:00,20,b7a101a5-01f4-48bc-be7c-c623fb362bfd,0199e694-b7db-7c8b-9676-4251ea2e602b,"AAAA 6.79
"
2025-10-15 06:37:40.143285+00:00,20,b7a101a5-01f4-48bc-be7c-c623fb362bfd,0199e694-b7db-7c8b-9676-4251ea2e602b,"AAAA 6.3
"
2025-10-15 06:37:40.145197+00:00,20,b7a101a5-01f4-48bc-be7c-c623fb362bfd,0199e694-b7db-7c8b-9676-4251ea2e602b,"AAAA 5.81
"
2025-10-15 06:37:40.146762+00:00,20,b7a101a5-01f4-48bc-be7c-c623fb362bfd,0199e694-b7db-7c8b-9676-4251ea2e602b,"AAAA 5.33
"
2025-10-15 06:37:40.148616+00:00,20,b7a101a5-01f4-48bc-be7c-c623fb362bfd,0199e694-b7db-7c8b-9676-4251ea2e602b,"AAAA 4.84
"
2025-10-15 06:37:40.150355+00:00,20,b7a101a5-01f4-48bc-be7c-c623fb362bfd,0199e694-b7db-7c8b-9676-4251ea2e602b,"AAAA 0.0
"
2025-10-15 06:37:45.859618+00:00,40,b7a101a5-01f4-48bc-be7c-c623fb362bfd,0199e694-b7db-7c8b-9676-4251ea2e602b,"Task run failed with exception: RuntimeError(""Job 'modint-prefect-shaggy-adder-1' failed due to [], check the Kubernetes pod logs for more information."") - No retries configured for this task.
Traceback (most recent call last):
  File ""/usr/local/lib/python3.10/site-packages/prefect/task_engine.py"", line 857, in run_context
    yield self
  File ""/usr/local/lib/python3.10/site-packages/prefect/task_engine.py"", line 1487, in run_task_sync
    engine.call_task_fn(txn)
  File ""/usr/local/lib/python3.10/site-packages/prefect/task_engine.py"", line 874, in call_task_fn
    result = call_with_parameters(self.task.fn, parameters)
  File ""/usr/local/lib/python3.10/site-packages/prefect/utilities/callables.py"", line 210, in call_with_parameters
    return fn(*args, **kwargs)
  File ""/app/modint-prefect-main/modint_prefect/prefect_flow.py"", line 337, in run_inference_serving
    run_namespaced_job(job, print_func=logger.info)
  File ""/usr/local/lib/python3.10/site-packages/prefect/flows.py"", line 1702, in __call__
    return run_flow(
  File ""/usr/local/lib/python3.10/site-packages/prefect/flow_engine.py"", line 1554, in run_flow
    ret_val = run_flow_sync(**kwargs)
  File ""/usr/local/lib/python3.10/site-packages/prefect/flow_engine.py"", line 1399, in run_flow_sync
    return engine.state if return_type == ""state"" else engine.result()
  File ""/usr/local/lib/python3.10/site-packages/prefect/flow_engine.py"", line 361, in result
    raise self._raised
  File ""/usr/local/lib/python3.10/site-packages/prefect/flow_engine.py"", line 782, in run_context
    yield self
  File ""/usr/local/lib/python3.10/site-packages/prefect/flow_engine.py"", line 1397, in run_flow_sync
    engine.call_flow_fn()
  File ""/usr/local/lib/python3.10/site-packages/prefect/flow_engine.py"", line 802, in call_flow_fn
    result = call_with_parameters(self.flow.fn, self.parameters)
  File ""/usr/local/lib/python3.10/site-packages/prefect/utilities/callables.py"", line 210, in call_with_parameters
    return fn(*args, **kwargs)
  File ""/usr/local/lib/python3.10/site-packages/prefect_kubernetes/flows.py"", line 42, in run_namespaced_job
    task(kubernetes_job_run.wait_for_completion)(print_func)
  File ""/usr/local/lib/python3.10/site-packages/prefect/tasks.py"", line 1139, in __call__
    return run_task(
  File ""/usr/local/lib/python3.10/site-packages/prefect/task_engine.py"", line 1714, in run_task
    return run_task_sync(**kwargs)
  File ""/usr/local/lib/python3.10/site-packages/prefect/task_engine.py"", line 1489, in run_task_sync
    return engine.state if return_type == ""state"" else engine.result()
  File ""/usr/local/lib/python3.10/site-packages/prefect/task_engine.py"", line 478, in result
    raise self._raised
  File ""/usr/local/lib/python3.10/site-packages/prefect/task_engine.py"", line 857, in run_context
    yield self
  File ""/usr/local/lib/python3.10/site-packages/prefect/task_engine.py"", line 1487, in run_task_sync
    engine.call_task_fn(txn)
  File ""/usr/local/lib/python3.10/site-packages/prefect/task_engine.py"", line 874, in call_task_fn
    result = call_with_parameters(self.task.fn, parameters)
  File ""/usr/local/lib/python3.10/site-packages/prefect/utilities/callables.py"", line 210, in call_with_parameters
    return fn(*args, **kwargs)
  File ""/usr/local/lib/python3.10/site-packages/prefect/utilities/asyncutils.py"", line 351, in coroutine_wrapper
    return run_coro_as_sync(ctx_call())
  File ""/usr/local/lib/python3.10/site-packages/prefect/utilities/asyncutils.py"", line 207, in run_coro_as_sync
    return call.result()
  File ""/usr/local/lib/python3.10/site-packages/prefect/_internal/concurrency/calls.py"", line 365, in result
    return self.future.result(timeout=timeout)
  File ""/usr/local/lib/python3.10/site-packages/prefect/_internal/concurrency/calls.py"", line 192, in result
    return self.__get_result()
  File ""/usr/local/lib/python3.10/concurrent/futures/_base.py"", line 403, in __get_result
    raise self._exception
  File ""/usr/local/lib/python3.10/site-packages/prefect/_internal/concurrency/calls.py"", line 441, in _run_async
    result = await coro
  File ""/usr/local/lib/python3.10/site-packages/prefect/utilities/asyncutils.py"", line 188, in coroutine_wrapper
    return await task
  File ""/usr/local/lib/python3.10/site-packages/prefect/utilities/asyncutils.py"", line 341, in ctx_call
    result = await async_fn(*args, **kwargs)
  File ""/usr/local/lib/python3.10/site-packages/prefect_kubernetes/jobs.py"", line 472, in wait_for_completion
    raise RuntimeError(
RuntimeError: Job 'modint-prefect-shaggy-adder-1' failed due to [], check the Kubernetes pod logs for more information."
2025-10-15 06:37:45.877086+00:00,40,b7a101a5-01f4-48bc-be7c-c623fb362bfd,0199e694-b7db-7c8b-9676-4251ea2e602b,"Finished in state Failed(""Task run encountered an exception RuntimeError: Job 'modint-prefect-shaggy-adder-1' failed due to [], check the Kubernetes pod logs for more information."")"
2025-10-15 06:38:00.856864+00:00,20,b7a101a5-01f4-48bc-be7c-c623fb362bfd,0199e694-b7dd-76d4-af77-66e89afc88cf,[{'detections': '/ext-nas/modint-prefect-workspace/onn/Aircraft/results/20250530_004017_ssc13_u0001_pansharpened_clip_cog.geojson'}]
2025-10-15 06:38:00.866366+00:00,20,b7a101a5-01f4-48bc-be7c-c623fb362bfd,0199e694-b7dd-76d4-af77-66e89afc88cf,Finished in state Completed()
2025-10-15 06:38:00.874469+00:00,40,b7a101a5-01f4-48bc-be7c-c623fb362bfd,,"Encountered exception during execution: RuntimeError(""Job 'modint-prefect-shaggy-adder-1' failed due to [], check the Kubernetes pod logs for more information."")
Traceback (most recent call last):
  File ""/usr/local/lib/python3.10/site-packages/prefect/flow_engine.py"", line 782, in run_context
    yield self
  File ""/usr/local/lib/python3.10/site-packages/prefect/flow_engine.py"", line 1397, in run_flow_sync
    engine.call_flow_fn()
  File ""/usr/local/lib/python3.10/site-packages/prefect/flow_engine.py"", line 802, in call_flow_fn
    result = call_with_parameters(self.flow.fn, self.parameters)
  File ""/usr/local/lib/python3.10/site-packages/prefect/utilities/callables.py"", line 210, in call_with_parameters
    return fn(*args, **kwargs)
  File ""/app/modint-prefect-main/modint_prefect/prefect_flow.py"", line 529, in run_modint_flow
    inference_future.result()
  File ""/usr/local/lib/python3.10/site-packages/prefect/futures.py"", line 222, in result
    _result = self._final_state.result(
  File ""/usr/local/lib/python3.10/site-packages/prefect/_internal/compatibility/async_dispatch.py"", line 94, in wrapper
    return fn(*args, **kwargs)
  File ""/usr/local/lib/python3.10/site-packages/prefect/client/schemas/objects.py"", line 366, in result
    return run_coro_as_sync(
  File ""/usr/local/lib/python3.10/site-packages/prefect/utilities/asyncutils.py"", line 207, in run_coro_as_sync
    return call.result()
  File ""/usr/local/lib/python3.10/site-packages/prefect/_internal/concurrency/calls.py"", line 365, in result
    return self.future.result(timeout=timeout)
  File ""/usr/local/lib/python3.10/site-packages/prefect/_internal/concurrency/calls.py"", line 192, in result
    return self.__get_result()
  File ""/usr/local/lib/python3.10/concurrent/futures/_base.py"", line 403, in __get_result
    raise self._exception
  File ""/usr/local/lib/python3.10/site-packages/prefect/_internal/concurrency/calls.py"", line 441, in _run_async
    result = await coro
  File ""/usr/local/lib/python3.10/site-packages/prefect/utilities/asyncutils.py"", line 188, in coroutine_wrapper
    return await task
  File ""/usr/local/lib/python3.10/site-packages/prefect/states.py"", line 85, in get_state_result
    return await _get_state_result(
  File ""/usr/local/lib/python3.10/site-packages/prefect/states.py"", line 157, in _get_state_result
    raise await get_state_exception(state)
  File ""/usr/local/lib/python3.10/site-packages/prefect/task_engine.py"", line 857, in run_context
    yield self
  File ""/usr/local/lib/python3.10/site-packages/prefect/task_engine.py"", line 1487, in run_task_sync
    engine.call_task_fn(txn)
  File ""/usr/local/lib/python3.10/site-packages/prefect/task_engine.py"", line 874, in call_task_fn
    result = call_with_parameters(self.task.fn, parameters)
  File ""/usr/local/lib/python3.10/site-packages/prefect/utilities/callables.py"", line 210, in call_with_parameters
    return fn(*args, **kwargs)
  File ""/app/modint-prefect-main/modint_prefect/prefect_flow.py"", line 337, in run_inference_serving
    run_namespaced_job(job, print_func=logger.info)
  File ""/usr/local/lib/python3.10/site-packages/prefect/flows.py"", line 1702, in __call__
    return run_flow(
  File ""/usr/local/lib/python3.10/site-packages/prefect/flow_engine.py"", line 1554, in run_flow
    ret_val = run_flow_sync(**kwargs)
  File ""/usr/local/lib/python3.10/site-packages/prefect/flow_engine.py"", line 1399, in run_flow_sync
    return engine.state if return_type == ""state"" else engine.result()
  File ""/usr/local/lib/python3.10/site-packages/prefect/flow_engine.py"", line 361, in result
    raise self._raised
  File ""/usr/local/lib/python3.10/site-packages/prefect/flow_engine.py"", line 782, in run_context
    yield self
  File ""/usr/local/lib/python3.10/site-packages/prefect/flow_engine.py"", line 1397, in run_flow_sync
    engine.call_flow_fn()
  File ""/usr/local/lib/python3.10/site-packages/prefect/flow_engine.py"", line 802, in call_flow_fn
    result = call_with_parameters(self.flow.fn, self.parameters)
  File ""/usr/local/lib/python3.10/site-packages/prefect/utilities/callables.py"", line 210, in call_with_parameters
    return fn(*args, **kwargs)
  File ""/usr/local/lib/python3.10/site-packages/prefect_kubernetes/flows.py"", line 42, in run_namespaced_job
    task(kubernetes_job_run.wait_for_completion)(print_func)
  File ""/usr/local/lib/python3.10/site-packages/prefect/tasks.py"", line 1139, in __call__
    return run_task(
  File ""/usr/local/lib/python3.10/site-packages/prefect/task_engine.py"", line 1714, in run_task
    return run_task_sync(**kwargs)
  File ""/usr/local/lib/python3.10/site-packages/prefect/task_engine.py"", line 1489, in run_task_sync
    return engine.state if return_type == ""state"" else engine.result()
  File ""/usr/local/lib/python3.10/site-packages/prefect/task_engine.py"", line 478, in result
    raise self._raised
  File ""/usr/local/lib/python3.10/site-packages/prefect/task_engine.py"", line 857, in run_context
    yield self
  File ""/usr/local/lib/python3.10/site-packages/prefect/task_engine.py"", line 1487, in run_task_sync
    engine.call_task_fn(txn)
  File ""/usr/local/lib/python3.10/site-packages/prefect/task_engine.py"", line 874, in call_task_fn
    result = call_with_parameters(self.task.fn, parameters)
  File ""/usr/local/lib/python3.10/site-packages/prefect/utilities/callables.py"", line 210, in call_with_parameters
    return fn(*args, **kwargs)
  File ""/usr/local/lib/python3.10/site-packages/prefect/utilities/asyncutils.py"", line 351, in coroutine_wrapper
    return run_coro_as_sync(ctx_call())
  File ""/usr/local/lib/python3.10/site-packages/prefect/utilities/asyncutils.py"", line 207, in run_coro_as_sync
    return call.result()
  File ""/usr/local/lib/python3.10/site-packages/prefect/_internal/concurrency/calls.py"", line 365, in result
    return self.future.result(timeout=timeout)
  File ""/usr/local/lib/python3.10/site-packages/prefect/_internal/concurrency/calls.py"", line 192, in result
    return self.__get_result()
  File ""/usr/local/lib/python3.10/concurrent/futures/_base.py"", line 403, in __get_result
    raise self._exception
  File ""/usr/local/lib/python3.10/site-packages/prefect/_internal/concurrency/calls.py"", line 441, in _run_async
    result = await coro
  File ""/usr/local/lib/python3.10/site-packages/prefect/utilities/asyncutils.py"", line 188, in coroutine_wrapper
    return await task
  File ""/usr/local/lib/python3.10/site-packages/prefect/utilities/asyncutils.py"", line 341, in ctx_call
    result = await async_fn(*args, **kwargs)
  File ""/usr/local/lib/python3.10/site-packages/prefect_kubernetes/jobs.py"", line 472, in wait_for_completion
    raise RuntimeError(
RuntimeError: Job 'modint-prefect-shaggy-adder-1' failed due to [], check the Kubernetes pod logs for more information."
2025-10-15 06:38:00.928981+00:00,20,b7a101a5-01f4-48bc-be7c-c623fb362bfd,,"Finished in state Failed(""Flow run encountered an exception: RuntimeError: Job 'modint-prefect-shaggy-adder-1' failed due to [], check the Kubernetes pod logs for more information."")"
2025-10-15 06:38:00.931662+00:00,40,b7a101a5-01f4-48bc-be7c-c623fb362bfd,,"Engine execution exited with unexpected exception
Traceback (most recent call last):
  File ""/usr/local/lib/python3.10/site-packages/prefect/flow_engine.py"", line 1554, in run_flow
    ret_val = run_flow_sync(**kwargs)
  File ""/usr/local/lib/python3.10/site-packages/prefect/flow_engine.py"", line 1399, in run_flow_sync
    return engine.state if return_type == ""state"" else engine.result()
  File ""/usr/local/lib/python3.10/site-packages/prefect/flow_engine.py"", line 361, in result
    raise self._raised
  File ""/usr/local/lib/python3.10/site-packages/prefect/flow_engine.py"", line 782, in run_context
    yield self
  File ""/usr/local/lib/python3.10/site-packages/prefect/flow_engine.py"", line 1397, in run_flow_sync
    engine.call_flow_fn()
  File ""/usr/local/lib/python3.10/site-packages/prefect/flow_engine.py"", line 802, in call_flow_fn
    result = call_with_parameters(self.flow.fn, self.parameters)
  File ""/usr/local/lib/python3.10/site-packages/prefect/utilities/callables.py"", line 210, in call_with_parameters
    return fn(*args, **kwargs)
  File ""/app/modint-prefect-main/modint_prefect/prefect_flow.py"", line 529, in run_modint_flow
    inference_future.result()
  File ""/usr/local/lib/python3.10/site-packages/prefect/futures.py"", line 222, in result
    _result = self._final_state.result(
  File ""/usr/local/lib/python3.10/site-packages/prefect/_internal/compatibility/async_dispatch.py"", line 94, in wrapper
    return fn(*args, **kwargs)
  File ""/usr/local/lib/python3.10/site-packages/prefect/client/schemas/objects.py"", line 366, in result
    return run_coro_as_sync(
  File ""/usr/local/lib/python3.10/site-packages/prefect/utilities/asyncutils.py"", line 207, in run_coro_as_sync
    return call.result()
  File ""/usr/local/lib/python3.10/site-packages/prefect/_internal/concurrency/calls.py"", line 365, in result
    return self.future.result(timeout=timeout)
  File ""/usr/local/lib/python3.10/site-packages/prefect/_internal/concurrency/calls.py"", line 192, in result
    return self.__get_result()
  File ""/usr/local/lib/python3.10/concurrent/futures/_base.py"", line 403, in __get_result
    raise self._exception
  File ""/usr/local/lib/python3.10/site-packages/prefect/_internal/concurrency/calls.py"", line 441, in _run_async
    result = await coro
  File ""/usr/local/lib/python3.10/site-packages/prefect/utilities/asyncutils.py"", line 188, in coroutine_wrapper
    return await task
  File ""/usr/local/lib/python3.10/site-packages/prefect/states.py"", line 85, in get_state_result
    return await _get_state_result(
  File ""/usr/local/lib/python3.10/site-packages/prefect/states.py"", line 157, in _get_state_result
    raise await get_state_exception(state)
  File ""/usr/local/lib/python3.10/site-packages/prefect/task_engine.py"", line 857, in run_context
    yield self
  File ""/usr/local/lib/python3.10/site-packages/prefect/task_engine.py"", line 1487, in run_task_sync
    engine.call_task_fn(txn)
  File ""/usr/local/lib/python3.10/site-packages/prefect/task_engine.py"", line 874, in call_task_fn
    result = call_with_parameters(self.task.fn, parameters)
  File ""/usr/local/lib/python3.10/site-packages/prefect/utilities/callables.py"", line 210, in call_with_parameters
    return fn(*args, **kwargs)
  File ""/app/modint-prefect-main/modint_prefect/prefect_flow.py"", line 337, in run_inference_serving
    run_namespaced_job(job, print_func=logger.info)
  File ""/usr/local/lib/python3.10/site-packages/prefect/flows.py"", line 1702, in __call__
    return run_flow(
  File ""/usr/local/lib/python3.10/site-packages/prefect/flow_engine.py"", line 1554, in run_flow
    ret_val = run_flow_sync(**kwargs)
  File ""/usr/local/lib/python3.10/site-packages/prefect/flow_engine.py"", line 1399, in run_flow_sync
    return engine.state if return_type == ""state"" else engine.result()
  File ""/usr/local/lib/python3.10/site-packages/prefect/flow_engine.py"", line 361, in result
    raise self._raised
  File ""/usr/local/lib/python3.10/site-packages/prefect/flow_engine.py"", line 782, in run_context
    yield self
  File ""/usr/local/lib/python3.10/site-packages/prefect/flow_engine.py"", line 1397, in run_flow_sync
    engine.call_flow_fn()
  File ""/usr/local/lib/python3.10/site-packages/prefect/flow_engine.py"", line 802, in call_flow_fn
    result = call_with_parameters(self.flow.fn, self.parameters)
  File ""/usr/local/lib/python3.10/site-packages/prefect/utilities/callables.py"", line 210, in call_with_parameters
    return fn(*args, **kwargs)
  File ""/usr/local/lib/python3.10/site-packages/prefect_kubernetes/flows.py"", line 42, in run_namespaced_job
    task(kubernetes_job_run.wait_for_completion)(print_func)
  File ""/usr/local/lib/python3.10/site-packages/prefect/tasks.py"", line 1139, in __call__
    return run_task(
  File ""/usr/local/lib/python3.10/site-packages/prefect/task_engine.py"", line 1714, in run_task
    return run_task_sync(**kwargs)
  File ""/usr/local/lib/python3.10/site-packages/prefect/task_engine.py"", line 1489, in run_task_sync
    return engine.state if return_type == ""state"" else engine.result()
  File ""/usr/local/lib/python3.10/site-packages/prefect/task_engine.py"", line 478, in result
    raise self._raised
  File ""/usr/local/lib/python3.10/site-packages/prefect/task_engine.py"", line 857, in run_context
    yield self
  File ""/usr/local/lib/python3.10/site-packages/prefect/task_engine.py"", line 1487, in run_task_sync
    engine.call_task_fn(txn)
  File ""/usr/local/lib/python3.10/site-packages/prefect/task_engine.py"", line 874, in call_task_fn
    result = call_with_parameters(self.task.fn, parameters)
  File ""/usr/local/lib/python3.10/site-packages/prefect/utilities/callables.py"", line 210, in call_with_parameters
    return fn(*args, **kwargs)
  File ""/usr/local/lib/python3.10/site-packages/prefect/utilities/asyncutils.py"", line 351, in coroutine_wrapper
    return run_coro_as_sync(ctx_call())
  File ""/usr/local/lib/python3.10/site-packages/prefect/utilities/asyncutils.py"", line 207, in run_coro_as_sync
    return call.result()
  File ""/usr/local/lib/python3.10/site-packages/prefect/_internal/concurrency/calls.py"", line 365, in result
    return self.future.result(timeout=timeout)
  File ""/usr/local/lib/python3.10/site-packages/prefect/_internal/concurrency/calls.py"", line 192, in result
    return self.__get_result()
  File ""/usr/local/lib/python3.10/concurrent/futures/_base.py"", line 403, in __get_result
    raise self._exception
  File ""/usr/local/lib/python3.10/site-packages/prefect/_internal/concurrency/calls.py"", line 441, in _run_async
    result = await coro
  File ""/usr/local/lib/python3.10/site-packages/prefect/utilities/asyncutils.py"", line 188, in coroutine_wrapper
    return await task
  File ""/usr/local/lib/python3.10/site-packages/prefect/utilities/asyncutils.py"", line 341, in ctx_call
    result = await async_fn(*args, **kwargs)
  File ""/usr/local/lib/python3.10/site-packages/prefect_kubernetes/jobs.py"", line 472, in wait_for_completion
    raise RuntimeError(
RuntimeError: Job 'modint-prefect-shaggy-adder-1' failed due to [], check the Kubernetes pod logs for more information."
2025-10-15 06:38:01.652352+00:00,40,b7a101a5-01f4-48bc-be7c-c623fb362bfd,,Process for flow run 'shaggy-adder' exited with status code: 1
