timestamp,level,flow_run_id,task_run_id,message
2025-10-15 02:16:02.825210+00:00,20,bf8b5636-a337-4645-973e-628031d6d5a5,,Worker 'KubernetesWorker a05e490e-9eac-4523-9166-1b04920e6d58' submitting flow run 'bf8b5636-a337-4645-973e-628031d6d5a5'
2025-10-15 02:16:03.115217+00:00,20,bf8b5636-a337-4645-973e-628031d6d5a5,,Creating Kubernetes job...
2025-10-15 02:16:03.741594+00:00,20,bf8b5636-a337-4645-973e-628031d6d5a5,,Completed submission of flow run 'bf8b5636-a337-4645-973e-628031d6d5a5'
2025-10-15 02:16:11.444248+00:00,20,bf8b5636-a337-4645-973e-628031d6d5a5,,Opening process...
2025-10-15 02:16:14.153491+00:00,20,bf8b5636-a337-4645-973e-628031d6d5a5,, > Running git_clone step...
2025-10-15 02:16:20.048821+00:00,20,bf8b5636-a337-4645-973e-628031d6d5a5,,Beginning flow run 'woodoo-bee' for flow 'run-modint-flow'
2025-10-15 02:16:20.222921+00:00,20,bf8b5636-a337-4645-973e-628031d6d5a5,0199e5a7-7173-7597-99d5-7b223a38a16d,This job ID will be used - modint-prefect-woodoo-bee-1
2025-10-15 02:16:20.228649+00:00,20,bf8b5636-a337-4645-973e-628031d6d5a5,0199e5a7-7173-7597-99d5-7b223a38a16d,Finished in state Completed()
2025-10-15 02:16:20.691123+00:00,20,bf8b5636-a337-4645-973e-628031d6d5a5,0199e5a7-7207-752b-9fcd-7f467e04d338,Finished in state Completed()
2025-10-15 02:16:20.746741+00:00,20,bf8b5636-a337-4645-973e-628031d6d5a5,0199e5a7-7209-7e94-bff3-8982d6359390,{'detections': '/ext-nas/modint-prefect-workspace/geofocus_after_s3/김책항_251003_skysatcollect_pansharpened_udm2/SuperX_Ship_Detection/20251002_230803_ssc2_u0001_pansharpened_clip.geojson'}
2025-10-15 02:16:20.853292+00:00,20,bf8b5636-a337-4645-973e-628031d6d5a5,0199e5a7-743a-7094-aab0-3e965dcc867c,Finished in state Completed()
2025-10-15 02:16:22.025967+00:00,20,bf8b5636-a337-4645-973e-628031d6d5a5,0199e5a7-7208-7a29-a1c0-119ba5116759,Beginning subflow run 'wondrous-trogon' for flow 'run-namespaced-job'
2025-10-15 02:16:53.223132+00:00,20,bf8b5636-a337-4645-973e-628031d6d5a5,0199e5a7-7208-7a29-a1c0-119ba5116759,"10/15 02:16:53 - mmengine - [5m[4m[33mWARNING[0m - Failed to search registry with scope ""recls"" in the ""batch augment"" registry tree. As a workaround, the current ""batch augment"" registry in ""mmpretrain"" is used to build instance. This may cause unexpected failure when running the built modules. Please check whether ""recls"" is a correct scope, or whether the registry is initialized.
"
2025-10-15 02:16:53.225830+00:00,20,bf8b5636-a337-4645-973e-628031d6d5a5,0199e5a7-7208-7a29-a1c0-119ba5116759,"10/15 02:16:53 - mmengine - [4m[37mINFO[0m - Because batch augmentations are enabled, the data preprocessor automatically enables the `to_onehot` option to generate one-hot format labels.
"
2025-10-15 02:16:58.386299+00:00,20,bf8b5636-a337-4645-973e-628031d6d5a5,0199e5a7-7208-7a29-a1c0-119ba5116759,"Loads checkpoint by local backend from path: /tmp/tmp43crimpz/checkpoint/model_final.pth
"
2025-10-15 02:16:58.389583+00:00,20,bf8b5636-a337-4645-973e-628031d6d5a5,0199e5a7-7208-7a29-a1c0-119ba5116759,"10/15 02:16:58 - mmengine - [5m[4m[33mWARNING[0m - The prefix is not set in metric class DumpGeojsonResults.
"
2025-10-15 02:16:58.482027+00:00,20,bf8b5636-a337-4645-973e-628031d6d5a5,0199e5a7-7208-7a29-a1c0-119ba5116759,"Downloading artifacts:   0%|          | 0/2 [00:00<?, ?it/s]Downloading artifacts:  50%|█████     | 1/2 [00:00<00:00, 26.67it/s]Downloading artifacts: 100%|██████████| 2/2 [00:01<00:00,  1.83it/s]Downloading artifacts: 100%|██████████| 2/2 [00:01<00:00,  1.83it/s]Downloading artifacts: 100%|██████████| 2/2 [00:01<00:00,  1.83it/s]
"
2025-10-15 02:16:58.484606+00:00,20,bf8b5636-a337-4645-973e-628031d6d5a5,0199e5a7-7208-7a29-a1c0-119ba5116759,"2025-10-15 02:16:58.470 | ERROR    | modint.runner.base_runner:inference:137 - An exception occurred:
"
2025-10-15 02:16:58.486630+00:00,20,bf8b5636-a337-4645-973e-628031d6d5a5,0199e5a7-7208-7a29-a1c0-119ba5116759,"Traceback (most recent call last):
"
2025-10-15 02:16:58.489244+00:00,20,bf8b5636-a337-4645-973e-628031d6d5a5,0199e5a7-7208-7a29-a1c0-119ba5116759,"  File ""fiona/ogrext.pyx"", line 136, in fiona.ogrext.gdal_open_vector
"
2025-10-15 02:16:58.491153+00:00,20,bf8b5636-a337-4645-973e-628031d6d5a5,0199e5a7-7208-7a29-a1c0-119ba5116759,"  File ""fiona/_err.pyx"", line 291, in fiona._err.exc_wrap_pointer
"
2025-10-15 02:16:58.496979+00:00,20,bf8b5636-a337-4645-973e-628031d6d5a5,0199e5a7-7208-7a29-a1c0-119ba5116759,"fiona._err.CPLE_OpenFailedError: /ext-nas/modint-prefect-workspace/geofocus_after_s3/김책항_251003_skysatcollect_pansharpened_udm2/SuperX_Ship_Detection/20251002_230803_ssc2_u0001_pansharpened_clip.geojson: No such file or directory
"
2025-10-15 02:16:58.499202+00:00,20,bf8b5636-a337-4645-973e-628031d6d5a5,0199e5a7-7208-7a29-a1c0-119ba5116759,"
"
2025-10-15 02:16:58.501021+00:00,20,bf8b5636-a337-4645-973e-628031d6d5a5,0199e5a7-7208-7a29-a1c0-119ba5116759,"During handling of the above exception, another exception occurred:
"
2025-10-15 02:16:58.503704+00:00,20,bf8b5636-a337-4645-973e-628031d6d5a5,0199e5a7-7208-7a29-a1c0-119ba5116759,"
"
2025-10-15 02:16:58.505594+00:00,20,bf8b5636-a337-4645-973e-628031d6d5a5,0199e5a7-7208-7a29-a1c0-119ba5116759,"Traceback (most recent call last):
"
2025-10-15 02:16:58.507693+00:00,20,bf8b5636-a337-4645-973e-628031d6d5a5,0199e5a7-7208-7a29-a1c0-119ba5116759,"  File ""/usr/local/lib/python3.8/site-packages/mmengine/registry/build_functions.py"", line 122, in build_from_cfg
"
2025-10-15 02:16:58.509426+00:00,20,bf8b5636-a337-4645-973e-628031d6d5a5,0199e5a7-7208-7a29-a1c0-119ba5116759,"    obj = obj_cls(**args)  # type: ignore
"
2025-10-15 02:16:58.511140+00:00,20,bf8b5636-a337-4645-973e-628031d6d5a5,0199e5a7-7208-7a29-a1c0-119ba5116759,"  File ""/recls/recls/datasets/geojson_infer_dataset.py"", line 36, in __init__
"
2025-10-15 02:16:58.512726+00:00,20,bf8b5636-a337-4645-973e-628031d6d5a5,0199e5a7-7208-7a29-a1c0-119ba5116759,"    super(GeojsonInferDataset, self).__init__(
"
2025-10-15 02:16:58.514480+00:00,20,bf8b5636-a337-4645-973e-628031d6d5a5,0199e5a7-7208-7a29-a1c0-119ba5116759,"  File ""/usr/local/lib/python3.8/site-packages/mmpretrain/datasets/base_dataset.py"", line 101, in __init__
"
2025-10-15 02:16:58.516224+00:00,20,bf8b5636-a337-4645-973e-628031d6d5a5,0199e5a7-7208-7a29-a1c0-119ba5116759,"    super().__init__(
"
2025-10-15 02:16:58.517748+00:00,20,bf8b5636-a337-4645-973e-628031d6d5a5,0199e5a7-7208-7a29-a1c0-119ba5116759,"  File ""/usr/local/lib/python3.8/site-packages/mmengine/dataset/base_dataset.py"", line 245, in __init__
"
2025-10-15 02:16:58.519317+00:00,20,bf8b5636-a337-4645-973e-628031d6d5a5,0199e5a7-7208-7a29-a1c0-119ba5116759,"    self.full_init()
"
2025-10-15 02:16:58.520739+00:00,20,bf8b5636-a337-4645-973e-628031d6d5a5,0199e5a7-7208-7a29-a1c0-119ba5116759,"  File ""/usr/local/lib/python3.8/site-packages/mmpretrain/datasets/base_dataset.py"", line 178, in full_init
"
2025-10-15 02:16:58.522026+00:00,20,bf8b5636-a337-4645-973e-628031d6d5a5,0199e5a7-7208-7a29-a1c0-119ba5116759,"    super().full_init()
"
2025-10-15 02:16:58.523545+00:00,20,bf8b5636-a337-4645-973e-628031d6d5a5,0199e5a7-7208-7a29-a1c0-119ba5116759,"  File ""/usr/local/lib/python3.8/site-packages/mmengine/dataset/base_dataset.py"", line 296, in full_init
"
2025-10-15 02:16:58.525051+00:00,20,bf8b5636-a337-4645-973e-628031d6d5a5,0199e5a7-7208-7a29-a1c0-119ba5116759,"    self.data_list = self.load_data_list()
"
2025-10-15 02:16:58.526386+00:00,20,bf8b5636-a337-4645-973e-628031d6d5a5,0199e5a7-7208-7a29-a1c0-119ba5116759,"  File ""/recls/recls/datasets/geojson_infer_dataset.py"", line 58, in load_data_list
"
2025-10-15 02:16:58.527889+00:00,20,bf8b5636-a337-4645-973e-628031d6d5a5,0199e5a7-7208-7a29-a1c0-119ba5116759,"    gdf = gpd.read_file(geojson_path)
"
2025-10-15 02:16:58.529239+00:00,20,bf8b5636-a337-4645-973e-628031d6d5a5,0199e5a7-7208-7a29-a1c0-119ba5116759,"  File ""/usr/local/lib/python3.8/site-packages/geopandas/io/file.py"", line 281, in _read_file
"
2025-10-15 02:16:58.530449+00:00,20,bf8b5636-a337-4645-973e-628031d6d5a5,0199e5a7-7208-7a29-a1c0-119ba5116759,"    return _read_file_fiona(
"
2025-10-15 02:16:58.531789+00:00,20,bf8b5636-a337-4645-973e-628031d6d5a5,0199e5a7-7208-7a29-a1c0-119ba5116759,"  File ""/usr/local/lib/python3.8/site-packages/geopandas/io/file.py"", line 322, in _read_file_fiona
"
2025-10-15 02:16:58.533149+00:00,20,bf8b5636-a337-4645-973e-628031d6d5a5,0199e5a7-7208-7a29-a1c0-119ba5116759,"    with reader(path_or_bytes, **kwargs) as features:
"
2025-10-15 02:16:58.534333+00:00,20,bf8b5636-a337-4645-973e-628031d6d5a5,0199e5a7-7208-7a29-a1c0-119ba5116759,"  File ""/usr/local/lib/python3.8/site-packages/fiona/env.py"", line 457, in wrapper
"
2025-10-15 02:16:58.535696+00:00,20,bf8b5636-a337-4645-973e-628031d6d5a5,0199e5a7-7208-7a29-a1c0-119ba5116759,"    return f(*args, **kwds)
"
2025-10-15 02:16:58.536976+00:00,20,bf8b5636-a337-4645-973e-628031d6d5a5,0199e5a7-7208-7a29-a1c0-119ba5116759,"  File ""/usr/local/lib/python3.8/site-packages/fiona/__init__.py"", line 292, in open
"
2025-10-15 02:16:58.538101+00:00,20,bf8b5636-a337-4645-973e-628031d6d5a5,0199e5a7-7208-7a29-a1c0-119ba5116759,"    colxn = Collection(
"
2025-10-15 02:16:58.539476+00:00,20,bf8b5636-a337-4645-973e-628031d6d5a5,0199e5a7-7208-7a29-a1c0-119ba5116759,"  File ""/usr/local/lib/python3.8/site-packages/fiona/collection.py"", line 243, in __init__
"
2025-10-15 02:16:58.540701+00:00,20,bf8b5636-a337-4645-973e-628031d6d5a5,0199e5a7-7208-7a29-a1c0-119ba5116759,"    self.session.start(self, **kwargs)
"
2025-10-15 02:16:58.541818+00:00,20,bf8b5636-a337-4645-973e-628031d6d5a5,0199e5a7-7208-7a29-a1c0-119ba5116759,"  File ""fiona/ogrext.pyx"", line 588, in fiona.ogrext.Session.start
"
2025-10-15 02:16:58.543099+00:00,20,bf8b5636-a337-4645-973e-628031d6d5a5,0199e5a7-7208-7a29-a1c0-119ba5116759,"  File ""fiona/ogrext.pyx"", line 143, in fiona.ogrext.gdal_open_vector
"
2025-10-15 02:16:58.544377+00:00,20,bf8b5636-a337-4645-973e-628031d6d5a5,0199e5a7-7208-7a29-a1c0-119ba5116759,"fiona.errors.DriverError: /ext-nas/modint-prefect-workspace/geofocus_after_s3/김책항_251003_skysatcollect_pansharpened_udm2/SuperX_Ship_Detection/20251002_230803_ssc2_u0001_pansharpened_clip.geojson: No such file or directory
"
2025-10-15 02:16:58.545570+00:00,20,bf8b5636-a337-4645-973e-628031d6d5a5,0199e5a7-7208-7a29-a1c0-119ba5116759,"
"
2025-10-15 02:16:58.546839+00:00,20,bf8b5636-a337-4645-973e-628031d6d5a5,0199e5a7-7208-7a29-a1c0-119ba5116759,"During handling of the above exception, another exception occurred:
"
2025-10-15 02:16:58.548127+00:00,20,bf8b5636-a337-4645-973e-628031d6d5a5,0199e5a7-7208-7a29-a1c0-119ba5116759,"
"
2025-10-15 02:16:58.549073+00:00,20,bf8b5636-a337-4645-973e-628031d6d5a5,0199e5a7-7208-7a29-a1c0-119ba5116759,"Traceback (most recent call last):
"
2025-10-15 02:16:58.550270+00:00,20,bf8b5636-a337-4645-973e-628031d6d5a5,0199e5a7-7208-7a29-a1c0-119ba5116759,"  File ""/usr/local/lib/python3.8/site-packages/modint/runner/base_runner.py"", line 111, in inference
"
2025-10-15 02:16:58.551349+00:00,20,bf8b5636-a337-4645-973e-628031d6d5a5,0199e5a7-7208-7a29-a1c0-119ba5116759,"    dataloader = self.build_dataloader(scene_path)
"
2025-10-15 02:16:58.552274+00:00,20,bf8b5636-a337-4645-973e-628031d6d5a5,0199e5a7-7208-7a29-a1c0-119ba5116759,"  File ""/recls/recls/apis/cls_runner.py"", line 92, in build_dataloader
"
2025-10-15 02:16:58.553384+00:00,20,bf8b5636-a337-4645-973e-628031d6d5a5,0199e5a7-7208-7a29-a1c0-119ba5116759,"    dataloader = Runner.build_dataloader(dataloader)
"
2025-10-15 02:16:58.554417+00:00,20,bf8b5636-a337-4645-973e-628031d6d5a5,0199e5a7-7208-7a29-a1c0-119ba5116759,"  File ""/usr/local/lib/python3.8/site-packages/mmengine/runner/runner.py"", line 1346, in build_dataloader
"
2025-10-15 02:16:58.555574+00:00,20,bf8b5636-a337-4645-973e-628031d6d5a5,0199e5a7-7208-7a29-a1c0-119ba5116759,"    dataset = DATASETS.build(dataset_cfg)
"
2025-10-15 02:16:58.556680+00:00,20,bf8b5636-a337-4645-973e-628031d6d5a5,0199e5a7-7208-7a29-a1c0-119ba5116759,"  File ""/usr/local/lib/python3.8/site-packages/mmengine/registry/registry.py"", line 548, in build
"
2025-10-15 02:16:58.557823+00:00,20,bf8b5636-a337-4645-973e-628031d6d5a5,0199e5a7-7208-7a29-a1c0-119ba5116759,"    return self.build_func(cfg, *args, **kwargs, registry=self)
"
2025-10-15 02:16:58.558836+00:00,20,bf8b5636-a337-4645-973e-628031d6d5a5,0199e5a7-7208-7a29-a1c0-119ba5116759,"  File ""/usr/local/lib/python3.8/site-packages/mmengine/registry/build_functions.py"", line 144, in build_from_cfg
"
2025-10-15 02:16:58.559923+00:00,20,bf8b5636-a337-4645-973e-628031d6d5a5,0199e5a7-7208-7a29-a1c0-119ba5116759,"    raise type(e)(
"
2025-10-15 02:16:58.560606+00:00,20,bf8b5636-a337-4645-973e-628031d6d5a5,0199e5a7-7208-7a29-a1c0-119ba5116759,"fiona.errors.DriverError: class `GeojsonInferDataset` in recls/datasets/geojson_infer_dataset.py: /ext-nas/modint-prefect-workspace/geofocus_after_s3/김책항_251003_skysatcollect_pansharpened_udm2/SuperX_Ship_Detection/20251002_230803_ssc2_u0001_pansharpened_clip.geojson: No such file or directory
"
2025-10-15 02:16:58.561399+00:00,20,bf8b5636-a337-4645-973e-628031d6d5a5,0199e5a7-7208-7a29-a1c0-119ba5116759,"
"
2025-10-15 02:16:58.562015+00:00,20,bf8b5636-a337-4645-973e-628031d6d5a5,0199e5a7-7208-7a29-a1c0-119ba5116759,"[32m2025-10-15T02:16:58.470025+0000[0m [31m[1mAn exception occurred:
"
2025-10-15 02:16:58.562645+00:00,20,bf8b5636-a337-4645-973e-628031d6d5a5,0199e5a7-7208-7a29-a1c0-119ba5116759,"Traceback (most recent call last):
"
2025-10-15 02:16:58.563265+00:00,20,bf8b5636-a337-4645-973e-628031d6d5a5,0199e5a7-7208-7a29-a1c0-119ba5116759,"  File ""fiona/ogrext.pyx"", line 136, in fiona.ogrext.gdal_open_vector
"
2025-10-15 02:16:58.563892+00:00,20,bf8b5636-a337-4645-973e-628031d6d5a5,0199e5a7-7208-7a29-a1c0-119ba5116759,"  File ""fiona/_err.pyx"", line 291, in fiona._err.exc_wrap_pointer
"
2025-10-15 02:16:58.564536+00:00,20,bf8b5636-a337-4645-973e-628031d6d5a5,0199e5a7-7208-7a29-a1c0-119ba5116759,"fiona._err.CPLE_OpenFailedError: /ext-nas/modint-prefect-workspace/geofocus_after_s3/김책항_251003_skysatcollect_pansharpened_udm2/SuperX_Ship_Detection/20251002_230803_ssc2_u0001_pansharpened_clip.geojson: No such file or directory
"
2025-10-15 02:16:58.565284+00:00,20,bf8b5636-a337-4645-973e-628031d6d5a5,0199e5a7-7208-7a29-a1c0-119ba5116759,"
"
2025-10-15 02:16:58.565895+00:00,20,bf8b5636-a337-4645-973e-628031d6d5a5,0199e5a7-7208-7a29-a1c0-119ba5116759,"During handling of the above exception, another exception occurred:
"
2025-10-15 02:16:58.566517+00:00,20,bf8b5636-a337-4645-973e-628031d6d5a5,0199e5a7-7208-7a29-a1c0-119ba5116759,"
"
2025-10-15 02:16:58.567137+00:00,20,bf8b5636-a337-4645-973e-628031d6d5a5,0199e5a7-7208-7a29-a1c0-119ba5116759,"Traceback (most recent call last):
"
2025-10-15 02:16:58.567764+00:00,20,bf8b5636-a337-4645-973e-628031d6d5a5,0199e5a7-7208-7a29-a1c0-119ba5116759,"  File ""/usr/local/lib/python3.8/site-packages/mmengine/registry/build_functions.py"", line 122, in build_from_cfg
"
2025-10-15 02:16:58.568377+00:00,20,bf8b5636-a337-4645-973e-628031d6d5a5,0199e5a7-7208-7a29-a1c0-119ba5116759,"    obj = obj_cls(**args)  # type: ignore
"
2025-10-15 02:16:58.568975+00:00,20,bf8b5636-a337-4645-973e-628031d6d5a5,0199e5a7-7208-7a29-a1c0-119ba5116759,"  File ""/recls/recls/datasets/geojson_infer_dataset.py"", line 36, in __init__
"
2025-10-15 02:16:58.569572+00:00,20,bf8b5636-a337-4645-973e-628031d6d5a5,0199e5a7-7208-7a29-a1c0-119ba5116759,"    super(GeojsonInferDataset, self).__init__(
"
2025-10-15 02:16:58.570163+00:00,20,bf8b5636-a337-4645-973e-628031d6d5a5,0199e5a7-7208-7a29-a1c0-119ba5116759,"  File ""/usr/local/lib/python3.8/site-packages/mmpretrain/datasets/base_dataset.py"", line 101, in __init__
"
2025-10-15 02:16:58.570761+00:00,20,bf8b5636-a337-4645-973e-628031d6d5a5,0199e5a7-7208-7a29-a1c0-119ba5116759,"    super().__init__(
"
2025-10-15 02:16:58.571364+00:00,20,bf8b5636-a337-4645-973e-628031d6d5a5,0199e5a7-7208-7a29-a1c0-119ba5116759,"  File ""/usr/local/lib/python3.8/site-packages/mmengine/dataset/base_dataset.py"", line 245, in __init__
"
2025-10-15 02:16:58.571968+00:00,20,bf8b5636-a337-4645-973e-628031d6d5a5,0199e5a7-7208-7a29-a1c0-119ba5116759,"    self.full_init()
"
2025-10-15 02:16:58.572545+00:00,20,bf8b5636-a337-4645-973e-628031d6d5a5,0199e5a7-7208-7a29-a1c0-119ba5116759,"  File ""/usr/local/lib/python3.8/site-packages/mmpretrain/datasets/base_dataset.py"", line 178, in full_init
"
2025-10-15 02:16:58.573134+00:00,20,bf8b5636-a337-4645-973e-628031d6d5a5,0199e5a7-7208-7a29-a1c0-119ba5116759,"    super().full_init()
"
2025-10-15 02:16:58.573709+00:00,20,bf8b5636-a337-4645-973e-628031d6d5a5,0199e5a7-7208-7a29-a1c0-119ba5116759,"  File ""/usr/local/lib/python3.8/site-packages/mmengine/dataset/base_dataset.py"", line 296, in full_init
"
2025-10-15 02:16:58.574288+00:00,20,bf8b5636-a337-4645-973e-628031d6d5a5,0199e5a7-7208-7a29-a1c0-119ba5116759,"    self.data_list = self.load_data_list()
"
2025-10-15 02:16:58.574852+00:00,20,bf8b5636-a337-4645-973e-628031d6d5a5,0199e5a7-7208-7a29-a1c0-119ba5116759,"  File ""/recls/recls/datasets/geojson_infer_dataset.py"", line 58, in load_data_list
"
2025-10-15 02:16:58.575429+00:00,20,bf8b5636-a337-4645-973e-628031d6d5a5,0199e5a7-7208-7a29-a1c0-119ba5116759,"    gdf = gpd.read_file(geojson_path)
"
2025-10-15 02:16:58.576023+00:00,20,bf8b5636-a337-4645-973e-628031d6d5a5,0199e5a7-7208-7a29-a1c0-119ba5116759,"  File ""/usr/local/lib/python3.8/site-packages/geopandas/io/file.py"", line 281, in _read_file
"
2025-10-15 02:16:58.576615+00:00,20,bf8b5636-a337-4645-973e-628031d6d5a5,0199e5a7-7208-7a29-a1c0-119ba5116759,"    return _read_file_fiona(
"
2025-10-15 02:16:58.577190+00:00,20,bf8b5636-a337-4645-973e-628031d6d5a5,0199e5a7-7208-7a29-a1c0-119ba5116759,"  File ""/usr/local/lib/python3.8/site-packages/geopandas/io/file.py"", line 322, in _read_file_fiona
"
2025-10-15 02:16:58.577773+00:00,20,bf8b5636-a337-4645-973e-628031d6d5a5,0199e5a7-7208-7a29-a1c0-119ba5116759,"    with reader(path_or_bytes, **kwargs) as features:
"
2025-10-15 02:16:58.578356+00:00,20,bf8b5636-a337-4645-973e-628031d6d5a5,0199e5a7-7208-7a29-a1c0-119ba5116759,"  File ""/usr/local/lib/python3.8/site-packages/fiona/env.py"", line 457, in wrapper
"
2025-10-15 02:16:58.578954+00:00,20,bf8b5636-a337-4645-973e-628031d6d5a5,0199e5a7-7208-7a29-a1c0-119ba5116759,"    return f(*args, **kwds)
"
2025-10-15 02:16:58.579513+00:00,20,bf8b5636-a337-4645-973e-628031d6d5a5,0199e5a7-7208-7a29-a1c0-119ba5116759,"  File ""/usr/local/lib/python3.8/site-packages/fiona/__init__.py"", line 292, in open
"
2025-10-15 02:16:58.623629+00:00,20,bf8b5636-a337-4645-973e-628031d6d5a5,0199e5a7-7208-7a29-a1c0-119ba5116759,"    colxn = Collection(
"
2025-10-15 02:16:58.624500+00:00,20,bf8b5636-a337-4645-973e-628031d6d5a5,0199e5a7-7208-7a29-a1c0-119ba5116759,"  File ""/usr/local/lib/python3.8/site-packages/fiona/collection.py"", line 243, in __init__
"
2025-10-15 02:16:58.625308+00:00,20,bf8b5636-a337-4645-973e-628031d6d5a5,0199e5a7-7208-7a29-a1c0-119ba5116759,"    self.session.start(self, **kwargs)
"
2025-10-15 02:16:58.626091+00:00,20,bf8b5636-a337-4645-973e-628031d6d5a5,0199e5a7-7208-7a29-a1c0-119ba5116759,"  File ""fiona/ogrext.pyx"", line 588, in fiona.ogrext.Session.start
"
2025-10-15 02:16:58.627361+00:00,20,bf8b5636-a337-4645-973e-628031d6d5a5,0199e5a7-7208-7a29-a1c0-119ba5116759,"  File ""fiona/ogrext.pyx"", line 143, in fiona.ogrext.gdal_open_vector
"
2025-10-15 02:16:58.628690+00:00,20,bf8b5636-a337-4645-973e-628031d6d5a5,0199e5a7-7208-7a29-a1c0-119ba5116759,"fiona.errors.DriverError: /ext-nas/modint-prefect-workspace/geofocus_after_s3/김책항_251003_skysatcollect_pansharpened_udm2/SuperX_Ship_Detection/20251002_230803_ssc2_u0001_pansharpened_clip.geojson: No such file or directory
"
2025-10-15 02:16:58.630279+00:00,20,bf8b5636-a337-4645-973e-628031d6d5a5,0199e5a7-7208-7a29-a1c0-119ba5116759,"
"
2025-10-15 02:16:58.631826+00:00,20,bf8b5636-a337-4645-973e-628031d6d5a5,0199e5a7-7208-7a29-a1c0-119ba5116759,"During handling of the above exception, another exception occurred:
"
2025-10-15 02:16:58.633403+00:00,20,bf8b5636-a337-4645-973e-628031d6d5a5,0199e5a7-7208-7a29-a1c0-119ba5116759,"
"
2025-10-15 02:16:58.634727+00:00,20,bf8b5636-a337-4645-973e-628031d6d5a5,0199e5a7-7208-7a29-a1c0-119ba5116759,"Traceback (most recent call last):
"
2025-10-15 02:16:58.636308+00:00,20,bf8b5636-a337-4645-973e-628031d6d5a5,0199e5a7-7208-7a29-a1c0-119ba5116759,"  File ""/usr/local/lib/python3.8/site-packages/modint/runner/base_runner.py"", line 111, in inference
"
2025-10-15 02:16:58.637853+00:00,20,bf8b5636-a337-4645-973e-628031d6d5a5,0199e5a7-7208-7a29-a1c0-119ba5116759,"    dataloader = self.build_dataloader(scene_path)
"
2025-10-15 02:16:58.639145+00:00,20,bf8b5636-a337-4645-973e-628031d6d5a5,0199e5a7-7208-7a29-a1c0-119ba5116759,"  File ""/recls/recls/apis/cls_runner.py"", line 92, in build_dataloader
"
2025-10-15 02:16:58.640610+00:00,20,bf8b5636-a337-4645-973e-628031d6d5a5,0199e5a7-7208-7a29-a1c0-119ba5116759,"    dataloader = Runner.build_dataloader(dataloader)
"
2025-10-15 02:16:58.641591+00:00,20,bf8b5636-a337-4645-973e-628031d6d5a5,0199e5a7-7208-7a29-a1c0-119ba5116759,"  File ""/usr/local/lib/python3.8/site-packages/mmengine/runner/runner.py"", line 1346, in build_dataloader
"
2025-10-15 02:16:58.643008+00:00,20,bf8b5636-a337-4645-973e-628031d6d5a5,0199e5a7-7208-7a29-a1c0-119ba5116759,"    dataset = DATASETS.build(dataset_cfg)
"
2025-10-15 02:16:58.644293+00:00,20,bf8b5636-a337-4645-973e-628031d6d5a5,0199e5a7-7208-7a29-a1c0-119ba5116759,"  File ""/usr/local/lib/python3.8/site-packages/mmengine/registry/registry.py"", line 548, in build
"
2025-10-15 02:16:58.645779+00:00,20,bf8b5636-a337-4645-973e-628031d6d5a5,0199e5a7-7208-7a29-a1c0-119ba5116759,"    return self.build_func(cfg, *args, **kwargs, registry=self)
"
2025-10-15 02:16:58.647239+00:00,20,bf8b5636-a337-4645-973e-628031d6d5a5,0199e5a7-7208-7a29-a1c0-119ba5116759,"  File ""/usr/local/lib/python3.8/site-packages/mmengine/registry/build_functions.py"", line 144, in build_from_cfg
"
2025-10-15 02:16:58.648476+00:00,20,bf8b5636-a337-4645-973e-628031d6d5a5,0199e5a7-7208-7a29-a1c0-119ba5116759,"    raise type(e)(
"
2025-10-15 02:16:58.649837+00:00,20,bf8b5636-a337-4645-973e-628031d6d5a5,0199e5a7-7208-7a29-a1c0-119ba5116759,"fiona.errors.DriverError: class `GeojsonInferDataset` in recls/datasets/geojson_infer_dataset.py: /ext-nas/modint-prefect-workspace/geofocus_after_s3/김책항_251003_skysatcollect_pansharpened_udm2/SuperX_Ship_Detection/20251002_230803_ssc2_u0001_pansharpened_clip.geojson: No such file or directory
"
2025-10-15 02:16:58.651311+00:00,20,bf8b5636-a337-4645-973e-628031d6d5a5,0199e5a7-7208-7a29-a1c0-119ba5116759,"[0m
"
2025-10-15 02:17:07.732229+00:00,20,bf8b5636-a337-4645-973e-628031d6d5a5,0199e5a7-7208-7a29-a1c0-119ba5116759,Finished in state Completed()
2025-10-15 02:17:20.797895+00:00,20,bf8b5636-a337-4645-973e-628031d6d5a5,0199e5a7-7209-7e94-bff3-8982d6359390,"{'msg': 'Traceback (most recent call last):\n  File ""fiona/ogrext.pyx"", line 136, in fiona.ogrext.gdal_open_vector\n  File ""fiona/_err.pyx"", line 291, in fiona._err.exc_wrap_pointer\nfiona._err.CPLE_OpenFailedError: /ext-nas/modint-prefect-workspace/geofocus_after_s3/김책항_251003_skysatcollect_pansharpened_udm2/SuperX_Ship_Detection/20251002_230803_ssc2_u0001_pansharpened_clip.geojson: No such file or directory\n\nDuring handling of the above exception, another exception occurred:\n\nTraceback (most recent call last):\n  File ""/usr/local/lib/python3.8/site-packages/mmengine/registry/build_functions.py"", line 122, in build_from_cfg\n    obj = obj_cls(**args)  # type: ignore\n  File ""/recls/recls/datasets/geojson_infer_dataset.py"", line 36, in __init__\n    super(GeojsonInferDataset, self).__init__(\n  File ""/usr/local/lib/python3.8/site-packages/mmpretrain/datasets/base_dataset.py"", line 101, in __init__\n    super().__init__(\n  File ""/usr/local/lib/python3.8/site-packages/mmengine/dataset/base_dataset.py"", line 245, in __init__\n    self.full_init()\n  File ""/usr/local/lib/python3.8/site-packages/mmpretrain/datasets/base_dataset.py"", line 178, in full_init\n    super().full_init()\n  File ""/usr/local/lib/python3.8/site-packages/mmengine/dataset/base_dataset.py"", line 296, in full_init\n    self.data_list = self.load_data_list()\n  File ""/recls/recls/datasets/geojson_infer_dataset.py"", line 58, in load_data_list\n    gdf = gpd.read_file(geojson_path)\n  File ""/usr/local/lib/python3.8/site-packages/geopandas/io/file.py"", line 281, in _read_file\n    return _read_file_fiona(\n  File ""/usr/local/lib/python3.8/site-packages/geopandas/io/file.py"", line 322, in _read_file_fiona\n    with reader(path_or_bytes, **kwargs) as features:\n  File ""/usr/local/lib/python3.8/site-packages/fiona/env.py"", line 457, in wrapper\n    return f(*args, **kwds)\n  File ""/usr/local/lib/python3.8/site-packages/fiona/__init__.py"", line 292, in open\n    colxn = Collection(\n  File ""/usr/local/lib/python3.8/site-packages/fiona/collection.py"", line 243, in __init__\n    self.session.start(self, **kwargs)\n  File ""fiona/ogrext.pyx"", line 588, in fiona.ogrext.Session.start\n  File ""fiona/ogrext.pyx"", line 143, in fiona.ogrext.gdal_open_vector\nfiona.errors.DriverError: /ext-nas/modint-prefect-workspace/geofocus_after_s3/김책항_251003_skysatcollect_pansharpened_udm2/SuperX_Ship_Detection/20251002_230803_ssc2_u0001_pansharpened_clip.geojson: No such file or directory\n\nDuring handling of the above exception, another exception occurred:\n\nTraceback (most recent call last):\n  File ""/usr/local/lib/python3.8/site-packages/modint/runner/base_runner.py"", line 111, in inference\n    dataloader = self.build_dataloader(scene_path)\n  File ""/recls/recls/apis/cls_runner.py"", line 92, in build_dataloader\n    dataloader = Runner.build_dataloader(dataloader)\n  File ""/usr/local/lib/python3.8/site-packages/mmengine/runner/runner.py"", line 1346, in build_dataloader\n    dataset = DATASETS.build(dataset_cfg)\n  File ""/usr/local/lib/python3.8/site-packages/mmengine/registry/registry.py"", line 548, in build\n    return self.build_func(cfg, *args, **kwargs, registry=self)\n  File ""/usr/local/lib/python3.8/site-packages/mmengine/registry/build_functions.py"", line 144, in build_from_cfg\n    raise type(e)(\nfiona.errors.DriverError: class `GeojsonInferDataset` in recls/datasets/geojson_infer_dataset.py: /ext-nas/modint-prefect-workspace/geofocus_after_s3/김책항_251003_skysatcollect_pansharpened_udm2/SuperX_Ship_Detection/20251002_230803_ssc2_u0001_pansharpened_clip.geojson: No such file or directory\n', 'retriable': False}"
2025-10-15 02:17:20.807544+00:00,40,bf8b5636-a337-4645-973e-628031d6d5a5,0199e5a7-7209-7e94-bff3-8982d6359390,Inference was failed. See the logs for detail.
2025-10-15 02:17:20.809765+00:00,40,bf8b5636-a337-4645-973e-628031d6d5a5,0199e5a7-7209-7e94-bff3-8982d6359390,"Task run failed with exception: InferenceFailError() - No retries configured for this task.
Traceback (most recent call last):
  File ""/usr/local/lib/python3.10/site-packages/prefect/task_engine.py"", line 857, in run_context
    yield self
  File ""/usr/local/lib/python3.10/site-packages/prefect/task_engine.py"", line 1487, in run_task_sync
    engine.call_task_fn(txn)
  File ""/usr/local/lib/python3.10/site-packages/prefect/task_engine.py"", line 874, in call_task_fn
    result = call_with_parameters(self.task.fn, parameters)
  File ""/usr/local/lib/python3.10/site-packages/prefect/utilities/callables.py"", line 210, in call_with_parameters
    return fn(*args, **kwargs)
  File ""/app/modint-prefect-main/modint_prefect/prefect_flow.py"", line 135, in run_check_inference_status_redis
    raise InferenceFailError
modint_prefect.configs.InferenceFailError"
2025-10-15 02:17:20.824772+00:00,40,bf8b5636-a337-4645-973e-628031d6d5a5,0199e5a7-7209-7e94-bff3-8982d6359390,Finished in state Failed('Task run encountered an exception InferenceFailError: ')
2025-10-15 02:17:20.834914+00:00,40,bf8b5636-a337-4645-973e-628031d6d5a5,,"Encountered exception during execution: InferenceFailError()
Traceback (most recent call last):
  File ""/usr/local/lib/python3.10/site-packages/prefect/flow_engine.py"", line 782, in run_context
    yield self
  File ""/usr/local/lib/python3.10/site-packages/prefect/flow_engine.py"", line 1397, in run_flow_sync
    engine.call_flow_fn()
  File ""/usr/local/lib/python3.10/site-packages/prefect/flow_engine.py"", line 802, in call_flow_fn
    result = call_with_parameters(self.flow.fn, self.parameters)
  File ""/usr/local/lib/python3.10/site-packages/prefect/utilities/callables.py"", line 210, in call_with_parameters
    return fn(*args, **kwargs)
  File ""/app/modint-prefect-main/modint_prefect/prefect_flow.py"", line 530, in run_modint_flow
    inference_result = check_inference_status_future.result()
  File ""/usr/local/lib/python3.10/site-packages/prefect/futures.py"", line 222, in result
    _result = self._final_state.result(
  File ""/usr/local/lib/python3.10/site-packages/prefect/_internal/compatibility/async_dispatch.py"", line 94, in wrapper
    return fn(*args, **kwargs)
  File ""/usr/local/lib/python3.10/site-packages/prefect/client/schemas/objects.py"", line 366, in result
    return run_coro_as_sync(
  File ""/usr/local/lib/python3.10/site-packages/prefect/utilities/asyncutils.py"", line 207, in run_coro_as_sync
    return call.result()
  File ""/usr/local/lib/python3.10/site-packages/prefect/_internal/concurrency/calls.py"", line 365, in result
    return self.future.result(timeout=timeout)
  File ""/usr/local/lib/python3.10/site-packages/prefect/_internal/concurrency/calls.py"", line 192, in result
    return self.__get_result()
  File ""/usr/local/lib/python3.10/concurrent/futures/_base.py"", line 403, in __get_result
    raise self._exception
  File ""/usr/local/lib/python3.10/site-packages/prefect/_internal/concurrency/calls.py"", line 441, in _run_async
    result = await coro
  File ""/usr/local/lib/python3.10/site-packages/prefect/utilities/asyncutils.py"", line 188, in coroutine_wrapper
    return await task
  File ""/usr/local/lib/python3.10/site-packages/prefect/states.py"", line 85, in get_state_result
    return await _get_state_result(
  File ""/usr/local/lib/python3.10/site-packages/prefect/states.py"", line 157, in _get_state_result
    raise await get_state_exception(state)
  File ""/usr/local/lib/python3.10/site-packages/prefect/task_engine.py"", line 857, in run_context
    yield self
  File ""/usr/local/lib/python3.10/site-packages/prefect/task_engine.py"", line 1487, in run_task_sync
    engine.call_task_fn(txn)
  File ""/usr/local/lib/python3.10/site-packages/prefect/task_engine.py"", line 874, in call_task_fn
    result = call_with_parameters(self.task.fn, parameters)
  File ""/usr/local/lib/python3.10/site-packages/prefect/utilities/callables.py"", line 210, in call_with_parameters
    return fn(*args, **kwargs)
  File ""/app/modint-prefect-main/modint_prefect/prefect_flow.py"", line 135, in run_check_inference_status_redis
    raise InferenceFailError
modint_prefect.configs.InferenceFailError"
2025-10-15 02:17:20.888903+00:00,20,bf8b5636-a337-4645-973e-628031d6d5a5,,Finished in state Failed('Flow run encountered an exception: InferenceFailError: ')
2025-10-15 02:17:20.891471+00:00,40,bf8b5636-a337-4645-973e-628031d6d5a5,,"Engine execution exited with unexpected exception
Traceback (most recent call last):
  File ""/usr/local/lib/python3.10/site-packages/prefect/flow_engine.py"", line 1554, in run_flow
    ret_val = run_flow_sync(**kwargs)
  File ""/usr/local/lib/python3.10/site-packages/prefect/flow_engine.py"", line 1399, in run_flow_sync
    return engine.state if return_type == ""state"" else engine.result()
  File ""/usr/local/lib/python3.10/site-packages/prefect/flow_engine.py"", line 361, in result
    raise self._raised
  File ""/usr/local/lib/python3.10/site-packages/prefect/flow_engine.py"", line 782, in run_context
    yield self
  File ""/usr/local/lib/python3.10/site-packages/prefect/flow_engine.py"", line 1397, in run_flow_sync
    engine.call_flow_fn()
  File ""/usr/local/lib/python3.10/site-packages/prefect/flow_engine.py"", line 802, in call_flow_fn
    result = call_with_parameters(self.flow.fn, self.parameters)
  File ""/usr/local/lib/python3.10/site-packages/prefect/utilities/callables.py"", line 210, in call_with_parameters
    return fn(*args, **kwargs)
  File ""/app/modint-prefect-main/modint_prefect/prefect_flow.py"", line 530, in run_modint_flow
    inference_result = check_inference_status_future.result()
  File ""/usr/local/lib/python3.10/site-packages/prefect/futures.py"", line 222, in result
    _result = self._final_state.result(
  File ""/usr/local/lib/python3.10/site-packages/prefect/_internal/compatibility/async_dispatch.py"", line 94, in wrapper
    return fn(*args, **kwargs)
  File ""/usr/local/lib/python3.10/site-packages/prefect/client/schemas/objects.py"", line 366, in result
    return run_coro_as_sync(
  File ""/usr/local/lib/python3.10/site-packages/prefect/utilities/asyncutils.py"", line 207, in run_coro_as_sync
    return call.result()
  File ""/usr/local/lib/python3.10/site-packages/prefect/_internal/concurrency/calls.py"", line 365, in result
    return self.future.result(timeout=timeout)
  File ""/usr/local/lib/python3.10/site-packages/prefect/_internal/concurrency/calls.py"", line 192, in result
    return self.__get_result()
  File ""/usr/local/lib/python3.10/concurrent/futures/_base.py"", line 403, in __get_result
    raise self._exception
  File ""/usr/local/lib/python3.10/site-packages/prefect/_internal/concurrency/calls.py"", line 441, in _run_async
    result = await coro
  File ""/usr/local/lib/python3.10/site-packages/prefect/utilities/asyncutils.py"", line 188, in coroutine_wrapper
    return await task
  File ""/usr/local/lib/python3.10/site-packages/prefect/states.py"", line 85, in get_state_result
    return await _get_state_result(
  File ""/usr/local/lib/python3.10/site-packages/prefect/states.py"", line 157, in _get_state_result
    raise await get_state_exception(state)
  File ""/usr/local/lib/python3.10/site-packages/prefect/task_engine.py"", line 857, in run_context
    yield self
  File ""/usr/local/lib/python3.10/site-packages/prefect/task_engine.py"", line 1487, in run_task_sync
    engine.call_task_fn(txn)
  File ""/usr/local/lib/python3.10/site-packages/prefect/task_engine.py"", line 874, in call_task_fn
    result = call_with_parameters(self.task.fn, parameters)
  File ""/usr/local/lib/python3.10/site-packages/prefect/utilities/callables.py"", line 210, in call_with_parameters
    return fn(*args, **kwargs)
  File ""/app/modint-prefect-main/modint_prefect/prefect_flow.py"", line 135, in run_check_inference_status_redis
    raise InferenceFailError
modint_prefect.configs.InferenceFailError"
2025-10-15 02:17:21.507704+00:00,40,bf8b5636-a337-4645-973e-628031d6d5a5,,Process for flow run 'woodoo-bee' exited with status code: 1
