timestamp,level,flow_run_id,task_run_id,message
2025-10-15 08:34:14.995396+00:00,20,cacab3b6-1e09-4f61-b2c1-38b7fa0eb3ce,,Worker 'KubernetesWorker a05e490e-9eac-4523-9166-1b04920e6d58' submitting flow run 'cacab3b6-1e09-4f61-b2c1-38b7fa0eb3ce'
2025-10-15 08:34:15.155700+00:00,20,cacab3b6-1e09-4f61-b2c1-38b7fa0eb3ce,,Creating Kubernetes job...
2025-10-15 08:34:15.718036+00:00,20,cacab3b6-1e09-4f61-b2c1-38b7fa0eb3ce,,Completed submission of flow run 'cacab3b6-1e09-4f61-b2c1-38b7fa0eb3ce'
2025-10-15 08:34:22.314957+00:00,20,cacab3b6-1e09-4f61-b2c1-38b7fa0eb3ce,,Opening process...
2025-10-15 08:34:24.968379+00:00,20,cacab3b6-1e09-4f61-b2c1-38b7fa0eb3ce,, > Running git_clone step...
2025-10-15 08:34:31.434140+00:00,20,cacab3b6-1e09-4f61-b2c1-38b7fa0eb3ce,,Beginning flow run 'vigilant-chowchow' for flow 'run-modint-flow'
2025-10-15 08:34:31.653314+00:00,20,cacab3b6-1e09-4f61-b2c1-38b7fa0eb3ce,0199e701-afad-7ca1-afac-b57e16c01c3e,This job ID will be used - modint-prefect-vigilant-chowchow-1
2025-10-15 08:34:31.659698+00:00,20,cacab3b6-1e09-4f61-b2c1-38b7fa0eb3ce,0199e701-afad-7ca1-afac-b57e16c01c3e,Finished in state Completed()
2025-10-15 08:34:32.164056+00:00,20,cacab3b6-1e09-4f61-b2c1-38b7fa0eb3ce,0199e701-b06f-7b6e-a015-16cf71a0ef4d,Finished in state Completed()
2025-10-15 08:34:32.207439+00:00,20,cacab3b6-1e09-4f61-b2c1-38b7fa0eb3ce,0199e701-b071-7732-8878-df3c2b186575,{'scene_path': '/nas/COG/planet/Y2025/M05/D12/planet_20250512_235620_ssc2d3_0013/20250512_235620_ssc2d3_0013_pansharpened_clip_cog.tif'}
2025-10-15 08:34:32.305015+00:00,20,cacab3b6-1e09-4f61-b2c1-38b7fa0eb3ce,0199e701-b2d1-7412-ac31-540d78b947d2,Finished in state Completed()
2025-10-15 08:34:33.322929+00:00,20,cacab3b6-1e09-4f61-b2c1-38b7fa0eb3ce,0199e701-b06f-7ac4-a2d7-4dafdcb4c26b,Beginning subflow run 'topaz-shrew' for flow 'run-namespaced-job'
2025-10-15 08:34:40.707848+00:00,20,cacab3b6-1e09-4f61-b2c1-38b7fa0eb3ce,0199e701-b06f-7ac4-a2d7-4dafdcb4c26b,"Downloading artifacts:   0%|          | 0/13 [00:00<?, ?it/s]2025/10/15 08:34:40 INFO mlflow.store.artifact.artifact_repo: The progress bar can be disabled by setting the environment variable MLFLOW_ENABLE_ARTIFACTS_PROGRESS_BAR to false
"
2025-10-15 08:35:13.977062+00:00,20,cacab3b6-1e09-4f61-b2c1-38b7fa0eb3ce,0199e701-b06f-7ac4-a2d7-4dafdcb4c26b,"Loads checkpoint by local backend from path: /tmp/tmplyuqqj89/checkpoint/model_final.pth
"
2025-10-15 08:35:13.979450+00:00,20,cacab3b6-1e09-4f61-b2c1-38b7fa0eb3ce,0199e701-b06f-7ac4-a2d7-4dafdcb4c26b,"Downloading artifacts:   8%|â–Š         | 1/13 [00:00<00:00, 1485.76it/s]Downloading artifacts:  15%|â–ˆâ–Œ        | 2/13 [00:00<00:00, 1913.46it/s]Downloading artifacts:  23%|â–ˆâ–ˆâ–Ž       | 3/13 [00:00<00:00, 2270.87it/s]Downloading artifacts:  31%|â–ˆâ–ˆâ–ˆ       | 4/13 [00:00<00:00, 2541.23it/s]Downloading artifacts:  38%|â–ˆâ–ˆâ–ˆâ–Š      | 5/13 [00:00<00:00, 2746.40it/s]Downloading artifacts:  46%|â–ˆâ–ˆâ–ˆâ–ˆâ–Œ     | 6/13 [00:00<00:00, 846.62it/s] Downloading artifacts:  54%|â–ˆâ–ˆâ–ˆâ–ˆâ–ˆâ–    | 7/13 [00:00<00:00, 943.09it/s]Downloading artifacts:  62%|â–ˆâ–ˆâ–ˆâ–ˆâ–ˆâ–ˆâ–   | 8/13 [00:00<00:00, 252.32it/s]Downloading artifacts:  69%|â–ˆâ–ˆâ–ˆâ–ˆâ–ˆâ–ˆâ–‰   | 9/13 [00:00<00:00, 165.62it/s]Downloading artifacts:  77%|â–ˆâ–ˆâ–ˆâ–ˆâ–ˆâ–ˆâ–ˆâ–‹  | 10/13 [00:00<00:00, 182.83it/s]Downloading artifacts:  85%|â–ˆâ–ˆâ–ˆâ–ˆâ–ˆâ–ˆâ–ˆâ–ˆâ– | 11/13 [00:00<00:00, 172.39it/s]Downloading artifacts:  92%|â–ˆâ–ˆâ–ˆâ–ˆâ–ˆâ–ˆâ–ˆâ–ˆâ–ˆâ–| 12/13 [00:00<00:00, 115.12it/s]Downloading artifacts:  92%|â–ˆâ–ˆâ–ˆâ–ˆâ–ˆâ–ˆâ–ˆâ–ˆâ–ˆâ–| 12/13 [00:00<00:00, 115.12it/s]Downloading artifacts: 100%|â–ˆâ–ˆâ–ˆâ–ˆâ–ˆâ–ˆâ–ˆâ–ˆâ–ˆâ–ˆ| 13/13 [00:15<00:00, 115.12it/s]Downloading artifacts: 100%|â–ˆâ–ˆâ–ˆâ–ˆâ–ˆâ–ˆâ–ˆâ–ˆâ–ˆâ–ˆ| 13/13 [00:15<00:00,  1.17s/it] 
"
2025-10-15 08:35:14.978130+00:00,20,cacab3b6-1e09-4f61-b2c1-38b7fa0eb3ce,0199e701-b06f-7ac4-a2d7-4dafdcb4c26b,"Making patches:   0%|          | 0/1 [00:00<?, ?it/s]Making patches: 100%|â–ˆâ–ˆâ–ˆâ–ˆâ–ˆâ–ˆâ–ˆâ–ˆâ–ˆâ–ˆ| 1/1 [00:00<00:00, 17189.77it/s]
"
2025-10-15 08:35:16.927968+00:00,20,cacab3b6-1e09-4f61-b2c1-38b7fa0eb3ce,0199e701-b06f-7ac4-a2d7-4dafdcb4c26b,"2025-10-15 08:35:16.915 | ERROR    | modint.runner.base_runner:inference:137 - An exception occurred:
"
2025-10-15 08:35:16.931295+00:00,20,cacab3b6-1e09-4f61-b2c1-38b7fa0eb3ce,0199e701-b06f-7ac4-a2d7-4dafdcb4c26b,"Traceback (most recent call last):
"
2025-10-15 08:35:16.933369+00:00,20,cacab3b6-1e09-4f61-b2c1-38b7fa0eb3ce,0199e701-b06f-7ac4-a2d7-4dafdcb4c26b,"  File ""/usr/local/lib/python3.8/site-packages/modint/runner/base_runner.py"", line 121, in inference
"
2025-10-15 08:35:16.935854+00:00,20,cacab3b6-1e09-4f61-b2c1-38b7fa0eb3ce,0199e701-b06f-7ac4-a2d7-4dafdcb4c26b,"    result = self.predict(data)
"
2025-10-15 08:35:16.937654+00:00,20,cacab3b6-1e09-4f61-b2c1-38b7fa0eb3ce,0199e701-b06f-7ac4-a2d7-4dafdcb4c26b,"  File ""/usr/local/lib/python3.8/site-packages/torch/autograd/grad_mode.py"", line 28, in decorate_context
"
2025-10-15 08:35:16.942573+00:00,20,cacab3b6-1e09-4f61-b2c1-38b7fa0eb3ce,0199e701-b06f-7ac4-a2d7-4dafdcb4c26b,"    return func(*args, **kwargs)
"
2025-10-15 08:35:16.944555+00:00,20,cacab3b6-1e09-4f61-b2c1-38b7fa0eb3ce,0199e701-b06f-7ac4-a2d7-4dafdcb4c26b,"  File ""/ardet/ardet/apis/det_runner.py"", line 99, in predict
"
2025-10-15 08:35:16.946180+00:00,20,cacab3b6-1e09-4f61-b2c1-38b7fa0eb3ce,0199e701-b06f-7ac4-a2d7-4dafdcb4c26b,"    return self.model.test_step(batch)
"
2025-10-15 08:35:16.948078+00:00,20,cacab3b6-1e09-4f61-b2c1-38b7fa0eb3ce,0199e701-b06f-7ac4-a2d7-4dafdcb4c26b,"  File ""/usr/local/lib/python3.8/site-packages/mmengine/model/base_model/base_model.py"", line 145, in test_step
"
2025-10-15 08:35:16.949811+00:00,20,cacab3b6-1e09-4f61-b2c1-38b7fa0eb3ce,0199e701-b06f-7ac4-a2d7-4dafdcb4c26b,"    return self._run_forward(data, mode='predict')  # type: ignore
"
2025-10-15 08:35:16.951142+00:00,20,cacab3b6-1e09-4f61-b2c1-38b7fa0eb3ce,0199e701-b06f-7ac4-a2d7-4dafdcb4c26b,"  File ""/usr/local/lib/python3.8/site-packages/mmengine/model/base_model/base_model.py"", line 361, in _run_forward
"
2025-10-15 08:35:16.952748+00:00,20,cacab3b6-1e09-4f61-b2c1-38b7fa0eb3ce,0199e701-b06f-7ac4-a2d7-4dafdcb4c26b,"    results = self(**data, mode=mode)
"
2025-10-15 08:35:16.954197+00:00,20,cacab3b6-1e09-4f61-b2c1-38b7fa0eb3ce,0199e701-b06f-7ac4-a2d7-4dafdcb4c26b,"  File ""/usr/local/lib/python3.8/site-packages/torch/nn/modules/module.py"", line 1051, in _call_impl
"
2025-10-15 08:35:16.961480+00:00,20,cacab3b6-1e09-4f61-b2c1-38b7fa0eb3ce,0199e701-b06f-7ac4-a2d7-4dafdcb4c26b,"    return forward_call(*input, **kwargs)
"
2025-10-15 08:35:16.962655+00:00,20,cacab3b6-1e09-4f61-b2c1-38b7fa0eb3ce,0199e701-b06f-7ac4-a2d7-4dafdcb4c26b,"  File ""/usr/local/lib/python3.8/site-packages/mmdet/models/detectors/base.py"", line 94, in forward
"
2025-10-15 08:35:16.963682+00:00,20,cacab3b6-1e09-4f61-b2c1-38b7fa0eb3ce,0199e701-b06f-7ac4-a2d7-4dafdcb4c26b,"    return self.predict(inputs, data_samples)
"
2025-10-15 08:35:16.964712+00:00,20,cacab3b6-1e09-4f61-b2c1-38b7fa0eb3ce,0199e701-b06f-7ac4-a2d7-4dafdcb4c26b,"  File ""/usr/local/lib/python3.8/site-packages/mmdet/models/detectors/two_stage.py"", line 227, in predict
"
2025-10-15 08:35:16.965714+00:00,20,cacab3b6-1e09-4f61-b2c1-38b7fa0eb3ce,0199e701-b06f-7ac4-a2d7-4dafdcb4c26b,"    x = self.extract_feat(batch_inputs)
"
2025-10-15 08:35:16.967263+00:00,20,cacab3b6-1e09-4f61-b2c1-38b7fa0eb3ce,0199e701-b06f-7ac4-a2d7-4dafdcb4c26b,"  File ""/usr/local/lib/python3.8/site-packages/mmdet/models/detectors/two_stage.py"", line 110, in extract_feat
"
2025-10-15 08:35:16.968716+00:00,20,cacab3b6-1e09-4f61-b2c1-38b7fa0eb3ce,0199e701-b06f-7ac4-a2d7-4dafdcb4c26b,"    x = self.backbone(batch_inputs)
"
2025-10-15 08:35:16.969643+00:00,20,cacab3b6-1e09-4f61-b2c1-38b7fa0eb3ce,0199e701-b06f-7ac4-a2d7-4dafdcb4c26b,"  File ""/usr/local/lib/python3.8/site-packages/torch/nn/modules/module.py"", line 1051, in _call_impl
"
2025-10-15 08:35:16.970535+00:00,20,cacab3b6-1e09-4f61-b2c1-38b7fa0eb3ce,0199e701-b06f-7ac4-a2d7-4dafdcb4c26b,"    return forward_call(*input, **kwargs)
"
2025-10-15 08:35:16.971599+00:00,20,cacab3b6-1e09-4f61-b2c1-38b7fa0eb3ce,0199e701-b06f-7ac4-a2d7-4dafdcb4c26b,"  File ""/ardet/ardet/models/backbones/vitdet.py"", line 423, in forward
"
2025-10-15 08:35:16.973086+00:00,20,cacab3b6-1e09-4f61-b2c1-38b7fa0eb3ce,0199e701-b06f-7ac4-a2d7-4dafdcb4c26b,"    x = blk(x)
"
2025-10-15 08:35:16.974446+00:00,20,cacab3b6-1e09-4f61-b2c1-38b7fa0eb3ce,0199e701-b06f-7ac4-a2d7-4dafdcb4c26b,"  File ""/usr/local/lib/python3.8/site-packages/torch/nn/modules/module.py"", line 1051, in _call_impl
"
2025-10-15 08:35:16.975667+00:00,20,cacab3b6-1e09-4f61-b2c1-38b7fa0eb3ce,0199e701-b06f-7ac4-a2d7-4dafdcb4c26b,"    return forward_call(*input, **kwargs)
"
2025-10-15 08:35:16.977082+00:00,20,cacab3b6-1e09-4f61-b2c1-38b7fa0eb3ce,0199e701-b06f-7ac4-a2d7-4dafdcb4c26b,"  File ""/ardet/ardet/models/backbones/vitdet.py"", line 303, in forward
"
2025-10-15 08:35:16.978446+00:00,20,cacab3b6-1e09-4f61-b2c1-38b7fa0eb3ce,0199e701-b06f-7ac4-a2d7-4dafdcb4c26b,"    x = self.attn(x)
"
2025-10-15 08:35:16.979546+00:00,20,cacab3b6-1e09-4f61-b2c1-38b7fa0eb3ce,0199e701-b06f-7ac4-a2d7-4dafdcb4c26b,"  File ""/usr/local/lib/python3.8/site-packages/torch/nn/modules/module.py"", line 1051, in _call_impl
"
2025-10-15 08:35:16.980875+00:00,20,cacab3b6-1e09-4f61-b2c1-38b7fa0eb3ce,0199e701-b06f-7ac4-a2d7-4dafdcb4c26b,"    return forward_call(*input, **kwargs)
"
2025-10-15 08:35:16.982013+00:00,20,cacab3b6-1e09-4f61-b2c1-38b7fa0eb3ce,0199e701-b06f-7ac4-a2d7-4dafdcb4c26b,"  File ""/ardet/ardet/models/backbones/vitdet.py"", line 209, in forward
"
2025-10-15 08:35:16.983059+00:00,20,cacab3b6-1e09-4f61-b2c1-38b7fa0eb3ce,0199e701-b06f-7ac4-a2d7-4dafdcb4c26b,"    attn = add_decomposed_rel_pos(attn, q, self.rel_pos_h,
"
2025-10-15 08:35:16.984358+00:00,20,cacab3b6-1e09-4f61-b2c1-38b7fa0eb3ce,0199e701-b06f-7ac4-a2d7-4dafdcb4c26b,"  File ""/ardet/ardet/models/backbones/vitdet.py"", line 166, in add_decomposed_rel_pos
"
2025-10-15 08:35:16.985641+00:00,20,cacab3b6-1e09-4f61-b2c1-38b7fa0eb3ce,0199e701-b06f-7ac4-a2d7-4dafdcb4c26b,"    attn.view(B, q_h, q_w, k_h, k_w) +  # noqa: W504
"
2025-10-15 08:35:16.986692+00:00,20,cacab3b6-1e09-4f61-b2c1-38b7fa0eb3ce,0199e701-b06f-7ac4-a2d7-4dafdcb4c26b,"RuntimeError: CUDA out of memory. Tried to allocate 3.80 GiB (GPU 0; 10.76 GiB total capacity; 9.15 GiB already allocated; 201.38 MiB free; 9.22 GiB reserved in total by PyTorch)
"
2025-10-15 08:35:16.988020+00:00,20,cacab3b6-1e09-4f61-b2c1-38b7fa0eb3ce,0199e701-b06f-7ac4-a2d7-4dafdcb4c26b,"
"
2025-10-15 08:35:17.029457+00:00,20,cacab3b6-1e09-4f61-b2c1-38b7fa0eb3ce,0199e701-b06f-7ac4-a2d7-4dafdcb4c26b,"[32m2025-10-15T08:35:16.915739+0000[0m [31m[1mAn exception occurred:
"
2025-10-15 08:35:17.031926+00:00,20,cacab3b6-1e09-4f61-b2c1-38b7fa0eb3ce,0199e701-b06f-7ac4-a2d7-4dafdcb4c26b,"Traceback (most recent call last):
"
2025-10-15 08:35:17.034140+00:00,20,cacab3b6-1e09-4f61-b2c1-38b7fa0eb3ce,0199e701-b06f-7ac4-a2d7-4dafdcb4c26b,"  File ""/usr/local/lib/python3.8/site-packages/modint/runner/base_runner.py"", line 121, in inference
"
2025-10-15 08:35:17.036122+00:00,20,cacab3b6-1e09-4f61-b2c1-38b7fa0eb3ce,0199e701-b06f-7ac4-a2d7-4dafdcb4c26b,"    result = self.predict(data)
"
2025-10-15 08:35:17.038280+00:00,20,cacab3b6-1e09-4f61-b2c1-38b7fa0eb3ce,0199e701-b06f-7ac4-a2d7-4dafdcb4c26b,"  File ""/usr/local/lib/python3.8/site-packages/torch/autograd/grad_mode.py"", line 28, in decorate_context
"
2025-10-15 08:35:17.040311+00:00,20,cacab3b6-1e09-4f61-b2c1-38b7fa0eb3ce,0199e701-b06f-7ac4-a2d7-4dafdcb4c26b,"    return func(*args, **kwargs)
"
2025-10-15 08:35:17.041949+00:00,20,cacab3b6-1e09-4f61-b2c1-38b7fa0eb3ce,0199e701-b06f-7ac4-a2d7-4dafdcb4c26b,"  File ""/ardet/ardet/apis/det_runner.py"", line 99, in predict
"
2025-10-15 08:35:17.043847+00:00,20,cacab3b6-1e09-4f61-b2c1-38b7fa0eb3ce,0199e701-b06f-7ac4-a2d7-4dafdcb4c26b,"    return self.model.test_step(batch)
"
2025-10-15 08:35:17.045619+00:00,20,cacab3b6-1e09-4f61-b2c1-38b7fa0eb3ce,0199e701-b06f-7ac4-a2d7-4dafdcb4c26b,"  File ""/usr/local/lib/python3.8/site-packages/mmengine/model/base_model/base_model.py"", line 145, in test_step
"
2025-10-15 08:35:17.047327+00:00,20,cacab3b6-1e09-4f61-b2c1-38b7fa0eb3ce,0199e701-b06f-7ac4-a2d7-4dafdcb4c26b,"    return self._run_forward(data, mode='predict')  # type: ignore
"
2025-10-15 08:35:17.048806+00:00,20,cacab3b6-1e09-4f61-b2c1-38b7fa0eb3ce,0199e701-b06f-7ac4-a2d7-4dafdcb4c26b,"  File ""/usr/local/lib/python3.8/site-packages/mmengine/model/base_model/base_model.py"", line 361, in _run_forward
"
2025-10-15 08:35:17.049946+00:00,20,cacab3b6-1e09-4f61-b2c1-38b7fa0eb3ce,0199e701-b06f-7ac4-a2d7-4dafdcb4c26b,"    results = self(**data, mode=mode)
"
2025-10-15 08:35:17.051551+00:00,20,cacab3b6-1e09-4f61-b2c1-38b7fa0eb3ce,0199e701-b06f-7ac4-a2d7-4dafdcb4c26b,"  File ""/usr/local/lib/python3.8/site-packages/torch/nn/modules/module.py"", line 1051, in _call_impl
"
2025-10-15 08:35:17.053171+00:00,20,cacab3b6-1e09-4f61-b2c1-38b7fa0eb3ce,0199e701-b06f-7ac4-a2d7-4dafdcb4c26b,"    return forward_call(*input, **kwargs)
"
2025-10-15 08:35:17.054518+00:00,20,cacab3b6-1e09-4f61-b2c1-38b7fa0eb3ce,0199e701-b06f-7ac4-a2d7-4dafdcb4c26b,"  File ""/usr/local/lib/python3.8/site-packages/mmdet/models/detectors/base.py"", line 94, in forward
"
2025-10-15 08:35:17.056080+00:00,20,cacab3b6-1e09-4f61-b2c1-38b7fa0eb3ce,0199e701-b06f-7ac4-a2d7-4dafdcb4c26b,"    return self.predict(inputs, data_samples)
"
2025-10-15 08:35:17.057619+00:00,20,cacab3b6-1e09-4f61-b2c1-38b7fa0eb3ce,0199e701-b06f-7ac4-a2d7-4dafdcb4c26b,"  File ""/usr/local/lib/python3.8/site-packages/mmdet/models/detectors/two_stage.py"", line 227, in predict
"
2025-10-15 08:35:17.058964+00:00,20,cacab3b6-1e09-4f61-b2c1-38b7fa0eb3ce,0199e701-b06f-7ac4-a2d7-4dafdcb4c26b,"    x = self.extract_feat(batch_inputs)
"
2025-10-15 08:35:17.060405+00:00,20,cacab3b6-1e09-4f61-b2c1-38b7fa0eb3ce,0199e701-b06f-7ac4-a2d7-4dafdcb4c26b,"  File ""/usr/local/lib/python3.8/site-packages/mmdet/models/detectors/two_stage.py"", line 110, in extract_feat
"
2025-10-15 08:35:17.061767+00:00,20,cacab3b6-1e09-4f61-b2c1-38b7fa0eb3ce,0199e701-b06f-7ac4-a2d7-4dafdcb4c26b,"    x = self.backbone(batch_inputs)
"
2025-10-15 08:35:17.062940+00:00,20,cacab3b6-1e09-4f61-b2c1-38b7fa0eb3ce,0199e701-b06f-7ac4-a2d7-4dafdcb4c26b,"  File ""/usr/local/lib/python3.8/site-packages/torch/nn/modules/module.py"", line 1051, in _call_impl
"
2025-10-15 08:35:17.064323+00:00,20,cacab3b6-1e09-4f61-b2c1-38b7fa0eb3ce,0199e701-b06f-7ac4-a2d7-4dafdcb4c26b,"    return forward_call(*input, **kwargs)
"
2025-10-15 08:35:17.065846+00:00,20,cacab3b6-1e09-4f61-b2c1-38b7fa0eb3ce,0199e701-b06f-7ac4-a2d7-4dafdcb4c26b,"  File ""/ardet/ardet/models/backbones/vitdet.py"", line 423, in forward
"
2025-10-15 08:35:17.066949+00:00,20,cacab3b6-1e09-4f61-b2c1-38b7fa0eb3ce,0199e701-b06f-7ac4-a2d7-4dafdcb4c26b,"    x = blk(x)
"
2025-10-15 08:35:17.068302+00:00,20,cacab3b6-1e09-4f61-b2c1-38b7fa0eb3ce,0199e701-b06f-7ac4-a2d7-4dafdcb4c26b,"  File ""/usr/local/lib/python3.8/site-packages/torch/nn/modules/module.py"", line 1051, in _call_impl
"
2025-10-15 08:35:17.069516+00:00,20,cacab3b6-1e09-4f61-b2c1-38b7fa0eb3ce,0199e701-b06f-7ac4-a2d7-4dafdcb4c26b,"    return forward_call(*input, **kwargs)
"
2025-10-15 08:35:17.070465+00:00,20,cacab3b6-1e09-4f61-b2c1-38b7fa0eb3ce,0199e701-b06f-7ac4-a2d7-4dafdcb4c26b,"  File ""/ardet/ardet/models/backbones/vitdet.py"", line 303, in forward
"
2025-10-15 08:35:17.071630+00:00,20,cacab3b6-1e09-4f61-b2c1-38b7fa0eb3ce,0199e701-b06f-7ac4-a2d7-4dafdcb4c26b,"    x = self.attn(x)
"
2025-10-15 08:35:17.072711+00:00,20,cacab3b6-1e09-4f61-b2c1-38b7fa0eb3ce,0199e701-b06f-7ac4-a2d7-4dafdcb4c26b,"  File ""/usr/local/lib/python3.8/site-packages/torch/nn/modules/module.py"", line 1051, in _call_impl
"
2025-10-15 08:35:17.073919+00:00,20,cacab3b6-1e09-4f61-b2c1-38b7fa0eb3ce,0199e701-b06f-7ac4-a2d7-4dafdcb4c26b,"    return forward_call(*input, **kwargs)
"
2025-10-15 08:35:17.075037+00:00,20,cacab3b6-1e09-4f61-b2c1-38b7fa0eb3ce,0199e701-b06f-7ac4-a2d7-4dafdcb4c26b,"  File ""/ardet/ardet/models/backbones/vitdet.py"", line 209, in forward
"
2025-10-15 08:35:17.076236+00:00,20,cacab3b6-1e09-4f61-b2c1-38b7fa0eb3ce,0199e701-b06f-7ac4-a2d7-4dafdcb4c26b,"    attn = add_decomposed_rel_pos(attn, q, self.rel_pos_h,
"
2025-10-15 08:35:17.078520+00:00,20,cacab3b6-1e09-4f61-b2c1-38b7fa0eb3ce,0199e701-b06f-7ac4-a2d7-4dafdcb4c26b,"  File ""/ardet/ardet/models/backbones/vitdet.py"", line 166, in add_decomposed_rel_pos
"
2025-10-15 08:35:17.079725+00:00,20,cacab3b6-1e09-4f61-b2c1-38b7fa0eb3ce,0199e701-b06f-7ac4-a2d7-4dafdcb4c26b,"    attn.view(B, q_h, q_w, k_h, k_w) +  # noqa: W504
"
2025-10-15 08:35:17.080494+00:00,20,cacab3b6-1e09-4f61-b2c1-38b7fa0eb3ce,0199e701-b06f-7ac4-a2d7-4dafdcb4c26b,"RuntimeError: CUDA out of memory. Tried to allocate 3.80 GiB (GPU 0; 10.76 GiB total capacity; 9.15 GiB already allocated; 201.38 MiB free; 9.22 GiB reserved in total by PyTorch)
"
2025-10-15 08:35:17.081525+00:00,20,cacab3b6-1e09-4f61-b2c1-38b7fa0eb3ce,0199e701-b06f-7ac4-a2d7-4dafdcb4c26b,"[0m
"
2025-10-15 08:35:24.177037+00:00,20,cacab3b6-1e09-4f61-b2c1-38b7fa0eb3ce,0199e701-b06f-7ac4-a2d7-4dafdcb4c26b,Finished in state Completed()
2025-10-15 08:35:32.298630+00:00,20,cacab3b6-1e09-4f61-b2c1-38b7fa0eb3ce,0199e701-b071-7732-8878-df3c2b186575,"{'msg': 'Traceback (most recent call last):\n  File ""/usr/local/lib/python3.8/site-packages/modint/runner/base_runner.py"", line 121, in inference\n    result = self.predict(data)\n  File ""/usr/local/lib/python3.8/site-packages/torch/autograd/grad_mode.py"", line 28, in decorate_context\n    return func(*args, **kwargs)\n  File ""/ardet/ardet/apis/det_runner.py"", line 99, in predict\n    return self.model.test_step(batch)\n  File ""/usr/local/lib/python3.8/site-packages/mmengine/model/base_model/base_model.py"", line 145, in test_step\n    return self._run_forward(data, mode=\'predict\')  # type: ignore\n  File ""/usr/local/lib/python3.8/site-packages/mmengine/model/base_model/base_model.py"", line 361, in _run_forward\n    results = self(**data, mode=mode)\n  File ""/usr/local/lib/python3.8/site-packages/torch/nn/modules/module.py"", line 1051, in _call_impl\n    return forward_call(*input, **kwargs)\n  File ""/usr/local/lib/python3.8/site-packages/mmdet/models/detectors/base.py"", line 94, in forward\n    return self.predict(inputs, data_samples)\n  File ""/usr/local/lib/python3.8/site-packages/mmdet/models/detectors/two_stage.py"", line 227, in predict\n    x = self.extract_feat(batch_inputs)\n  File ""/usr/local/lib/python3.8/site-packages/mmdet/models/detectors/two_stage.py"", line 110, in extract_feat\n    x = self.backbone(batch_inputs)\n  File ""/usr/local/lib/python3.8/site-packages/torch/nn/modules/module.py"", line 1051, in _call_impl\n    return forward_call(*input, **kwargs)\n  File ""/ardet/ardet/models/backbones/vitdet.py"", line 423, in forward\n    x = blk(x)\n  File ""/usr/local/lib/python3.8/site-packages/torch/nn/modules/module.py"", line 1051, in _call_impl\n    return forward_call(*input, **kwargs)\n  File ""/ardet/ardet/models/backbones/vitdet.py"", line 303, in forward\n    x = self.attn(x)\n  File ""/usr/local/lib/python3.8/site-packages/torch/nn/modules/module.py"", line 1051, in _call_impl\n    return forward_call(*input, **kwargs)\n  File ""/ardet/ardet/models/backbones/vitdet.py"", line 209, in forward\n    attn = add_decomposed_rel_pos(attn, q, self.rel_pos_h,\n  File ""/ardet/ardet/models/backbones/vitdet.py"", line 166, in add_decomposed_rel_pos\n    attn.view(B, q_h, q_w, k_h, k_w) +  # noqa: W504\nRuntimeError: CUDA out of memory. Tried to allocate 3.80 GiB (GPU 0; 10.76 GiB total capacity; 9.15 GiB already allocated; 201.38 MiB free; 9.22 GiB reserved in total by PyTorch)\n', 'retriable': False}"
2025-10-15 08:35:32.305377+00:00,40,cacab3b6-1e09-4f61-b2c1-38b7fa0eb3ce,0199e701-b071-7732-8878-df3c2b186575,Inference was failed. See the logs for detail.
2025-10-15 08:35:32.307699+00:00,40,cacab3b6-1e09-4f61-b2c1-38b7fa0eb3ce,0199e701-b071-7732-8878-df3c2b186575,"Task run failed with exception: InferenceFailError() - No retries configured for this task.
Traceback (most recent call last):
  File ""/usr/local/lib/python3.10/site-packages/prefect/task_engine.py"", line 857, in run_context
    yield self
  File ""/usr/local/lib/python3.10/site-packages/prefect/task_engine.py"", line 1487, in run_task_sync
    engine.call_task_fn(txn)
  File ""/usr/local/lib/python3.10/site-packages/prefect/task_engine.py"", line 874, in call_task_fn
    result = call_with_parameters(self.task.fn, parameters)
  File ""/usr/local/lib/python3.10/site-packages/prefect/utilities/callables.py"", line 210, in call_with_parameters
    return fn(*args, **kwargs)
  File ""/app/modint-prefect-main/modint_prefect/prefect_flow.py"", line 135, in run_check_inference_status_redis
    raise InferenceFailError
modint_prefect.configs.InferenceFailError"
2025-10-15 08:35:32.324084+00:00,40,cacab3b6-1e09-4f61-b2c1-38b7fa0eb3ce,0199e701-b071-7732-8878-df3c2b186575,Finished in state Failed('Task run encountered an exception InferenceFailError: ')
2025-10-15 08:35:32.336857+00:00,40,cacab3b6-1e09-4f61-b2c1-38b7fa0eb3ce,,"Encountered exception during execution: InferenceFailError()
Traceback (most recent call last):
  File ""/usr/local/lib/python3.10/site-packages/prefect/flow_engine.py"", line 782, in run_context
    yield self
  File ""/usr/local/lib/python3.10/site-packages/prefect/flow_engine.py"", line 1397, in run_flow_sync
    engine.call_flow_fn()
  File ""/usr/local/lib/python3.10/site-packages/prefect/flow_engine.py"", line 802, in call_flow_fn
    result = call_with_parameters(self.flow.fn, self.parameters)
  File ""/usr/local/lib/python3.10/site-packages/prefect/utilities/callables.py"", line 210, in call_with_parameters
    return fn(*args, **kwargs)
  File ""/app/modint-prefect-main/modint_prefect/prefect_flow.py"", line 530, in run_modint_flow
    inference_result = check_inference_status_future.result()
  File ""/usr/local/lib/python3.10/site-packages/prefect/futures.py"", line 222, in result
    _result = self._final_state.result(
  File ""/usr/local/lib/python3.10/site-packages/prefect/_internal/compatibility/async_dispatch.py"", line 94, in wrapper
    return fn(*args, **kwargs)
  File ""/usr/local/lib/python3.10/site-packages/prefect/client/schemas/objects.py"", line 366, in result
    return run_coro_as_sync(
  File ""/usr/local/lib/python3.10/site-packages/prefect/utilities/asyncutils.py"", line 207, in run_coro_as_sync
    return call.result()
  File ""/usr/local/lib/python3.10/site-packages/prefect/_internal/concurrency/calls.py"", line 365, in result
    return self.future.result(timeout=timeout)
  File ""/usr/local/lib/python3.10/site-packages/prefect/_internal/concurrency/calls.py"", line 192, in result
    return self.__get_result()
  File ""/usr/local/lib/python3.10/concurrent/futures/_base.py"", line 403, in __get_result
    raise self._exception
  File ""/usr/local/lib/python3.10/site-packages/prefect/_internal/concurrency/calls.py"", line 441, in _run_async
    result = await coro
  File ""/usr/local/lib/python3.10/site-packages/prefect/utilities/asyncutils.py"", line 188, in coroutine_wrapper
    return await task
  File ""/usr/local/lib/python3.10/site-packages/prefect/states.py"", line 85, in get_state_result
    return await _get_state_result(
  File ""/usr/local/lib/python3.10/site-packages/prefect/states.py"", line 157, in _get_state_result
    raise await get_state_exception(state)
  File ""/usr/local/lib/python3.10/site-packages/prefect/task_engine.py"", line 857, in run_context
    yield self
  File ""/usr/local/lib/python3.10/site-packages/prefect/task_engine.py"", line 1487, in run_task_sync
    engine.call_task_fn(txn)
  File ""/usr/local/lib/python3.10/site-packages/prefect/task_engine.py"", line 874, in call_task_fn
    result = call_with_parameters(self.task.fn, parameters)
  File ""/usr/local/lib/python3.10/site-packages/prefect/utilities/callables.py"", line 210, in call_with_parameters
    return fn(*args, **kwargs)
  File ""/app/modint-prefect-main/modint_prefect/prefect_flow.py"", line 135, in run_check_inference_status_redis
    raise InferenceFailError
modint_prefect.configs.InferenceFailError"
2025-10-15 08:35:32.389032+00:00,20,cacab3b6-1e09-4f61-b2c1-38b7fa0eb3ce,,Finished in state Failed('Flow run encountered an exception: InferenceFailError: ')
2025-10-15 08:35:32.391590+00:00,40,cacab3b6-1e09-4f61-b2c1-38b7fa0eb3ce,,"Engine execution exited with unexpected exception
Traceback (most recent call last):
  File ""/usr/local/lib/python3.10/site-packages/prefect/flow_engine.py"", line 1554, in run_flow
    ret_val = run_flow_sync(**kwargs)
  File ""/usr/local/lib/python3.10/site-packages/prefect/flow_engine.py"", line 1399, in run_flow_sync
    return engine.state if return_type == ""state"" else engine.result()
  File ""/usr/local/lib/python3.10/site-packages/prefect/flow_engine.py"", line 361, in result
    raise self._raised
  File ""/usr/local/lib/python3.10/site-packages/prefect/flow_engine.py"", line 782, in run_context
    yield self
  File ""/usr/local/lib/python3.10/site-packages/prefect/flow_engine.py"", line 1397, in run_flow_sync
    engine.call_flow_fn()
  File ""/usr/local/lib/python3.10/site-packages/prefect/flow_engine.py"", line 802, in call_flow_fn
    result = call_with_parameters(self.flow.fn, self.parameters)
  File ""/usr/local/lib/python3.10/site-packages/prefect/utilities/callables.py"", line 210, in call_with_parameters
    return fn(*args, **kwargs)
  File ""/app/modint-prefect-main/modint_prefect/prefect_flow.py"", line 530, in run_modint_flow
    inference_result = check_inference_status_future.result()
  File ""/usr/local/lib/python3.10/site-packages/prefect/futures.py"", line 222, in result
    _result = self._final_state.result(
  File ""/usr/local/lib/python3.10/site-packages/prefect/_internal/compatibility/async_dispatch.py"", line 94, in wrapper
    return fn(*args, **kwargs)
  File ""/usr/local/lib/python3.10/site-packages/prefect/client/schemas/objects.py"", line 366, in result
    return run_coro_as_sync(
  File ""/usr/local/lib/python3.10/site-packages/prefect/utilities/asyncutils.py"", line 207, in run_coro_as_sync
    return call.result()
  File ""/usr/local/lib/python3.10/site-packages/prefect/_internal/concurrency/calls.py"", line 365, in result
    return self.future.result(timeout=timeout)
  File ""/usr/local/lib/python3.10/site-packages/prefect/_internal/concurrency/calls.py"", line 192, in result
    return self.__get_result()
  File ""/usr/local/lib/python3.10/concurrent/futures/_base.py"", line 403, in __get_result
    raise self._exception
  File ""/usr/local/lib/python3.10/site-packages/prefect/_internal/concurrency/calls.py"", line 441, in _run_async
    result = await coro
  File ""/usr/local/lib/python3.10/site-packages/prefect/utilities/asyncutils.py"", line 188, in coroutine_wrapper
    return await task
  File ""/usr/local/lib/python3.10/site-packages/prefect/states.py"", line 85, in get_state_result
    return await _get_state_result(
  File ""/usr/local/lib/python3.10/site-packages/prefect/states.py"", line 157, in _get_state_result
    raise await get_state_exception(state)
  File ""/usr/local/lib/python3.10/site-packages/prefect/task_engine.py"", line 857, in run_context
    yield self
  File ""/usr/local/lib/python3.10/site-packages/prefect/task_engine.py"", line 1487, in run_task_sync
    engine.call_task_fn(txn)
  File ""/usr/local/lib/python3.10/site-packages/prefect/task_engine.py"", line 874, in call_task_fn
    result = call_with_parameters(self.task.fn, parameters)
  File ""/usr/local/lib/python3.10/site-packages/prefect/utilities/callables.py"", line 210, in call_with_parameters
    return fn(*args, **kwargs)
  File ""/app/modint-prefect-main/modint_prefect/prefect_flow.py"", line 135, in run_check_inference_status_redis
    raise InferenceFailError
modint_prefect.configs.InferenceFailError"
2025-10-15 08:35:33.174289+00:00,40,cacab3b6-1e09-4f61-b2c1-38b7fa0eb3ce,,Process for flow run 'vigilant-chowchow' exited with status code: 1
