timestamp,level,flow_run_id,task_run_id,message
2025-10-31 08:17:10.149929+00:00,20,caf8183e-1007-4463-8a7f-0e273e68cd3a,,Worker 'KubernetesWorker 2eef4ca3-1a3c-4874-ae0a-cd98fb643060' submitting flow run 'caf8183e-1007-4463-8a7f-0e273e68cd3a'
2025-10-31 08:17:10.355985+00:00,20,caf8183e-1007-4463-8a7f-0e273e68cd3a,,Creating Kubernetes job...
2025-10-31 08:17:10.759328+00:00,20,caf8183e-1007-4463-8a7f-0e273e68cd3a,,Completed submission of flow run 'caf8183e-1007-4463-8a7f-0e273e68cd3a'
2025-10-31 08:17:17.295302+00:00,20,caf8183e-1007-4463-8a7f-0e273e68cd3a,,Opening process...
2025-10-31 08:17:19.857347+00:00,20,caf8183e-1007-4463-8a7f-0e273e68cd3a,, > Running git_clone step...
2025-10-31 08:17:25.549598+00:00,20,caf8183e-1007-4463-8a7f-0e273e68cd3a,,Beginning flow run 'calm-caracal' for flow 'run-bhc-segmentation-flow'
2025-10-31 08:17:25.556197+00:00,20,caf8183e-1007-4463-8a7f-0e273e68cd3a,,Using quad ID: L15-1750E-1260N
2025-10-31 08:17:32.827948+00:00,20,caf8183e-1007-4463-8a7f-0e273e68cd3a,019a3957-c904-7411-abea-8881ef5c9d01,Finished in state Completed()
2025-10-31 08:17:32.829299+00:00,20,caf8183e-1007-4463-8a7f-0e273e68cd3a,,Input path: /nas/Projects/N-BHC24A/modint-prefect-workspace/temp/vrt/40000_global_monthly_2025_09_mosaic_cog_L15-1750E-1260N.vrt
2025-10-31 08:17:32.829884+00:00,20,caf8183e-1007-4463-8a7f-0e273e68cd3a,,Output directory: /nas/Projects/N-BHC24A/segmentation
2025-10-31 08:22:58.976784+00:00,40,caf8183e-1007-4463-8a7f-0e273e68cd3a,,"Encountered exception during execution: InferenceFailError()
Traceback (most recent call last):
  File ""/usr/local/lib/python3.10/site-packages/prefect/flow_engine.py"", line 782, in run_context
    yield self
  File ""/usr/local/lib/python3.10/site-packages/prefect/flow_engine.py"", line 1397, in run_flow_sync
    engine.call_flow_fn()
  File ""/usr/local/lib/python3.10/site-packages/prefect/flow_engine.py"", line 802, in call_flow_fn
    result = call_with_parameters(self.flow.fn, self.parameters)
  File ""/usr/local/lib/python3.10/site-packages/prefect/utilities/callables.py"", line 210, in call_with_parameters
    return fn(*args, **kwargs)
  File ""/app/modint-prefect-main/modint_prefect/prefect_flow.py"", line 677, in run_bhc_segmentation_flow
    run_modint_flow(input_path=input_path, output_dir=temp_output_dir, flow_config=flow_config)
  File ""/usr/local/lib/python3.10/site-packages/prefect/flows.py"", line 1702, in __call__
    return run_flow(
  File ""/usr/local/lib/python3.10/site-packages/prefect/flow_engine.py"", line 1554, in run_flow
    ret_val = run_flow_sync(**kwargs)
  File ""/usr/local/lib/python3.10/site-packages/prefect/flow_engine.py"", line 1399, in run_flow_sync
    return engine.state if return_type == ""state"" else engine.result()
  File ""/usr/local/lib/python3.10/site-packages/prefect/flow_engine.py"", line 361, in result
    raise self._raised
  File ""/usr/local/lib/python3.10/site-packages/prefect/flow_engine.py"", line 782, in run_context
    yield self
  File ""/usr/local/lib/python3.10/site-packages/prefect/flow_engine.py"", line 1397, in run_flow_sync
    engine.call_flow_fn()
  File ""/usr/local/lib/python3.10/site-packages/prefect/flow_engine.py"", line 802, in call_flow_fn
    result = call_with_parameters(self.flow.fn, self.parameters)
  File ""/usr/local/lib/python3.10/site-packages/prefect/utilities/callables.py"", line 210, in call_with_parameters
    return fn(*args, **kwargs)
  File ""/app/modint-prefect-main/modint_prefect/prefect_flow.py"", line 528, in run_modint_flow
    inference_result = check_inference_status_future.result()
  File ""/usr/local/lib/python3.10/site-packages/prefect/futures.py"", line 222, in result
    _result = self._final_state.result(
  File ""/usr/local/lib/python3.10/site-packages/prefect/_internal/compatibility/async_dispatch.py"", line 94, in wrapper
    return fn(*args, **kwargs)
  File ""/usr/local/lib/python3.10/site-packages/prefect/client/schemas/objects.py"", line 366, in result
    return run_coro_as_sync(
  File ""/usr/local/lib/python3.10/site-packages/prefect/utilities/asyncutils.py"", line 207, in run_coro_as_sync
    return call.result()
  File ""/usr/local/lib/python3.10/site-packages/prefect/_internal/concurrency/calls.py"", line 365, in result
    return self.future.result(timeout=timeout)
  File ""/usr/local/lib/python3.10/site-packages/prefect/_internal/concurrency/calls.py"", line 192, in result
    return self.__get_result()
  File ""/usr/local/lib/python3.10/concurrent/futures/_base.py"", line 403, in __get_result
    raise self._exception
  File ""/usr/local/lib/python3.10/site-packages/prefect/_internal/concurrency/calls.py"", line 441, in _run_async
    result = await coro
  File ""/usr/local/lib/python3.10/site-packages/prefect/utilities/asyncutils.py"", line 188, in coroutine_wrapper
    return await task
  File ""/usr/local/lib/python3.10/site-packages/prefect/states.py"", line 85, in get_state_result
    return await _get_state_result(
  File ""/usr/local/lib/python3.10/site-packages/prefect/states.py"", line 157, in _get_state_result
    raise await get_state_exception(state)
  File ""/usr/local/lib/python3.10/site-packages/prefect/task_engine.py"", line 857, in run_context
    yield self
  File ""/usr/local/lib/python3.10/site-packages/prefect/task_engine.py"", line 1487, in run_task_sync
    engine.call_task_fn(txn)
  File ""/usr/local/lib/python3.10/site-packages/prefect/task_engine.py"", line 874, in call_task_fn
    result = call_with_parameters(self.task.fn, parameters)
  File ""/usr/local/lib/python3.10/site-packages/prefect/utilities/callables.py"", line 210, in call_with_parameters
    return fn(*args, **kwargs)
  File ""/app/modint-prefect-main/modint_prefect/prefect_flow.py"", line 135, in run_check_inference_status_redis
    raise InferenceFailError
modint_prefect.configs.InferenceFailError"
2025-10-31 08:22:59.050598+00:00,20,caf8183e-1007-4463-8a7f-0e273e68cd3a,,Finished in state Failed('Flow run encountered an exception: InferenceFailError: ')
2025-10-31 08:22:59.053430+00:00,40,caf8183e-1007-4463-8a7f-0e273e68cd3a,,"Engine execution exited with unexpected exception
Traceback (most recent call last):
  File ""/usr/local/lib/python3.10/site-packages/prefect/flow_engine.py"", line 1554, in run_flow
    ret_val = run_flow_sync(**kwargs)
  File ""/usr/local/lib/python3.10/site-packages/prefect/flow_engine.py"", line 1399, in run_flow_sync
    return engine.state if return_type == ""state"" else engine.result()
  File ""/usr/local/lib/python3.10/site-packages/prefect/flow_engine.py"", line 361, in result
    raise self._raised
  File ""/usr/local/lib/python3.10/site-packages/prefect/flow_engine.py"", line 782, in run_context
    yield self
  File ""/usr/local/lib/python3.10/site-packages/prefect/flow_engine.py"", line 1397, in run_flow_sync
    engine.call_flow_fn()
  File ""/usr/local/lib/python3.10/site-packages/prefect/flow_engine.py"", line 802, in call_flow_fn
    result = call_with_parameters(self.flow.fn, self.parameters)
  File ""/usr/local/lib/python3.10/site-packages/prefect/utilities/callables.py"", line 210, in call_with_parameters
    return fn(*args, **kwargs)
  File ""/app/modint-prefect-main/modint_prefect/prefect_flow.py"", line 677, in run_bhc_segmentation_flow
    run_modint_flow(input_path=input_path, output_dir=temp_output_dir, flow_config=flow_config)
  File ""/usr/local/lib/python3.10/site-packages/prefect/flows.py"", line 1702, in __call__
    return run_flow(
  File ""/usr/local/lib/python3.10/site-packages/prefect/flow_engine.py"", line 1554, in run_flow
    ret_val = run_flow_sync(**kwargs)
  File ""/usr/local/lib/python3.10/site-packages/prefect/flow_engine.py"", line 1399, in run_flow_sync
    return engine.state if return_type == ""state"" else engine.result()
  File ""/usr/local/lib/python3.10/site-packages/prefect/flow_engine.py"", line 361, in result
    raise self._raised
  File ""/usr/local/lib/python3.10/site-packages/prefect/flow_engine.py"", line 782, in run_context
    yield self
  File ""/usr/local/lib/python3.10/site-packages/prefect/flow_engine.py"", line 1397, in run_flow_sync
    engine.call_flow_fn()
  File ""/usr/local/lib/python3.10/site-packages/prefect/flow_engine.py"", line 802, in call_flow_fn
    result = call_with_parameters(self.flow.fn, self.parameters)
  File ""/usr/local/lib/python3.10/site-packages/prefect/utilities/callables.py"", line 210, in call_with_parameters
    return fn(*args, **kwargs)
  File ""/app/modint-prefect-main/modint_prefect/prefect_flow.py"", line 528, in run_modint_flow
    inference_result = check_inference_status_future.result()
  File ""/usr/local/lib/python3.10/site-packages/prefect/futures.py"", line 222, in result
    _result = self._final_state.result(
  File ""/usr/local/lib/python3.10/site-packages/prefect/_internal/compatibility/async_dispatch.py"", line 94, in wrapper
    return fn(*args, **kwargs)
  File ""/usr/local/lib/python3.10/site-packages/prefect/client/schemas/objects.py"", line 366, in result
    return run_coro_as_sync(
  File ""/usr/local/lib/python3.10/site-packages/prefect/utilities/asyncutils.py"", line 207, in run_coro_as_sync
    return call.result()
  File ""/usr/local/lib/python3.10/site-packages/prefect/_internal/concurrency/calls.py"", line 365, in result
    return self.future.result(timeout=timeout)
  File ""/usr/local/lib/python3.10/site-packages/prefect/_internal/concurrency/calls.py"", line 192, in result
    return self.__get_result()
  File ""/usr/local/lib/python3.10/concurrent/futures/_base.py"", line 403, in __get_result
    raise self._exception
  File ""/usr/local/lib/python3.10/site-packages/prefect/_internal/concurrency/calls.py"", line 441, in _run_async
    result = await coro
  File ""/usr/local/lib/python3.10/site-packages/prefect/utilities/asyncutils.py"", line 188, in coroutine_wrapper
    return await task
  File ""/usr/local/lib/python3.10/site-packages/prefect/states.py"", line 85, in get_state_result
    return await _get_state_result(
  File ""/usr/local/lib/python3.10/site-packages/prefect/states.py"", line 157, in _get_state_result
    raise await get_state_exception(state)
  File ""/usr/local/lib/python3.10/site-packages/prefect/task_engine.py"", line 857, in run_context
    yield self
  File ""/usr/local/lib/python3.10/site-packages/prefect/task_engine.py"", line 1487, in run_task_sync
    engine.call_task_fn(txn)
  File ""/usr/local/lib/python3.10/site-packages/prefect/task_engine.py"", line 874, in call_task_fn
    result = call_with_parameters(self.task.fn, parameters)
  File ""/usr/local/lib/python3.10/site-packages/prefect/utilities/callables.py"", line 210, in call_with_parameters
    return fn(*args, **kwargs)
  File ""/app/modint-prefect-main/modint_prefect/prefect_flow.py"", line 135, in run_check_inference_status_redis
    raise InferenceFailError
modint_prefect.configs.InferenceFailError"
2025-10-31 08:22:59.753388+00:00,40,caf8183e-1007-4463-8a7f-0e273e68cd3a,,Process for flow run 'calm-caracal' exited with status code: 1
