timestamp,level,flow_run_id,task_run_id,message
2025-11-12 04:50:03.913357+00:00,20,cdc5d10e-f200-46d0-a171-df5ca0def1b8,,Worker 'KubernetesWorker b5700100-6765-494e-b637-58b56901dc89' submitting flow run 'cdc5d10e-f200-46d0-a171-df5ca0def1b8'
2025-11-12 04:50:04.089217+00:00,20,cdc5d10e-f200-46d0-a171-df5ca0def1b8,,Creating Kubernetes job...
2025-11-12 04:50:04.341791+00:00,20,cdc5d10e-f200-46d0-a171-df5ca0def1b8,,Completed submission of flow run 'cdc5d10e-f200-46d0-a171-df5ca0def1b8'
2025-11-12 04:50:10.474129+00:00,20,cdc5d10e-f200-46d0-a171-df5ca0def1b8,,Opening process...
2025-11-12 04:50:13.031715+00:00,20,cdc5d10e-f200-46d0-a171-df5ca0def1b8,, > Running git_clone step...
2025-11-12 04:50:23.282311+00:00,20,cdc5d10e-f200-46d0-a171-df5ca0def1b8,,Beginning flow run 'polite-sawfish' for flow 'run-modint-flow'
2025-11-12 04:50:23.486705+00:00,20,cdc5d10e-f200-46d0-a171-df5ca0def1b8,019a7666-8bd4-7438-a57f-a16eadb6c171,This job ID will be used - modint-prefect-polite-sawfish-1
2025-11-12 04:50:23.492466+00:00,20,cdc5d10e-f200-46d0-a171-df5ca0def1b8,019a7666-8bd4-7438-a57f-a16eadb6c171,Finished in state Completed()
2025-11-12 04:50:24.015977+00:00,20,cdc5d10e-f200-46d0-a171-df5ca0def1b8,019a7666-8c87-7693-961e-19d2c74c85df,Finished in state Completed()
2025-11-12 04:50:24.076938+00:00,20,cdc5d10e-f200-46d0-a171-df5ca0def1b8,019a7666-8c8b-71fa-a795-72b66900cfaf,{'scene_path': '/nas/COG/planet/Y2025/M09/D13/planet_20250913_063745_ssc6d3_0017/20250913_063745_ssc6d3_0017_pansharpened_clip_cog.tif'}
2025-11-12 04:50:24.169038+00:00,20,cdc5d10e-f200-46d0-a171-df5ca0def1b8,019a7666-8ef8-7351-a28a-1547c1c117db,Finished in state Completed()
2025-11-12 04:50:25.319526+00:00,20,cdc5d10e-f200-46d0-a171-df5ca0def1b8,019a7666-8c88-7319-8ce6-4c4f4131da9b,Beginning subflow run 'smart-ladybug' for flow 'run-namespaced-job'
2025-11-12 04:50:58.188982+00:00,20,cdc5d10e-f200-46d0-a171-df5ca0def1b8,019a7666-8c88-7319-8ce6-4c4f4131da9b,"Loads checkpoint by local backend from path: /tmp/tmpo77o1efd/checkpoint/model_final.pth
"
2025-11-12 04:50:58.191547+00:00,20,cdc5d10e-f200-46d0-a171-df5ca0def1b8,019a7666-8c88-7319-8ce6-4c4f4131da9b,"Downloading artifacts:   0%|          | 0/7 [00:00<?, ?it/s]Downloading artifacts:  14%|â–ˆâ–        | 1/7 [00:00<00:00, 7695.97it/s]Downloading artifacts:  29%|â–ˆâ–ˆâ–Š       | 2/7 [00:00<00:00, 24.99it/s]  Downloading artifacts:  43%|â–ˆâ–ˆâ–ˆâ–ˆâ–Ž     | 3/7 [00:00<00:00, 34.57it/s]Downloading artifacts:  57%|â–ˆâ–ˆâ–ˆâ–ˆâ–ˆâ–‹    | 4/7 [00:00<00:00, 43.06it/s]Downloading artifacts:  71%|â–ˆâ–ˆâ–ˆâ–ˆâ–ˆâ–ˆâ–ˆâ–  | 5/7 [00:00<00:00, 45.40it/s]Downloading artifacts:  71%|â–ˆâ–ˆâ–ˆâ–ˆâ–ˆâ–ˆâ–ˆâ–  | 5/7 [00:00<00:00, 45.40it/s]Downloading artifacts:  86%|â–ˆâ–ˆâ–ˆâ–ˆâ–ˆâ–ˆâ–ˆâ–ˆâ–Œ | 6/7 [00:00<00:00, 45.40it/s]Downloading artifacts: 100%|â–ˆâ–ˆâ–ˆâ–ˆâ–ˆâ–ˆâ–ˆâ–ˆâ–ˆâ–ˆ| 7/7 [00:04<00:00, 45.40it/s]Downloading artifacts: 100%|â–ˆâ–ˆâ–ˆâ–ˆâ–ˆâ–ˆâ–ˆâ–ˆâ–ˆâ–ˆ| 7/7 [00:04<00:00,  1.40it/s]
"
2025-11-12 04:50:59.745818+00:00,20,cdc5d10e-f200-46d0-a171-df5ca0def1b8,019a7666-8c88-7319-8ce6-4c4f4131da9b,"Making patches:   0%|          | 0/1 [00:00<?, ?it/s]Making patches: 100%|â–ˆâ–ˆâ–ˆâ–ˆâ–ˆâ–ˆâ–ˆâ–ˆâ–ˆâ–ˆ| 1/1 [00:00<00:00, 8224.13it/s]
"
2025-11-12 04:51:00.693070+00:00,20,cdc5d10e-f200-46d0-a171-df5ca0def1b8,019a7666-8c88-7319-8ce6-4c4f4131da9b,"/usr/local/lib/python3.8/site-packages/torch/nn/functional.py:3609: UserWarning: Default upsampling behavior when mode=linear is changed to align_corners=False since 0.4.0. Please specify align_corners=True if the old behavior is desired. See the documentation of nn.Upsample for details.
"
2025-11-12 04:51:00.695779+00:00,20,cdc5d10e-f200-46d0-a171-df5ca0def1b8,019a7666-8c88-7319-8ce6-4c4f4131da9b,"  warnings.warn(
"
2025-11-12 04:51:00.697453+00:00,20,cdc5d10e-f200-46d0-a171-df5ca0def1b8,019a7666-8c88-7319-8ce6-4c4f4131da9b,"2025-11-12 04:51:00.689 | ERROR    | modint.runner.base_runner:inference:137 - An exception occurred:
"
2025-11-12 04:51:00.699112+00:00,20,cdc5d10e-f200-46d0-a171-df5ca0def1b8,019a7666-8c88-7319-8ce6-4c4f4131da9b,"Traceback (most recent call last):
"
2025-11-12 04:51:00.700686+00:00,20,cdc5d10e-f200-46d0-a171-df5ca0def1b8,019a7666-8c88-7319-8ce6-4c4f4131da9b,"  File ""/usr/local/lib/python3.8/site-packages/modint/runner/base_runner.py"", line 121, in inference
"
2025-11-12 04:51:00.702278+00:00,20,cdc5d10e-f200-46d0-a171-df5ca0def1b8,019a7666-8c88-7319-8ce6-4c4f4131da9b,"    result = self.predict(data)
"
2025-11-12 04:51:00.703829+00:00,20,cdc5d10e-f200-46d0-a171-df5ca0def1b8,019a7666-8c88-7319-8ce6-4c4f4131da9b,"  File ""/usr/local/lib/python3.8/site-packages/torch/autograd/grad_mode.py"", line 28, in decorate_context
"
2025-11-12 04:51:00.709146+00:00,20,cdc5d10e-f200-46d0-a171-df5ca0def1b8,019a7666-8c88-7319-8ce6-4c4f4131da9b,"    return func(*args, **kwargs)
"
2025-11-12 04:51:00.711231+00:00,20,cdc5d10e-f200-46d0-a171-df5ca0def1b8,019a7666-8c88-7319-8ce6-4c4f4131da9b,"  File ""/ardet/ardet/apis/det_runner.py"", line 99, in predict
"
2025-11-12 04:51:00.712783+00:00,20,cdc5d10e-f200-46d0-a171-df5ca0def1b8,019a7666-8c88-7319-8ce6-4c4f4131da9b,"    return self.model.test_step(batch)
"
2025-11-12 04:51:00.714374+00:00,20,cdc5d10e-f200-46d0-a171-df5ca0def1b8,019a7666-8c88-7319-8ce6-4c4f4131da9b,"  File ""/usr/local/lib/python3.8/site-packages/mmengine/model/base_model/base_model.py"", line 145, in test_step
"
2025-11-12 04:51:00.715774+00:00,20,cdc5d10e-f200-46d0-a171-df5ca0def1b8,019a7666-8c88-7319-8ce6-4c4f4131da9b,"    return self._run_forward(data, mode='predict')  # type: ignore
"
2025-11-12 04:51:00.717123+00:00,20,cdc5d10e-f200-46d0-a171-df5ca0def1b8,019a7666-8c88-7319-8ce6-4c4f4131da9b,"  File ""/usr/local/lib/python3.8/site-packages/mmengine/model/base_model/base_model.py"", line 361, in _run_forward
"
2025-11-12 04:51:00.718465+00:00,20,cdc5d10e-f200-46d0-a171-df5ca0def1b8,019a7666-8c88-7319-8ce6-4c4f4131da9b,"    results = self(**data, mode=mode)
"
2025-11-12 04:51:00.720087+00:00,20,cdc5d10e-f200-46d0-a171-df5ca0def1b8,019a7666-8c88-7319-8ce6-4c4f4131da9b,"  File ""/usr/local/lib/python3.8/site-packages/torch/nn/modules/module.py"", line 1051, in _call_impl
"
2025-11-12 04:51:00.721701+00:00,20,cdc5d10e-f200-46d0-a171-df5ca0def1b8,019a7666-8c88-7319-8ce6-4c4f4131da9b,"    return forward_call(*input, **kwargs)
"
2025-11-12 04:51:00.722978+00:00,20,cdc5d10e-f200-46d0-a171-df5ca0def1b8,019a7666-8c88-7319-8ce6-4c4f4131da9b,"  File ""/usr/local/lib/python3.8/site-packages/mmdet/models/detectors/base.py"", line 94, in forward
"
2025-11-12 04:51:00.724042+00:00,20,cdc5d10e-f200-46d0-a171-df5ca0def1b8,019a7666-8c88-7319-8ce6-4c4f4131da9b,"    return self.predict(inputs, data_samples)
"
2025-11-12 04:51:00.725658+00:00,20,cdc5d10e-f200-46d0-a171-df5ca0def1b8,019a7666-8c88-7319-8ce6-4c4f4131da9b,"  File ""/usr/local/lib/python3.8/site-packages/mmdet/models/detectors/two_stage.py"", line 227, in predict
"
2025-11-12 04:51:00.727421+00:00,20,cdc5d10e-f200-46d0-a171-df5ca0def1b8,019a7666-8c88-7319-8ce6-4c4f4131da9b,"    x = self.extract_feat(batch_inputs)
"
2025-11-12 04:51:00.728764+00:00,20,cdc5d10e-f200-46d0-a171-df5ca0def1b8,019a7666-8c88-7319-8ce6-4c4f4131da9b,"  File ""/usr/local/lib/python3.8/site-packages/mmdet/models/detectors/two_stage.py"", line 110, in extract_feat
"
2025-11-12 04:51:00.729616+00:00,20,cdc5d10e-f200-46d0-a171-df5ca0def1b8,019a7666-8c88-7319-8ce6-4c4f4131da9b,"    x = self.backbone(batch_inputs)
"
2025-11-12 04:51:00.730495+00:00,20,cdc5d10e-f200-46d0-a171-df5ca0def1b8,019a7666-8c88-7319-8ce6-4c4f4131da9b,"  File ""/usr/local/lib/python3.8/site-packages/torch/nn/modules/module.py"", line 1051, in _call_impl
"
2025-11-12 04:51:00.731366+00:00,20,cdc5d10e-f200-46d0-a171-df5ca0def1b8,019a7666-8c88-7319-8ce6-4c4f4131da9b,"    return forward_call(*input, **kwargs)
"
2025-11-12 04:51:00.732184+00:00,20,cdc5d10e-f200-46d0-a171-df5ca0def1b8,019a7666-8c88-7319-8ce6-4c4f4131da9b,"  File ""/ardet/ardet/models/backbones/vitdet.py"", line 423, in forward
"
2025-11-12 04:51:00.733032+00:00,20,cdc5d10e-f200-46d0-a171-df5ca0def1b8,019a7666-8c88-7319-8ce6-4c4f4131da9b,"    x = blk(x)
"
2025-11-12 04:51:00.733840+00:00,20,cdc5d10e-f200-46d0-a171-df5ca0def1b8,019a7666-8c88-7319-8ce6-4c4f4131da9b,"  File ""/usr/local/lib/python3.8/site-packages/torch/nn/modules/module.py"", line 1051, in _call_impl
"
2025-11-12 04:51:00.734852+00:00,20,cdc5d10e-f200-46d0-a171-df5ca0def1b8,019a7666-8c88-7319-8ce6-4c4f4131da9b,"    return forward_call(*input, **kwargs)
"
2025-11-12 04:51:00.735723+00:00,20,cdc5d10e-f200-46d0-a171-df5ca0def1b8,019a7666-8c88-7319-8ce6-4c4f4131da9b,"  File ""/ardet/ardet/models/backbones/vitdet.py"", line 303, in forward
"
2025-11-12 04:51:00.736588+00:00,20,cdc5d10e-f200-46d0-a171-df5ca0def1b8,019a7666-8c88-7319-8ce6-4c4f4131da9b,"    x = self.attn(x)
"
2025-11-12 04:51:00.737465+00:00,20,cdc5d10e-f200-46d0-a171-df5ca0def1b8,019a7666-8c88-7319-8ce6-4c4f4131da9b,"  File ""/usr/local/lib/python3.8/site-packages/torch/nn/modules/module.py"", line 1051, in _call_impl
"
2025-11-12 04:51:00.738305+00:00,20,cdc5d10e-f200-46d0-a171-df5ca0def1b8,019a7666-8c88-7319-8ce6-4c4f4131da9b,"    return forward_call(*input, **kwargs)
"
2025-11-12 04:51:00.738995+00:00,20,cdc5d10e-f200-46d0-a171-df5ca0def1b8,019a7666-8c88-7319-8ce6-4c4f4131da9b,"  File ""/ardet/ardet/models/backbones/vitdet.py"", line 209, in forward
"
2025-11-12 04:51:00.739597+00:00,20,cdc5d10e-f200-46d0-a171-df5ca0def1b8,019a7666-8c88-7319-8ce6-4c4f4131da9b,"    attn = add_decomposed_rel_pos(attn, q, self.rel_pos_h,
"
2025-11-12 04:51:00.740202+00:00,20,cdc5d10e-f200-46d0-a171-df5ca0def1b8,019a7666-8c88-7319-8ce6-4c4f4131da9b,"  File ""/ardet/ardet/models/backbones/vitdet.py"", line 166, in add_decomposed_rel_pos
"
2025-11-12 04:51:00.741909+00:00,20,cdc5d10e-f200-46d0-a171-df5ca0def1b8,019a7666-8c88-7319-8ce6-4c4f4131da9b,"    attn.view(B, q_h, q_w, k_h, k_w) +  # noqa: W504
"
2025-11-12 04:51:00.742620+00:00,20,cdc5d10e-f200-46d0-a171-df5ca0def1b8,019a7666-8c88-7319-8ce6-4c4f4131da9b,"RuntimeError: CUDA out of memory. Tried to allocate 4.47 GiB (GPU 0; 10.57 GiB total capacity; 5.19 GiB already allocated; 4.01 GiB free; 5.27 GiB reserved in total by PyTorch)
"
2025-11-12 04:51:00.743254+00:00,20,cdc5d10e-f200-46d0-a171-df5ca0def1b8,019a7666-8c88-7319-8ce6-4c4f4131da9b,"
"
2025-11-12 04:51:00.743844+00:00,20,cdc5d10e-f200-46d0-a171-df5ca0def1b8,019a7666-8c88-7319-8ce6-4c4f4131da9b,"[32m2025-11-12T04:51:00.689587+0000[0m [31m[1mAn exception occurred:
"
2025-11-12 04:51:00.744465+00:00,20,cdc5d10e-f200-46d0-a171-df5ca0def1b8,019a7666-8c88-7319-8ce6-4c4f4131da9b,"Traceback (most recent call last):
"
2025-11-12 04:51:00.745250+00:00,20,cdc5d10e-f200-46d0-a171-df5ca0def1b8,019a7666-8c88-7319-8ce6-4c4f4131da9b,"  File ""/usr/local/lib/python3.8/site-packages/modint/runner/base_runner.py"", line 121, in inference
"
2025-11-12 04:51:00.745943+00:00,20,cdc5d10e-f200-46d0-a171-df5ca0def1b8,019a7666-8c88-7319-8ce6-4c4f4131da9b,"    result = self.predict(data)
"
2025-11-12 04:51:00.746564+00:00,20,cdc5d10e-f200-46d0-a171-df5ca0def1b8,019a7666-8c88-7319-8ce6-4c4f4131da9b,"  File ""/usr/local/lib/python3.8/site-packages/torch/autograd/grad_mode.py"", line 28, in decorate_context
"
2025-11-12 04:51:00.747176+00:00,20,cdc5d10e-f200-46d0-a171-df5ca0def1b8,019a7666-8c88-7319-8ce6-4c4f4131da9b,"    return func(*args, **kwargs)
"
2025-11-12 04:51:00.748036+00:00,20,cdc5d10e-f200-46d0-a171-df5ca0def1b8,019a7666-8c88-7319-8ce6-4c4f4131da9b,"  File ""/ardet/ardet/apis/det_runner.py"", line 99, in predict
"
2025-11-12 04:51:00.748692+00:00,20,cdc5d10e-f200-46d0-a171-df5ca0def1b8,019a7666-8c88-7319-8ce6-4c4f4131da9b,"    return self.model.test_step(batch)
"
2025-11-12 04:51:00.749813+00:00,20,cdc5d10e-f200-46d0-a171-df5ca0def1b8,019a7666-8c88-7319-8ce6-4c4f4131da9b,"  File ""/usr/local/lib/python3.8/site-packages/mmengine/model/base_model/base_model.py"", line 145, in test_step
"
2025-11-12 04:51:00.751054+00:00,20,cdc5d10e-f200-46d0-a171-df5ca0def1b8,019a7666-8c88-7319-8ce6-4c4f4131da9b,"    return self._run_forward(data, mode='predict')  # type: ignore
"
2025-11-12 04:51:00.751883+00:00,20,cdc5d10e-f200-46d0-a171-df5ca0def1b8,019a7666-8c88-7319-8ce6-4c4f4131da9b,"  File ""/usr/local/lib/python3.8/site-packages/mmengine/model/base_model/base_model.py"", line 361, in _run_forward
"
2025-11-12 04:51:00.753040+00:00,20,cdc5d10e-f200-46d0-a171-df5ca0def1b8,019a7666-8c88-7319-8ce6-4c4f4131da9b,"    results = self(**data, mode=mode)
"
2025-11-12 04:51:00.754248+00:00,20,cdc5d10e-f200-46d0-a171-df5ca0def1b8,019a7666-8c88-7319-8ce6-4c4f4131da9b,"  File ""/usr/local/lib/python3.8/site-packages/torch/nn/modules/module.py"", line 1051, in _call_impl
"
2025-11-12 04:51:00.755042+00:00,20,cdc5d10e-f200-46d0-a171-df5ca0def1b8,019a7666-8c88-7319-8ce6-4c4f4131da9b,"    return forward_call(*input, **kwargs)
"
2025-11-12 04:51:00.755866+00:00,20,cdc5d10e-f200-46d0-a171-df5ca0def1b8,019a7666-8c88-7319-8ce6-4c4f4131da9b,"  File ""/usr/local/lib/python3.8/site-packages/mmdet/models/detectors/base.py"", line 94, in forward
"
2025-11-12 04:51:00.757024+00:00,20,cdc5d10e-f200-46d0-a171-df5ca0def1b8,019a7666-8c88-7319-8ce6-4c4f4131da9b,"    return self.predict(inputs, data_samples)
"
2025-11-12 04:51:00.758188+00:00,20,cdc5d10e-f200-46d0-a171-df5ca0def1b8,019a7666-8c88-7319-8ce6-4c4f4131da9b,"  File ""/usr/local/lib/python3.8/site-packages/mmdet/models/detectors/two_stage.py"", line 227, in predict
"
2025-11-12 04:51:00.759021+00:00,20,cdc5d10e-f200-46d0-a171-df5ca0def1b8,019a7666-8c88-7319-8ce6-4c4f4131da9b,"    x = self.extract_feat(batch_inputs)
"
2025-11-12 04:51:00.759640+00:00,20,cdc5d10e-f200-46d0-a171-df5ca0def1b8,019a7666-8c88-7319-8ce6-4c4f4131da9b,"  File ""/usr/local/lib/python3.8/site-packages/mmdet/models/detectors/two_stage.py"", line 110, in extract_feat
"
2025-11-12 04:51:00.760274+00:00,20,cdc5d10e-f200-46d0-a171-df5ca0def1b8,019a7666-8c88-7319-8ce6-4c4f4131da9b,"    x = self.backbone(batch_inputs)
"
2025-11-12 04:51:00.760931+00:00,20,cdc5d10e-f200-46d0-a171-df5ca0def1b8,019a7666-8c88-7319-8ce6-4c4f4131da9b,"  File ""/usr/local/lib/python3.8/site-packages/torch/nn/modules/module.py"", line 1051, in _call_impl
"
2025-11-12 04:51:00.761539+00:00,20,cdc5d10e-f200-46d0-a171-df5ca0def1b8,019a7666-8c88-7319-8ce6-4c4f4131da9b,"    return forward_call(*input, **kwargs)
"
2025-11-12 04:51:00.762125+00:00,20,cdc5d10e-f200-46d0-a171-df5ca0def1b8,019a7666-8c88-7319-8ce6-4c4f4131da9b,"  File ""/ardet/ardet/models/backbones/vitdet.py"", line 423, in forward
"
2025-11-12 04:51:00.762717+00:00,20,cdc5d10e-f200-46d0-a171-df5ca0def1b8,019a7666-8c88-7319-8ce6-4c4f4131da9b,"    x = blk(x)
"
2025-11-12 04:51:00.763973+00:00,20,cdc5d10e-f200-46d0-a171-df5ca0def1b8,019a7666-8c88-7319-8ce6-4c4f4131da9b,"  File ""/usr/local/lib/python3.8/site-packages/torch/nn/modules/module.py"", line 1051, in _call_impl
"
2025-11-12 04:51:00.765537+00:00,20,cdc5d10e-f200-46d0-a171-df5ca0def1b8,019a7666-8c88-7319-8ce6-4c4f4131da9b,"    return forward_call(*input, **kwargs)
"
2025-11-12 04:51:00.766205+00:00,20,cdc5d10e-f200-46d0-a171-df5ca0def1b8,019a7666-8c88-7319-8ce6-4c4f4131da9b,"  File ""/ardet/ardet/models/backbones/vitdet.py"", line 303, in forward
"
2025-11-12 04:51:00.766807+00:00,20,cdc5d10e-f200-46d0-a171-df5ca0def1b8,019a7666-8c88-7319-8ce6-4c4f4131da9b,"    x = self.attn(x)
"
2025-11-12 04:51:00.767392+00:00,20,cdc5d10e-f200-46d0-a171-df5ca0def1b8,019a7666-8c88-7319-8ce6-4c4f4131da9b,"  File ""/usr/local/lib/python3.8/site-packages/torch/nn/modules/module.py"", line 1051, in _call_impl
"
2025-11-12 04:51:00.767990+00:00,20,cdc5d10e-f200-46d0-a171-df5ca0def1b8,019a7666-8c88-7319-8ce6-4c4f4131da9b,"    return forward_call(*input, **kwargs)
"
2025-11-12 04:51:00.768766+00:00,20,cdc5d10e-f200-46d0-a171-df5ca0def1b8,019a7666-8c88-7319-8ce6-4c4f4131da9b,"  File ""/ardet/ardet/models/backbones/vitdet.py"", line 209, in forward
"
2025-11-12 04:51:00.770319+00:00,20,cdc5d10e-f200-46d0-a171-df5ca0def1b8,019a7666-8c88-7319-8ce6-4c4f4131da9b,"    attn = add_decomposed_rel_pos(attn, q, self.rel_pos_h,
"
2025-11-12 04:51:00.771933+00:00,20,cdc5d10e-f200-46d0-a171-df5ca0def1b8,019a7666-8c88-7319-8ce6-4c4f4131da9b,"  File ""/ardet/ardet/models/backbones/vitdet.py"", line 166, in add_decomposed_rel_pos
"
2025-11-12 04:51:00.773656+00:00,20,cdc5d10e-f200-46d0-a171-df5ca0def1b8,019a7666-8c88-7319-8ce6-4c4f4131da9b,"    attn.view(B, q_h, q_w, k_h, k_w) +  # noqa: W504
"
2025-11-12 04:51:00.774621+00:00,20,cdc5d10e-f200-46d0-a171-df5ca0def1b8,019a7666-8c88-7319-8ce6-4c4f4131da9b,"RuntimeError: CUDA out of memory. Tried to allocate 4.47 GiB (GPU 0; 10.57 GiB total capacity; 5.19 GiB already allocated; 4.01 GiB free; 5.27 GiB reserved in total by PyTorch)
"
2025-11-12 04:51:00.776175+00:00,20,cdc5d10e-f200-46d0-a171-df5ca0def1b8,019a7666-8c88-7319-8ce6-4c4f4131da9b,"[0m
"
2025-11-12 04:51:12.963022+00:00,20,cdc5d10e-f200-46d0-a171-df5ca0def1b8,019a7666-8c88-7319-8ce6-4c4f4131da9b,Finished in state Completed()
2025-11-12 04:51:24.144131+00:00,20,cdc5d10e-f200-46d0-a171-df5ca0def1b8,019a7666-8c8b-71fa-a795-72b66900cfaf,"{'msg': 'Traceback (most recent call last):\n  File ""/usr/local/lib/python3.8/site-packages/modint/runner/base_runner.py"", line 121, in inference\n    result = self.predict(data)\n  File ""/usr/local/lib/python3.8/site-packages/torch/autograd/grad_mode.py"", line 28, in decorate_context\n    return func(*args, **kwargs)\n  File ""/ardet/ardet/apis/det_runner.py"", line 99, in predict\n    return self.model.test_step(batch)\n  File ""/usr/local/lib/python3.8/site-packages/mmengine/model/base_model/base_model.py"", line 145, in test_step\n    return self._run_forward(data, mode=\'predict\')  # type: ignore\n  File ""/usr/local/lib/python3.8/site-packages/mmengine/model/base_model/base_model.py"", line 361, in _run_forward\n    results = self(**data, mode=mode)\n  File ""/usr/local/lib/python3.8/site-packages/torch/nn/modules/module.py"", line 1051, in _call_impl\n    return forward_call(*input, **kwargs)\n  File ""/usr/local/lib/python3.8/site-packages/mmdet/models/detectors/base.py"", line 94, in forward\n    return self.predict(inputs, data_samples)\n  File ""/usr/local/lib/python3.8/site-packages/mmdet/models/detectors/two_stage.py"", line 227, in predict\n    x = self.extract_feat(batch_inputs)\n  File ""/usr/local/lib/python3.8/site-packages/mmdet/models/detectors/two_stage.py"", line 110, in extract_feat\n    x = self.backbone(batch_inputs)\n  File ""/usr/local/lib/python3.8/site-packages/torch/nn/modules/module.py"", line 1051, in _call_impl\n    return forward_call(*input, **kwargs)\n  File ""/ardet/ardet/models/backbones/vitdet.py"", line 423, in forward\n    x = blk(x)\n  File ""/usr/local/lib/python3.8/site-packages/torch/nn/modules/module.py"", line 1051, in _call_impl\n    return forward_call(*input, **kwargs)\n  File ""/ardet/ardet/models/backbones/vitdet.py"", line 303, in forward\n    x = self.attn(x)\n  File ""/usr/local/lib/python3.8/site-packages/torch/nn/modules/module.py"", line 1051, in _call_impl\n    return forward_call(*input, **kwargs)\n  File ""/ardet/ardet/models/backbones/vitdet.py"", line 209, in forward\n    attn = add_decomposed_rel_pos(attn, q, self.rel_pos_h,\n  File ""/ardet/ardet/models/backbones/vitdet.py"", line 166, in add_decomposed_rel_pos\n    attn.view(B, q_h, q_w, k_h, k_w) +  # noqa: W504\nRuntimeError: CUDA out of memory. Tried to allocate 4.47 GiB (GPU 0; 10.57 GiB total capacity; 5.19 GiB already allocated; 4.01 GiB free; 5.27 GiB reserved in total by PyTorch)\n', 'retriable': False}"
2025-11-12 04:51:24.150718+00:00,40,cdc5d10e-f200-46d0-a171-df5ca0def1b8,019a7666-8c8b-71fa-a795-72b66900cfaf,Inference was failed. See the logs for detail.
2025-11-12 04:51:24.152882+00:00,40,cdc5d10e-f200-46d0-a171-df5ca0def1b8,019a7666-8c8b-71fa-a795-72b66900cfaf,"Task run failed with exception: InferenceFailError() - No retries configured for this task.
Traceback (most recent call last):
  File ""/usr/local/lib/python3.10/site-packages/prefect/task_engine.py"", line 857, in run_context
    yield self
  File ""/usr/local/lib/python3.10/site-packages/prefect/task_engine.py"", line 1487, in run_task_sync
    engine.call_task_fn(txn)
  File ""/usr/local/lib/python3.10/site-packages/prefect/task_engine.py"", line 874, in call_task_fn
    result = call_with_parameters(self.task.fn, parameters)
  File ""/usr/local/lib/python3.10/site-packages/prefect/utilities/callables.py"", line 210, in call_with_parameters
    return fn(*args, **kwargs)
  File ""/app/modint-prefect-main/modint_prefect/prefect_flow.py"", line 134, in run_check_inference_status_redis
    raise InferenceFailError
modint_prefect.configs.InferenceFailError"
2025-11-12 04:51:24.168062+00:00,40,cdc5d10e-f200-46d0-a171-df5ca0def1b8,019a7666-8c8b-71fa-a795-72b66900cfaf,Finished in state Failed('Task run encountered an exception InferenceFailError: ')
2025-11-12 04:51:24.177949+00:00,40,cdc5d10e-f200-46d0-a171-df5ca0def1b8,,"Encountered exception during execution: InferenceFailError()
Traceback (most recent call last):
  File ""/usr/local/lib/python3.10/site-packages/prefect/flow_engine.py"", line 782, in run_context
    yield self
  File ""/usr/local/lib/python3.10/site-packages/prefect/flow_engine.py"", line 1397, in run_flow_sync
    engine.call_flow_fn()
  File ""/usr/local/lib/python3.10/site-packages/prefect/flow_engine.py"", line 802, in call_flow_fn
    result = call_with_parameters(self.flow.fn, self.parameters)
  File ""/usr/local/lib/python3.10/site-packages/prefect/utilities/callables.py"", line 210, in call_with_parameters
    return fn(*args, **kwargs)
  File ""/app/modint-prefect-main/modint_prefect/prefect_flow.py"", line 518, in run_modint_flow
    inference_result = check_inference_status_future.result()
  File ""/usr/local/lib/python3.10/site-packages/prefect/futures.py"", line 222, in result
    _result = self._final_state.result(
  File ""/usr/local/lib/python3.10/site-packages/prefect/_internal/compatibility/async_dispatch.py"", line 94, in wrapper
    return fn(*args, **kwargs)
  File ""/usr/local/lib/python3.10/site-packages/prefect/client/schemas/objects.py"", line 366, in result
    return run_coro_as_sync(
  File ""/usr/local/lib/python3.10/site-packages/prefect/utilities/asyncutils.py"", line 207, in run_coro_as_sync
    return call.result()
  File ""/usr/local/lib/python3.10/site-packages/prefect/_internal/concurrency/calls.py"", line 365, in result
    return self.future.result(timeout=timeout)
  File ""/usr/local/lib/python3.10/site-packages/prefect/_internal/concurrency/calls.py"", line 192, in result
    return self.__get_result()
  File ""/usr/local/lib/python3.10/concurrent/futures/_base.py"", line 403, in __get_result
    raise self._exception
  File ""/usr/local/lib/python3.10/site-packages/prefect/_internal/concurrency/calls.py"", line 441, in _run_async
    result = await coro
  File ""/usr/local/lib/python3.10/site-packages/prefect/utilities/asyncutils.py"", line 188, in coroutine_wrapper
    return await task
  File ""/usr/local/lib/python3.10/site-packages/prefect/states.py"", line 85, in get_state_result
    return await _get_state_result(
  File ""/usr/local/lib/python3.10/site-packages/prefect/states.py"", line 157, in _get_state_result
    raise await get_state_exception(state)
  File ""/usr/local/lib/python3.10/site-packages/prefect/task_engine.py"", line 857, in run_context
    yield self
  File ""/usr/local/lib/python3.10/site-packages/prefect/task_engine.py"", line 1487, in run_task_sync
    engine.call_task_fn(txn)
  File ""/usr/local/lib/python3.10/site-packages/prefect/task_engine.py"", line 874, in call_task_fn
    result = call_with_parameters(self.task.fn, parameters)
  File ""/usr/local/lib/python3.10/site-packages/prefect/utilities/callables.py"", line 210, in call_with_parameters
    return fn(*args, **kwargs)
  File ""/app/modint-prefect-main/modint_prefect/prefect_flow.py"", line 134, in run_check_inference_status_redis
    raise InferenceFailError
modint_prefect.configs.InferenceFailError"
2025-11-12 04:51:24.256545+00:00,20,cdc5d10e-f200-46d0-a171-df5ca0def1b8,,Finished in state Failed('Flow run encountered an exception: InferenceFailError: ')
2025-11-12 04:51:24.259384+00:00,40,cdc5d10e-f200-46d0-a171-df5ca0def1b8,,"Engine execution exited with unexpected exception
Traceback (most recent call last):
  File ""/usr/local/lib/python3.10/site-packages/prefect/flow_engine.py"", line 1554, in run_flow
    ret_val = run_flow_sync(**kwargs)
  File ""/usr/local/lib/python3.10/site-packages/prefect/flow_engine.py"", line 1399, in run_flow_sync
    return engine.state if return_type == ""state"" else engine.result()
  File ""/usr/local/lib/python3.10/site-packages/prefect/flow_engine.py"", line 361, in result
    raise self._raised
  File ""/usr/local/lib/python3.10/site-packages/prefect/flow_engine.py"", line 782, in run_context
    yield self
  File ""/usr/local/lib/python3.10/site-packages/prefect/flow_engine.py"", line 1397, in run_flow_sync
    engine.call_flow_fn()
  File ""/usr/local/lib/python3.10/site-packages/prefect/flow_engine.py"", line 802, in call_flow_fn
    result = call_with_parameters(self.flow.fn, self.parameters)
  File ""/usr/local/lib/python3.10/site-packages/prefect/utilities/callables.py"", line 210, in call_with_parameters
    return fn(*args, **kwargs)
  File ""/app/modint-prefect-main/modint_prefect/prefect_flow.py"", line 518, in run_modint_flow
    inference_result = check_inference_status_future.result()
  File ""/usr/local/lib/python3.10/site-packages/prefect/futures.py"", line 222, in result
    _result = self._final_state.result(
  File ""/usr/local/lib/python3.10/site-packages/prefect/_internal/compatibility/async_dispatch.py"", line 94, in wrapper
    return fn(*args, **kwargs)
  File ""/usr/local/lib/python3.10/site-packages/prefect/client/schemas/objects.py"", line 366, in result
    return run_coro_as_sync(
  File ""/usr/local/lib/python3.10/site-packages/prefect/utilities/asyncutils.py"", line 207, in run_coro_as_sync
    return call.result()
  File ""/usr/local/lib/python3.10/site-packages/prefect/_internal/concurrency/calls.py"", line 365, in result
    return self.future.result(timeout=timeout)
  File ""/usr/local/lib/python3.10/site-packages/prefect/_internal/concurrency/calls.py"", line 192, in result
    return self.__get_result()
  File ""/usr/local/lib/python3.10/concurrent/futures/_base.py"", line 403, in __get_result
    raise self._exception
  File ""/usr/local/lib/python3.10/site-packages/prefect/_internal/concurrency/calls.py"", line 441, in _run_async
    result = await coro
  File ""/usr/local/lib/python3.10/site-packages/prefect/utilities/asyncutils.py"", line 188, in coroutine_wrapper
    return await task
  File ""/usr/local/lib/python3.10/site-packages/prefect/states.py"", line 85, in get_state_result
    return await _get_state_result(
  File ""/usr/local/lib/python3.10/site-packages/prefect/states.py"", line 157, in _get_state_result
    raise await get_state_exception(state)
  File ""/usr/local/lib/python3.10/site-packages/prefect/task_engine.py"", line 857, in run_context
    yield self
  File ""/usr/local/lib/python3.10/site-packages/prefect/task_engine.py"", line 1487, in run_task_sync
    engine.call_task_fn(txn)
  File ""/usr/local/lib/python3.10/site-packages/prefect/task_engine.py"", line 874, in call_task_fn
    result = call_with_parameters(self.task.fn, parameters)
  File ""/usr/local/lib/python3.10/site-packages/prefect/utilities/callables.py"", line 210, in call_with_parameters
    return fn(*args, **kwargs)
  File ""/app/modint-prefect-main/modint_prefect/prefect_flow.py"", line 134, in run_check_inference_status_redis
    raise InferenceFailError
modint_prefect.configs.InferenceFailError"
2025-11-12 04:51:25.005033+00:00,40,cdc5d10e-f200-46d0-a171-df5ca0def1b8,,Process for flow run 'polite-sawfish' exited with status code: 1
