timestamp,level,flow_run_id,task_run_id,message
2025-10-15 09:09:50.621504+00:00,20,d1b842fb-08f9-4a55-9ba5-e5d40656cb85,0199e722-02c0-7bce-bbf4-0525701da895,Finished in state Completed()
2025-10-15 09:10:26.280735+00:00,20,d1b842fb-08f9-4a55-9ba5-e5d40656cb85,0199e722-05d4-7340-b33d-87ff5019c18b,Capturing logs for pod 'modint-prefect-omega63-delinia-cluster-1-4cn8g'.
2025-10-15 09:16:20.269781+00:00,40,d1b842fb-08f9-4a55-9ba5-e5d40656cb85,0199e722-05d4-7340-b33d-87ff5019c18b,"Task run failed with exception: RuntimeError(""Job 'modint-prefect-omega63-delinia-cluster-1' failed due to ['BackoffLimitExceeded'], check the Kubernetes pod logs for more information."") - No retries configured for this task.
Traceback (most recent call last):
  File ""/usr/local/lib/python3.10/site-packages/prefect/task_engine.py"", line 857, in run_context
    yield self
  File ""/usr/local/lib/python3.10/site-packages/prefect/task_engine.py"", line 1487, in run_task_sync
    engine.call_task_fn(txn)
  File ""/usr/local/lib/python3.10/site-packages/prefect/task_engine.py"", line 874, in call_task_fn
    result = call_with_parameters(self.task.fn, parameters)
  File ""/usr/local/lib/python3.10/site-packages/prefect/utilities/callables.py"", line 210, in call_with_parameters
    return fn(*args, **kwargs)
  File ""/usr/local/lib/python3.10/site-packages/prefect/utilities/asyncutils.py"", line 351, in coroutine_wrapper
    return run_coro_as_sync(ctx_call())
  File ""/usr/local/lib/python3.10/site-packages/prefect/utilities/asyncutils.py"", line 207, in run_coro_as_sync
    return call.result()
  File ""/usr/local/lib/python3.10/site-packages/prefect/_internal/concurrency/calls.py"", line 365, in result
    return self.future.result(timeout=timeout)
  File ""/usr/local/lib/python3.10/site-packages/prefect/_internal/concurrency/calls.py"", line 192, in result
    return self.__get_result()
  File ""/usr/local/lib/python3.10/concurrent/futures/_base.py"", line 403, in __get_result
    raise self._exception
  File ""/usr/local/lib/python3.10/site-packages/prefect/_internal/concurrency/calls.py"", line 441, in _run_async
    result = await coro
  File ""/usr/local/lib/python3.10/site-packages/prefect/utilities/asyncutils.py"", line 188, in coroutine_wrapper
    return await task
  File ""/usr/local/lib/python3.10/site-packages/prefect/utilities/asyncutils.py"", line 341, in ctx_call
    result = await async_fn(*args, **kwargs)
  File ""/usr/local/lib/python3.10/site-packages/prefect_kubernetes/jobs.py"", line 472, in wait_for_completion
    raise RuntimeError(
RuntimeError: Job 'modint-prefect-omega63-delinia-cluster-1' failed due to ['BackoffLimitExceeded'], check the Kubernetes pod logs for more information."
2025-10-15 09:16:20.301810+00:00,40,d1b842fb-08f9-4a55-9ba5-e5d40656cb85,0199e722-05d4-7340-b33d-87ff5019c18b,"Finished in state Failed(""Task run encountered an exception RuntimeError: Job 'modint-prefect-omega63-delinia-cluster-1' failed due to ['BackoffLimitExceeded'], check the Kubernetes pod logs for more information."")"
2025-10-15 09:16:20.304326+00:00,40,d1b842fb-08f9-4a55-9ba5-e5d40656cb85,,"Encountered exception during execution: RuntimeError(""Job 'modint-prefect-omega63-delinia-cluster-1' failed due to ['BackoffLimitExceeded'], check the Kubernetes pod logs for more information."")
Traceback (most recent call last):
  File ""/usr/local/lib/python3.10/site-packages/prefect/flow_engine.py"", line 782, in run_context
    yield self
  File ""/usr/local/lib/python3.10/site-packages/prefect/flow_engine.py"", line 1397, in run_flow_sync
    engine.call_flow_fn()
  File ""/usr/local/lib/python3.10/site-packages/prefect/flow_engine.py"", line 802, in call_flow_fn
    result = call_with_parameters(self.flow.fn, self.parameters)
  File ""/usr/local/lib/python3.10/site-packages/prefect/utilities/callables.py"", line 210, in call_with_parameters
    return fn(*args, **kwargs)
  File ""/usr/local/lib/python3.10/site-packages/prefect_kubernetes/flows.py"", line 42, in run_namespaced_job
    task(kubernetes_job_run.wait_for_completion)(print_func)
  File ""/usr/local/lib/python3.10/site-packages/prefect/tasks.py"", line 1139, in __call__
    return run_task(
  File ""/usr/local/lib/python3.10/site-packages/prefect/task_engine.py"", line 1714, in run_task
    return run_task_sync(**kwargs)
  File ""/usr/local/lib/python3.10/site-packages/prefect/task_engine.py"", line 1489, in run_task_sync
    return engine.state if return_type == ""state"" else engine.result()
  File ""/usr/local/lib/python3.10/site-packages/prefect/task_engine.py"", line 478, in result
    raise self._raised
  File ""/usr/local/lib/python3.10/site-packages/prefect/task_engine.py"", line 857, in run_context
    yield self
  File ""/usr/local/lib/python3.10/site-packages/prefect/task_engine.py"", line 1487, in run_task_sync
    engine.call_task_fn(txn)
  File ""/usr/local/lib/python3.10/site-packages/prefect/task_engine.py"", line 874, in call_task_fn
    result = call_with_parameters(self.task.fn, parameters)
  File ""/usr/local/lib/python3.10/site-packages/prefect/utilities/callables.py"", line 210, in call_with_parameters
    return fn(*args, **kwargs)
  File ""/usr/local/lib/python3.10/site-packages/prefect/utilities/asyncutils.py"", line 351, in coroutine_wrapper
    return run_coro_as_sync(ctx_call())
  File ""/usr/local/lib/python3.10/site-packages/prefect/utilities/asyncutils.py"", line 207, in run_coro_as_sync
    return call.result()
  File ""/usr/local/lib/python3.10/site-packages/prefect/_internal/concurrency/calls.py"", line 365, in result
    return self.future.result(timeout=timeout)
  File ""/usr/local/lib/python3.10/site-packages/prefect/_internal/concurrency/calls.py"", line 192, in result
    return self.__get_result()
  File ""/usr/local/lib/python3.10/concurrent/futures/_base.py"", line 403, in __get_result
    raise self._exception
  File ""/usr/local/lib/python3.10/site-packages/prefect/_internal/concurrency/calls.py"", line 441, in _run_async
    result = await coro
  File ""/usr/local/lib/python3.10/site-packages/prefect/utilities/asyncutils.py"", line 188, in coroutine_wrapper
    return await task
  File ""/usr/local/lib/python3.10/site-packages/prefect/utilities/asyncutils.py"", line 341, in ctx_call
    result = await async_fn(*args, **kwargs)
  File ""/usr/local/lib/python3.10/site-packages/prefect_kubernetes/jobs.py"", line 472, in wait_for_completion
    raise RuntimeError(
RuntimeError: Job 'modint-prefect-omega63-delinia-cluster-1' failed due to ['BackoffLimitExceeded'], check the Kubernetes pod logs for more information."
2025-10-15 09:16:20.393068+00:00,20,d1b842fb-08f9-4a55-9ba5-e5d40656cb85,,"Finished in state Failed(""Flow run encountered an exception: RuntimeError: Job 'modint-prefect-omega63-delinia-cluster-1' failed due to ['BackoffLimitExceeded'], check the Kubernetes pod logs for more information."")"
