timestamp,level,flow_run_id,task_run_id,message
2025-10-15 06:18:35.085553+00:00,20,e939a721-b59b-4d4b-9f15-17b5042b2cc3,,Worker 'KubernetesWorker a05e490e-9eac-4523-9166-1b04920e6d58' submitting flow run 'e939a721-b59b-4d4b-9f15-17b5042b2cc3'
2025-10-15 06:18:35.426073+00:00,20,e939a721-b59b-4d4b-9f15-17b5042b2cc3,,Creating Kubernetes job...
2025-10-15 06:18:37.131642+00:00,20,e939a721-b59b-4d4b-9f15-17b5042b2cc3,,Completed submission of flow run 'e939a721-b59b-4d4b-9f15-17b5042b2cc3'
2025-10-15 06:18:43.722285+00:00,20,e939a721-b59b-4d4b-9f15-17b5042b2cc3,,Opening process...
2025-10-15 06:18:46.349027+00:00,20,e939a721-b59b-4d4b-9f15-17b5042b2cc3,, > Running git_clone step...
2025-10-15 06:18:52.181931+00:00,20,e939a721-b59b-4d4b-9f15-17b5042b2cc3,,Beginning flow run 'nondescript-penguin' for flow 'run-modint-flow'
2025-10-15 06:18:52.342151+00:00,20,e939a721-b59b-4d4b-9f15-17b5042b2cc3,0199e685-7db7-70b9-8d7f-e80199b7c367,This job ID will be used - modint-prefect-nondescript-penguin-1
2025-10-15 06:18:52.348435+00:00,20,e939a721-b59b-4d4b-9f15-17b5042b2cc3,0199e685-7db7-70b9-8d7f-e80199b7c367,Finished in state Completed()
2025-10-15 06:18:52.946392+00:00,20,e939a721-b59b-4d4b-9f15-17b5042b2cc3,0199e685-7e40-747c-a89e-fbf3444f4cfb,Finished in state Completed()
2025-10-15 06:18:52.989381+00:00,20,e939a721-b59b-4d4b-9f15-17b5042b2cc3,0199e685-7e41-7434-8808-387963a74a5f,{'scene_path': '/nas/COG/planet/Y2025/M09/D13/planet_20250913_234119_ssc4d3_0013/20250913_234119_ssc4d3_0013_pansharpened_clip_cog.tif'}
2025-10-15 06:18:53.097160+00:00,20,e939a721-b59b-4d4b-9f15-17b5042b2cc3,0199e685-8105-7642-92b3-b0e7dd67860c,Finished in state Completed()
2025-10-15 06:18:54.594095+00:00,20,e939a721-b59b-4d4b-9f15-17b5042b2cc3,0199e685-7e40-7139-88b0-310f94e86e24,Beginning subflow run 'smiling-boar' for flow 'run-namespaced-job'
2025-10-15 06:19:27.070422+00:00,20,e939a721-b59b-4d4b-9f15-17b5042b2cc3,0199e685-7e40-7139-88b0-310f94e86e24,"Downloading artifacts:   0%|          | 0/7 [00:00<?, ?it/s]Downloading artifacts:  14%|█▍        | 1/7 [00:00<00:00, 4987.28it/s]Downloading artifacts:  29%|██▊       | 2/7 [00:00<00:00, 4226.00it/s]Downloading artifacts:  43%|████▎     | 3/7 [00:00<00:00, 11.95it/s]  Downloading artifacts:  43%|████▎     | 3/7 [00:00<00:00, 11.95it/s]Downloading artifacts:  57%|█████▋    | 4/7 [00:00<00:00, 11.95it/s]Downloading artifacts:  71%|███████▏  | 5/7 [00:00<00:00, 13.40it/s]Downloading artifacts:  71%|███████▏  | 5/7 [00:00<00:00, 13.40it/s]Downloading artifacts:  86%|████████▌ | 6/7 [00:00<00:00, 13.40it/s]Downloading artifacts: 100%|██████████| 7/7 [00:04<00:00,  1.01it/s]Downloading artifacts: 100%|██████████| 7/7 [00:04<00:00,  1.01it/s]Downloading artifacts: 100%|██████████| 7/7 [00:04<00:00,  1.40it/s]
"
2025-10-15 06:19:27.076013+00:00,20,e939a721-b59b-4d4b-9f15-17b5042b2cc3,0199e685-7e40-7139-88b0-310f94e86e24,"Loads checkpoint by local backend from path: /tmp/tmpsnhew0td/checkpoint/model_final.pth
"
2025-10-15 06:19:29.384564+00:00,20,e939a721-b59b-4d4b-9f15-17b5042b2cc3,0199e685-7e40-7139-88b0-310f94e86e24,"Making patches:   0%|          | 0/1 [00:00<?, ?it/s]Making patches: 100%|██████████| 1/1 [00:00<00:00, 10951.19it/s]
"
2025-10-15 06:19:50.207290+00:00,20,e939a721-b59b-4d4b-9f15-17b5042b2cc3,0199e685-7e40-7139-88b0-310f94e86e24,"AAAA 52.05
"
2025-10-15 06:19:50.212764+00:00,20,e939a721-b59b-4d4b-9f15-17b5042b2cc3,0199e685-7e40-7139-88b0-310f94e86e24,"AAAA 50.32
"
2025-10-15 06:19:50.214749+00:00,20,e939a721-b59b-4d4b-9f15-17b5042b2cc3,0199e685-7e40-7139-88b0-310f94e86e24,"AAAA 48.09
"
2025-10-15 06:19:50.216592+00:00,20,e939a721-b59b-4d4b-9f15-17b5042b2cc3,0199e685-7e40-7139-88b0-310f94e86e24,"AAAA 45.75
"
2025-10-15 06:19:50.219152+00:00,20,e939a721-b59b-4d4b-9f15-17b5042b2cc3,0199e685-7e40-7139-88b0-310f94e86e24,"AAAA 43.45
"
2025-10-15 06:19:50.220991+00:00,20,e939a721-b59b-4d4b-9f15-17b5042b2cc3,0199e685-7e40-7139-88b0-310f94e86e24,"AAAA 41.22
"
2025-10-15 06:19:50.222759+00:00,20,e939a721-b59b-4d4b-9f15-17b5042b2cc3,0199e685-7e40-7139-88b0-310f94e86e24,"AAAA 39.07
"
2025-10-15 06:19:50.223984+00:00,20,e939a721-b59b-4d4b-9f15-17b5042b2cc3,0199e685-7e40-7139-88b0-310f94e86e24,"AAAA 37.14
"
2025-10-15 06:19:50.225607+00:00,20,e939a721-b59b-4d4b-9f15-17b5042b2cc3,0199e685-7e40-7139-88b0-310f94e86e24,"AAAA 35.3
"
2025-10-15 06:19:50.227087+00:00,20,e939a721-b59b-4d4b-9f15-17b5042b2cc3,0199e685-7e40-7139-88b0-310f94e86e24,"AAAA 33.56
"
2025-10-15 06:19:50.228777+00:00,20,e939a721-b59b-4d4b-9f15-17b5042b2cc3,0199e685-7e40-7139-88b0-310f94e86e24,"AAAA 31.9
"
2025-10-15 06:19:50.230402+00:00,20,e939a721-b59b-4d4b-9f15-17b5042b2cc3,0199e685-7e40-7139-88b0-310f94e86e24,"AAAA 30.33
"
2025-10-15 06:19:50.233756+00:00,20,e939a721-b59b-4d4b-9f15-17b5042b2cc3,0199e685-7e40-7139-88b0-310f94e86e24,"AAAA 28.85
"
2025-10-15 06:19:50.234911+00:00,20,e939a721-b59b-4d4b-9f15-17b5042b2cc3,0199e685-7e40-7139-88b0-310f94e86e24,"AAAA 27.44
"
2025-10-15 06:19:50.236336+00:00,20,e939a721-b59b-4d4b-9f15-17b5042b2cc3,0199e685-7e40-7139-88b0-310f94e86e24,"AAAA 26.1
"
2025-10-15 06:19:50.237878+00:00,20,e939a721-b59b-4d4b-9f15-17b5042b2cc3,0199e685-7e40-7139-88b0-310f94e86e24,"AAAA 24.84
"
2025-10-15 06:19:50.239125+00:00,20,e939a721-b59b-4d4b-9f15-17b5042b2cc3,0199e685-7e40-7139-88b0-310f94e86e24,"AAAA 23.63
"
2025-10-15 06:19:50.240532+00:00,20,e939a721-b59b-4d4b-9f15-17b5042b2cc3,0199e685-7e40-7139-88b0-310f94e86e24,"AAAA 22.48
"
2025-10-15 06:19:50.241945+00:00,20,e939a721-b59b-4d4b-9f15-17b5042b2cc3,0199e685-7e40-7139-88b0-310f94e86e24,"AAAA 21.38
"
2025-10-15 06:19:50.243298+00:00,20,e939a721-b59b-4d4b-9f15-17b5042b2cc3,0199e685-7e40-7139-88b0-310f94e86e24,"AAAA 20.33
"
2025-10-15 06:19:50.244886+00:00,20,e939a721-b59b-4d4b-9f15-17b5042b2cc3,0199e685-7e40-7139-88b0-310f94e86e24,"AAAA 19.32
"
2025-10-15 06:19:50.246073+00:00,20,e939a721-b59b-4d4b-9f15-17b5042b2cc3,0199e685-7e40-7139-88b0-310f94e86e24,"AAAA 18.35
"
2025-10-15 06:19:50.247467+00:00,20,e939a721-b59b-4d4b-9f15-17b5042b2cc3,0199e685-7e40-7139-88b0-310f94e86e24,"AAAA 17.42
"
2025-10-15 06:19:50.248801+00:00,20,e939a721-b59b-4d4b-9f15-17b5042b2cc3,0199e685-7e40-7139-88b0-310f94e86e24,"AAAA 16.53
"
2025-10-15 06:19:50.250014+00:00,20,e939a721-b59b-4d4b-9f15-17b5042b2cc3,0199e685-7e40-7139-88b0-310f94e86e24,"AAAA 15.67
"
2025-10-15 06:19:50.251439+00:00,20,e939a721-b59b-4d4b-9f15-17b5042b2cc3,0199e685-7e40-7139-88b0-310f94e86e24,"AAAA 14.84
"
2025-10-15 06:19:50.252719+00:00,20,e939a721-b59b-4d4b-9f15-17b5042b2cc3,0199e685-7e40-7139-88b0-310f94e86e24,"AAAA 14.04
"
2025-10-15 06:19:50.253823+00:00,20,e939a721-b59b-4d4b-9f15-17b5042b2cc3,0199e685-7e40-7139-88b0-310f94e86e24,"AAAA 13.27
"
2025-10-15 06:19:50.255120+00:00,20,e939a721-b59b-4d4b-9f15-17b5042b2cc3,0199e685-7e40-7139-88b0-310f94e86e24,"AAAA 12.52
"
2025-10-15 06:19:50.256403+00:00,20,e939a721-b59b-4d4b-9f15-17b5042b2cc3,0199e685-7e40-7139-88b0-310f94e86e24,"AAAA 11.79
"
2025-10-15 06:19:50.257527+00:00,20,e939a721-b59b-4d4b-9f15-17b5042b2cc3,0199e685-7e40-7139-88b0-310f94e86e24,"AAAA 11.08
"
2025-10-15 06:19:50.258816+00:00,20,e939a721-b59b-4d4b-9f15-17b5042b2cc3,0199e685-7e40-7139-88b0-310f94e86e24,"AAAA 10.38
"
2025-10-15 06:19:50.260103+00:00,20,e939a721-b59b-4d4b-9f15-17b5042b2cc3,0199e685-7e40-7139-88b0-310f94e86e24,"AAAA 9.71
"
2025-10-15 06:19:50.261175+00:00,20,e939a721-b59b-4d4b-9f15-17b5042b2cc3,0199e685-7e40-7139-88b0-310f94e86e24,"AAAA 9.05
"
2025-10-15 06:19:50.262400+00:00,20,e939a721-b59b-4d4b-9f15-17b5042b2cc3,0199e685-7e40-7139-88b0-310f94e86e24,"AAAA 8.4
"
2025-10-15 06:19:50.263174+00:00,20,e939a721-b59b-4d4b-9f15-17b5042b2cc3,0199e685-7e40-7139-88b0-310f94e86e24,"AAAA 7.77
"
2025-10-15 06:19:50.264341+00:00,20,e939a721-b59b-4d4b-9f15-17b5042b2cc3,0199e685-7e40-7139-88b0-310f94e86e24,"AAAA 7.15
"
2025-10-15 06:19:50.265336+00:00,20,e939a721-b59b-4d4b-9f15-17b5042b2cc3,0199e685-7e40-7139-88b0-310f94e86e24,"AAAA 6.53
"
2025-10-15 06:19:50.266562+00:00,20,e939a721-b59b-4d4b-9f15-17b5042b2cc3,0199e685-7e40-7139-88b0-310f94e86e24,"AAAA 5.93
"
2025-10-15 06:19:50.267714+00:00,20,e939a721-b59b-4d4b-9f15-17b5042b2cc3,0199e685-7e40-7139-88b0-310f94e86e24,"AAAA 0.0
"
2025-10-15 06:19:53.058445+00:00,20,e939a721-b59b-4d4b-9f15-17b5042b2cc3,0199e685-7e41-7434-8808-387963a74a5f,[{'detections': '/ext-nas/modint-prefect-workspace/onn/Aircraft/results/20250913_234119_ssc4d3_0013_pansharpened_clip_cog.geojson'}]
2025-10-15 06:19:53.067832+00:00,20,e939a721-b59b-4d4b-9f15-17b5042b2cc3,0199e685-7e41-7434-8808-387963a74a5f,Finished in state Completed()
2025-10-15 06:19:57.404193+00:00,40,e939a721-b59b-4d4b-9f15-17b5042b2cc3,0199e685-7e40-7139-88b0-310f94e86e24,"Task run failed with exception: RuntimeError(""Job 'modint-prefect-nondescript-penguin-1' failed due to [], check the Kubernetes pod logs for more information."") - No retries configured for this task.
Traceback (most recent call last):
  File ""/usr/local/lib/python3.10/site-packages/prefect/task_engine.py"", line 857, in run_context
    yield self
  File ""/usr/local/lib/python3.10/site-packages/prefect/task_engine.py"", line 1487, in run_task_sync
    engine.call_task_fn(txn)
  File ""/usr/local/lib/python3.10/site-packages/prefect/task_engine.py"", line 874, in call_task_fn
    result = call_with_parameters(self.task.fn, parameters)
  File ""/usr/local/lib/python3.10/site-packages/prefect/utilities/callables.py"", line 210, in call_with_parameters
    return fn(*args, **kwargs)
  File ""/app/modint-prefect-main/modint_prefect/prefect_flow.py"", line 337, in run_inference_serving
    run_namespaced_job(job, print_func=logger.info)
  File ""/usr/local/lib/python3.10/site-packages/prefect/flows.py"", line 1702, in __call__
    return run_flow(
  File ""/usr/local/lib/python3.10/site-packages/prefect/flow_engine.py"", line 1554, in run_flow
    ret_val = run_flow_sync(**kwargs)
  File ""/usr/local/lib/python3.10/site-packages/prefect/flow_engine.py"", line 1399, in run_flow_sync
    return engine.state if return_type == ""state"" else engine.result()
  File ""/usr/local/lib/python3.10/site-packages/prefect/flow_engine.py"", line 361, in result
    raise self._raised
  File ""/usr/local/lib/python3.10/site-packages/prefect/flow_engine.py"", line 782, in run_context
    yield self
  File ""/usr/local/lib/python3.10/site-packages/prefect/flow_engine.py"", line 1397, in run_flow_sync
    engine.call_flow_fn()
  File ""/usr/local/lib/python3.10/site-packages/prefect/flow_engine.py"", line 802, in call_flow_fn
    result = call_with_parameters(self.flow.fn, self.parameters)
  File ""/usr/local/lib/python3.10/site-packages/prefect/utilities/callables.py"", line 210, in call_with_parameters
    return fn(*args, **kwargs)
  File ""/usr/local/lib/python3.10/site-packages/prefect_kubernetes/flows.py"", line 42, in run_namespaced_job
    task(kubernetes_job_run.wait_for_completion)(print_func)
  File ""/usr/local/lib/python3.10/site-packages/prefect/tasks.py"", line 1139, in __call__
    return run_task(
  File ""/usr/local/lib/python3.10/site-packages/prefect/task_engine.py"", line 1714, in run_task
    return run_task_sync(**kwargs)
  File ""/usr/local/lib/python3.10/site-packages/prefect/task_engine.py"", line 1489, in run_task_sync
    return engine.state if return_type == ""state"" else engine.result()
  File ""/usr/local/lib/python3.10/site-packages/prefect/task_engine.py"", line 478, in result
    raise self._raised
  File ""/usr/local/lib/python3.10/site-packages/prefect/task_engine.py"", line 857, in run_context
    yield self
  File ""/usr/local/lib/python3.10/site-packages/prefect/task_engine.py"", line 1487, in run_task_sync
    engine.call_task_fn(txn)
  File ""/usr/local/lib/python3.10/site-packages/prefect/task_engine.py"", line 874, in call_task_fn
    result = call_with_parameters(self.task.fn, parameters)
  File ""/usr/local/lib/python3.10/site-packages/prefect/utilities/callables.py"", line 210, in call_with_parameters
    return fn(*args, **kwargs)
  File ""/usr/local/lib/python3.10/site-packages/prefect/utilities/asyncutils.py"", line 351, in coroutine_wrapper
    return run_coro_as_sync(ctx_call())
  File ""/usr/local/lib/python3.10/site-packages/prefect/utilities/asyncutils.py"", line 207, in run_coro_as_sync
    return call.result()
  File ""/usr/local/lib/python3.10/site-packages/prefect/_internal/concurrency/calls.py"", line 365, in result
    return self.future.result(timeout=timeout)
  File ""/usr/local/lib/python3.10/site-packages/prefect/_internal/concurrency/calls.py"", line 192, in result
    return self.__get_result()
  File ""/usr/local/lib/python3.10/concurrent/futures/_base.py"", line 403, in __get_result
    raise self._exception
  File ""/usr/local/lib/python3.10/site-packages/prefect/_internal/concurrency/calls.py"", line 441, in _run_async
    result = await coro
  File ""/usr/local/lib/python3.10/site-packages/prefect/utilities/asyncutils.py"", line 188, in coroutine_wrapper
    return await task
  File ""/usr/local/lib/python3.10/site-packages/prefect/utilities/asyncutils.py"", line 341, in ctx_call
    result = await async_fn(*args, **kwargs)
  File ""/usr/local/lib/python3.10/site-packages/prefect_kubernetes/jobs.py"", line 472, in wait_for_completion
    raise RuntimeError(
RuntimeError: Job 'modint-prefect-nondescript-penguin-1' failed due to [], check the Kubernetes pod logs for more information."
2025-10-15 06:19:57.420824+00:00,40,e939a721-b59b-4d4b-9f15-17b5042b2cc3,0199e685-7e40-7139-88b0-310f94e86e24,"Finished in state Failed(""Task run encountered an exception RuntimeError: Job 'modint-prefect-nondescript-penguin-1' failed due to [], check the Kubernetes pod logs for more information."")"
2025-10-15 06:19:57.428917+00:00,40,e939a721-b59b-4d4b-9f15-17b5042b2cc3,,"Encountered exception during execution: RuntimeError(""Job 'modint-prefect-nondescript-penguin-1' failed due to [], check the Kubernetes pod logs for more information."")
Traceback (most recent call last):
  File ""/usr/local/lib/python3.10/site-packages/prefect/flow_engine.py"", line 782, in run_context
    yield self
  File ""/usr/local/lib/python3.10/site-packages/prefect/flow_engine.py"", line 1397, in run_flow_sync
    engine.call_flow_fn()
  File ""/usr/local/lib/python3.10/site-packages/prefect/flow_engine.py"", line 802, in call_flow_fn
    result = call_with_parameters(self.flow.fn, self.parameters)
  File ""/usr/local/lib/python3.10/site-packages/prefect/utilities/callables.py"", line 210, in call_with_parameters
    return fn(*args, **kwargs)
  File ""/app/modint-prefect-main/modint_prefect/prefect_flow.py"", line 529, in run_modint_flow
    inference_future.result()
  File ""/usr/local/lib/python3.10/site-packages/prefect/futures.py"", line 222, in result
    _result = self._final_state.result(
  File ""/usr/local/lib/python3.10/site-packages/prefect/_internal/compatibility/async_dispatch.py"", line 94, in wrapper
    return fn(*args, **kwargs)
  File ""/usr/local/lib/python3.10/site-packages/prefect/client/schemas/objects.py"", line 366, in result
    return run_coro_as_sync(
  File ""/usr/local/lib/python3.10/site-packages/prefect/utilities/asyncutils.py"", line 207, in run_coro_as_sync
    return call.result()
  File ""/usr/local/lib/python3.10/site-packages/prefect/_internal/concurrency/calls.py"", line 365, in result
    return self.future.result(timeout=timeout)
  File ""/usr/local/lib/python3.10/site-packages/prefect/_internal/concurrency/calls.py"", line 192, in result
    return self.__get_result()
  File ""/usr/local/lib/python3.10/concurrent/futures/_base.py"", line 403, in __get_result
    raise self._exception
  File ""/usr/local/lib/python3.10/site-packages/prefect/_internal/concurrency/calls.py"", line 441, in _run_async
    result = await coro
  File ""/usr/local/lib/python3.10/site-packages/prefect/utilities/asyncutils.py"", line 188, in coroutine_wrapper
    return await task
  File ""/usr/local/lib/python3.10/site-packages/prefect/states.py"", line 85, in get_state_result
    return await _get_state_result(
  File ""/usr/local/lib/python3.10/site-packages/prefect/states.py"", line 157, in _get_state_result
    raise await get_state_exception(state)
  File ""/usr/local/lib/python3.10/site-packages/prefect/task_engine.py"", line 857, in run_context
    yield self
  File ""/usr/local/lib/python3.10/site-packages/prefect/task_engine.py"", line 1487, in run_task_sync
    engine.call_task_fn(txn)
  File ""/usr/local/lib/python3.10/site-packages/prefect/task_engine.py"", line 874, in call_task_fn
    result = call_with_parameters(self.task.fn, parameters)
  File ""/usr/local/lib/python3.10/site-packages/prefect/utilities/callables.py"", line 210, in call_with_parameters
    return fn(*args, **kwargs)
  File ""/app/modint-prefect-main/modint_prefect/prefect_flow.py"", line 337, in run_inference_serving
    run_namespaced_job(job, print_func=logger.info)
  File ""/usr/local/lib/python3.10/site-packages/prefect/flows.py"", line 1702, in __call__
    return run_flow(
  File ""/usr/local/lib/python3.10/site-packages/prefect/flow_engine.py"", line 1554, in run_flow
    ret_val = run_flow_sync(**kwargs)
  File ""/usr/local/lib/python3.10/site-packages/prefect/flow_engine.py"", line 1399, in run_flow_sync
    return engine.state if return_type == ""state"" else engine.result()
  File ""/usr/local/lib/python3.10/site-packages/prefect/flow_engine.py"", line 361, in result
    raise self._raised
  File ""/usr/local/lib/python3.10/site-packages/prefect/flow_engine.py"", line 782, in run_context
    yield self
  File ""/usr/local/lib/python3.10/site-packages/prefect/flow_engine.py"", line 1397, in run_flow_sync
    engine.call_flow_fn()
  File ""/usr/local/lib/python3.10/site-packages/prefect/flow_engine.py"", line 802, in call_flow_fn
    result = call_with_parameters(self.flow.fn, self.parameters)
  File ""/usr/local/lib/python3.10/site-packages/prefect/utilities/callables.py"", line 210, in call_with_parameters
    return fn(*args, **kwargs)
  File ""/usr/local/lib/python3.10/site-packages/prefect_kubernetes/flows.py"", line 42, in run_namespaced_job
    task(kubernetes_job_run.wait_for_completion)(print_func)
  File ""/usr/local/lib/python3.10/site-packages/prefect/tasks.py"", line 1139, in __call__
    return run_task(
  File ""/usr/local/lib/python3.10/site-packages/prefect/task_engine.py"", line 1714, in run_task
    return run_task_sync(**kwargs)
  File ""/usr/local/lib/python3.10/site-packages/prefect/task_engine.py"", line 1489, in run_task_sync
    return engine.state if return_type == ""state"" else engine.result()
  File ""/usr/local/lib/python3.10/site-packages/prefect/task_engine.py"", line 478, in result
    raise self._raised
  File ""/usr/local/lib/python3.10/site-packages/prefect/task_engine.py"", line 857, in run_context
    yield self
  File ""/usr/local/lib/python3.10/site-packages/prefect/task_engine.py"", line 1487, in run_task_sync
    engine.call_task_fn(txn)
  File ""/usr/local/lib/python3.10/site-packages/prefect/task_engine.py"", line 874, in call_task_fn
    result = call_with_parameters(self.task.fn, parameters)
  File ""/usr/local/lib/python3.10/site-packages/prefect/utilities/callables.py"", line 210, in call_with_parameters
    return fn(*args, **kwargs)
  File ""/usr/local/lib/python3.10/site-packages/prefect/utilities/asyncutils.py"", line 351, in coroutine_wrapper
    return run_coro_as_sync(ctx_call())
  File ""/usr/local/lib/python3.10/site-packages/prefect/utilities/asyncutils.py"", line 207, in run_coro_as_sync
    return call.result()
  File ""/usr/local/lib/python3.10/site-packages/prefect/_internal/concurrency/calls.py"", line 365, in result
    return self.future.result(timeout=timeout)
  File ""/usr/local/lib/python3.10/site-packages/prefect/_internal/concurrency/calls.py"", line 192, in result
    return self.__get_result()
  File ""/usr/local/lib/python3.10/concurrent/futures/_base.py"", line 403, in __get_result
    raise self._exception
  File ""/usr/local/lib/python3.10/site-packages/prefect/_internal/concurrency/calls.py"", line 441, in _run_async
    result = await coro
  File ""/usr/local/lib/python3.10/site-packages/prefect/utilities/asyncutils.py"", line 188, in coroutine_wrapper
    return await task
  File ""/usr/local/lib/python3.10/site-packages/prefect/utilities/asyncutils.py"", line 341, in ctx_call
    result = await async_fn(*args, **kwargs)
  File ""/usr/local/lib/python3.10/site-packages/prefect_kubernetes/jobs.py"", line 472, in wait_for_completion
    raise RuntimeError(
RuntimeError: Job 'modint-prefect-nondescript-penguin-1' failed due to [], check the Kubernetes pod logs for more information."
2025-10-15 06:19:57.495566+00:00,20,e939a721-b59b-4d4b-9f15-17b5042b2cc3,,"Finished in state Failed(""Flow run encountered an exception: RuntimeError: Job 'modint-prefect-nondescript-penguin-1' failed due to [], check the Kubernetes pod logs for more information."")"
2025-10-15 06:19:57.498273+00:00,40,e939a721-b59b-4d4b-9f15-17b5042b2cc3,,"Engine execution exited with unexpected exception
Traceback (most recent call last):
  File ""/usr/local/lib/python3.10/site-packages/prefect/flow_engine.py"", line 1554, in run_flow
    ret_val = run_flow_sync(**kwargs)
  File ""/usr/local/lib/python3.10/site-packages/prefect/flow_engine.py"", line 1399, in run_flow_sync
    return engine.state if return_type == ""state"" else engine.result()
  File ""/usr/local/lib/python3.10/site-packages/prefect/flow_engine.py"", line 361, in result
    raise self._raised
  File ""/usr/local/lib/python3.10/site-packages/prefect/flow_engine.py"", line 782, in run_context
    yield self
  File ""/usr/local/lib/python3.10/site-packages/prefect/flow_engine.py"", line 1397, in run_flow_sync
    engine.call_flow_fn()
  File ""/usr/local/lib/python3.10/site-packages/prefect/flow_engine.py"", line 802, in call_flow_fn
    result = call_with_parameters(self.flow.fn, self.parameters)
  File ""/usr/local/lib/python3.10/site-packages/prefect/utilities/callables.py"", line 210, in call_with_parameters
    return fn(*args, **kwargs)
  File ""/app/modint-prefect-main/modint_prefect/prefect_flow.py"", line 529, in run_modint_flow
    inference_future.result()
  File ""/usr/local/lib/python3.10/site-packages/prefect/futures.py"", line 222, in result
    _result = self._final_state.result(
  File ""/usr/local/lib/python3.10/site-packages/prefect/_internal/compatibility/async_dispatch.py"", line 94, in wrapper
    return fn(*args, **kwargs)
  File ""/usr/local/lib/python3.10/site-packages/prefect/client/schemas/objects.py"", line 366, in result
    return run_coro_as_sync(
  File ""/usr/local/lib/python3.10/site-packages/prefect/utilities/asyncutils.py"", line 207, in run_coro_as_sync
    return call.result()
  File ""/usr/local/lib/python3.10/site-packages/prefect/_internal/concurrency/calls.py"", line 365, in result
    return self.future.result(timeout=timeout)
  File ""/usr/local/lib/python3.10/site-packages/prefect/_internal/concurrency/calls.py"", line 192, in result
    return self.__get_result()
  File ""/usr/local/lib/python3.10/concurrent/futures/_base.py"", line 403, in __get_result
    raise self._exception
  File ""/usr/local/lib/python3.10/site-packages/prefect/_internal/concurrency/calls.py"", line 441, in _run_async
    result = await coro
  File ""/usr/local/lib/python3.10/site-packages/prefect/utilities/asyncutils.py"", line 188, in coroutine_wrapper
    return await task
  File ""/usr/local/lib/python3.10/site-packages/prefect/states.py"", line 85, in get_state_result
    return await _get_state_result(
  File ""/usr/local/lib/python3.10/site-packages/prefect/states.py"", line 157, in _get_state_result
    raise await get_state_exception(state)
  File ""/usr/local/lib/python3.10/site-packages/prefect/task_engine.py"", line 857, in run_context
    yield self
  File ""/usr/local/lib/python3.10/site-packages/prefect/task_engine.py"", line 1487, in run_task_sync
    engine.call_task_fn(txn)
  File ""/usr/local/lib/python3.10/site-packages/prefect/task_engine.py"", line 874, in call_task_fn
    result = call_with_parameters(self.task.fn, parameters)
  File ""/usr/local/lib/python3.10/site-packages/prefect/utilities/callables.py"", line 210, in call_with_parameters
    return fn(*args, **kwargs)
  File ""/app/modint-prefect-main/modint_prefect/prefect_flow.py"", line 337, in run_inference_serving
    run_namespaced_job(job, print_func=logger.info)
  File ""/usr/local/lib/python3.10/site-packages/prefect/flows.py"", line 1702, in __call__
    return run_flow(
  File ""/usr/local/lib/python3.10/site-packages/prefect/flow_engine.py"", line 1554, in run_flow
    ret_val = run_flow_sync(**kwargs)
  File ""/usr/local/lib/python3.10/site-packages/prefect/flow_engine.py"", line 1399, in run_flow_sync
    return engine.state if return_type == ""state"" else engine.result()
  File ""/usr/local/lib/python3.10/site-packages/prefect/flow_engine.py"", line 361, in result
    raise self._raised
  File ""/usr/local/lib/python3.10/site-packages/prefect/flow_engine.py"", line 782, in run_context
    yield self
  File ""/usr/local/lib/python3.10/site-packages/prefect/flow_engine.py"", line 1397, in run_flow_sync
    engine.call_flow_fn()
  File ""/usr/local/lib/python3.10/site-packages/prefect/flow_engine.py"", line 802, in call_flow_fn
    result = call_with_parameters(self.flow.fn, self.parameters)
  File ""/usr/local/lib/python3.10/site-packages/prefect/utilities/callables.py"", line 210, in call_with_parameters
    return fn(*args, **kwargs)
  File ""/usr/local/lib/python3.10/site-packages/prefect_kubernetes/flows.py"", line 42, in run_namespaced_job
    task(kubernetes_job_run.wait_for_completion)(print_func)
  File ""/usr/local/lib/python3.10/site-packages/prefect/tasks.py"", line 1139, in __call__
    return run_task(
  File ""/usr/local/lib/python3.10/site-packages/prefect/task_engine.py"", line 1714, in run_task
    return run_task_sync(**kwargs)
  File ""/usr/local/lib/python3.10/site-packages/prefect/task_engine.py"", line 1489, in run_task_sync
    return engine.state if return_type == ""state"" else engine.result()
  File ""/usr/local/lib/python3.10/site-packages/prefect/task_engine.py"", line 478, in result
    raise self._raised
  File ""/usr/local/lib/python3.10/site-packages/prefect/task_engine.py"", line 857, in run_context
    yield self
  File ""/usr/local/lib/python3.10/site-packages/prefect/task_engine.py"", line 1487, in run_task_sync
    engine.call_task_fn(txn)
  File ""/usr/local/lib/python3.10/site-packages/prefect/task_engine.py"", line 874, in call_task_fn
    result = call_with_parameters(self.task.fn, parameters)
  File ""/usr/local/lib/python3.10/site-packages/prefect/utilities/callables.py"", line 210, in call_with_parameters
    return fn(*args, **kwargs)
  File ""/usr/local/lib/python3.10/site-packages/prefect/utilities/asyncutils.py"", line 351, in coroutine_wrapper
    return run_coro_as_sync(ctx_call())
  File ""/usr/local/lib/python3.10/site-packages/prefect/utilities/asyncutils.py"", line 207, in run_coro_as_sync
    return call.result()
  File ""/usr/local/lib/python3.10/site-packages/prefect/_internal/concurrency/calls.py"", line 365, in result
    return self.future.result(timeout=timeout)
  File ""/usr/local/lib/python3.10/site-packages/prefect/_internal/concurrency/calls.py"", line 192, in result
    return self.__get_result()
  File ""/usr/local/lib/python3.10/concurrent/futures/_base.py"", line 403, in __get_result
    raise self._exception
  File ""/usr/local/lib/python3.10/site-packages/prefect/_internal/concurrency/calls.py"", line 441, in _run_async
    result = await coro
  File ""/usr/local/lib/python3.10/site-packages/prefect/utilities/asyncutils.py"", line 188, in coroutine_wrapper
    return await task
  File ""/usr/local/lib/python3.10/site-packages/prefect/utilities/asyncutils.py"", line 341, in ctx_call
    result = await async_fn(*args, **kwargs)
  File ""/usr/local/lib/python3.10/site-packages/prefect_kubernetes/jobs.py"", line 472, in wait_for_completion
    raise RuntimeError(
RuntimeError: Job 'modint-prefect-nondescript-penguin-1' failed due to [], check the Kubernetes pod logs for more information."
2025-10-15 06:19:58.380812+00:00,40,e939a721-b59b-4d4b-9f15-17b5042b2cc3,,Process for flow run 'nondescript-penguin' exited with status code: 1
