timestamp,level,flow_run_id,task_run_id,message
2025-09-02 09:07:47.585534+00:00,20,f9f235b5-e667-4d6a-9a55-18c8ee010133,019909ae-af27-7520-80aa-0bb820f961d8,Finished in state Completed()
2025-09-02 09:08:47.705957+00:00,40,f9f235b5-e667-4d6a-9a55-18c8ee010133,019909ae-b145-7f81-8b29-2ec51897da34,"Task run failed with exception: ClientConnectorError(ConnectionKey(host='10.96.0.1', port=443, is_ssl=True, ssl=True, proxy=None, proxy_auth=None, proxy_headers_hash=None), ConnectionAbortedError('SSL handshake is taking longer than 60.0 seconds: aborting the connection')) - No retries configured for this task.
Traceback (most recent call last):
  File ""/usr/local/lib/python3.10/site-packages/aiohttp/connector.py"", line 1283, in _wrap_create_connection
    return await self._loop.create_connection(*args, **kwargs, sock=sock)
  File ""/usr/local/lib/python3.10/asyncio/base_events.py"", line 1103, in create_connection
    transport, protocol = await self._create_connection_transport(
  File ""/usr/local/lib/python3.10/asyncio/base_events.py"", line 1133, in _create_connection_transport
    await waiter
ConnectionAbortedError: SSL handshake is taking longer than 60.0 seconds: aborting the connection

The above exception was the direct cause of the following exception:

Traceback (most recent call last):
  File ""/usr/local/lib/python3.10/site-packages/prefect/task_engine.py"", line 857, in run_context
    yield self
  File ""/usr/local/lib/python3.10/site-packages/prefect/task_engine.py"", line 1487, in run_task_sync
    engine.call_task_fn(txn)
  File ""/usr/local/lib/python3.10/site-packages/prefect/task_engine.py"", line 874, in call_task_fn
    result = call_with_parameters(self.task.fn, parameters)
  File ""/usr/local/lib/python3.10/site-packages/prefect/utilities/callables.py"", line 210, in call_with_parameters
    return fn(*args, **kwargs)
  File ""/usr/local/lib/python3.10/site-packages/prefect/utilities/asyncutils.py"", line 351, in coroutine_wrapper
    return run_coro_as_sync(ctx_call())
  File ""/usr/local/lib/python3.10/site-packages/prefect/utilities/asyncutils.py"", line 207, in run_coro_as_sync
    return call.result()
  File ""/usr/local/lib/python3.10/site-packages/prefect/_internal/concurrency/calls.py"", line 365, in result
    return self.future.result(timeout=timeout)
  File ""/usr/local/lib/python3.10/site-packages/prefect/_internal/concurrency/calls.py"", line 192, in result
    return self.__get_result()
  File ""/usr/local/lib/python3.10/concurrent/futures/_base.py"", line 403, in __get_result
    raise self._exception
  File ""/usr/local/lib/python3.10/site-packages/prefect/_internal/concurrency/calls.py"", line 441, in _run_async
    result = await coro
  File ""/usr/local/lib/python3.10/site-packages/prefect/utilities/asyncutils.py"", line 188, in coroutine_wrapper
    return await task
  File ""/usr/local/lib/python3.10/site-packages/prefect/utilities/asyncutils.py"", line 341, in ctx_call
    result = await async_fn(*args, **kwargs)
  File ""/usr/local/lib/python3.10/site-packages/prefect_kubernetes/jobs.py"", line 419, in wait_for_completion
    v1_job = await read_namespaced_job.fn(
  File ""/usr/local/lib/python3.10/site-packages/prefect_kubernetes/jobs.py"", line 257, in read_namespaced_job
    return await batch_v1_client.read_namespaced_job(
  File ""/usr/local/lib/python3.10/site-packages/kubernetes_asyncio/client/api_client.py"", line 185, in __call_api
    response_data = await self.request(
  File ""/usr/local/lib/python3.10/site-packages/kubernetes_asyncio/client/rest.py"", line 212, in GET
    return (await self.request(""GET"", url,
  File ""/usr/local/lib/python3.10/site-packages/kubernetes_asyncio/client/rest.py"", line 196, in request
    r = await self.pool_manager.request(**args)
  File ""/usr/local/lib/python3.10/site-packages/aiohttp/client.py"", line 770, in _request
    resp = await handler(req)
  File ""/usr/local/lib/python3.10/site-packages/aiohttp/client.py"", line 725, in _connect_and_send_request
    conn = await self._connector.connect(
  File ""/usr/local/lib/python3.10/site-packages/aiohttp/connector.py"", line 642, in connect
    proto = await self._create_connection(req, traces, timeout)
  File ""/usr/local/lib/python3.10/site-packages/aiohttp/connector.py"", line 1209, in _create_connection
    _, proto = await self._create_direct_connection(req, traces, timeout)
  File ""/usr/local/lib/python3.10/site-packages/aiohttp/connector.py"", line 1581, in _create_direct_connection
    raise last_exc
  File ""/usr/local/lib/python3.10/site-packages/aiohttp/connector.py"", line 1550, in _create_direct_connection
    transp, proto = await self._wrap_create_connection(
  File ""/usr/local/lib/python3.10/site-packages/aiohttp/connector.py"", line 1291, in _wrap_create_connection
    raise client_error(req.connection_key, exc) from exc
aiohttp.client_exceptions.ClientConnectorError: Cannot connect to host 10.96.0.1:443 ssl:default [None]"
2025-09-02 09:08:47.744461+00:00,40,f9f235b5-e667-4d6a-9a55-18c8ee010133,019909ae-b145-7f81-8b29-2ec51897da34,Finished in state Failed('Task run encountered an exception ClientConnectorError: Cannot connect to host 10.96.0.1:443 ssl:default [None]')
2025-09-02 09:08:47.747447+00:00,40,f9f235b5-e667-4d6a-9a55-18c8ee010133,,"Encountered exception during execution: ClientConnectorError(ConnectionKey(host='10.96.0.1', port=443, is_ssl=True, ssl=True, proxy=None, proxy_auth=None, proxy_headers_hash=None), ConnectionAbortedError('SSL handshake is taking longer than 60.0 seconds: aborting the connection'))
Traceback (most recent call last):
  File ""/usr/local/lib/python3.10/site-packages/aiohttp/connector.py"", line 1283, in _wrap_create_connection
    return await self._loop.create_connection(*args, **kwargs, sock=sock)
  File ""/usr/local/lib/python3.10/asyncio/base_events.py"", line 1103, in create_connection
    transport, protocol = await self._create_connection_transport(
  File ""/usr/local/lib/python3.10/asyncio/base_events.py"", line 1133, in _create_connection_transport
    await waiter
ConnectionAbortedError: SSL handshake is taking longer than 60.0 seconds: aborting the connection

The above exception was the direct cause of the following exception:

Traceback (most recent call last):
  File ""/usr/local/lib/python3.10/site-packages/prefect/flow_engine.py"", line 782, in run_context
    yield self
  File ""/usr/local/lib/python3.10/site-packages/prefect/flow_engine.py"", line 1397, in run_flow_sync
    engine.call_flow_fn()
  File ""/usr/local/lib/python3.10/site-packages/prefect/flow_engine.py"", line 802, in call_flow_fn
    result = call_with_parameters(self.flow.fn, self.parameters)
  File ""/usr/local/lib/python3.10/site-packages/prefect/utilities/callables.py"", line 210, in call_with_parameters
    return fn(*args, **kwargs)
  File ""/usr/local/lib/python3.10/site-packages/prefect_kubernetes/flows.py"", line 42, in run_namespaced_job
    task(kubernetes_job_run.wait_for_completion)(print_func)
  File ""/usr/local/lib/python3.10/site-packages/prefect/tasks.py"", line 1139, in __call__
    return run_task(
  File ""/usr/local/lib/python3.10/site-packages/prefect/task_engine.py"", line 1714, in run_task
    return run_task_sync(**kwargs)
  File ""/usr/local/lib/python3.10/site-packages/prefect/task_engine.py"", line 1489, in run_task_sync
    return engine.state if return_type == ""state"" else engine.result()
  File ""/usr/local/lib/python3.10/site-packages/prefect/task_engine.py"", line 478, in result
    raise self._raised
  File ""/usr/local/lib/python3.10/site-packages/prefect/task_engine.py"", line 857, in run_context
    yield self
  File ""/usr/local/lib/python3.10/site-packages/prefect/task_engine.py"", line 1487, in run_task_sync
    engine.call_task_fn(txn)
  File ""/usr/local/lib/python3.10/site-packages/prefect/task_engine.py"", line 874, in call_task_fn
    result = call_with_parameters(self.task.fn, parameters)
  File ""/usr/local/lib/python3.10/site-packages/prefect/utilities/callables.py"", line 210, in call_with_parameters
    return fn(*args, **kwargs)
  File ""/usr/local/lib/python3.10/site-packages/prefect/utilities/asyncutils.py"", line 351, in coroutine_wrapper
    return run_coro_as_sync(ctx_call())
  File ""/usr/local/lib/python3.10/site-packages/prefect/utilities/asyncutils.py"", line 207, in run_coro_as_sync
    return call.result()
  File ""/usr/local/lib/python3.10/site-packages/prefect/_internal/concurrency/calls.py"", line 365, in result
    return self.future.result(timeout=timeout)
  File ""/usr/local/lib/python3.10/site-packages/prefect/_internal/concurrency/calls.py"", line 192, in result
    return self.__get_result()
  File ""/usr/local/lib/python3.10/concurrent/futures/_base.py"", line 403, in __get_result
    raise self._exception
  File ""/usr/local/lib/python3.10/site-packages/prefect/_internal/concurrency/calls.py"", line 441, in _run_async
    result = await coro
  File ""/usr/local/lib/python3.10/site-packages/prefect/utilities/asyncutils.py"", line 188, in coroutine_wrapper
    return await task
  File ""/usr/local/lib/python3.10/site-packages/prefect/utilities/asyncutils.py"", line 341, in ctx_call
    result = await async_fn(*args, **kwargs)
  File ""/usr/local/lib/python3.10/site-packages/prefect_kubernetes/jobs.py"", line 419, in wait_for_completion
    v1_job = await read_namespaced_job.fn(
  File ""/usr/local/lib/python3.10/site-packages/prefect_kubernetes/jobs.py"", line 257, in read_namespaced_job
    return await batch_v1_client.read_namespaced_job(
  File ""/usr/local/lib/python3.10/site-packages/kubernetes_asyncio/client/api_client.py"", line 185, in __call_api
    response_data = await self.request(
  File ""/usr/local/lib/python3.10/site-packages/kubernetes_asyncio/client/rest.py"", line 212, in GET
    return (await self.request(""GET"", url,
  File ""/usr/local/lib/python3.10/site-packages/kubernetes_asyncio/client/rest.py"", line 196, in request
    r = await self.pool_manager.request(**args)
  File ""/usr/local/lib/python3.10/site-packages/aiohttp/client.py"", line 770, in _request
    resp = await handler(req)
  File ""/usr/local/lib/python3.10/site-packages/aiohttp/client.py"", line 725, in _connect_and_send_request
    conn = await self._connector.connect(
  File ""/usr/local/lib/python3.10/site-packages/aiohttp/connector.py"", line 642, in connect
    proto = await self._create_connection(req, traces, timeout)
  File ""/usr/local/lib/python3.10/site-packages/aiohttp/connector.py"", line 1209, in _create_connection
    _, proto = await self._create_direct_connection(req, traces, timeout)
  File ""/usr/local/lib/python3.10/site-packages/aiohttp/connector.py"", line 1581, in _create_direct_connection
    raise last_exc
  File ""/usr/local/lib/python3.10/site-packages/aiohttp/connector.py"", line 1550, in _create_direct_connection
    transp, proto = await self._wrap_create_connection(
  File ""/usr/local/lib/python3.10/site-packages/aiohttp/connector.py"", line 1291, in _wrap_create_connection
    raise client_error(req.connection_key, exc) from exc
aiohttp.client_exceptions.ClientConnectorError: Cannot connect to host 10.96.0.1:443 ssl:default [None]"
2025-09-02 09:08:47.858441+00:00,20,f9f235b5-e667-4d6a-9a55-18c8ee010133,,Finished in state Failed('Flow run encountered an exception: ClientConnectorError: Cannot connect to host 10.96.0.1:443 ssl:default [None]')
